{"meta": {"format": 3, "version": "7.11.0", "timestamp": "2025-11-10T19:05:11.437442", "branch_coverage": false, "show_contexts": false}, "files": {"app.py": {"executed_lines": [1, 2, 3, 4, 5, 6, 7, 8, 9, 10, 23, 24, 25, 26, 27, 28, 29, 30, 31, 33, 34, 35, 36, 37, 38, 39, 40, 41, 42, 43, 44, 45, 46, 47, 48, 49, 50, 51, 53, 56, 58, 59, 60, 62, 63, 64, 66, 68, 69, 72, 73, 75, 76, 82, 83, 86, 87, 90, 91, 92, 93, 94, 95, 98, 99, 100, 101, 102, 106, 108, 110, 113, 115, 117, 120, 122, 123, 125, 130, 131, 134, 135, 136, 140, 141, 143, 144, 166, 167, 168, 169, 170, 171, 172, 173, 175, 176, 177, 179, 180, 185, 186, 187, 189, 190, 191, 193, 194, 195, 203, 204, 205, 206, 207, 209, 212, 213, 215, 216, 221, 222, 224, 225, 226, 227, 228, 229, 232, 236, 237, 240, 248, 249, 250, 251, 254, 256, 258, 259, 260, 261, 262, 263, 265, 270, 271, 272, 273, 278, 279, 283, 284, 286, 287, 288, 289, 290, 292, 293, 300, 301, 306, 307, 308, 310, 311, 312, 313, 314, 315, 317, 318, 322, 323, 325, 326, 327, 334, 336, 337, 338, 339, 340, 341, 344, 345, 347, 350, 351, 352, 353, 355, 356, 361, 362, 363, 366, 367, 368, 369, 371, 372, 373, 374, 375, 377, 385, 386, 392, 393, 395, 398, 407, 408, 410, 414, 415, 416, 417, 418, 419, 420, 421, 422, 425, 426, 432, 433, 434, 435, 436, 437, 443, 449, 450, 451, 452, 453, 454, 455, 456, 457, 461, 462, 470, 471, 481, 482, 485, 486, 487, 488, 489, 490, 491, 492, 493, 494, 495, 497, 498, 499, 500, 501, 503, 504, 505, 506, 507, 508, 510, 511, 512, 513, 514, 515, 516, 518, 520, 521, 524, 525, 526, 527, 541, 543, 544, 545, 546, 547, 548, 549, 550, 551, 553, 554, 556, 557, 558, 560, 561, 564, 565, 566, 568, 569, 570, 571, 573, 576, 577, 578, 579, 580, 581, 582, 583, 584, 585, 587, 588, 591, 592, 594, 595, 596, 597, 599, 601, 602, 603, 605, 606, 608, 609, 610, 611, 614, 621, 622, 624, 626, 628, 629, 633, 636, 641, 646, 654, 655, 657, 671, 672, 675, 678, 688, 689, 691, 692, 693, 696, 697, 699, 701, 708, 709, 710, 711, 712, 713, 714, 715, 716, 722, 723, 725, 726, 729, 943, 944, 947, 948, 949, 952, 953, 954, 957, 958, 959, 962, 963, 967, 970, 971, 973, 986, 987, 988, 989, 991, 992, 993, 1002, 1004, 1006, 1007, 1008, 1009, 1010, 1011, 1013, 1022, 1024, 1027, 1028, 1030, 1031, 1032, 1038, 1040, 1041, 1054, 1055, 1060, 1069, 1070, 1075, 1078, 1079, 1082, 1084, 1085, 1087, 1088, 1089, 1097, 1098, 1099, 1100, 1101, 1102, 1104, 1114, 1115, 1120, 1121, 1123, 1129, 1132, 1133, 1134, 1135, 1137, 1138, 1139, 1144, 1145, 1146, 1152, 1153, 1154, 1155, 1156, 1163, 1164, 1166, 1168, 1170, 1171, 1175, 1176, 1177, 1181, 1182, 1183, 1189, 1190, 1192, 1193, 1196, 1198, 1199, 1200, 1201, 1202, 1203, 1205, 1206, 1207, 1208, 1209, 1211, 1212, 1213, 1214, 1215, 1216, 1217, 1218, 1219, 1221, 1222, 1223, 1224, 1225, 1226, 1228, 1229, 1230, 1238, 1239, 1242, 1243, 1244, 1245, 1246, 1247, 1248, 1249, 1250, 1251, 1254, 1259, 1260, 1261, 1262, 1263, 1264, 1265, 1266, 1269, 1274, 1275, 1277, 1278, 1281, 1282, 1283, 1284, 1285, 1286, 1289, 1290, 1291, 1294, 1295, 1298, 1302, 1304, 1305, 1306, 1307, 1308, 1310, 1311, 1313, 1314, 1329, 1330, 1337, 1338, 1343, 1347, 1348, 1349, 1353, 1354, 1355, 1357, 1358, 1359, 1366, 1367, 1368, 1370, 1371, 1372, 1373, 1374, 1377, 1382, 1383, 1386, 1397, 1399, 1400, 1401, 1402, 1403, 1404, 1405, 1407, 1412, 1413, 1414, 1417, 1424, 1425, 1426, 1429, 1430, 1446, 1448, 1449, 1450, 1452, 1453, 1454, 1455, 1456, 1457, 1458, 1465, 1466, 1467, 1468, 1470, 1471, 1475, 1476, 1477, 1483, 1485, 1486, 1489, 1492, 1514, 1515, 1516, 1520, 1521, 1524, 1525, 1526, 1530, 1531, 1534, 1540, 1546, 1552, 1553, 1554, 1555, 1569, 1570, 1574, 1575, 1576, 1577, 1578, 1579, 1582, 1583, 1584, 1585, 1588, 1589, 1593, 1595, 1596, 1597, 1600, 1601, 1602, 1603, 1606, 1607, 1608, 1611, 1614, 1625, 1637, 1649, 1650, 1651, 1652, 1653, 1660, 1664, 1665, 1666, 1667, 1675, 1680, 1681, 1684, 1685, 1688, 1703, 1704, 1706, 1708, 1709, 1711, 1712, 1713, 1715, 1716, 1717, 1718, 1721, 1723, 1724, 1727, 1730, 1731, 1732, 1733, 1736, 1739, 1740, 1741, 1742, 1743, 1746, 1748, 1749, 1752, 1755, 1758, 1768, 1769, 1770, 1771, 1772, 1773, 1776, 1777, 1778, 1782, 1783, 1787, 1789, 1792, 1804, 1805, 1808, 1809, 1810, 1811, 1813, 1814, 1815, 1818, 1819, 1820, 1823, 1824, 1827, 1828, 1829, 1832, 1833, 1834, 1836, 1837, 1838, 1839, 1840, 1842, 1844, 1846, 1847, 1848, 1851, 1863, 1865, 1866, 1869, 1870, 1872, 1876, 1879, 1880, 1883, 1888, 1889, 1891, 1895, 1896, 1897, 1900, 1903, 1926, 1927, 1930, 1931, 1932, 1933, 1934, 1935, 1940, 1943, 1946, 1947, 1948, 1949, 1950, 1951, 1952, 1956, 1957, 1961, 1962, 1963, 1964, 1965, 1966, 1967, 1968, 1969, 1970, 1971, 1972, 1974, 1975, 1976, 1977, 1980, 1981, 1982, 1983, 1984, 1985, 1986, 1987, 1988, 1989, 1992, 1993, 1997, 1998, 1999, 2000, 2001, 2002, 2003, 2008, 2009, 2013, 2014, 2017, 2018, 2022, 2023, 2024, 2027, 2028, 2032, 2033, 2034, 2035, 2036, 2037, 2040, 2042, 2043, 2044, 2045, 2046, 2047, 2048, 2049, 2050, 2051, 2052, 2053, 2056, 2059, 2064, 2077, 2083, 2085, 2087, 2090, 2096, 2097, 2098, 2099, 2100, 2101, 2104, 2105, 2106, 2107, 2110, 2111, 2112, 2113, 2114, 2115, 2117, 2120, 2121, 2122, 2123, 2124, 2128, 2129, 2130, 2132, 2133, 2134, 2135, 2141, 2142, 2145, 2147, 2160, 2162, 2163, 2166, 2167, 2168, 2170, 2171, 2172, 2173, 2174, 2175, 2176, 2177, 2178, 2179, 2180, 2181, 2182, 2184, 2187, 2188, 2195, 2215, 2245, 2261, 2262, 2263, 2265, 2266, 2276, 2278, 2280, 2284, 2289, 2290, 2300, 2301, 2304, 2305, 2307, 2313, 2314, 2315, 2319, 2321, 2334, 2335, 2336, 2337, 2338, 2339, 2340, 2341, 2342, 2343, 2351, 2354, 2355, 2357, 2358, 2361, 2362, 2363, 2364, 2373, 2376, 2377, 2378, 2379, 2381, 2390, 2391, 2392, 2397, 2407, 2409, 2410, 2411, 2412, 2413, 2419, 2424, 2437, 2439, 2441, 2442, 2447, 2454, 2455, 2456, 2458, 2461, 2468, 2470, 2474, 2477, 2479, 2486, 2488, 2489, 2490, 2492, 2509, 2523, 2524, 2525, 2544, 2546, 2547, 2548, 2549, 2563, 2566, 2567, 2570, 2577, 2580, 2581, 2584, 2586, 2592, 2613, 2614, 2619, 2620, 2622, 2623, 2628, 2634, 2637, 2639, 2646, 2648, 2649, 2650, 2652, 2654, 2655, 2661, 2669, 2670, 2671, 2672, 2673, 2674, 2675, 2678, 2679, 2684, 2685, 2687, 2688, 2689, 2690, 2691, 2695, 2696, 2697, 2698, 2706, 2711, 2726, 2727, 2729, 2730, 2732, 2733, 2734, 2736, 2739, 2743, 2745, 2746, 2747, 2748, 2749, 2751, 2753, 2763, 2765, 2771, 2772, 2780, 2796, 2798, 2812, 2813, 2814, 2817, 2823, 2824, 2825, 2827, 2828, 2829, 2830, 2831, 2832, 2834, 2836, 2837, 2838, 2839, 2840, 2842, 2844, 2854, 2856, 2862, 2863, 2864, 2871, 2887, 2894, 2895, 2897, 2898, 2900, 2901, 2902, 2903, 2905, 2906, 2908, 2909, 2913, 2914, 2915, 2920, 2921, 2925, 2926, 2927, 2933, 2952, 2955, 2956, 2963, 2968, 2975, 2977, 2983, 2987, 2988, 2994, 2996, 3011, 3013, 3034, 3036, 3045, 3050, 3064, 3065, 3067, 3068, 3069, 3075, 3077, 3091, 3092, 3098, 3101, 3104, 3109, 3110, 3113, 3115, 3116, 3118, 3124, 3127, 3129, 3130, 3135, 3136, 3137, 3143, 3144, 3145, 3153, 3154, 3165, 3167, 3169, 3170, 3171, 3172, 3173, 3174, 3175, 3180, 3181, 3193, 3194, 3196, 3197, 3198, 3199, 3202, 3207, 3208, 3219, 3221, 3222, 3225, 3226, 3234, 3235, 3236, 3238, 3244, 3250, 3251, 3263, 3264, 3265, 3267, 3275, 3280, 3281, 3287, 3288, 3299, 3302, 3305, 3338, 3340, 3341, 3346, 3349, 3351, 3361, 3362, 3370, 3372, 3375, 3376, 3378, 3379, 3384, 3385, 3390, 3393, 3394, 3397, 3398, 3399, 3401, 3404, 3405, 3416, 3417, 3420, 3479, 3481, 3482, 3487, 3488, 3490, 3492, 3498, 3499, 3502, 3503, 3515, 3516, 3519, 3552, 3554, 3555, 3560, 3561, 3566, 3574, 3578, 3579, 3582, 3583, 3595, 3596, 3599, 3658, 3660, 3662, 3667, 3668, 3672, 3680, 3684, 3685, 3689, 3690, 3693, 3694], "summary": {"covered_lines": 1294, "num_statements": 1443, "percent_covered": 89.67428967428967, "percent_covered_display": "90", "missing_lines": 149, "excluded_lines": 5}, "missing_lines": [54, 77, 78, 79, 109, 116, 126, 145, 146, 147, 148, 149, 152, 154, 155, 156, 162, 163, 164, 196, 199, 200, 201, 202, 267, 294, 357, 358, 661, 662, 1117, 1147, 1148, 1150, 1151, 1172, 1173, 1184, 1185, 1187, 1188, 1191, 1276, 1279, 1280, 1287, 1288, 1312, 1315, 1316, 1317, 1318, 1319, 1320, 1325, 1326, 1327, 1328, 1375, 1376, 1378, 1379, 1380, 1418, 1479, 1480, 1497, 1499, 1500, 1501, 1502, 1504, 1506, 1507, 1508, 1509, 1511, 1517, 1518, 1527, 1528, 1535, 1536, 1538, 1541, 1542, 1544, 1547, 1548, 1550, 1825, 1978, 2292, 2296, 2344, 2345, 2348, 2382, 2384, 2389, 2393, 2394, 2408, 2476, 2520, 2527, 2528, 2529, 2530, 2601, 2602, 2603, 2604, 2605, 2606, 2607, 2608, 2609, 2737, 2738, 2740, 2741, 2773, 2907, 2916, 2928, 2954, 2957, 2958, 2989, 3037, 3038, 3039, 3040, 3070, 3093, 3126, 3128, 3246, 3247, 3268, 3347, 3357, 3358, 3396, 3568, 3575, 3674, 3681], "excluded_lines": [434, 435, 436, 2699, 2700], "functions": {"start_background_updates": {"executed_lines": [83], "summary": {"covered_lines": 1, "num_statements": 1, "percent_covered": 100.0, "percent_covered_display": "100", "missing_lines": 0, "excluded_lines": 0}, "missing_lines": [], "excluded_lines": []}, "stop_background_updates": {"executed_lines": [87], "summary": {"covered_lines": 1, "num_statements": 1, "percent_covered": 100.0, "percent_covered_display": "100", "missing_lines": 0, "excluded_lines": 0}, "missing_lines": [], "excluded_lines": []}, "_calculate_all_bmr_wrapper": {"executed_lines": [108, 110], "summary": {"covered_lines": 2, "num_statements": 3, "percent_covered": 66.66666666666667, "percent_covered_display": "67", "missing_lines": 1, "excluded_lines": 0}, "missing_lines": [109], "excluded_lines": []}, "_calculate_all_tdee_wrapper": {"executed_lines": [115, 117], "summary": {"covered_lines": 2, "num_statements": 3, "percent_covered": 66.66666666666667, "percent_covered_display": "67", "missing_lines": 1, "excluded_lines": 0}, "missing_lines": [116], "excluded_lines": []}, "get_update_scheduler": {"executed_lines": [122, 123, 125], "summary": {"covered_lines": 3, "num_statements": 4, "percent_covered": 75.0, "percent_covered_display": "75", "missing_lines": 1, "excluded_lines": 0}, "missing_lines": [126], "excluded_lines": []}, "lifespan": {"executed_lines": [143, 144, 166, 167, 168, 169, 170, 171, 172, 173, 175, 176, 177, 179, 180, 185, 186, 187, 189, 190, 191, 193, 194, 195, 203, 204, 205, 206, 207, 209, 212, 213, 215, 216, 221, 222, 224, 225, 226, 227, 228, 229], "summary": {"covered_lines": 42, "num_statements": 59, "percent_covered": 71.1864406779661, "percent_covered_display": "71", "missing_lines": 17, "excluded_lines": 0}, "missing_lines": [145, 146, 147, 148, 149, 152, 154, 155, 156, 162, 163, 164, 196, 199, 200, 201, 202], "excluded_lines": []}, "_is_truthy": {"executed_lines": [237], "summary": {"covered_lines": 1, "num_statements": 1, "percent_covered": 100.0, "percent_covered_display": "100", "missing_lines": 0, "excluded_lines": 0}, "missing_lines": [], "excluded_lines": []}, "get_api_key": {"executed_lines": [248, 249, 250, 251, 254, 256, 258, 259, 260, 261, 262, 263, 265, 270, 271, 272, 273, 278, 279], "summary": {"covered_lines": 19, "num_statements": 20, "percent_covered": 95.0, "percent_covered_display": "95", "missing_lines": 1, "excluded_lines": 0}, "missing_lines": [267], "excluded_lines": []}, "_get_api_key_dynamic": {"executed_lines": [284, 286, 287, 288, 289, 290, 292, 293], "summary": {"covered_lines": 8, "num_statements": 9, "percent_covered": 88.88888888888889, "percent_covered_display": "89", "missing_lines": 1, "excluded_lines": 0}, "missing_lines": [294], "excluded_lines": []}, "admin_status": {"executed_lines": [306, 307, 308, 310, 311, 312, 313, 314, 315, 317, 318, 322, 323, 325, 326, 327], "summary": {"covered_lines": 16, "num_statements": 16, "percent_covered": 100.0, "percent_covered_display": "100", "missing_lines": 0, "excluded_lines": 0}, "missing_lines": [], "excluded_lines": []}, "csp_nonce_middleware": {"executed_lines": [392, 393, 395, 398, 407, 408, 410], "summary": {"covered_lines": 7, "num_statements": 7, "percent_covered": 100.0, "percent_covered_display": "100", "missing_lines": 0, "excluded_lines": 0}, "missing_lines": [], "excluded_lines": []}, "log_requests": {"executed_lines": [416, 417, 418, 419, 420, 421, 422], "summary": {"covered_lines": 7, "num_statements": 7, "percent_covered": 100.0, "percent_covered_display": "100", "missing_lines": 0, "excluded_lines": 0}, "missing_lines": [], "excluded_lines": []}, "database_health": {"executed_lines": [432, 433, 434, 435, 436, 437], "summary": {"covered_lines": 3, "num_statements": 3, "percent_covered": 100.0, "percent_covered_display": "100", "missing_lines": 0, "excluded_lines": 3}, "missing_lines": [], "excluded_lines": [434, 435, 436]}, "legacy_category_label": {"executed_lines": [449, 450, 451, 452, 453, 454, 455, 456, 457], "summary": {"covered_lines": 9, "num_statements": 9, "percent_covered": 100.0, "percent_covered_display": "100", "missing_lines": 0, "excluded_lines": 0}, "missing_lines": [], "excluded_lines": []}, "_is_rate_limiting_available": {"executed_lines": [462], "summary": {"covered_lines": 1, "num_statements": 1, "percent_covered": 100.0, "percent_covered_display": "100", "missing_lines": 0, "excluded_lines": 0}, "missing_lines": [], "excluded_lines": []}, "BMIRequest._normalize_values": {"executed_lines": [500, 501, 503, 504, 505, 506, 507, 508, 510, 511, 512, 513, 514, 515, 516, 518, 520, 521, 524, 525, 526, 527, 541, 543, 544, 545, 546, 547, 548, 549, 550, 551], "summary": {"covered_lines": 32, "num_statements": 32, "percent_covered": 100.0, "percent_covered_display": "100", "missing_lines": 0, "excluded_lines": 0}, "missing_lines": [], "excluded_lines": []}, "BMIRequest._validate_gender": {"executed_lines": [556, 557, 558], "summary": {"covered_lines": 3, "num_statements": 3, "percent_covered": 100.0, "percent_covered_display": "100", "missing_lines": 0, "excluded_lines": 0}, "missing_lines": [], "excluded_lines": []}, "BMIRequest.validate_realistic_values": {"executed_lines": [564, 565, 566, 568, 569, 570, 571, 573], "summary": {"covered_lines": 8, "num_statements": 8, "percent_covered": 100.0, "percent_covered_display": "100", "missing_lines": 0, "excluded_lines": 0}, "missing_lines": [], "excluded_lines": []}, "BMIRequestV1.validate_realistic_values": {"executed_lines": [591, 592, 594, 595, 596, 597, 599], "summary": {"covered_lines": 7, "num_statements": 7, "percent_covered": 100.0, "percent_covered_display": "100", "missing_lines": 0, "excluded_lines": 0}, "missing_lines": [], "excluded_lines": []}, "BMIRequestV1._normalize_values": {"executed_lines": [605, 606, 608, 609, 610, 611], "summary": {"covered_lines": 6, "num_statements": 6, "percent_covered": 100.0, "percent_covered_display": "100", "missing_lines": 0, "excluded_lines": 0}, "missing_lines": [], "excluded_lines": []}, "add_visualization_if_requested": {"executed_lines": [621, 622, 624, 626, 628, 629, 633, 636, 641, 646, 654, 655, 657], "summary": {"covered_lines": 13, "num_statements": 15, "percent_covered": 86.66666666666667, "percent_covered_display": "87", "missing_lines": 2, "excluded_lines": 0}, "missing_lines": [661, 662], "excluded_lines": []}, "calc_bmi": {"executed_lines": [672], "summary": {"covered_lines": 1, "num_statements": 1, "percent_covered": 100.0, "percent_covered_display": "100", "missing_lines": 0, "excluded_lines": 0}, "missing_lines": [], "excluded_lines": []}, "normalize_flags": {"executed_lines": [678, 688, 689, 691, 692, 693, 696, 697, 699, 701], "summary": {"covered_lines": 10, "num_statements": 10, "percent_covered": 100.0, "percent_covered_display": "100", "missing_lines": 0, "excluded_lines": 0}, "missing_lines": [], "excluded_lines": []}, "waist_risk": {"executed_lines": [709, 710, 711, 712, 713, 714, 715, 716], "summary": {"covered_lines": 8, "num_statements": 8, "percent_covered": 100.0, "percent_covered_display": "100", "missing_lines": 0, "excluded_lines": 0}, "missing_lines": [], "excluded_lines": []}, "root": {"executed_lines": [725, 726, 729, 943, 944], "summary": {"covered_lines": 5, "num_statements": 5, "percent_covered": 100.0, "percent_covered_display": "100", "missing_lines": 0, "excluded_lines": 0}, "missing_lines": [], "excluded_lines": []}, "favicon": {"executed_lines": [949], "summary": {"covered_lines": 1, "num_statements": 1, "percent_covered": 100.0, "percent_covered_display": "100", "missing_lines": 0, "excluded_lines": 0}, "missing_lines": [], "excluded_lines": []}, "health": {"executed_lines": [954], "summary": {"covered_lines": 1, "num_statements": 1, "percent_covered": 100.0, "percent_covered_display": "100", "missing_lines": 0, "excluded_lines": 0}, "missing_lines": [], "excluded_lines": []}, "health_v1": {"executed_lines": [959], "summary": {"covered_lines": 1, "num_statements": 1, "percent_covered": 100.0, "percent_covered_display": "100", "missing_lines": 0, "excluded_lines": 0}, "missing_lines": [], "excluded_lines": []}, "metrics": {"executed_lines": [967], "summary": {"covered_lines": 1, "num_statements": 1, "percent_covered": 100.0, "percent_covered_display": "100", "missing_lines": 0, "excluded_lines": 0}, "missing_lines": [], "excluded_lines": []}, "privacy": {"executed_lines": [973], "summary": {"covered_lines": 1, "num_statements": 1, "percent_covered": 100.0, "percent_covered_display": "100", "missing_lines": 0, "excluded_lines": 0}, "missing_lines": [], "excluded_lines": []}, "bmi_endpoint": {"executed_lines": [988, 989, 991, 992, 993, 1002, 1004, 1006, 1007, 1008, 1009, 1010, 1011, 1013, 1022, 1024], "summary": {"covered_lines": 16, "num_statements": 16, "percent_covered": 100.0, "percent_covered_display": "100", "missing_lines": 0, "excluded_lines": 0}, "missing_lines": [], "excluded_lines": []}, "plan_endpoint": {"executed_lines": [1030, 1031, 1032, 1038, 1040, 1041, 1054, 1055, 1060, 1069, 1070, 1075], "summary": {"covered_lines": 12, "num_statements": 12, "percent_covered": 100.0, "percent_covered_display": "100", "missing_lines": 0, "excluded_lines": 0}, "missing_lines": [], "excluded_lines": []}, "bmi_endpoint_v1": {"executed_lines": [1082, 1084, 1085, 1087, 1088, 1089, 1097, 1098, 1099, 1100, 1101, 1102, 1104], "summary": {"covered_lines": 13, "num_statements": 13, "percent_covered": 100.0, "percent_covered_display": "100", "missing_lines": 0, "excluded_lines": 0}, "missing_lines": [], "excluded_lines": []}, "bmi_calculate_legacy": {"executed_lines": [], "summary": {"covered_lines": 0, "num_statements": 1, "percent_covered": 0.0, "percent_covered_display": "0", "missing_lines": 1, "excluded_lines": 0}, "missing_lines": [1117], "excluded_lines": []}, "insight_v1": {"executed_lines": [1123, 1129, 1132, 1133, 1134, 1135, 1137, 1138, 1139, 1144, 1145, 1146, 1152, 1153, 1154, 1155, 1156], "summary": {"covered_lines": 17, "num_statements": 21, "percent_covered": 80.95238095238095, "percent_covered_display": "81", "missing_lines": 4, "excluded_lines": 0}, "missing_lines": [1147, 1148, 1150, 1151], "excluded_lines": []}, "insight": {"executed_lines": [1166, 1168, 1170, 1171, 1175, 1176, 1177, 1181, 1182, 1183, 1189, 1190, 1192, 1193], "summary": {"covered_lines": 14, "num_statements": 21, "percent_covered": 66.66666666666667, "percent_covered_display": "67", "missing_lines": 7, "excluded_lines": 0}, "missing_lines": [1172, 1173, 1184, 1185, 1187, 1188, 1191], "excluded_lines": []}, "_propagate_app_patches": {"executed_lines": [1243, 1244, 1245, 1246, 1247, 1248, 1249, 1250, 1251], "summary": {"covered_lines": 9, "num_statements": 9, "percent_covered": 100.0, "percent_covered_display": "100", "missing_lines": 0, "excluded_lines": 0}, "missing_lines": [], "excluded_lines": []}, "_sync_app_attr_sources": {"executed_lines": [1259, 1260, 1261, 1262, 1263, 1264, 1265, 1266, 1269, 1274, 1275, 1277, 1278, 1281, 1282, 1283, 1284, 1285, 1286, 1289, 1290, 1291], "summary": {"covered_lines": 22, "num_statements": 27, "percent_covered": 81.48148148148148, "percent_covered_display": "81", "missing_lines": 5, "excluded_lines": 0}, "missing_lines": [1276, 1279, 1280, 1287, 1288], "excluded_lines": []}, "_targets_disabled": {"executed_lines": [1302, 1304, 1305, 1306, 1307, 1308, 1310, 1311, 1313, 1314, 1329, 1330, 1337, 1338, 1343, 1347, 1348, 1349, 1353, 1354, 1355, 1357, 1358, 1359, 1366, 1367, 1368, 1370, 1371, 1372, 1373, 1374, 1377, 1382, 1383], "summary": {"covered_lines": 35, "num_statements": 51, "percent_covered": 68.62745098039215, "percent_covered_display": "69", "missing_lines": 16, "excluded_lines": 0}, "missing_lines": [1312, 1315, 1316, 1317, 1318, 1319, 1320, 1325, 1326, 1327, 1328, 1375, 1376, 1378, 1379, 1380], "excluded_lines": []}, "_resolve_build_targets_callable": {"executed_lines": [1397, 1399, 1400, 1401, 1402, 1403, 1404, 1405, 1407, 1412, 1413, 1414, 1417, 1424, 1425, 1426], "summary": {"covered_lines": 16, "num_statements": 17, "percent_covered": 94.11764705882354, "percent_covered_display": "94", "missing_lines": 1, "excluded_lines": 0}, "missing_lines": [1418], "excluded_lines": []}, "_plate_env_snapshot": {"executed_lines": [1446, 1448, 1449, 1450, 1452, 1465, 1466, 1467, 1468, 1470, 1471, 1475, 1476, 1477, 1483, 1485, 1486, 1489], "summary": {"covered_lines": 18, "num_statements": 20, "percent_covered": 90.0, "percent_covered_display": "90", "missing_lines": 2, "excluded_lines": 0}, "missing_lines": [1479, 1480], "excluded_lines": []}, "_plate_env_snapshot._capture": {"executed_lines": [1453, 1454, 1455, 1456, 1457, 1458], "summary": {"covered_lines": 6, "num_statements": 6, "percent_covered": 100.0, "percent_covered_display": "100", "missing_lines": 0, "excluded_lines": 0}, "missing_lines": [], "excluded_lines": []}, "_with_plate_env_snapshot": {"executed_lines": [], "summary": {"covered_lines": 0, "num_statements": 7, "percent_covered": 0.0, "percent_covered_display": "0", "missing_lines": 7, "excluded_lines": 0}, "missing_lines": [1497, 1499, 1500, 1504, 1506, 1507, 1511], "excluded_lines": []}, "_with_plate_env_snapshot._async_wrapped": {"executed_lines": [], "summary": {"covered_lines": 0, "num_statements": 2, "percent_covered": 0.0, "percent_covered_display": "0", "missing_lines": 2, "excluded_lines": 0}, "missing_lines": [1501, 1502], "excluded_lines": []}, "_with_plate_env_snapshot._sync_wrapped": {"executed_lines": [], "summary": {"covered_lines": 0, "num_statements": 2, "percent_covered": 0.0, "percent_covered_display": "0", "missing_lines": 2, "excluded_lines": 0}, "missing_lines": [1508, 1509], "excluded_lines": []}, "_convert_db_nutrients_to_alias_format": {"executed_lines": [1649, 1650, 1651, 1652, 1653, 1660, 1664, 1665, 1666, 1667, 1675, 1680, 1681, 1684, 1685], "summary": {"covered_lines": 15, "num_statements": 15, "percent_covered": 100.0, "percent_covered_display": "100", "missing_lines": 0, "excluded_lines": 0}, "missing_lines": [], "excluded_lines": []}, "_aggregate_meal_micronutrients": {"executed_lines": [1703, 1704, 1706, 1708, 1709, 1711, 1712, 1713, 1715, 1716, 1717, 1718, 1721, 1723, 1724, 1727, 1730, 1731, 1732, 1733, 1736, 1739, 1740, 1741, 1742, 1743, 1746, 1748, 1749, 1752, 1755, 1758, 1768, 1769, 1770, 1771, 1772, 1773, 1776, 1777, 1778, 1782, 1783, 1787, 1789], "summary": {"covered_lines": 45, "num_statements": 45, "percent_covered": 100.0, "percent_covered_display": "100", "missing_lines": 0, "excluded_lines": 0}, "missing_lines": [], "excluded_lines": []}, "_get_recipe_ingredients_for_meal": {"executed_lines": [1804, 1805, 1808, 1809, 1810, 1811, 1813, 1814, 1815, 1818, 1819, 1820, 1823, 1824, 1827, 1828, 1829, 1832, 1833, 1834, 1836, 1837, 1838, 1839, 1840, 1842, 1844, 1846, 1847, 1848], "summary": {"covered_lines": 30, "num_statements": 31, "percent_covered": 96.7741935483871, "percent_covered_display": "97", "missing_lines": 1, "excluded_lines": 0}, "missing_lines": [1825], "excluded_lines": []}, "_aggregate_day_micronutrients": {"executed_lines": [1863, 1865, 1866, 1869, 1870, 1872, 1876, 1879, 1880, 1883, 1888, 1889, 1891, 1895, 1896, 1897, 1900], "summary": {"covered_lines": 17, "num_statements": 17, "percent_covered": 100.0, "percent_covered_display": "100", "missing_lines": 0, "excluded_lines": 0}, "missing_lines": [], "excluded_lines": []}, "_alias_micros": {"executed_lines": [1926, 1927, 1930, 1931, 1932, 1933, 1934, 1935, 1940, 1943, 1946, 1947, 1948, 1949, 1950, 1951, 1952], "summary": {"covered_lines": 17, "num_statements": 17, "percent_covered": 100.0, "percent_covered_display": "100", "missing_lines": 0, "excluded_lines": 0}, "missing_lines": [], "excluded_lines": []}, "WHOTargetsRequest._normalize_values": {"executed_lines": [1977, 1980, 1981, 1982, 1983, 1984, 1985, 1986, 1987, 1988, 1989], "summary": {"covered_lines": 11, "num_statements": 12, "percent_covered": 91.66666666666667, "percent_covered_display": "92", "missing_lines": 1, "excluded_lines": 0}, "missing_lines": [1978], "excluded_lines": []}, "api_premium_plate": {"executed_lines": [2077, 2083, 2085, 2087, 2090, 2096, 2097, 2098, 2099, 2100, 2101, 2104, 2105, 2106, 2107, 2110, 2111, 2112, 2113, 2114, 2115, 2117, 2120, 2121, 2122, 2123, 2124, 2128, 2129, 2130, 2132, 2133, 2134, 2135, 2141, 2142, 2145, 2147, 2160, 2162, 2163, 2166, 2167, 2168, 2170, 2171, 2172, 2173, 2174, 2175, 2176, 2177, 2178, 2179, 2180, 2181, 2182, 2184, 2187, 2188, 2195, 2215, 2245, 2261, 2262, 2263, 2265, 2266, 2276, 2278, 2280, 2284, 2289, 2290, 2300, 2301, 2304, 2305, 2307, 2313, 2314, 2315, 2319, 2321, 2334, 2335, 2336, 2337, 2338, 2339, 2340, 2341, 2342, 2343, 2351, 2354, 2355, 2357, 2358, 2361, 2362, 2363, 2364, 2373, 2376, 2377, 2378, 2379, 2381, 2390, 2391, 2392, 2397, 2407, 2409, 2410, 2411, 2412, 2413], "summary": {"covered_lines": 119, "num_statements": 130, "percent_covered": 91.53846153846153, "percent_covered_display": "92", "missing_lines": 11, "excluded_lines": 0}, "missing_lines": [2292, 2296, 2344, 2345, 2348, 2382, 2384, 2389, 2393, 2394, 2408], "excluded_lines": []}, "api_premium_bmr": {"executed_lines": [2437, 2439, 2441, 2442, 2447, 2454, 2455, 2456, 2458, 2461, 2468, 2470, 2474, 2477, 2479, 2486, 2488, 2489, 2490, 2492, 2509, 2523, 2524, 2525, 2544, 2546, 2547, 2548, 2549, 2563, 2566, 2567, 2570, 2577, 2580, 2581, 2584, 2586, 2592], "summary": {"covered_lines": 39, "num_statements": 54, "percent_covered": 72.22222222222223, "percent_covered_display": "72", "missing_lines": 15, "excluded_lines": 0}, "missing_lines": [2476, 2520, 2527, 2528, 2529, 2530, 2601, 2602, 2603, 2604, 2605, 2606, 2607, 2608, 2609], "excluded_lines": []}, "premium_bmr_legacy": {"executed_lines": [2619, 2620, 2622, 2623, 2628, 2634, 2637, 2639, 2646, 2648, 2649, 2650, 2652, 2654, 2655, 2661, 2669, 2670, 2671, 2672, 2673, 2674, 2675], "summary": {"covered_lines": 23, "num_statements": 23, "percent_covered": 100.0, "percent_covered_display": "100", "missing_lines": 0, "excluded_lines": 0}, "missing_lines": [], "excluded_lines": []}, "premium_targets_legacy": {"executed_lines": [2684, 2685, 2687, 2688, 2689, 2690, 2691, 2695, 2696, 2697, 2698], "summary": {"covered_lines": 11, "num_statements": 11, "percent_covered": 100.0, "percent_covered_display": "100", "missing_lines": 0, "excluded_lines": 2}, "missing_lines": [], "excluded_lines": [2699, 2700]}, "api_who_targets": {"executed_lines": [2726, 2727, 2729, 2730, 2732, 2733, 2734, 2736, 2739, 2743, 2745, 2746, 2747, 2748, 2749, 2751, 2753, 2763, 2765, 2771, 2772, 2780, 2796, 2798, 2812, 2813, 2814, 2817, 2823, 2824, 2825, 2827, 2828, 2829, 2830, 2831, 2832, 2834, 2836, 2837, 2838, 2839, 2840, 2842, 2844, 2854, 2856, 2862, 2863, 2864, 2871, 2887, 2894, 2895, 2897, 2898, 2900, 2901, 2902, 2903, 2905, 2906, 2908, 2909, 2913, 2914, 2915, 2920, 2921, 2925, 2926, 2927, 2933, 2952, 2955, 2956], "summary": {"covered_lines": 76, "num_statements": 87, "percent_covered": 87.35632183908046, "percent_covered_display": "87", "missing_lines": 11, "excluded_lines": 0}, "missing_lines": [2737, 2738, 2740, 2741, 2773, 2907, 2916, 2928, 2954, 2957, 2958], "excluded_lines": []}, "api_weekly_menu": {"executed_lines": [2975, 2977, 2983, 2987, 2988, 2994, 2996, 3011, 3013, 3034, 3036], "summary": {"covered_lines": 11, "num_statements": 16, "percent_covered": 68.75, "percent_covered_display": "69", "missing_lines": 5, "excluded_lines": 0}, "missing_lines": [2989, 3037, 3038, 3039, 3040], "excluded_lines": []}, "api_nutrient_gaps": {"executed_lines": [3064, 3065, 3067, 3068, 3069, 3075, 3077, 3091, 3092, 3098, 3101, 3104, 3109, 3110, 3113, 3115, 3116, 3118, 3124, 3127, 3129, 3130], "summary": {"covered_lines": 22, "num_statements": 26, "percent_covered": 84.61538461538461, "percent_covered_display": "85", "missing_lines": 4, "excluded_lines": 0}, "missing_lines": [3070, 3093, 3126, 3128], "excluded_lines": []}, "debug_env": {"executed_lines": [3137, 3143, 3144, 3145], "summary": {"covered_lines": 4, "num_statements": 4, "percent_covered": 100.0, "percent_covered_display": "100", "missing_lines": 0, "excluded_lines": 0}, "missing_lines": [], "excluded_lines": []}, "get_database_status": {"executed_lines": [3165, 3167, 3169, 3170, 3171, 3172, 3173, 3174, 3175], "summary": {"covered_lines": 9, "num_statements": 9, "percent_covered": 100.0, "percent_covered_display": "100", "missing_lines": 0, "excluded_lines": 0}, "missing_lines": [], "excluded_lines": []}, "force_database_update": {"executed_lines": [3193, 3194, 3196, 3197, 3198, 3199, 3202, 3207, 3208, 3219, 3221, 3222], "summary": {"covered_lines": 12, "num_statements": 12, "percent_covered": 100.0, "percent_covered_display": "100", "missing_lines": 0, "excluded_lines": 0}, "missing_lines": [], "excluded_lines": []}, "check_for_updates": {"executed_lines": [3234, 3235, 3236, 3238, 3244], "summary": {"covered_lines": 5, "num_statements": 7, "percent_covered": 71.42857142857143, "percent_covered_display": "71", "missing_lines": 2, "excluded_lines": 0}, "missing_lines": [3246, 3247], "excluded_lines": []}, "rollback_database": {"executed_lines": [3263, 3264, 3265, 3267, 3275, 3280, 3281], "summary": {"covered_lines": 7, "num_statements": 8, "percent_covered": 87.5, "percent_covered_display": "88", "missing_lines": 1, "excluded_lines": 0}, "missing_lines": [3268], "excluded_lines": []}, "export_daily_plan_csv": {"executed_lines": [3299, 3302, 3305, 3338, 3340, 3341, 3346, 3349, 3351], "summary": {"covered_lines": 9, "num_statements": 12, "percent_covered": 75.0, "percent_covered_display": "75", "missing_lines": 3, "excluded_lines": 0}, "missing_lines": [3347, 3357, 3358], "excluded_lines": []}, "export_pdf_generic": {"executed_lines": [3370, 3372, 3375, 3376, 3378, 3379, 3384, 3385, 3390, 3393, 3394, 3397, 3398, 3399, 3401], "summary": {"covered_lines": 15, "num_statements": 16, "percent_covered": 93.75, "percent_covered_display": "94", "missing_lines": 1, "excluded_lines": 0}, "missing_lines": [3396], "excluded_lines": []}, "export_weekly_plan_csv": {"executed_lines": [3416, 3417, 3420, 3479, 3481, 3482, 3487, 3488, 3490, 3492, 3498, 3499], "summary": {"covered_lines": 12, "num_statements": 12, "percent_covered": 100.0, "percent_covered_display": "100", "missing_lines": 0, "excluded_lines": 0}, "missing_lines": [], "excluded_lines": []}, "export_daily_plan_pdf": {"executed_lines": [3515, 3516, 3519, 3552, 3554, 3555, 3560, 3561, 3566, 3574, 3578, 3579], "summary": {"covered_lines": 12, "num_statements": 14, "percent_covered": 85.71428571428571, "percent_covered_display": "86", "missing_lines": 2, "excluded_lines": 0}, "missing_lines": [3568, 3575], "excluded_lines": []}, "export_weekly_plan_pdf": {"executed_lines": [3595, 3596, 3599, 3658, 3660, 3662, 3667, 3668, 3672, 3680, 3684, 3685], "summary": {"covered_lines": 12, "num_statements": 14, "percent_covered": 85.71428571428571, "percent_covered_display": "86", "missing_lines": 2, "excluded_lines": 0}, "missing_lines": [3674, 3681], "excluded_lines": []}, "": {"executed_lines": [1, 2, 3, 4, 5, 6, 7, 8, 9, 10, 23, 24, 25, 26, 27, 28, 29, 30, 31, 33, 34, 35, 36, 37, 38, 39, 40, 41, 42, 43, 44, 45, 46, 47, 48, 49, 50, 51, 53, 56, 58, 59, 60, 62, 63, 64, 66, 68, 69, 72, 73, 75, 76, 82, 86, 90, 91, 92, 93, 94, 95, 98, 99, 100, 101, 102, 106, 113, 120, 130, 131, 134, 135, 136, 140, 141, 232, 236, 240, 283, 300, 301, 334, 336, 337, 338, 339, 340, 341, 344, 345, 347, 350, 351, 352, 353, 355, 356, 361, 362, 363, 366, 367, 368, 369, 371, 372, 373, 374, 375, 377, 385, 386, 414, 415, 425, 426, 443, 461, 470, 471, 481, 482, 485, 486, 487, 488, 489, 490, 491, 492, 493, 494, 495, 497, 498, 499, 553, 554, 560, 561, 576, 577, 578, 579, 580, 581, 582, 583, 584, 585, 587, 588, 601, 602, 603, 614, 671, 675, 708, 722, 723, 947, 948, 952, 953, 957, 958, 962, 963, 970, 971, 986, 987, 1027, 1028, 1078, 1079, 1114, 1115, 1120, 1121, 1163, 1164, 1196, 1198, 1199, 1200, 1201, 1202, 1203, 1205, 1206, 1207, 1208, 1209, 1211, 1212, 1213, 1214, 1215, 1216, 1217, 1218, 1219, 1221, 1222, 1223, 1224, 1225, 1226, 1228, 1229, 1230, 1238, 1239, 1242, 1254, 1294, 1295, 1298, 1386, 1429, 1430, 1492, 1514, 1515, 1516, 1520, 1521, 1524, 1525, 1526, 1530, 1531, 1534, 1540, 1546, 1552, 1553, 1554, 1555, 1569, 1570, 1574, 1575, 1576, 1577, 1578, 1579, 1582, 1583, 1584, 1585, 1588, 1589, 1593, 1595, 1596, 1597, 1600, 1601, 1602, 1603, 1606, 1607, 1608, 1611, 1614, 1625, 1637, 1688, 1792, 1851, 1903, 1956, 1957, 1961, 1962, 1963, 1964, 1965, 1966, 1967, 1968, 1969, 1970, 1971, 1972, 1974, 1975, 1976, 1992, 1993, 1997, 1998, 1999, 2000, 2001, 2002, 2003, 2008, 2009, 2013, 2014, 2017, 2018, 2022, 2023, 2024, 2027, 2028, 2032, 2033, 2034, 2035, 2036, 2037, 2040, 2042, 2043, 2044, 2045, 2046, 2047, 2048, 2049, 2050, 2051, 2052, 2053, 2056, 2059, 2064, 2419, 2424, 2613, 2614, 2678, 2679, 2706, 2711, 2963, 2968, 3045, 3050, 3135, 3136, 3153, 3154, 3180, 3181, 3225, 3226, 3250, 3251, 3287, 3288, 3361, 3362, 3404, 3405, 3502, 3503, 3582, 3583, 3689, 3690, 3693, 3694], "summary": {"covered_lines": 363, "num_statements": 382, "percent_covered": 95.0261780104712, "percent_covered_display": "95", "missing_lines": 19, "excluded_lines": 0}, "missing_lines": [54, 77, 78, 79, 357, 358, 1517, 1518, 1527, 1528, 1535, 1536, 1538, 1541, 1542, 1544, 1547, 1548, 1550], "excluded_lines": []}}, "classes": {"InsightRequest": {"executed_lines": [], "summary": {"covered_lines": 0, "num_statements": 0, "percent_covered": 100.0, "percent_covered_display": "100", "missing_lines": 0, "excluded_lines": 0}, "missing_lines": [], "excluded_lines": []}, "BMIRequest": {"executed_lines": [500, 501, 503, 504, 505, 506, 507, 508, 510, 511, 512, 513, 514, 515, 516, 518, 520, 521, 524, 525, 526, 527, 541, 543, 544, 545, 546, 547, 548, 549, 550, 551, 556, 557, 558, 564, 565, 566, 568, 569, 570, 571, 573], "summary": {"covered_lines": 43, "num_statements": 43, "percent_covered": 100.0, "percent_covered_display": "100", "missing_lines": 0, "excluded_lines": 0}, "missing_lines": [], "excluded_lines": []}, "BMIRequestV1": {"executed_lines": [591, 592, 594, 595, 596, 597, 599, 605, 606, 608, 609, 610, 611], "summary": {"covered_lines": 13, "num_statements": 13, "percent_covered": 100.0, "percent_covered_display": "100", "missing_lines": 0, "excluded_lines": 0}, "missing_lines": [], "excluded_lines": []}, "PlateRequest": {"executed_lines": [], "summary": {"covered_lines": 0, "num_statements": 0, "percent_covered": 100.0, "percent_covered_display": "100", "missing_lines": 0, "excluded_lines": 0}, "missing_lines": [], "excluded_lines": []}, "VisualShape": {"executed_lines": [], "summary": {"covered_lines": 0, "num_statements": 0, "percent_covered": 100.0, "percent_covered_display": "100", "missing_lines": 0, "excluded_lines": 0}, "missing_lines": [], "excluded_lines": []}, "PlateResponse": {"executed_lines": [], "summary": {"covered_lines": 0, "num_statements": 0, "percent_covered": 100.0, "percent_covered_display": "100", "missing_lines": 0, "excluded_lines": 0}, "missing_lines": [], "excluded_lines": []}, "WHOTargetsRequest": {"executed_lines": [1977, 1980, 1981, 1982, 1983, 1984, 1985, 1986, 1987, 1988, 1989], "summary": {"covered_lines": 11, "num_statements": 12, "percent_covered": 91.66666666666667, "percent_covered_display": "92", "missing_lines": 1, "excluded_lines": 0}, "missing_lines": [1978], "excluded_lines": []}, "WHOTargetsResponse": {"executed_lines": [], "summary": {"covered_lines": 0, "num_statements": 0, "percent_covered": 100.0, "percent_covered_display": "100", "missing_lines": 0, "excluded_lines": 0}, "missing_lines": [], "excluded_lines": []}, "NutrientGapsRequest": {"executed_lines": [], "summary": {"covered_lines": 0, "num_statements": 0, "percent_covered": 100.0, "percent_covered_display": "100", "missing_lines": 0, "excluded_lines": 0}, "missing_lines": [], "excluded_lines": []}, "NutrientGapsResponse": {"executed_lines": [], "summary": {"covered_lines": 0, "num_statements": 0, "percent_covered": 100.0, "percent_covered_display": "100", "missing_lines": 0, "excluded_lines": 0}, "missing_lines": [], "excluded_lines": []}, "WeeklyMenuResponse": {"executed_lines": [], "summary": {"covered_lines": 0, "num_statements": 0, "percent_covered": 100.0, "percent_covered_display": "100", "missing_lines": 0, "excluded_lines": 0}, "missing_lines": [], "excluded_lines": []}, "WeeklyPlanFlexibleRequest": {"executed_lines": [], "summary": {"covered_lines": 0, "num_statements": 0, "percent_covered": 100.0, "percent_covered_display": "100", "missing_lines": 0, "excluded_lines": 0}, "missing_lines": [], "excluded_lines": []}, "": {"executed_lines": [1, 2, 3, 4, 5, 6, 7, 8, 9, 10, 23, 24, 25, 26, 27, 28, 29, 30, 31, 33, 34, 35, 36, 37, 38, 39, 40, 41, 42, 43, 44, 45, 46, 47, 48, 49, 50, 51, 53, 56, 58, 59, 60, 62, 63, 64, 66, 68, 69, 72, 73, 75, 76, 82, 83, 86, 87, 90, 91, 92, 93, 94, 95, 98, 99, 100, 101, 102, 106, 108, 110, 113, 115, 117, 120, 122, 123, 125, 130, 131, 134, 135, 136, 140, 141, 143, 144, 166, 167, 168, 169, 170, 171, 172, 173, 175, 176, 177, 179, 180, 185, 186, 187, 189, 190, 191, 193, 194, 195, 203, 204, 205, 206, 207, 209, 212, 213, 215, 216, 221, 222, 224, 225, 226, 227, 228, 229, 232, 236, 237, 240, 248, 249, 250, 251, 254, 256, 258, 259, 260, 261, 262, 263, 265, 270, 271, 272, 273, 278, 279, 283, 284, 286, 287, 288, 289, 290, 292, 293, 300, 301, 306, 307, 308, 310, 311, 312, 313, 314, 315, 317, 318, 322, 323, 325, 326, 327, 334, 336, 337, 338, 339, 340, 341, 344, 345, 347, 350, 351, 352, 353, 355, 356, 361, 362, 363, 366, 367, 368, 369, 371, 372, 373, 374, 375, 377, 385, 386, 392, 393, 395, 398, 407, 408, 410, 414, 415, 416, 417, 418, 419, 420, 421, 422, 425, 426, 432, 433, 434, 435, 436, 437, 443, 449, 450, 451, 452, 453, 454, 455, 456, 457, 461, 462, 470, 471, 481, 482, 485, 486, 487, 488, 489, 490, 491, 492, 493, 494, 495, 497, 498, 499, 553, 554, 560, 561, 576, 577, 578, 579, 580, 581, 582, 583, 584, 585, 587, 588, 601, 602, 603, 614, 621, 622, 624, 626, 628, 629, 633, 636, 641, 646, 654, 655, 657, 671, 672, 675, 678, 688, 689, 691, 692, 693, 696, 697, 699, 701, 708, 709, 710, 711, 712, 713, 714, 715, 716, 722, 723, 725, 726, 729, 943, 944, 947, 948, 949, 952, 953, 954, 957, 958, 959, 962, 963, 967, 970, 971, 973, 986, 987, 988, 989, 991, 992, 993, 1002, 1004, 1006, 1007, 1008, 1009, 1010, 1011, 1013, 1022, 1024, 1027, 1028, 1030, 1031, 1032, 1038, 1040, 1041, 1054, 1055, 1060, 1069, 1070, 1075, 1078, 1079, 1082, 1084, 1085, 1087, 1088, 1089, 1097, 1098, 1099, 1100, 1101, 1102, 1104, 1114, 1115, 1120, 1121, 1123, 1129, 1132, 1133, 1134, 1135, 1137, 1138, 1139, 1144, 1145, 1146, 1152, 1153, 1154, 1155, 1156, 1163, 1164, 1166, 1168, 1170, 1171, 1175, 1176, 1177, 1181, 1182, 1183, 1189, 1190, 1192, 1193, 1196, 1198, 1199, 1200, 1201, 1202, 1203, 1205, 1206, 1207, 1208, 1209, 1211, 1212, 1213, 1214, 1215, 1216, 1217, 1218, 1219, 1221, 1222, 1223, 1224, 1225, 1226, 1228, 1229, 1230, 1238, 1239, 1242, 1243, 1244, 1245, 1246, 1247, 1248, 1249, 1250, 1251, 1254, 1259, 1260, 1261, 1262, 1263, 1264, 1265, 1266, 1269, 1274, 1275, 1277, 1278, 1281, 1282, 1283, 1284, 1285, 1286, 1289, 1290, 1291, 1294, 1295, 1298, 1302, 1304, 1305, 1306, 1307, 1308, 1310, 1311, 1313, 1314, 1329, 1330, 1337, 1338, 1343, 1347, 1348, 1349, 1353, 1354, 1355, 1357, 1358, 1359, 1366, 1367, 1368, 1370, 1371, 1372, 1373, 1374, 1377, 1382, 1383, 1386, 1397, 1399, 1400, 1401, 1402, 1403, 1404, 1405, 1407, 1412, 1413, 1414, 1417, 1424, 1425, 1426, 1429, 1430, 1446, 1448, 1449, 1450, 1452, 1453, 1454, 1455, 1456, 1457, 1458, 1465, 1466, 1467, 1468, 1470, 1471, 1475, 1476, 1477, 1483, 1485, 1486, 1489, 1492, 1514, 1515, 1516, 1520, 1521, 1524, 1525, 1526, 1530, 1531, 1534, 1540, 1546, 1552, 1553, 1554, 1555, 1569, 1570, 1574, 1575, 1576, 1577, 1578, 1579, 1582, 1583, 1584, 1585, 1588, 1589, 1593, 1595, 1596, 1597, 1600, 1601, 1602, 1603, 1606, 1607, 1608, 1611, 1614, 1625, 1637, 1649, 1650, 1651, 1652, 1653, 1660, 1664, 1665, 1666, 1667, 1675, 1680, 1681, 1684, 1685, 1688, 1703, 1704, 1706, 1708, 1709, 1711, 1712, 1713, 1715, 1716, 1717, 1718, 1721, 1723, 1724, 1727, 1730, 1731, 1732, 1733, 1736, 1739, 1740, 1741, 1742, 1743, 1746, 1748, 1749, 1752, 1755, 1758, 1768, 1769, 1770, 1771, 1772, 1773, 1776, 1777, 1778, 1782, 1783, 1787, 1789, 1792, 1804, 1805, 1808, 1809, 1810, 1811, 1813, 1814, 1815, 1818, 1819, 1820, 1823, 1824, 1827, 1828, 1829, 1832, 1833, 1834, 1836, 1837, 1838, 1839, 1840, 1842, 1844, 1846, 1847, 1848, 1851, 1863, 1865, 1866, 1869, 1870, 1872, 1876, 1879, 1880, 1883, 1888, 1889, 1891, 1895, 1896, 1897, 1900, 1903, 1926, 1927, 1930, 1931, 1932, 1933, 1934, 1935, 1940, 1943, 1946, 1947, 1948, 1949, 1950, 1951, 1952, 1956, 1957, 1961, 1962, 1963, 1964, 1965, 1966, 1967, 1968, 1969, 1970, 1971, 1972, 1974, 1975, 1976, 1992, 1993, 1997, 1998, 1999, 2000, 2001, 2002, 2003, 2008, 2009, 2013, 2014, 2017, 2018, 2022, 2023, 2024, 2027, 2028, 2032, 2033, 2034, 2035, 2036, 2037, 2040, 2042, 2043, 2044, 2045, 2046, 2047, 2048, 2049, 2050, 2051, 2052, 2053, 2056, 2059, 2064, 2077, 2083, 2085, 2087, 2090, 2096, 2097, 2098, 2099, 2100, 2101, 2104, 2105, 2106, 2107, 2110, 2111, 2112, 2113, 2114, 2115, 2117, 2120, 2121, 2122, 2123, 2124, 2128, 2129, 2130, 2132, 2133, 2134, 2135, 2141, 2142, 2145, 2147, 2160, 2162, 2163, 2166, 2167, 2168, 2170, 2171, 2172, 2173, 2174, 2175, 2176, 2177, 2178, 2179, 2180, 2181, 2182, 2184, 2187, 2188, 2195, 2215, 2245, 2261, 2262, 2263, 2265, 2266, 2276, 2278, 2280, 2284, 2289, 2290, 2300, 2301, 2304, 2305, 2307, 2313, 2314, 2315, 2319, 2321, 2334, 2335, 2336, 2337, 2338, 2339, 2340, 2341, 2342, 2343, 2351, 2354, 2355, 2357, 2358, 2361, 2362, 2363, 2364, 2373, 2376, 2377, 2378, 2379, 2381, 2390, 2391, 2392, 2397, 2407, 2409, 2410, 2411, 2412, 2413, 2419, 2424, 2437, 2439, 2441, 2442, 2447, 2454, 2455, 2456, 2458, 2461, 2468, 2470, 2474, 2477, 2479, 2486, 2488, 2489, 2490, 2492, 2509, 2523, 2524, 2525, 2544, 2546, 2547, 2548, 2549, 2563, 2566, 2567, 2570, 2577, 2580, 2581, 2584, 2586, 2592, 2613, 2614, 2619, 2620, 2622, 2623, 2628, 2634, 2637, 2639, 2646, 2648, 2649, 2650, 2652, 2654, 2655, 2661, 2669, 2670, 2671, 2672, 2673, 2674, 2675, 2678, 2679, 2684, 2685, 2687, 2688, 2689, 2690, 2691, 2695, 2696, 2697, 2698, 2706, 2711, 2726, 2727, 2729, 2730, 2732, 2733, 2734, 2736, 2739, 2743, 2745, 2746, 2747, 2748, 2749, 2751, 2753, 2763, 2765, 2771, 2772, 2780, 2796, 2798, 2812, 2813, 2814, 2817, 2823, 2824, 2825, 2827, 2828, 2829, 2830, 2831, 2832, 2834, 2836, 2837, 2838, 2839, 2840, 2842, 2844, 2854, 2856, 2862, 2863, 2864, 2871, 2887, 2894, 2895, 2897, 2898, 2900, 2901, 2902, 2903, 2905, 2906, 2908, 2909, 2913, 2914, 2915, 2920, 2921, 2925, 2926, 2927, 2933, 2952, 2955, 2956, 2963, 2968, 2975, 2977, 2983, 2987, 2988, 2994, 2996, 3011, 3013, 3034, 3036, 3045, 3050, 3064, 3065, 3067, 3068, 3069, 3075, 3077, 3091, 3092, 3098, 3101, 3104, 3109, 3110, 3113, 3115, 3116, 3118, 3124, 3127, 3129, 3130, 3135, 3136, 3137, 3143, 3144, 3145, 3153, 3154, 3165, 3167, 3169, 3170, 3171, 3172, 3173, 3174, 3175, 3180, 3181, 3193, 3194, 3196, 3197, 3198, 3199, 3202, 3207, 3208, 3219, 3221, 3222, 3225, 3226, 3234, 3235, 3236, 3238, 3244, 3250, 3251, 3263, 3264, 3265, 3267, 3275, 3280, 3281, 3287, 3288, 3299, 3302, 3305, 3338, 3340, 3341, 3346, 3349, 3351, 3361, 3362, 3370, 3372, 3375, 3376, 3378, 3379, 3384, 3385, 3390, 3393, 3394, 3397, 3398, 3399, 3401, 3404, 3405, 3416, 3417, 3420, 3479, 3481, 3482, 3487, 3488, 3490, 3492, 3498, 3499, 3502, 3503, 3515, 3516, 3519, 3552, 3554, 3555, 3560, 3561, 3566, 3574, 3578, 3579, 3582, 3583, 3595, 3596, 3599, 3658, 3660, 3662, 3667, 3668, 3672, 3680, 3684, 3685, 3689, 3690, 3693, 3694], "summary": {"covered_lines": 1227, "num_statements": 1375, "percent_covered": 89.23636363636363, "percent_covered_display": "89", "missing_lines": 148, "excluded_lines": 5}, "missing_lines": [54, 77, 78, 79, 109, 116, 126, 145, 146, 147, 148, 149, 152, 154, 155, 156, 162, 163, 164, 196, 199, 200, 201, 202, 267, 294, 357, 358, 661, 662, 1117, 1147, 1148, 1150, 1151, 1172, 1173, 1184, 1185, 1187, 1188, 1191, 1276, 1279, 1280, 1287, 1288, 1312, 1315, 1316, 1317, 1318, 1319, 1320, 1325, 1326, 1327, 1328, 1375, 1376, 1378, 1379, 1380, 1418, 1479, 1480, 1497, 1499, 1500, 1501, 1502, 1504, 1506, 1507, 1508, 1509, 1511, 1517, 1518, 1527, 1528, 1535, 1536, 1538, 1541, 1542, 1544, 1547, 1548, 1550, 1825, 2292, 2296, 2344, 2345, 2348, 2382, 2384, 2389, 2393, 2394, 2408, 2476, 2520, 2527, 2528, 2529, 2530, 2601, 2602, 2603, 2604, 2605, 2606, 2607, 2608, 2609, 2737, 2738, 2740, 2741, 2773, 2907, 2916, 2928, 2954, 2957, 2958, 2989, 3037, 3038, 3039, 3040, 3070, 3093, 3126, 3128, 3246, 3247, 3268, 3347, 3357, 3358, 3396, 3568, 3575, 3674, 3681], "excluded_lines": [434, 435, 436, 2699, 2700]}}}, "app/__init__.py": {"executed_lines": [2, 6, 7, 8, 9, 10, 15, 18, 19, 20, 21, 22, 23, 24, 25, 26, 27, 28, 29, 31, 33, 34, 35, 36, 37, 38, 39, 40, 41, 42, 43, 44, 48, 51, 52, 65, 73, 74, 76, 77, 79, 80, 81, 83, 84, 86, 87, 90, 91, 93, 101, 102, 103, 108, 111, 126, 129, 131, 132, 133], "summary": {"covered_lines": 58, "num_statements": 59, "percent_covered": 98.30508474576271, "percent_covered_display": "98", "missing_lines": 1, "excluded_lines": 0}, "missing_lines": [105], "excluded_lines": [], "functions": {"_RebindingModuleSpec.__init__": {"executed_lines": [73, 74], "summary": {"covered_lines": 2, "num_statements": 2, "percent_covered": 100.0, "percent_covered_display": "100", "missing_lines": 0, "excluded_lines": 0}, "missing_lines": [], "excluded_lines": []}, "_RebindingModuleSpec.__getattribute__": {"executed_lines": [77, 79, 80, 81, 83, 84, 86, 87], "summary": {"covered_lines": 8, "num_statements": 8, "percent_covered": 100.0, "percent_covered_display": "100", "missing_lines": 0, "excluded_lines": 0}, "missing_lines": [], "excluded_lines": []}, "__getattr__": {"executed_lines": [131, 132, 133], "summary": {"covered_lines": 3, "num_statements": 3, "percent_covered": 100.0, "percent_covered_display": "100", "missing_lines": 0, "excluded_lines": 0}, "missing_lines": [], "excluded_lines": []}, "": {"executed_lines": [2, 6, 7, 8, 9, 10, 15, 18, 19, 20, 21, 22, 23, 24, 25, 26, 27, 28, 29, 31, 33, 34, 35, 36, 37, 38, 39, 40, 41, 42, 43, 44, 48, 51, 52, 65, 76, 90, 91, 93, 101, 102, 103, 108, 111, 126, 129], "summary": {"covered_lines": 45, "num_statements": 46, "percent_covered": 97.82608695652173, "percent_covered_display": "98", "missing_lines": 1, "excluded_lines": 0}, "missing_lines": [105], "excluded_lines": []}}, "classes": {"_RebindingModuleSpec": {"executed_lines": [73, 74, 77, 79, 80, 81, 83, 84, 86, 87], "summary": {"covered_lines": 10, "num_statements": 10, "percent_covered": 100.0, "percent_covered_display": "100", "missing_lines": 0, "excluded_lines": 0}, "missing_lines": [], "excluded_lines": []}, "": {"executed_lines": [2, 6, 7, 8, 9, 10, 15, 18, 19, 20, 21, 22, 23, 24, 25, 26, 27, 28, 29, 31, 33, 34, 35, 36, 37, 38, 39, 40, 41, 42, 43, 44, 48, 51, 52, 65, 76, 90, 91, 93, 101, 102, 103, 108, 111, 126, 129, 131, 132, 133], "summary": {"covered_lines": 48, "num_statements": 49, "percent_covered": 97.95918367346938, "percent_covered_display": "98", "missing_lines": 1, "excluded_lines": 0}, "missing_lines": [105], "excluded_lines": []}}}, "app/dependencies.py": {"executed_lines": [1, 2, 4, 5, 8, 10, 13, 29, 30, 34, 35, 36, 37, 41, 42, 43, 46, 63], "summary": {"covered_lines": 18, "num_statements": 18, "percent_covered": 100.0, "percent_covered_display": "100", "missing_lines": 0, "excluded_lines": 0}, "missing_lines": [], "excluded_lines": [], "functions": {"validate_template_dir": {"executed_lines": [29, 30, 34, 35, 36, 37, 41, 42, 43], "summary": {"covered_lines": 9, "num_statements": 9, "percent_covered": 100.0, "percent_covered_display": "100", "missing_lines": 0, "excluded_lines": 0}, "missing_lines": [], "excluded_lines": []}, "get_recipe_synthesizer": {"executed_lines": [63], "summary": {"covered_lines": 1, "num_statements": 1, "percent_covered": 100.0, "percent_covered_display": "100", "missing_lines": 0, "excluded_lines": 0}, "missing_lines": [], "excluded_lines": []}, "": {"executed_lines": [1, 2, 4, 5, 8, 10, 13, 46], "summary": {"covered_lines": 8, "num_statements": 8, "percent_covered": 100.0, "percent_covered_display": "100", "missing_lines": 0, "excluded_lines": 0}, "missing_lines": [], "excluded_lines": []}}, "classes": {"": {"executed_lines": [1, 2, 4, 5, 8, 10, 13, 29, 30, 34, 35, 36, 37, 41, 42, 43, 46, 63], "summary": {"covered_lines": 18, "num_statements": 18, "percent_covered": 100.0, "percent_covered_display": "100", "missing_lines": 0, "excluded_lines": 0}, "missing_lines": [], "excluded_lines": []}}}, "app/routers/__init__.py": {"executed_lines": [1, 7, 9, 19, 20, 21, 23, 24, 28], "summary": {"covered_lines": 7, "num_statements": 7, "percent_covered": 100.0, "percent_covered_display": "100", "missing_lines": 0, "excluded_lines": 7}, "missing_lines": [], "excluded_lines": [28, 29, 30, 31, 32, 33, 34], "functions": {"__getattr__": {"executed_lines": [20, 21, 23, 24], "summary": {"covered_lines": 4, "num_statements": 4, "percent_covered": 100.0, "percent_covered_display": "100", "missing_lines": 0, "excluded_lines": 0}, "missing_lines": [], "excluded_lines": []}, "": {"executed_lines": [1, 7, 9, 19, 28], "summary": {"covered_lines": 3, "num_statements": 3, "percent_covered": 100.0, "percent_covered_display": "100", "missing_lines": 0, "excluded_lines": 7}, "missing_lines": [], "excluded_lines": [28, 29, 30, 31, 32, 33, 34]}}, "classes": {"": {"executed_lines": [1, 7, 9, 19, 20, 21, 23, 24, 28], "summary": {"covered_lines": 7, "num_statements": 7, "percent_covered": 100.0, "percent_covered_display": "100", "missing_lines": 0, "excluded_lines": 7}, "missing_lines": [], "excluded_lines": [28, 29, 30, 31, 32, 33, 34]}}}, "app/routers/api_key.py": {"executed_lines": [1, 4], "summary": {"covered_lines": 2, "num_statements": 2, "percent_covered": 100.0, "percent_covered_display": "100", "missing_lines": 0, "excluded_lines": 0}, "missing_lines": [], "excluded_lines": [], "functions": {"": {"executed_lines": [1, 4], "summary": {"covered_lines": 2, "num_statements": 2, "percent_covered": 100.0, "percent_covered_display": "100", "missing_lines": 0, "excluded_lines": 0}, "missing_lines": [], "excluded_lines": []}}, "classes": {"": {"executed_lines": [1, 4], "summary": {"covered_lines": 2, "num_statements": 2, "percent_covered": 100.0, "percent_covered_display": "100", "missing_lines": 0, "excluded_lines": 0}, "missing_lines": [], "excluded_lines": []}}}, "app/routers/bmi_pro.py": {"executed_lines": [1, 3, 5, 6, 9, 12, 16, 17, 20, 22, 25, 26, 27, 28, 29, 30, 31, 32, 33, 36, 37, 38, 39, 40, 41, 42, 45, 46, 47, 49, 50, 51, 52, 57, 58, 59, 60, 68], "summary": {"covered_lines": 38, "num_statements": 38, "percent_covered": 100.0, "percent_covered_display": "100", "missing_lines": 0, "excluded_lines": 0}, "missing_lines": [], "excluded_lines": [], "functions": {"calc_bmi": {"executed_lines": [17], "summary": {"covered_lines": 1, "num_statements": 1, "percent_covered": 100.0, "percent_covered_display": "100", "missing_lines": 0, "excluded_lines": 0}, "missing_lines": [], "excluded_lines": []}, "bmi_pro": {"executed_lines": [47, 49, 50, 51, 52, 57, 58, 59, 60, 68], "summary": {"covered_lines": 10, "num_statements": 10, "percent_covered": 100.0, "percent_covered_display": "100", "missing_lines": 0, "excluded_lines": 0}, "missing_lines": [], "excluded_lines": []}, "": {"executed_lines": [1, 3, 5, 6, 9, 12, 16, 20, 22, 25, 26, 27, 28, 29, 30, 31, 32, 33, 36, 37, 38, 39, 40, 41, 42, 45, 46], "summary": {"covered_lines": 27, "num_statements": 27, "percent_covered": 100.0, "percent_covered_display": "100", "missing_lines": 0, "excluded_lines": 0}, "missing_lines": [], "excluded_lines": []}}, "classes": {"BMIProRequest": {"executed_lines": [], "summary": {"covered_lines": 0, "num_statements": 0, "percent_covered": 100.0, "percent_covered_display": "100", "missing_lines": 0, "excluded_lines": 0}, "missing_lines": [], "excluded_lines": []}, "BMIProResponse": {"executed_lines": [], "summary": {"covered_lines": 0, "num_statements": 0, "percent_covered": 100.0, "percent_covered_display": "100", "missing_lines": 0, "excluded_lines": 0}, "missing_lines": [], "excluded_lines": []}, "": {"executed_lines": [1, 3, 5, 6, 9, 12, 16, 17, 20, 22, 25, 26, 27, 28, 29, 30, 31, 32, 33, 36, 37, 38, 39, 40, 41, 42, 45, 46, 47, 49, 50, 51, 52, 57, 58, 59, 60, 68], "summary": {"covered_lines": 38, "num_statements": 38, "percent_covered": 100.0, "percent_covered_display": "100", "missing_lines": 0, "excluded_lines": 0}, "missing_lines": [], "excluded_lines": []}}}, "app/routers/foods.py": {"executed_lines": [2, 4, 6, 7, 9, 12, 13, 14, 15, 16, 17, 31, 32, 33, 36, 37, 38, 39, 40, 41], "summary": {"covered_lines": 20, "num_statements": 20, "percent_covered": 100.0, "percent_covered_display": "100", "missing_lines": 0, "excluded_lines": 0}, "missing_lines": [], "excluded_lines": [], "functions": {"list_foods": {"executed_lines": [14, 15, 16, 17], "summary": {"covered_lines": 4, "num_statements": 4, "percent_covered": 100.0, "percent_covered_display": "100", "missing_lines": 0, "excluded_lines": 0}, "missing_lines": [], "excluded_lines": []}, "list_foods_search": {"executed_lines": [33], "summary": {"covered_lines": 1, "num_statements": 1, "percent_covered": 100.0, "percent_covered_display": "100", "missing_lines": 0, "excluded_lines": 0}, "missing_lines": [], "excluded_lines": []}, "get_food": {"executed_lines": [38, 39, 40, 41], "summary": {"covered_lines": 4, "num_statements": 4, "percent_covered": 100.0, "percent_covered_display": "100", "missing_lines": 0, "excluded_lines": 0}, "missing_lines": [], "excluded_lines": []}, "": {"executed_lines": [2, 4, 6, 7, 9, 12, 13, 31, 32, 36, 37], "summary": {"covered_lines": 11, "num_statements": 11, "percent_covered": 100.0, "percent_covered_display": "100", "missing_lines": 0, "excluded_lines": 0}, "missing_lines": [], "excluded_lines": []}}, "classes": {"": {"executed_lines": [2, 4, 6, 7, 9, 12, 13, 14, 15, 16, 17, 31, 32, 33, 36, 37, 38, 39, 40, 41], "summary": {"covered_lines": 20, "num_statements": 20, "percent_covered": 100.0, "percent_covered_display": "100", "missing_lines": 0, "excluded_lines": 0}, "missing_lines": [], "excluded_lines": []}}}, "app/routers/plan_export.py": {"executed_lines": [1, 3, 5, 6, 7, 8, 9, 10, 11, 12, 13, 15, 16, 17, 18, 19, 20, 21, 22, 23, 24, 25, 27, 28, 31, 33, 35, 36, 39, 40, 41, 42, 43, 44, 45, 46, 47, 48, 53, 56, 57, 58, 61, 62, 63, 66, 67, 70, 71, 72, 73, 74, 79, 80, 81, 82, 83, 84, 85, 88, 89, 90, 91, 92, 93, 94, 97, 118, 119, 121, 123, 124, 127, 128, 130, 132, 133, 136, 138, 141, 142, 143, 144, 145, 148, 149, 150, 151, 152, 156, 158, 162, 167, 175, 187, 188, 190, 191, 192, 193, 196, 197, 199, 200, 201, 204, 205, 208, 210, 211, 212, 214, 215, 216, 217, 218, 219, 220, 222, 223, 224, 225, 226, 229, 230, 231, 232, 233, 234, 237, 238, 239, 240, 241, 242, 243, 244, 245, 248, 253, 302, 303, 304, 305, 306, 307, 308, 309, 310, 325, 326, 327, 328, 329, 330, 331, 332, 333, 336, 337, 340, 341, 342, 343, 344, 345, 346, 347, 360, 361, 362, 363, 365, 366, 373, 374, 375, 376, 377, 378, 381, 383, 386, 387, 388, 389, 390, 392, 393, 394, 395, 406, 407, 419, 420, 432, 433, 434, 437, 438, 443, 444, 445, 447, 448, 457, 458, 459, 460, 461, 463, 464, 471, 472, 480, 481, 482, 484, 485, 486, 487, 488, 494, 496, 497, 509, 523, 524, 526, 527, 528, 529, 530, 532, 533, 534, 540, 546, 547, 554, 555, 556, 557, 558, 559, 560, 561, 562, 563, 564, 565, 568], "summary": {"covered_lines": 237, "num_statements": 237, "percent_covered": 100.0, "percent_covered_display": "100", "missing_lines": 0, "excluded_lines": 18}, "missing_lines": [], "excluded_lines": [75, 76, 153, 154, 210, 211, 212, 214, 215, 216, 217, 218, 219, 220, 232, 233, 334, 335], "functions": {"_current_timestamp": {"executed_lines": [67], "summary": {"covered_lines": 1, "num_statements": 1, "percent_covered": 100.0, "percent_covered_display": "100", "missing_lines": 0, "excluded_lines": 0}, "missing_lines": [], "excluded_lines": []}, "_safe_add": {"executed_lines": [71, 72, 73, 74], "summary": {"covered_lines": 4, "num_statements": 4, "percent_covered": 100.0, "percent_covered_display": "100", "missing_lines": 0, "excluded_lines": 2}, "missing_lines": [], "excluded_lines": [75, 76]}, "sum_day_macros": {"executed_lines": [80, 81, 82, 83, 84, 85], "summary": {"covered_lines": 6, "num_statements": 6, "percent_covered": 100.0, "percent_covered_display": "100", "missing_lines": 0, "excluded_lines": 0}, "missing_lines": [], "excluded_lines": []}, "sum_week_macros": {"executed_lines": [89, 90, 91, 92, 93, 94], "summary": {"covered_lines": 6, "num_statements": 6, "percent_covered": 100.0, "percent_covered_display": "100", "missing_lines": 0, "excluded_lines": 0}, "missing_lines": [], "excluded_lines": []}, "_slogan": {"executed_lines": [118, 119, 121, 123, 124], "summary": {"covered_lines": 5, "num_statements": 5, "percent_covered": 100.0, "percent_covered_display": "100", "missing_lines": 0, "excluded_lines": 0}, "missing_lines": [], "excluded_lines": []}, "NormalizedParagraph.getPlainText": {"executed_lines": [132, 133], "summary": {"covered_lines": 2, "num_statements": 2, "percent_covered": 100.0, "percent_covered_display": "100", "missing_lines": 0, "excluded_lines": 0}, "missing_lines": [], "excluded_lines": []}, "_normalized_paragraph": {"executed_lines": [138], "summary": {"covered_lines": 1, "num_statements": 1, "percent_covered": 100.0, "percent_covered_display": "100", "missing_lines": 0, "excluded_lines": 0}, "missing_lines": [], "excluded_lines": []}, "_find_logo_path": {"executed_lines": [142, 143, 144, 145], "summary": {"covered_lines": 4, "num_statements": 4, "percent_covered": 100.0, "percent_covered_display": "100", "missing_lines": 0, "excluded_lines": 0}, "missing_lines": [], "excluded_lines": []}, "_branded_header": {"executed_lines": [149, 150, 151, 152, 156, 158, 162, 167, 175, 187, 188, 190, 191, 192, 193], "summary": {"covered_lines": 15, "num_statements": 15, "percent_covered": 100.0, "percent_covered_display": "100", "missing_lines": 0, "excluded_lines": 2}, "missing_lines": [], "excluded_lines": [153, 154]}, "PageNumCanvas.__init__": {"executed_lines": [200, 201, 204, 205, 208], "summary": {"covered_lines": 5, "num_statements": 5, "percent_covered": 100.0, "percent_covered_display": "100", "missing_lines": 0, "excluded_lines": 0}, "missing_lines": [], "excluded_lines": []}, "PageNumCanvas.showPage": {"executed_lines": [211, 212], "summary": {"covered_lines": 0, "num_statements": 0, "percent_covered": 100.0, "percent_covered_display": "100", "missing_lines": 0, "excluded_lines": 2}, "missing_lines": [], "excluded_lines": [211, 212]}, "PageNumCanvas.save": {"executed_lines": [215, 216, 217, 218, 219, 220], "summary": {"covered_lines": 0, "num_statements": 0, "percent_covered": 100.0, "percent_covered_display": "100", "missing_lines": 0, "excluded_lines": 6}, "missing_lines": [], "excluded_lines": [215, 216, 217, 218, 219, 220]}, "PageNumCanvas.draw_page_number": {"executed_lines": [223, 224, 225, 226], "summary": {"covered_lines": 4, "num_statements": 4, "percent_covered": 100.0, "percent_covered_display": "100", "missing_lines": 0, "excluded_lines": 0}, "missing_lines": [], "excluded_lines": []}, "_week_start": {"executed_lines": [230, 231, 232, 233, 234], "summary": {"covered_lines": 3, "num_statements": 3, "percent_covered": 100.0, "percent_covered_display": "100", "missing_lines": 0, "excluded_lines": 2}, "missing_lines": [], "excluded_lines": [232, 233]}, "_draw_footer": {"executed_lines": [238, 239, 240, 241, 242, 243, 244, 245], "summary": {"covered_lines": 8, "num_statements": 8, "percent_covered": 100.0, "percent_covered_display": "100", "missing_lines": 0, "excluded_lines": 0}, "missing_lines": [], "excluded_lines": []}, "_get_week_plan": {"executed_lines": [253], "summary": {"covered_lines": 1, "num_statements": 1, "percent_covered": 100.0, "percent_covered_display": "100", "missing_lines": 0, "excluded_lines": 0}, "missing_lines": [], "excluded_lines": []}, "_iter_rows": {"executed_lines": [303, 304, 305, 306, 307, 308, 309, 310], "summary": {"covered_lines": 8, "num_statements": 8, "percent_covered": 100.0, "percent_covered_display": "100", "missing_lines": 0, "excluded_lines": 0}, "missing_lines": [], "excluded_lines": []}, "_require_valid_token": {"executed_lines": [326, 327, 328, 329, 330, 331, 332, 333, 336, 337], "summary": {"covered_lines": 10, "num_statements": 10, "percent_covered": 100.0, "percent_covered_display": "100", "missing_lines": 0, "excluded_lines": 2}, "missing_lines": [], "excluded_lines": [334, 335]}, "export_week_csv": {"executed_lines": [342, 343, 344, 345, 346, 347, 360, 361, 362, 363, 365, 366], "summary": {"covered_lines": 12, "num_statements": 12, "percent_covered": 100.0, "percent_covered_display": "100", "missing_lines": 0, "excluded_lines": 0}, "missing_lines": [], "excluded_lines": []}, "_register_font": {"executed_lines": [374, 375, 376, 377, 378, 381, 383], "summary": {"covered_lines": 7, "num_statements": 7, "percent_covered": 100.0, "percent_covered_display": "100", "missing_lines": 0, "excluded_lines": 0}, "missing_lines": [], "excluded_lines": []}, "_build_day_story": {"executed_lines": [387, 388, 389, 390, 392, 393, 394, 395, 406, 407, 419, 420, 432, 433, 434], "summary": {"covered_lines": 15, "num_statements": 15, "percent_covered": 100.0, "percent_covered_display": "100", "missing_lines": 0, "excluded_lines": 0}, "missing_lines": [], "excluded_lines": []}, "export_week_pdf": {"executed_lines": [443, 444, 445, 447, 448, 457, 458, 459, 460, 461, 463, 464, 471, 472, 480, 481, 482, 484, 485, 486, 487, 488, 494, 496, 497, 509, 523, 524, 526, 527, 528, 529, 530, 532, 533, 534, 540, 546, 547], "summary": {"covered_lines": 39, "num_statements": 39, "percent_covered": 100.0, "percent_covered_display": "100", "missing_lines": 0, "excluded_lines": 0}, "missing_lines": [], "excluded_lines": []}, "sign_export_link": {"executed_lines": [556, 557, 558, 559, 560, 561, 562, 563, 564, 565], "summary": {"covered_lines": 10, "num_statements": 10, "percent_covered": 100.0, "percent_covered_display": "100", "missing_lines": 0, "excluded_lines": 0}, "missing_lines": [], "excluded_lines": []}, "": {"executed_lines": [1, 3, 5, 6, 7, 8, 9, 10, 11, 12, 13, 15, 16, 17, 18, 19, 20, 21, 22, 23, 24, 25, 27, 28, 31, 33, 35, 36, 39, 40, 41, 42, 43, 44, 45, 46, 47, 48, 53, 56, 57, 58, 61, 62, 63, 66, 70, 79, 88, 97, 127, 128, 130, 136, 141, 148, 196, 197, 199, 210, 214, 222, 229, 237, 248, 302, 325, 340, 341, 373, 386, 437, 438, 554, 555, 568], "summary": {"covered_lines": 71, "num_statements": 71, "percent_covered": 100.0, "percent_covered_display": "100", "missing_lines": 0, "excluded_lines": 2}, "missing_lines": [], "excluded_lines": [210, 214]}}, "classes": {"SignRequest": {"executed_lines": [], "summary": {"covered_lines": 0, "num_statements": 0, "percent_covered": 100.0, "percent_covered_display": "100", "missing_lines": 0, "excluded_lines": 0}, "missing_lines": [], "excluded_lines": []}, "NormalizedParagraph": {"executed_lines": [132, 133], "summary": {"covered_lines": 2, "num_statements": 2, "percent_covered": 100.0, "percent_covered_display": "100", "missing_lines": 0, "excluded_lines": 0}, "missing_lines": [], "excluded_lines": []}, "PageNumCanvas": {"executed_lines": [200, 201, 204, 205, 208, 211, 212, 215, 216, 217, 218, 219, 220, 223, 224, 225, 226], "summary": {"covered_lines": 9, "num_statements": 9, "percent_covered": 100.0, "percent_covered_display": "100", "missing_lines": 0, "excluded_lines": 8}, "missing_lines": [], "excluded_lines": [211, 212, 215, 216, 217, 218, 219, 220]}, "": {"executed_lines": [1, 3, 5, 6, 7, 8, 9, 10, 11, 12, 13, 15, 16, 17, 18, 19, 20, 21, 22, 23, 24, 25, 27, 28, 31, 33, 35, 36, 39, 40, 41, 42, 43, 44, 45, 46, 47, 48, 53, 56, 57, 58, 61, 62, 63, 66, 67, 70, 71, 72, 73, 74, 79, 80, 81, 82, 83, 84, 85, 88, 89, 90, 91, 92, 93, 94, 97, 118, 119, 121, 123, 124, 127, 128, 130, 136, 138, 141, 142, 143, 144, 145, 148, 149, 150, 151, 152, 156, 158, 162, 167, 175, 187, 188, 190, 191, 192, 193, 196, 197, 199, 210, 214, 222, 229, 230, 231, 232, 233, 234, 237, 238, 239, 240, 241, 242, 243, 244, 245, 248, 253, 302, 303, 304, 305, 306, 307, 308, 309, 310, 325, 326, 327, 328, 329, 330, 331, 332, 333, 336, 337, 340, 341, 342, 343, 344, 345, 346, 347, 360, 361, 362, 363, 365, 366, 373, 374, 375, 376, 377, 378, 381, 383, 386, 387, 388, 389, 390, 392, 393, 394, 395, 406, 407, 419, 420, 432, 433, 434, 437, 438, 443, 444, 445, 447, 448, 457, 458, 459, 460, 461, 463, 464, 471, 472, 480, 481, 482, 484, 485, 486, 487, 488, 494, 496, 497, 509, 523, 524, 526, 527, 528, 529, 530, 532, 533, 534, 540, 546, 547, 554, 555, 556, 557, 558, 559, 560, 561, 562, 563, 564, 565, 568], "summary": {"covered_lines": 226, "num_statements": 226, "percent_covered": 100.0, "percent_covered_display": "100", "missing_lines": 0, "excluded_lines": 10}, "missing_lines": [], "excluded_lines": [75, 76, 153, 154, 210, 214, 232, 233, 334, 335]}}}, "app/routers/premium_week.py": {"executed_lines": [1, 8, 9, 11, 12, 14, 15, 16, 17, 18, 19, 21, 24, 25, 26, 27, 28, 29, 31, 32, 33, 35, 37, 41, 42, 43, 45, 46, 47, 49, 51, 55, 57, 60, 62, 64, 65, 66, 67, 68, 71, 72, 73, 76, 77, 78, 79, 80, 81, 84, 94, 104, 107, 126, 127, 129, 130, 133, 134, 137, 138, 141, 142, 144, 152, 153, 156, 157], "summary": {"covered_lines": 67, "num_statements": 70, "percent_covered": 95.71428571428571, "percent_covered_display": "96", "missing_lines": 3, "excluded_lines": 0}, "missing_lines": [38, 52, 56], "excluded_lines": [], "functions": {"TargetsIn._validate_macros": {"executed_lines": [35, 37, 41, 42, 43], "summary": {"covered_lines": 5, "num_statements": 6, "percent_covered": 83.33333333333333, "percent_covered_display": "83", "missing_lines": 1, "excluded_lines": 0}, "missing_lines": [38], "excluded_lines": []}, "TargetsIn._validate_micro": {"executed_lines": [49, 51, 55, 57], "summary": {"covered_lines": 4, "num_statements": 6, "percent_covered": 66.66666666666667, "percent_covered_display": "67", "missing_lines": 2, "excluded_lines": 0}, "missing_lines": [52, 56], "excluded_lines": []}, "estimate_targets_minimal": {"executed_lines": [94, 104, 107], "summary": {"covered_lines": 3, "num_statements": 3, "percent_covered": 100.0, "percent_covered_display": "100", "missing_lines": 0, "excluded_lines": 0}, "missing_lines": [], "excluded_lines": []}, "generate_week_plan": {"executed_lines": [129, 130, 133, 134, 137, 138, 141, 142, 144, 152, 153, 156, 157], "summary": {"covered_lines": 13, "num_statements": 13, "percent_covered": 100.0, "percent_covered_display": "100", "missing_lines": 0, "excluded_lines": 0}, "missing_lines": [], "excluded_lines": []}, "": {"executed_lines": [1, 8, 9, 11, 12, 14, 15, 16, 17, 18, 19, 21, 24, 25, 26, 27, 28, 29, 31, 32, 33, 45, 46, 47, 60, 62, 64, 65, 66, 67, 68, 71, 72, 73, 76, 77, 78, 79, 80, 81, 84, 126, 127], "summary": {"covered_lines": 42, "num_statements": 42, "percent_covered": 100.0, "percent_covered_display": "100", "missing_lines": 0, "excluded_lines": 0}, "missing_lines": [], "excluded_lines": []}}, "classes": {"TargetsIn": {"executed_lines": [35, 37, 41, 42, 43, 49, 51, 55, 57], "summary": {"covered_lines": 9, "num_statements": 12, "percent_covered": 75.0, "percent_covered_display": "75", "missing_lines": 3, "excluded_lines": 0}, "missing_lines": [38, 52, 56], "excluded_lines": []}, "WeekPlanRequest": {"executed_lines": [], "summary": {"covered_lines": 0, "num_statements": 0, "percent_covered": 100.0, "percent_covered_display": "100", "missing_lines": 0, "excluded_lines": 0}, "missing_lines": [], "excluded_lines": []}, "WeekPlanResponse": {"executed_lines": [], "summary": {"covered_lines": 0, "num_statements": 0, "percent_covered": 100.0, "percent_covered_display": "100", "missing_lines": 0, "excluded_lines": 0}, "missing_lines": [], "excluded_lines": []}, "": {"executed_lines": [1, 8, 9, 11, 12, 14, 15, 16, 17, 18, 19, 21, 24, 25, 26, 27, 28, 29, 31, 32, 33, 45, 46, 47, 60, 62, 64, 65, 66, 67, 68, 71, 72, 73, 76, 77, 78, 79, 80, 81, 84, 94, 104, 107, 126, 127, 129, 130, 133, 134, 137, 138, 141, 142, 144, 152, 153, 156, 157], "summary": {"covered_lines": 58, "num_statements": 58, "percent_covered": 100.0, "percent_covered_display": "100", "missing_lines": 0, "excluded_lines": 0}, "missing_lines": [], "excluded_lines": []}}}, "app/routers/recipes.py": {"executed_lines": [2, 3, 5, 7, 8, 9, 11, 14, 15, 16, 17, 18, 19, 20, 21, 22, 30, 34, 35, 36, 39, 40, 41, 42, 43, 44, 62, 63, 64, 65, 66, 67, 68, 69], "summary": {"covered_lines": 34, "num_statements": 34, "percent_covered": 100.0, "percent_covered_display": "100", "missing_lines": 0, "excluded_lines": 0}, "missing_lines": [], "excluded_lines": [], "functions": {"list_recipes": {"executed_lines": [16, 17, 18, 19, 20, 21, 22, 30], "summary": {"covered_lines": 8, "num_statements": 8, "percent_covered": 100.0, "percent_covered_display": "100", "missing_lines": 0, "excluded_lines": 0}, "missing_lines": [], "excluded_lines": []}, "list_recipes_search": {"executed_lines": [36], "summary": {"covered_lines": 1, "num_statements": 1, "percent_covered": 100.0, "percent_covered_display": "100", "missing_lines": 0, "excluded_lines": 0}, "missing_lines": [], "excluded_lines": []}, "get_recipe": {"executed_lines": [41, 42, 43, 44], "summary": {"covered_lines": 4, "num_statements": 4, "percent_covered": 100.0, "percent_covered_display": "100", "missing_lines": 0, "excluded_lines": 0}, "missing_lines": [], "excluded_lines": []}, "recipe_preview": {"executed_lines": [64, 65, 66, 67, 68, 69], "summary": {"covered_lines": 6, "num_statements": 6, "percent_covered": 100.0, "percent_covered_display": "100", "missing_lines": 0, "excluded_lines": 0}, "missing_lines": [], "excluded_lines": []}, "": {"executed_lines": [2, 3, 5, 7, 8, 9, 11, 14, 15, 34, 35, 39, 40, 62, 63], "summary": {"covered_lines": 15, "num_statements": 15, "percent_covered": 100.0, "percent_covered_display": "100", "missing_lines": 0, "excluded_lines": 0}, "missing_lines": [], "excluded_lines": []}}, "classes": {"": {"executed_lines": [2, 3, 5, 7, 8, 9, 11, 14, 15, 16, 17, 18, 19, 20, 21, 22, 30, 34, 35, 36, 39, 40, 41, 42, 43, 44, 62, 63, 64, 65, 66, 67, 68, 69], "summary": {"covered_lines": 34, "num_statements": 34, "percent_covered": 100.0, "percent_covered_display": "100", "missing_lines": 0, "excluded_lines": 0}, "missing_lines": [], "excluded_lines": []}}}, "app/routers/shoplist_export.py": {"executed_lines": [1, 8, 10, 11, 12, 13, 14, 15, 17, 18, 19, 20, 21, 23, 25, 27, 28, 29, 32, 35, 38, 45, 96, 98, 107, 110, 111, 112, 113, 114, 115, 116, 117, 118, 128, 131, 134, 135, 144, 147, 148, 149, 150, 151, 152, 153, 154, 156, 157, 160, 163, 164, 165, 167, 169, 170, 171, 172, 174, 175, 176, 177, 178, 179, 180, 181, 182, 183, 185, 186, 187, 188, 189, 190, 196, 197, 198, 200, 201, 202, 204, 205, 206, 207, 208, 209, 210, 212, 213, 214, 215, 216, 217, 219, 220, 225, 227, 230, 231, 234, 237, 238, 241, 242, 244, 245, 246, 247, 249, 250, 251, 258, 259, 262, 263, 264, 265, 272], "summary": {"covered_lines": 117, "num_statements": 117, "percent_covered": 100.0, "percent_covered_display": "100", "missing_lines": 0, "excluded_lines": 0}, "missing_lines": [], "excluded_lines": [], "functions": {"_export_timestamp": {"executed_lines": [35], "summary": {"covered_lines": 1, "num_statements": 1, "percent_covered": 100.0, "percent_covered_display": "100", "missing_lines": 0, "excluded_lines": 0}, "missing_lines": [], "excluded_lines": []}, "_demo_shoplist": {"executed_lines": [45, 96, 98], "summary": {"covered_lines": 3, "num_statements": 3, "percent_covered": 100.0, "percent_covered_display": "100", "missing_lines": 0, "excluded_lines": 0}, "missing_lines": [], "excluded_lines": []}, "_flatten_shop_items": {"executed_lines": [110, 111, 112, 113, 114, 115, 116, 117, 118, 128], "summary": {"covered_lines": 10, "num_statements": 10, "percent_covered": 100.0, "percent_covered_display": "100", "missing_lines": 0, "excluded_lines": 0}, "missing_lines": [], "excluded_lines": []}, "_iter_flat_rows": {"executed_lines": [134, 135], "summary": {"covered_lines": 2, "num_statements": 2, "percent_covered": 100.0, "percent_covered_display": "100", "missing_lines": 0, "excluded_lines": 0}, "missing_lines": [], "excluded_lines": []}, "_register_font_if_available": {"executed_lines": [147, 148, 149, 150, 151, 152, 153, 154, 156, 157], "summary": {"covered_lines": 10, "num_statements": 10, "percent_covered": 100.0, "percent_covered_display": "100", "missing_lines": 0, "excluded_lines": 0}, "missing_lines": [], "excluded_lines": []}, "_render_pdf": {"executed_lines": [163, 164, 165, 167, 169, 170, 171, 172, 174, 185, 186, 187, 188, 189, 190, 196, 197, 198, 200, 201, 202, 204, 205, 206, 207, 208, 209, 210, 212, 213, 214, 215, 216, 217, 219, 220, 225, 227], "summary": {"covered_lines": 38, "num_statements": 38, "percent_covered": 100.0, "percent_covered_display": "100", "missing_lines": 0, "excluded_lines": 0}, "missing_lines": [], "excluded_lines": []}, "_render_pdf.draw_table_head": {"executed_lines": [175, 176, 177, 178, 179, 180, 181, 182, 183], "summary": {"covered_lines": 9, "num_statements": 9, "percent_covered": 100.0, "percent_covered_display": "100", "missing_lines": 0, "excluded_lines": 0}, "missing_lines": [], "excluded_lines": []}, "get_shoplist": {"executed_lines": [234], "summary": {"covered_lines": 1, "num_statements": 1, "percent_covered": 100.0, "percent_covered_display": "100", "missing_lines": 0, "excluded_lines": 0}, "missing_lines": [], "excluded_lines": []}, "export_shoplist_csv": {"executed_lines": [241, 242, 244, 245, 246, 247, 249, 250, 251], "summary": {"covered_lines": 9, "num_statements": 9, "percent_covered": 100.0, "percent_covered_display": "100", "missing_lines": 0, "excluded_lines": 0}, "missing_lines": [], "excluded_lines": []}, "export_shoplist_pdf": {"executed_lines": [262, 263, 264, 265], "summary": {"covered_lines": 4, "num_statements": 4, "percent_covered": 100.0, "percent_covered_display": "100", "missing_lines": 0, "excluded_lines": 0}, "missing_lines": [], "excluded_lines": []}, "": {"executed_lines": [1, 8, 10, 11, 12, 13, 14, 15, 17, 18, 19, 20, 21, 23, 25, 27, 28, 29, 32, 38, 107, 131, 144, 160, 230, 231, 237, 238, 258, 259, 272], "summary": {"covered_lines": 30, "num_statements": 30, "percent_covered": 100.0, "percent_covered_display": "100", "missing_lines": 0, "excluded_lines": 0}, "missing_lines": [], "excluded_lines": []}}, "classes": {"": {"executed_lines": [1, 8, 10, 11, 12, 13, 14, 15, 17, 18, 19, 20, 21, 23, 25, 27, 28, 29, 32, 35, 38, 45, 96, 98, 107, 110, 111, 112, 113, 114, 115, 116, 117, 118, 128, 131, 134, 135, 144, 147, 148, 149, 150, 151, 152, 153, 154, 156, 157, 160, 163, 164, 165, 167, 169, 170, 171, 172, 174, 175, 176, 177, 178, 179, 180, 181, 182, 183, 185, 186, 187, 188, 189, 190, 196, 197, 198, 200, 201, 202, 204, 205, 206, 207, 208, 209, 210, 212, 213, 214, 215, 216, 217, 219, 220, 225, 227, 230, 231, 234, 237, 238, 241, 242, 244, 245, 246, 247, 249, 250, 251, 258, 259, 262, 263, 264, 265, 272], "summary": {"covered_lines": 117, "num_statements": 117, "percent_covered": 100.0, "percent_covered_display": "100", "missing_lines": 0, "excluded_lines": 0}, "missing_lines": [], "excluded_lines": []}}}, "app/routers/test.py": {"executed_lines": [1, 8, 9, 11, 12, 14, 17, 18, 20, 21, 22, 23, 26, 27, 37, 40, 41, 44, 46, 51, 52, 59, 60, 62, 70, 71, 83, 84, 86], "summary": {"covered_lines": 27, "num_statements": 27, "percent_covered": 100.0, "percent_covered_display": "100", "missing_lines": 0, "excluded_lines": 0}, "missing_lines": [], "excluded_lines": [], "functions": {"test_rate_limit": {"executed_lines": [37, 40, 41, 44, 46], "summary": {"covered_lines": 5, "num_statements": 5, "percent_covered": 100.0, "percent_covered_display": "100", "missing_lines": 0, "excluded_lines": 0}, "missing_lines": [], "excluded_lines": []}, "test_health": {"executed_lines": [59, 60, 62], "summary": {"covered_lines": 3, "num_statements": 3, "percent_covered": 100.0, "percent_covered_display": "100", "missing_lines": 0, "excluded_lines": 0}, "missing_lines": [], "excluded_lines": []}, "test_echo": {"executed_lines": [83, 84, 86], "summary": {"covered_lines": 3, "num_statements": 3, "percent_covered": 100.0, "percent_covered_display": "100", "missing_lines": 0, "excluded_lines": 0}, "missing_lines": [], "excluded_lines": []}, "": {"executed_lines": [1, 8, 9, 11, 12, 14, 17, 18, 20, 21, 22, 23, 26, 27, 51, 52, 70, 71], "summary": {"covered_lines": 16, "num_statements": 16, "percent_covered": 100.0, "percent_covered_display": "100", "missing_lines": 0, "excluded_lines": 0}, "missing_lines": [], "excluded_lines": []}}, "classes": {"TestResponse": {"executed_lines": [], "summary": {"covered_lines": 0, "num_statements": 0, "percent_covered": 100.0, "percent_covered_display": "100", "missing_lines": 0, "excluded_lines": 0}, "missing_lines": [], "excluded_lines": []}, "": {"executed_lines": [1, 8, 9, 11, 12, 14, 17, 18, 20, 21, 22, 23, 26, 27, 37, 40, 41, 44, 46, 51, 52, 59, 60, 62, 70, 71, 83, 84, 86], "summary": {"covered_lines": 27, "num_statements": 27, "percent_covered": 100.0, "percent_covered_display": "100", "missing_lines": 0, "excluded_lines": 0}, "missing_lines": [], "excluded_lines": []}}}, "app/routers/users.py": {"executed_lines": [1, 3, 5, 7, 8, 9, 11, 12, 13, 15, 18, 19, 22, 23, 24, 26, 27, 28, 29, 30, 31, 34, 35, 45, 46, 47, 50, 51, 57, 58, 59, 60, 61, 64, 65, 68, 69, 70, 71, 72, 73], "summary": {"covered_lines": 40, "num_statements": 40, "percent_covered": 100.0, "percent_covered_display": "100", "missing_lines": 0, "excluded_lines": 0}, "missing_lines": [], "excluded_lines": [], "functions": {"create_user": {"executed_lines": [22, 23, 24, 26, 27, 28, 29, 30, 31], "summary": {"covered_lines": 9, "num_statements": 9, "percent_covered": 100.0, "percent_covered_display": "100", "missing_lines": 0, "excluded_lines": 0}, "missing_lines": [], "excluded_lines": []}, "list_users": {"executed_lines": [45, 46, 47], "summary": {"covered_lines": 3, "num_statements": 3, "percent_covered": 100.0, "percent_covered_display": "100", "missing_lines": 0, "excluded_lines": 0}, "missing_lines": [], "excluded_lines": []}, "get_user": {"executed_lines": [57, 58, 59, 60, 61], "summary": {"covered_lines": 5, "num_statements": 5, "percent_covered": 100.0, "percent_covered_display": "100", "missing_lines": 0, "excluded_lines": 0}, "missing_lines": [], "excluded_lines": []}, "delete_user": {"executed_lines": [68, 69, 70, 71, 72, 73], "summary": {"covered_lines": 6, "num_statements": 6, "percent_covered": 100.0, "percent_covered_display": "100", "missing_lines": 0, "excluded_lines": 0}, "missing_lines": [], "excluded_lines": []}, "": {"executed_lines": [1, 3, 5, 7, 8, 9, 11, 12, 13, 15, 18, 19, 34, 35, 50, 51, 64, 65], "summary": {"covered_lines": 17, "num_statements": 17, "percent_covered": 100.0, "percent_covered_display": "100", "missing_lines": 0, "excluded_lines": 0}, "missing_lines": [], "excluded_lines": []}}, "classes": {"": {"executed_lines": [1, 3, 5, 7, 8, 9, 11, 12, 13, 15, 18, 19, 22, 23, 24, 26, 27, 28, 29, 30, 31, 34, 35, 45, 46, 47, 50, 51, 57, 58, 59, 60, 61, 64, 65, 68, 69, 70, 71, 72, 73], "summary": {"covered_lines": 40, "num_statements": 40, "percent_covered": 100.0, "percent_covered_display": "100", "missing_lines": 0, "exc
[...]
play": "100", "missing_lines": 0, "excluded_lines": 0}, "missing_lines": [], "excluded_lines": []}, "": {"executed_lines": [1, 7, 8, 9, 10, 11, 13, 25, 26, 28, 31, 42, 55, 62, 74, 82, 122, 162, 183, 194, 281, 326, 355, 361, 367, 373], "summary": {"covered_lines": 24, "num_statements": 24, "percent_covered": 100.0, "percent_covered_display": "100", "missing_lines": 0, "excluded_lines": 0}, "missing_lines": [], "excluded_lines": []}}, "classes": {"BayesianPytestPlugin": {"executed_lines": [56, 57, 58, 60, 64, 65, 68, 71, 72, 76, 79, 80, 84, 85, 87, 88, 89, 90, 93, 94, 95, 96, 97, 98, 99, 102, 103, 104, 106, 107, 108, 111, 128, 129, 130, 131, 134, 135, 137, 138, 141, 142, 143, 146, 147, 148, 149, 150, 151, 152, 153, 154, 155, 156, 157, 158, 159, 160, 164, 167, 172, 173, 176, 179, 181, 185, 186, 187, 189, 190, 191, 192, 208, 209, 211, 212, 213, 215, 217, 219, 220, 222, 226, 235, 250, 263, 270, 277, 278, 279, 287, 288, 290, 291, 294, 295, 296, 297, 298, 299, 300, 301, 302, 303, 304, 305, 306, 308, 309, 312, 313, 315, 316, 317, 320, 321, 322, 324, 332, 333, 334, 335, 336, 337, 338, 339, 340, 341, 342, 343, 344, 345, 346, 347, 348, 349, 350, 351, 352], "summary": {"covered_lines": 138, "num_statements": 138, "percent_covered": 100.0, "percent_covered_display": "100", "missing_lines": 0, "excluded_lines": 0}, "missing_lines": [], "excluded_lines": []}, "BayesianPytestPlugin._detect_mocks_ast.MockDetector": {"executed_lines": [223, 224, 228, 229, 230, 231, 232, 233, 237, 238, 239, 240, 241, 252, 253, 254, 255, 256, 257, 258, 260, 265, 266, 267, 268, 272, 275], "summary": {"covered_lines": 27, "num_statements": 36, "percent_covered": 75.0, "percent_covered_display": "75", "missing_lines": 9, "excluded_lines": 0}, "missing_lines": [243, 244, 245, 246, 247, 248, 261, 273, 274], "excluded_lines": []}, "": {"executed_lines": [1, 7, 8, 9, 10, 11, 13, 25, 26, 28, 31, 42, 55, 62, 74, 82, 122, 162, 183, 194, 281, 326, 355, 357, 358, 361, 363, 364, 367, 369, 370, 373, 375, 376], "summary": {"covered_lines": 32, "num_statements": 32, "percent_covered": 100.0, "percent_covered_display": "100", "missing_lines": 0, "excluded_lines": 0}, "missing_lines": [], "excluded_lines": []}}}, "scripts/bayesian_quality_report.py": {"executed_lines": [2, 18, 20, 21, 22, 23, 24, 26, 29, 40, 41, 43, 44, 46, 49, 51, 54, 55, 57, 60, 63, 73, 75, 76, 78, 79, 82, 83, 84, 85, 88, 89, 90, 91, 93, 96, 98, 105, 106, 107, 108, 109, 110, 111, 112, 113, 114, 115, 118], "summary": {"covered_lines": 46, "num_statements": 46, "percent_covered": 100.0, "percent_covered_display": "100", "missing_lines": 0, "excluded_lines": 4}, "missing_lines": [], "excluded_lines": [57, 58, 118, 119], "functions": {"calculate_confidence_from_priors": {"executed_lines": [40, 41, 43, 44, 46, 49, 51, 54, 55, 57, 60], "summary": {"covered_lines": 10, "num_statements": 10, "percent_covered": 100.0, "percent_covered_display": "100", "missing_lines": 0, "excluded_lines": 2}, "missing_lines": [], "excluded_lines": [57, 58]}, "normalize": {"executed_lines": [73, 75, 76, 78, 79], "summary": {"covered_lines": 5, "num_statements": 5, "percent_covered": 100.0, "percent_covered_display": "100", "missing_lines": 0, "excluded_lines": 0}, "missing_lines": [], "excluded_lines": []}, "main": {"executed_lines": [83, 84, 85, 88, 89, 90, 91, 93, 96, 98, 105, 106, 107, 108, 109, 110, 111, 112, 113, 114, 115], "summary": {"covered_lines": 21, "num_statements": 21, "percent_covered": 100.0, "percent_covered_display": "100", "missing_lines": 0, "excluded_lines": 0}, "missing_lines": [], "excluded_lines": []}, "": {"executed_lines": [2, 18, 20, 21, 22, 23, 24, 26, 29, 63, 82, 118], "summary": {"covered_lines": 10, "num_statements": 10, "percent_covered": 100.0, "percent_covered_display": "100", "missing_lines": 0, "excluded_lines": 2}, "missing_lines": [], "excluded_lines": [118, 119]}}, "classes": {"": {"executed_lines": [2, 18, 20, 21, 22, 23, 24, 26, 29, 40, 41, 43, 44, 46, 49, 51, 54, 55, 57, 60, 63, 73, 75, 76, 78, 79, 82, 83, 84, 85, 88, 89, 90, 91, 93, 96, 98, 105, 106, 107, 108, 109, 110, 111, 112, 113, 114, 115, 118], "summary": {"covered_lines": 46, "num_statements": 46, "percent_covered": 100.0, "percent_covered_display": "100", "missing_lines": 0, "excluded_lines": 4}, "missing_lines": [], "excluded_lines": [57, 58, 118, 119]}}}, "scripts/ensure_database_versions.py": {"executed_lines": [2, 8, 10, 11, 12, 13, 15, 32, 43, 44, 45, 46, 47, 48, 49, 50, 53, 64, 65, 67, 69, 70, 71, 73, 74, 76, 77, 78, 81], "summary": {"covered_lines": 27, "num_statements": 27, "percent_covered": 100.0, "percent_covered_display": "100", "missing_lines": 0, "excluded_lines": 2}, "missing_lines": [], "excluded_lines": [81, 82], "functions": {"ensure_versions_file": {"executed_lines": [43, 44, 45, 46, 47, 48, 49, 50], "summary": {"covered_lines": 8, "num_statements": 8, "percent_covered": 100.0, "percent_covered_display": "100", "missing_lines": 0, "excluded_lines": 0}, "missing_lines": [], "excluded_lines": []}, "main": {"executed_lines": [64, 65, 67, 69, 70, 71, 73, 74, 76, 77, 78], "summary": {"covered_lines": 11, "num_statements": 11, "percent_covered": 100.0, "percent_covered_display": "100", "missing_lines": 0, "excluded_lines": 0}, "missing_lines": [], "excluded_lines": []}, "": {"executed_lines": [2, 8, 10, 11, 12, 13, 15, 32, 53, 81], "summary": {"covered_lines": 8, "num_statements": 8, "percent_covered": 100.0, "percent_covered_display": "100", "missing_lines": 0, "excluded_lines": 2}, "missing_lines": [], "excluded_lines": [81, 82]}}, "classes": {"": {"executed_lines": [2, 8, 10, 11, 12, 13, 15, 32, 43, 44, 45, 46, 47, 48, 49, 50, 53, 64, 65, 67, 69, 70, 71, 73, 74, 76, 77, 78, 81], "summary": {"covered_lines": 27, "num_statements": 27, "percent_covered": 100.0, "percent_covered_display": "100", "missing_lines": 0, "excluded_lines": 2}, "missing_lines": [], "excluded_lines": [81, 82]}}}, "scripts/run_tests_bayesian.py": {"executed_lines": [2, 7, 8, 9, 10, 11, 12, 16, 18, 21, 23, 25, 33, 34, 35, 36, 37, 38, 39, 40, 42, 44, 47, 49, 50, 53, 55, 59, 79, 82, 83, 84, 85, 86, 88, 89, 90, 92, 93, 97, 105, 112, 113, 119, 120, 128, 130, 131, 133, 134, 135, 137, 139, 140, 141, 143, 145, 147, 153, 154, 155, 156, 158, 159, 160, 161, 163, 164, 166, 167, 170, 171, 172, 173, 174, 175, 177, 178, 179, 180, 181, 184, 186, 187, 190, 193, 194, 195, 196, 198, 201, 202, 205, 206, 207, 208, 210, 213], "summary": {"covered_lines": 96, "num_statements": 96, "percent_covered": 100.0, "percent_covered_display": "100", "missing_lines": 0, "excluded_lines": 2}, "missing_lines": [], "excluded_lines": [213, 214], "functions": {"clean_cache": {"executed_lines": [23, 25, 33, 34, 35, 36, 37, 38, 39, 40, 42, 44], "summary": {"covered_lines": 12, "num_statements": 12, "percent_covered": 100.0, "percent_covered_display": "100", "missing_lines": 0, "excluded_lines": 0}, "missing_lines": [], "excluded_lines": []}, "run_tests_fast": {"executed_lines": [49, 50, 53, 55, 59, 79, 82, 83, 84, 85, 86, 88, 89, 90, 92, 93, 97, 105, 112, 113, 119, 120], "summary": {"covered_lines": 22, "num_statements": 22, "percent_covered": 100.0, "percent_covered_display": "100", "missing_lines": 0, "excluded_lines": 0}, "missing_lines": [], "excluded_lines": []}, "analyze_failed_tests": {"executed_lines": [130, 131, 133, 134, 135, 137, 139, 140, 141, 143, 145, 147, 153, 154, 155, 156, 158, 159, 160, 161, 163, 164, 166, 167, 170, 171, 172, 173, 174, 175, 177, 178, 179, 180, 181], "summary": {"covered_lines": 35, "num_statements": 35, "percent_covered": 100.0, "percent_covered_display": "100", "missing_lines": 0, "excluded_lines": 0}, "missing_lines": [], "excluded_lines": []}, "main": {"executed_lines": [186, 187, 190, 193, 194, 195, 196, 198, 201, 202, 205, 206, 207, 208, 210], "summary": {"covered_lines": 15, "num_statements": 15, "percent_covered": 100.0, "percent_covered_display": "100", "missing_lines": 0, "excluded_lines": 0}, "missing_lines": [], "excluded_lines": []}, "": {"executed_lines": [2, 7, 8, 9, 10, 11, 12, 16, 18, 21, 47, 128, 184, 213], "summary": {"covered_lines": 12, "num_statements": 12, "percent_covered": 100.0, "percent_covered_display": "100", "missing_lines": 0, "excluded_lines": 2}, "missing_lines": [], "excluded_lines": [213, 214]}}, "classes": {"": {"executed_lines": [2, 7, 8, 9, 10, 11, 12, 16, 18, 21, 23, 25, 33, 34, 35, 36, 37, 38, 39, 40, 42, 44, 47, 49, 50, 53, 55, 59, 79, 82, 83, 84, 85, 86, 88, 89, 90, 92, 93, 97, 105, 112, 113, 119, 120, 128, 130, 131, 133, 134, 135, 137, 139, 140, 141, 143, 145, 147, 153, 154, 155, 156, 158, 159, 160, 161, 163, 164, 166, 167, 170, 171, 172, 173, 174, 175, 177, 178, 179, 180, 181, 184, 186, 187, 190, 193, 194, 195, 196, 198, 201, 202, 205, 206, 207, 208, 210, 213], "summary": {"covered_lines": 96, "num_statements": 96, "percent_covered": 100.0, "percent_covered_display": "100", "missing_lines": 0, "excluded_lines": 2}, "missing_lines": [], "excluded_lines": [213, 214]}}}, "secure_config.py": {"executed_lines": [1, 8, 9, 10, 11, 13, 15, 16, 18, 26, 28, 30, 31, 33, 34, 35, 36, 37, 38, 39, 40, 41, 42, 45, 61, 62, 64, 67, 68, 69, 70, 71, 72, 77, 80, 81, 82, 83, 89, 90, 92, 93, 96, 97, 99, 100, 101, 102, 105, 110, 118, 119, 120, 122, 128, 130, 138, 141, 160, 161, 166, 167, 168, 169, 170, 171, 172, 173, 176, 186, 187, 189, 190, 192, 193, 194, 196, 197, 199, 200, 201, 202, 204, 209, 212, 222, 224, 225, 227], "summary": {"covered_lines": 86, "num_statements": 86, "percent_covered": 100.0, "percent_covered_display": "100", "missing_lines": 0, "excluded_lines": 5}, "missing_lines": [], "excluded_lines": [19, 20, 23, 102, 105], "functions": {"get_encryption_key": {"executed_lines": [28, 30, 31, 33, 34, 35, 36, 37, 38, 39, 40, 41, 42], "summary": {"covered_lines": 13, "num_statements": 13, "percent_covered": 100.0, "percent_covered_display": "100", "missing_lines": 0, "excluded_lines": 0}, "missing_lines": [], "excluded_lines": []}, "get_or_create_encryption_key": {"executed_lines": [61, 62, 64, 67, 68, 69, 70, 71, 72, 77, 80, 81, 82, 83, 89, 90, 92, 93, 96, 97, 99, 100, 101, 102, 105, 110, 118, 119, 120, 122, 128, 130, 138], "summary": {"covered_lines": 31, "num_statements": 31, "percent_covered": 100.0, "percent_covered_display": "100", "missing_lines": 0, "excluded_lines": 2}, "missing_lines": [], "excluded_lines": [102, 105]}, "encrypt_value": {"executed_lines": [160, 161, 166, 167, 168, 169, 170, 171, 172, 173], "summary": {"covered_lines": 10, "num_statements": 10, "percent_covered": 100.0, "percent_covered_display": "100", "missing_lines": 0, "excluded_lines": 0}, "missing_lines": [], "excluded_lines": []}, "decrypt_value": {"executed_lines": [186, 187, 189, 190, 192, 193, 194, 196, 197, 199, 200, 201, 202, 204, 209], "summary": {"covered_lines": 15, "num_statements": 15, "percent_covered": 100.0, "percent_covered_display": "100", "missing_lines": 0, "excluded_lines": 0}, "missing_lines": [], "excluded_lines": []}, "get_api_key_from_env": {"executed_lines": [222, 224, 225, 227], "summary": {"covered_lines": 4, "num_statements": 4, "percent_covered": 100.0, "percent_covered_display": "100", "missing_lines": 0, "excluded_lines": 0}, "missing_lines": [], "excluded_lines": []}, "": {"executed_lines": [1, 8, 9, 10, 11, 13, 15, 16, 18, 26, 45, 141, 176, 212], "summary": {"covered_lines": 13, "num_statements": 13, "percent_covered": 100.0, "percent_covered_display": "100", "missing_lines": 0, "excluded_lines": 3}, "missing_lines": [], "excluded_lines": [19, 20, 23]}}, "classes": {"": {"executed_lines": [1, 8, 9, 10, 11, 13, 15, 16, 18, 26, 28, 30, 31, 33, 34, 35, 36, 37, 38, 39, 40, 41, 42, 45, 61, 62, 64, 67, 68, 69, 70, 71, 72, 77, 80, 81, 82, 83, 89, 90, 92, 93, 96, 97, 99, 100, 101, 102, 105, 110, 118, 119, 120, 122, 128, 130, 138, 141, 160, 161, 166, 167, 168, 169, 170, 171, 172, 173, 176, 186, 187, 189, 190, 192, 193, 194, 196, 197, 199, 200, 201, 202, 204, 209, 212, 222, 224, 225, 227], "summary": {"covered_lines": 86, "num_statements": 86, "percent_covered": 100.0, "percent_covered_display": "100", "missing_lines": 0, "excluded_lines": 5}, "missing_lines": [], "excluded_lines": [19, 20, 23, 102, 105]}}}, "settings.py": {"executed_lines": [1, 3, 5, 7, 8, 10], "summary": {"covered_lines": 5, "num_statements": 5, "percent_covered": 100.0, "percent_covered_display": "100", "missing_lines": 0, "excluded_lines": 0}, "missing_lines": [], "excluded_lines": [], "functions": {"": {"executed_lines": [1, 3, 5, 7, 8, 10], "summary": {"covered_lines": 5, "num_statements": 5, "percent_covered": 100.0, "percent_covered_display": "100", "missing_lines": 0, "excluded_lines": 0}, "missing_lines": [], "excluded_lines": []}}, "classes": {"": {"executed_lines": [1, 3, 5, 7, 8, 10], "summary": {"covered_lines": 5, "num_statements": 5, "percent_covered": 100.0, "percent_covered_display": "100", "missing_lines": 0, "excluded_lines": 0}, "missing_lines": [], "excluded_lines": []}}}, "signed_links.py": {"executed_lines": [1, 3, 5, 6, 7, 8, 9, 12, 15, 18, 25, 26, 27, 30, 35, 36, 37, 38, 39], "summary": {"covered_lines": 18, "num_statements": 18, "percent_covered": 100.0, "percent_covered_display": "100", "missing_lines": 0, "excluded_lines": 0}, "missing_lines": [], "excluded_lines": [], "functions": {"_b64url": {"executed_lines": [15], "summary": {"covered_lines": 1, "num_statements": 1, "percent_covered": 100.0, "percent_covered_display": "100", "missing_lines": 0, "excluded_lines": 0}, "missing_lines": [], "excluded_lines": []}, "sign": {"executed_lines": [25, 26, 27], "summary": {"covered_lines": 3, "num_statements": 3, "percent_covered": 100.0, "percent_covered_display": "100", "missing_lines": 0, "excluded_lines": 0}, "missing_lines": [], "excluded_lines": []}, "verify": {"executed_lines": [35, 36, 37, 38, 39], "summary": {"covered_lines": 5, "num_statements": 5, "percent_covered": 100.0, "percent_covered_display": "100", "missing_lines": 0, "excluded_lines": 0}, "missing_lines": [], "excluded_lines": []}, "": {"executed_lines": [1, 3, 5, 6, 7, 8, 9, 12, 18, 30], "summary": {"covered_lines": 9, "num_statements": 9, "percent_covered": 100.0, "percent_covered_display": "100", "missing_lines": 0, "excluded_lines": 0}, "missing_lines": [], "excluded_lines": []}}, "classes": {"": {"executed_lines": [1, 3, 5, 6, 7, 8, 9, 12, 15, 18, 25, 26, 27, 30, 35, 36, 37, 38, 39], "summary": {"covered_lines": 18, "num_statements": 18, "percent_covered": 100.0, "percent_covered_display": "100", "missing_lines": 0, "excluded_lines": 0}, "missing_lines": [], "excluded_lines": []}}}, "test_ascii_logging.py": {"executed_lines": [], "summary": {"covered_lines": 0, "num_statements": 0, "percent_covered": 100.0, "percent_covered_display": "100", "missing_lines": 0, "excluded_lines": 0}, "missing_lines": [], "excluded_lines": [], "functions": {"": {"executed_lines": [], "summary": {"covered_lines": 0, "num_statements": 0, "percent_covered": 100.0, "percent_covered_display": "100", "missing_lines": 0, "excluded_lines": 0}, "missing_lines": [], "excluded_lines": []}}, "classes": {"": {"executed_lines": [], "summary": {"covered_lines": 0, "num_statements": 0, "percent_covered": 100.0, "percent_covered_display": "100", "missing_lines": 0, "excluded_lines": 0}, "missing_lines": [], "excluded_lines": []}}}, "update_api_key.py": {"executed_lines": [2, 26, 27, 28, 29, 31, 33, 40, 41, 43, 59, 76, 77, 78, 81, 82, 85, 89, 90, 91, 92, 93, 96, 97, 98, 100, 103, 106, 107, 108, 109, 112, 113, 114, 117, 119, 120, 122, 125, 126, 127, 128, 131, 132, 133, 134, 135, 136, 137, 138, 141, 142, 149, 150, 152, 155, 156, 157, 158, 160, 162, 163, 165, 167, 168, 169, 170, 171, 173, 176, 179, 182, 183, 185, 211, 227, 230, 237, 239, 240, 243, 244, 245, 246, 248, 249, 250, 253, 254, 255, 257, 258, 259, 261, 264], "summary": {"covered_lines": 93, "num_statements": 107, "percent_covered": 86.91588785046729, "percent_covered_display": "87", "missing_lines": 14, "excluded_lines": 3}, "missing_lines": [187, 188, 191, 192, 193, 196, 198, 199, 200, 202, 203, 204, 208, 209], "excluded_lines": [34, 264, 265], "functions": {"update_api_key": {"executed_lines": [76, 77, 78, 81, 82, 85, 89, 90, 91, 92, 93, 96, 97, 98, 100, 103, 106, 107, 108, 109, 112, 113, 114, 117, 119, 120, 122, 125, 126, 127, 128, 131, 132, 133, 134, 135, 136, 137, 138, 141, 142, 149, 150, 152, 155, 156, 157, 158, 160, 162, 163, 165, 167, 168, 169, 170, 171, 173], "summary": {"covered_lines": 58, "num_statements": 58, "percent_covered": 100.0, "percent_covered_display": "100", "missing_lines": 0, "excluded_lines": 0}, "missing_lines": [], "excluded_lines": []}, "main": {"executed_lines": [179, 182, 183, 185, 211, 227, 230, 237, 239, 240, 243, 244, 245, 246, 248, 249, 250, 253, 254, 255, 257, 258, 259, 261], "summary": {"covered_lines": 24, "num_statements": 38, "percent_covered": 63.1578947368421, "percent_covered_display": "63", "missing_lines": 14, "excluded_lines": 0}, "missing_lines": [187, 188, 191, 192, 193, 196, 198, 199, 200, 202, 203, 204, 208, 209], "excluded_lines": []}, "": {"executed_lines": [2, 26, 27, 28, 29, 31, 33, 40, 41, 43, 59, 176, 264], "summary": {"covered_lines": 11, "num_statements": 11, "percent_covered": 100.0, "percent_covered_display": "100", "missing_lines": 0, "excluded_lines": 3}, "missing_lines": [], "excluded_lines": [34, 264, 265]}}, "classes": {"": {"executed_lines": [2, 26, 27, 28, 29, 31, 33, 40, 41, 43, 59, 76, 77, 78, 81, 82, 85, 89, 90, 91, 92, 93, 96, 97, 98, 100, 103, 106, 107, 108, 109, 112, 113, 114, 117, 119, 120, 122, 125, 126, 127, 128, 131, 132, 133, 134, 135, 136, 137, 138, 141, 142, 149, 150, 152, 155, 156, 157, 158, 160, 162, 163, 165, 167, 168, 169, 170, 171, 173, 176, 179, 182, 183, 185, 211, 227, 230, 237, 239, 240, 243, 244, 245, 246, 248, 249, 250, 253, 254, 255, 257, 258, 259, 261, 264], "summary": {"covered_lines": 93, "num_statements": 107, "percent_covered": 86.91588785046729, "percent_covered_display": "87", "missing_lines": 14, "excluded_lines": 3}, "missing_lines": [187, 188, 191, 192, 193, 196, 198, 199, 200, 202, 203, 204, 208, 209], "excluded_lines": [34, 264, 265]}}}, "verify_requirements.py": {"executed_lines": [2, 6, 7, 8, 9, 12, 14, 16, 17, 19, 20, 23, 24, 27, 28, 29, 30, 32, 35, 37, 40, 41, 42, 43, 45, 47, 50, 51, 52, 53, 58, 59, 60, 61, 65, 66, 67, 68, 69, 70, 72, 73, 74, 75, 77, 80], "summary": {"covered_lines": 44, "num_statements": 44, "percent_covered": 100.0, "percent_covered_display": "100", "missing_lines": 0, "excluded_lines": 2}, "missing_lines": [], "excluded_lines": [80, 81], "functions": {"parse_requirements": {"executed_lines": [14, 16, 17, 19, 20, 23, 24, 27, 28, 29, 30, 32], "summary": {"covered_lines": 12, "num_statements": 12, "percent_covered": 100.0, "percent_covered_display": "100", "missing_lines": 0, "excluded_lines": 0}, "missing_lines": [], "excluded_lines": []}, "main": {"executed_lines": [37, 40, 41, 42, 43, 45, 47, 50, 51, 52, 53, 58, 59, 60, 61, 65, 66, 67, 68, 69, 70, 72, 73, 74, 75, 77], "summary": {"covered_lines": 26, "num_statements": 26, "percent_covered": 100.0, "percent_covered_display": "100", "missing_lines": 0, "excluded_lines": 0}, "missing_lines": [], "excluded_lines": []}, "": {"executed_lines": [2, 6, 7, 8, 9, 12, 35, 80], "summary": {"covered_lines": 6, "num_statements": 6, "percent_covered": 100.0, "percent_covered_display": "100", "missing_lines": 0, "excluded_lines": 2}, "missing_lines": [], "excluded_lines": [80, 81]}}, "classes": {"": {"executed_lines": [2, 6, 7, 8, 9, 12, 14, 16, 17, 19, 20, 23, 24, 27, 28, 29, 30, 32, 35, 37, 40, 41, 42, 43, 45, 47, 50, 51, 52, 53, 58, 59, 60, 61, 65, 66, 67, 68, 69, 70, 72, 73, 74, 75, 77, 80], "summary": {"covered_lines": 44, "num_statements": 44, "percent_covered": 100.0, "percent_covered_display": "100", "missing_lines": 0, "excluded_lines": 2}, "missing_lines": [], "excluded_lines": [80, 81]}}}}, "totals": {"covered_lines": 10187, "num_statements": 10446, "percent_covered": 97.52058204097263, "percent_covered_display": "98", "missing_lines": 259, "excluded_lines": 195}}
