<?xml version="1.0" encoding="utf-8"?><testsuites name="pytest tests"><testsuite name="pytest" errors="36" failures="0" skipped="21" tests="57" time="2.028" timestamp="2025-10-30T00:28:37.280309+03:00" hostname="MacBook-Air-katsiaryna.local"><testcase classname="" name="releases.v0.1.0.BMI-App_2025_clean-0.1.0.tests.test_pico_provider" time="0.000"><skipped message="collection skipped">('/Users/katsiaryna_kavaleuskaya/Developer/BMI-App_2025_clean/releases/v0.1.0/BMI-App_2025_clean-0.1.0/tests/test_pico_provider.py', 8, "Skipped: could not import 'providers.pico': No module named 'providers.pico'")</skipped></testcase><testcase classname="" name="tests.edges.test_premium_week_edges" time="0.000"><skipped message="collection skipped">('/Users/katsiaryna_kavaleuskaya/Developer/BMI-App_2025_clean/tests/edges/test_premium_week_edges.py', 10, "Skipped: could not import 'app.routers.premium_week': No module named 'app.routers'; 'app' is not a package")</skipped></testcase><testcase classname="" name="tests.test_api_end_to_end_spanish" time="0.000"><skipped message="collection skipped">('/Users/katsiaryna_kavaleuskaya/Developer/BMI-App_2025_clean/tests/test_api_end_to_end_spanish.py', 19, "Skipped: could not import 'app.routers.api_key': No module named 'app.routers'; 'app' is not a package")</skipped></testcase><testcase classname="" name="tests.test_api_extras" time="0.000"><skipped message="collection skipped">('/Users/katsiaryna_kavaleuskaya/Developer/BMI-App_2025_clean/tests/test_api_extras.py', 22, "Skipped: FastAPI app import failed: No module named 'app.routers'; 'app' is not a package")</skipped></testcase><testcase classname="" name="tests.test_api_smoke" time="0.000"><skipped message="collection skipped">('/Users/katsiaryna_kavaleuskaya/Developer/BMI-App_2025_clean/tests/test_api_smoke.py', 22, "Skipped: Skipping smoke tests: cannot import app.py (No module named 'app.routers'; 'app' is not a package)")</skipped></testcase><testcase classname="" name="tests.test_api_spanish" time="0.000"><skipped message="collection skipped">('/Users/katsiaryna_kavaleuskaya/Developer/BMI-App_2025_clean/tests/test_api_spanish.py', 16, "Skipped: could not import 'app.routers.api_key': No module named 'app.routers'; 'app' is not a package")</skipped></testcase><testcase classname="" name="tests.test_app_exact_coverage_96" time="0.000"><skipped message="collection skipped">('/Users/katsiaryna_kavaleuskaya/Developer/BMI-App_2025_clean/tests/test_app_exact_coverage_96.py', 20, "Skipped: could not import 'app.routers.api_key': No module named 'app.routers'; 'app' is not a package")</skipped></testcase><testcase classname="" name="tests.test_app_extended_coverage" time="0.000"><skipped message="collection skipped">('/Users/katsiaryna_kavaleuskaya/Developer/BMI-App_2025_clean/tests/test_app_extended_coverage.py', 19, "Skipped: could not import 'app.routers.api_key': No module named 'app.routers'; 'app' is not a package")</skipped></testcase><testcase classname="" name="tests.test_app_missing_coverage_96" time="0.000"><skipped message="collection skipped">('/Users/katsiaryna_kavaleuskaya/Developer/BMI-App_2025_clean/tests/test_app_missing_coverage_96.py', 19, "Skipped: could not import 'app.routers.api_key': No module named 'app.routers'; 'app' is not a package")</skipped></testcase><testcase classname="" name="tests.test_app_missing_lines_realistic" time="0.000"><skipped message="collection skipped">('/Users/katsiaryna_kavaleuskaya/Developer/BMI-App_2025_clean/tests/test_app_missing_lines_realistic.py', 23, "Skipped: could not import 'app.routers.api_key': No module named 'app.routers'; 'app' is not a package")</skipped></testcase><testcase classname="" name="tests.test_app_premium_week_bmi_flow" time="0.000"><skipped message="collection skipped">('/Users/katsiaryna_kavaleuskaya/Developer/BMI-App_2025_clean/tests/test_app_premium_week_bmi_flow.py', 11, "Skipped: could not import 'app.routers.premium_week': No module named 'app.routers'; 'app' is not a package")</skipped></testcase><testcase classname="" name="tests.test_app_simple_coverage_clean" time="0.000"><skipped message="collection skipped">('/Users/katsiaryna_kavaleuskaya/Developer/BMI-App_2025_clean/tests/test_app_simple_coverage_clean.py', 20, "Skipped: could not import 'app.routers.api_key': No module named 'app.routers'; 'app' is not a package")</skipped></testcase><testcase classname="" name="tests.test_app_specific_coverage_96" time="0.000"><skipped message="collection skipped">('/Users/katsiaryna_kavaleuskaya/Developer/BMI-App_2025_clean/tests/test_app_specific_coverage_96.py', 19, "Skipped: could not import 'app.routers.api_key': No module named 'app.routers'; 'app' is not a package")</skipped></testcase><testcase classname="" name="tests.test_bmi_pro_api" time="0.000"><skipped message="collection skipped">('/Users/katsiaryna_kavaleuskaya/Developer/BMI-App_2025_clean/tests/test_bmi_pro_api.py', 18, "Skipped: could not import 'app.routers.api_key': No module named 'app.routers'; 'app' is not a package")</skipped></testcase><testcase classname="" name="tests.test_bmi_pro_router" time="0.000"><skipped message="collection skipped">('/Users/katsiaryna_kavaleuskaya/Developer/BMI-App_2025_clean/tests/test_bmi_pro_router.py', 14, "Skipped: could not import 'app.routers.bmi_pro': No module named 'app.routers'; 'app' is not a package")</skipped></testcase><testcase classname="" name="tests.test_comprehensive_coverage" time="0.000"><skipped message="collection skipped">('/Users/katsiaryna_kavaleuskaya/Developer/BMI-App_2025_clean/tests/test_comprehensive_coverage.py', 17, "Skipped: could not import 'app.routers.api_key': No module named 'app.routers'; 'app' is not a package")</skipped></testcase><testcase classname="" name="tests.test_coverage_boost_simple_97" time="0.000"><skipped message="collection skipped">('/Users/katsiaryna_kavaleuskaya/Developer/BMI-App_2025_clean/tests/test_coverage_boost_simple_97.py', 24, "Skipped: could not import 'app.routers.api_key': No module named 'app.routers'; 'app' is not a package")</skipped></testcase><testcase classname="" name="tests.test_coverage_improvement" time="0.000"><skipped message="collection skipped">('/Users/katsiaryna_kavaleuskaya/Developer/BMI-App_2025_clean/tests/test_coverage_improvement.py', 17, "Skipped: could not import 'app.routers.api_key': No module named 'app.routers'; 'app' is not a package")</skipped></testcase><testcase classname="" name="tests.test_critical_blocks_targets_gaps" time="0.000"><skipped message="collection skipped">('/Users/katsiaryna_kavaleuskaya/Developer/BMI-App_2025_clean/tests/test_critical_blocks_targets_gaps.py', 23, "Skipped: could not import 'app.routers.api_key': No module named 'app.routers'; 'app' is not a package")</skipped></testcase><testcase classname="" name="tests.test_enhanced_plate_api" time="0.000"><error message="collection failure">ImportError while importing test module '/Users/katsiaryna_kavaleuskaya/Developer/BMI-App_2025_clean/tests/test_enhanced_plate_api.py'.
Hint: make sure your test modules/packages have valid Python names.
Traceback:
../../.pyenv/versions/3.12.7/lib/python3.12/importlib/__init__.py:90: in import_module
    return _bootstrap._gcd_import(name[level:], package, level)
           ^^^^^^^^^^^^^^^^^^^^^^^^^^^^^^^^^^^^^^^^^^^^^^^^^^^^
tests/test_enhanced_plate_api.py:31: in &lt;module&gt;
    spec.loader.exec_module(app_module)
app.py:27: in &lt;module&gt;
    from app.routers.api_key import api_key_header
E   ModuleNotFoundError: No module named 'app.routers'; 'app' is not a package</error></testcase><testcase classname="" name="tests.test_export_endpoints" time="0.000"><error message="collection failure">ImportError while importing test module '/Users/katsiaryna_kavaleuskaya/Developer/BMI-App_2025_clean/tests/test_export_endpoints.py'.
Hint: make sure your test modules/packages have valid Python names.
Traceback:
../../.pyenv/versions/3.12.7/lib/python3.12/importlib/__init__.py:90: in import_module
    return _bootstrap._gcd_import(name[level:], package, level)
           ^^^^^^^^^^^^^^^^^^^^^^^^^^^^^^^^^^^^^^^^^^^^^^^^^^^^
tests/test_export_endpoints.py:17: in &lt;module&gt;
    app = load_app()
          ^^^^^^^^^^
tests/test_helpers.py:38: in load_app
    spec.loader.exec_module(app_module)
app.py:27: in &lt;module&gt;
    from app.routers.api_key import api_key_header
E   ModuleNotFoundError: No module named 'app.routers'; 'app' is not a package</error></testcase><testcase classname="" name="tests.test_export_endpoints_final_97" time="0.000"><error message="collection failure">ImportError while importing test module '/Users/katsiaryna_kavaleuskaya/Developer/BMI-App_2025_clean/tests/test_export_endpoints_final_97.py'.
Hint: make sure your test modules/packages have valid Python names.
Traceback:
../../.pyenv/versions/3.12.7/lib/python3.12/importlib/__init__.py:90: in import_module
    return _bootstrap._gcd_import(name[level:], package, level)
           ^^^^^^^^^^^^^^^^^^^^^^^^^^^^^^^^^^^^^^^^^^^^^^^^^^^^
tests/test_export_endpoints_final_97.py:35: in &lt;module&gt;
    spec.loader.exec_module(app_module)
app.py:27: in &lt;module&gt;
    from app.routers.api_key import api_key_header
E   ModuleNotFoundError: No module named 'app.routers'; 'app' is not a package</error></testcase><testcase classname="" name="tests.test_final_coverage_96" time="0.000"><error message="collection failure">ImportError while importing test module '/Users/katsiaryna_kavaleuskaya/Developer/BMI-App_2025_clean/tests/test_final_coverage_96.py'.
Hint: make sure your test modules/packages have valid Python names.
Traceback:
../../.pyenv/versions/3.12.7/lib/python3.12/importlib/__init__.py:90: in import_module
    return _bootstrap._gcd_import(name[level:], package, level)
           ^^^^^^^^^^^^^^^^^^^^^^^^^^^^^^^^^^^^^^^^^^^^^^^^^^^^
tests/test_final_coverage_96.py:7: in &lt;module&gt;
    from app.routers.premium_week import estimate_targets_minimal
E   ModuleNotFoundError: No module named 'app.routers'; 'app' is not a package</error></testcase><testcase classname="" name="tests.test_final_push_97_percent" time="0.000"><error message="collection failure">ImportError while importing test module '/Users/katsiaryna_kavaleuskaya/Developer/BMI-App_2025_clean/tests/test_final_push_97_percent.py'.
Hint: make sure your test modules/packages have valid Python names.
Traceback:
../../.pyenv/versions/3.12.7/lib/python3.12/importlib/__init__.py:90: in import_module
    return _bootstrap._gcd_import(name[level:], package, level)
           ^^^^^^^^^^^^^^^^^^^^^^^^^^^^^^^^^^^^^^^^^^^^^^^^^^^^
tests/test_final_push_97_percent.py:35: in &lt;module&gt;
    spec.loader.exec_module(app_module)
app.py:27: in &lt;module&gt;
    from app.routers.api_key import api_key_header
E   ModuleNotFoundError: No module named 'app.routers'; 'app' is not a package</error></testcase><testcase classname="" name="tests.test_final_sprint_to_97" time="0.000"><error message="collection failure">ImportError while importing test module '/Users/katsiaryna_kavaleuskaya/Developer/BMI-App_2025_clean/tests/test_final_sprint_to_97.py'.
Hint: make sure your test modules/packages have valid Python names.
Traceback:
../../.pyenv/versions/3.12.7/lib/python3.12/importlib/__init__.py:90: in import_module
    return _bootstrap._gcd_import(name[level:], package, level)
           ^^^^^^^^^^^^^^^^^^^^^^^^^^^^^^^^^^^^^^^^^^^^^^^^^^^^
tests/test_final_sprint_to_97.py:31: in &lt;module&gt;
    spec.loader.exec_module(app_module)
app.py:27: in &lt;module&gt;
    from app.routers.api_key import api_key_header
E   ModuleNotFoundError: No module named 'app.routers'; 'app' is not a package</error></testcase><testcase classname="" name="tests.test_food_store_coverage" time="0.000"><error message="collection failure">ImportError while importing test module '/Users/katsiaryna_kavaleuskaya/Developer/BMI-App_2025_clean/tests/test_food_store_coverage.py'.
Hint: make sure your test modules/packages have valid Python names.
Traceback:
../../.pyenv/versions/3.12.7/lib/python3.12/importlib/__init__.py:90: in import_module
    return _bootstrap._gcd_import(name[level:], package, level)
           ^^^^^^^^^^^^^^^^^^^^^^^^^^^^^^^^^^^^^^^^^^^^^^^^^^^^
tests/test_food_store_coverage.py:10: in &lt;module&gt;
    from app.services.food_store import expand_query, get_food, nutrients_for, search_foods
E   ModuleNotFoundError: No module named 'app.services'; 'app' is not a package</error></testcase><testcase classname="" name="tests.test_food_store_coverage_boost" time="0.000"><skipped message="collection skipped">('/Users/katsiaryna_kavaleuskaya/Developer/BMI-App_2025_clean/tests/test_food_store_coverage_boost.py', 16, "Skipped: Import failed: No module named 'app.services'; 'app' is not a package")</skipped></testcase><testcase classname="" name="tests.test_foods_router_coverage_boost" time="0.000"><skipped message="collection skipped">('/Users/katsiaryna_kavaleuskaya/Developer/BMI-App_2025_clean/tests/test_foods_router_coverage_boost.py', 30, "Skipped: FastAPI app import failed: No module named 'app.routers'; 'app' is not a package")</skipped></testcase><testcase classname="" name="tests.test_main_endpoints_final_97" time="0.000"><error message="collection failure">ImportError while importing test module '/Users/katsiaryna_kavaleuskaya/Developer/BMI-App_2025_clean/tests/test_main_endpoints_final_97.py'.
Hint: make sure your test modules/packages have valid Python names.
Traceback:
../../.pyenv/versions/3.12.7/lib/python3.12/importlib/__init__.py:90: in import_module
    return _bootstrap._gcd_import(name[level:], package, level)
           ^^^^^^^^^^^^^^^^^^^^^^^^^^^^^^^^^^^^^^^^^^^^^^^^^^^^
tests/test_main_endpoints_final_97.py:21: in &lt;module&gt;
    app = load_app()
          ^^^^^^^^^^
tests/test_helpers.py:38: in load_app
    spec.loader.exec_module(app_module)
app.py:27: in &lt;module&gt;
    from app.routers.api_key import api_key_header
E   ModuleNotFoundError: No module named 'app.routers'; 'app' is not a package</error></testcase><testcase classname="" name="tests.test_menu_engine_smoke" time="0.000"><error message="collection failure">ImportError while importing test module '/Users/katsiaryna_kavaleuskaya/Developer/BMI-App_2025_clean/tests/test_menu_engine_smoke.py'.
Hint: make sure your test modules/packages have valid Python names.
Traceback:
../../.pyenv/versions/3.12.7/lib/python3.12/importlib/__init__.py:90: in import_module
    return _bootstrap._gcd_import(name[level:], package, level)
           ^^^^^^^^^^^^^^^^^^^^^^^^^^^^^^^^^^^^^^^^^^^^^^^^^^^^
tests/test_menu_engine_smoke.py:16: in &lt;module&gt;
    spec.loader.exec_module(app_module)
app.py:27: in &lt;module&gt;
    from app.routers.api_key import api_key_header
E   ModuleNotFoundError: No module named 'app.routers'; 'app' is not a package</error></testcase><testcase classname="" name="tests.test_missing_coverage" time="0.000"><error message="collection failure">ImportError while importing test module '/Users/katsiaryna_kavaleuskaya/Developer/BMI-App_2025_clean/tests/test_missing_coverage.py'.
Hint: make sure your test modules/packages have valid Python names.
Traceback:
../../.pyenv/versions/3.12.7/lib/python3.12/importlib/__init__.py:90: in import_module
    return _bootstrap._gcd_import(name[level:], package, level)
           ^^^^^^^^^^^^^^^^^^^^^^^^^^^^^^^^^^^^^^^^^^^^^^^^^^^^
tests/test_missing_coverage.py:23: in &lt;module&gt;
    spec.loader.exec_module(app_module)
app.py:27: in &lt;module&gt;
    from app.routers.api_key import api_key_header
E   ModuleNotFoundError: No module named 'app.routers'; 'app' is not a package</error></testcase><testcase classname="" name="tests.test_premium_blocks_coverage_97" time="0.000"><error message="collection failure">ImportError while importing test module '/Users/katsiaryna_kavaleuskaya/Developer/BMI-App_2025_clean/tests/test_premium_blocks_coverage_97.py'.
Hint: make sure your test modules/packages have valid Python names.
Traceback:
../../.pyenv/versions/3.12.7/lib/python3.12/importlib/__init__.py:90: in import_module
    return _bootstrap._gcd_import(name[level:], package, level)
           ^^^^^^^^^^^^^^^^^^^^^^^^^^^^^^^^^^^^^^^^^^^^^^^^^^^^
tests/test_premium_blocks_coverage_97.py:33: in &lt;module&gt;
    spec.loader.exec_module(app_module)
app.py:27: in &lt;module&gt;
    from app.routers.api_key import api_key_header
E   ModuleNotFoundError: No module named 'app.routers'; 'app' is not a package</error></testcase><testcase classname="" name="tests.test_premium_bmr_api" time="0.000"><error message="collection failure">ImportError while importing test module '/Users/katsiaryna_kavaleuskaya/Developer/BMI-App_2025_clean/tests/test_premium_bmr_api.py'.
Hint: make sure your test modules/packages have valid Python names.
Traceback:
../../.pyenv/versions/3.12.7/lib/python3.12/importlib/__init__.py:90: in import_module
    return _bootstrap._gcd_import(name[level:], package, level)
           ^^^^^^^^^^^^^^^^^^^^^^^^^^^^^^^^^^^^^^^^^^^^^^^^^^^^
tests/test_premium_bmr_api.py:28: in &lt;module&gt;
    spec.loader.exec_module(app_module)
app.py:27: in &lt;module&gt;
    from app.routers.api_key import api_key_header
E   ModuleNotFoundError: No module named 'app.routers'; 'app' is not a package</error></testcase><testcase classname="" name="tests.test_premium_targets_comprehensive" time="0.000"><error message="collection failure">ImportError while importing test module '/Users/katsiaryna_kavaleuskaya/Developer/BMI-App_2025_clean/tests/test_premium_targets_comprehensive.py'.
Hint: make sure your test modules/packages have valid Python names.
Traceback:
../../.pyenv/versions/3.12.7/lib/python3.12/importlib/__init__.py:90: in import_module
    return _bootstrap._gcd_import(name[level:], package, level)
           ^^^^^^^^^^^^^^^^^^^^^^^^^^^^^^^^^^^^^^^^^^^^^^^^^^^^
tests/test_premium_targets_comprehensive.py:24: in &lt;module&gt;
    spec.loader.exec_module(app_module)
app.py:27: in &lt;module&gt;
    from app.routers.api_key import api_key_header
E   ModuleNotFoundError: No module named 'app.routers'; 'app' is not a package</error></testcase><testcase classname="" name="tests.test_premium_week_app_coverage" time="0.000"><error message="collection failure">ImportError while importing test module '/Users/katsiaryna_kavaleuskaya/Developer/BMI-App_2025_clean/tests/test_premium_week_app_coverage.py'.
Hint: make sure your test modules/packages have valid Python names.
Traceback:
../../.pyenv/versions/3.12.7/lib/python3.12/importlib/__init__.py:90: in import_module
    return _bootstrap._gcd_import(name[level:], package, level)
           ^^^^^^^^^^^^^^^^^^^^^^^^^^^^^^^^^^^^^^^^^^^^^^^^^^^^
tests/test_premium_week_app_coverage.py:26: in &lt;module&gt;
    spec.loader.exec_module(app_module)
app.py:27: in &lt;module&gt;
    from app.routers.api_key import api_key_header
E   ModuleNotFoundError: No module named 'app.routers'; 'app' is not a package</error></testcase><testcase classname="" name="tests.test_premium_week_endpoint_96" time="0.000"><error message="collection failure">ImportError while importing test module '/Users/katsiaryna_kavaleuskaya/Developer/BMI-App_2025_clean/tests/test_premium_week_endpoint_96.py'.
Hint: make sure your test modules/packages have valid Python names.
Traceback:
../../.pyenv/versions/3.12.7/lib/python3.12/importlib/__init__.py:90: in import_module
    return _bootstrap._gcd_import(name[level:], package, level)
           ^^^^^^^^^^^^^^^^^^^^^^^^^^^^^^^^^^^^^^^^^^^^^^^^^^^^
tests/test_premium_week_endpoint_96.py:21: in &lt;module&gt;
    spec.loader.exec_module(app_module)
app.py:27: in &lt;module&gt;
    from app.routers.api_key import api_key_header
E   ModuleNotFoundError: No module named 'app.routers'; 'app' is not a package</error></testcase><testcase classname="" name="tests.test_premium_week_endpoint_simple_96" time="0.000"><error message="collection failure">ImportError while importing test module '/Users/katsiaryna_kavaleuskaya/Developer/BMI-App_2025_clean/tests/test_premium_week_endpoint_simple_96.py'.
Hint: make sure your test modules/packages have valid Python names.
Traceback:
../../.pyenv/versions/3.12.7/lib/python3.12/importlib/__init__.py:90: in import_module
    return _bootstrap._gcd_import(name[level:], package, level)
           ^^^^^^^^^^^^^^^^^^^^^^^^^^^^^^^^^^^^^^^^^^^^^^^^^^^^
tests/test_premium_week_endpoint_simple_96.py:21: in &lt;module&gt;
    spec.loader.exec_module(app_module)
app.py:27: in &lt;module&gt;
    from app.routers.api_key import api_key_header
E   ModuleNotFoundError: No module named 'app.routers'; 'app' is not a package</error></testcase><testcase classname="" name="tests.test_premium_week_router" time="0.000"><error message="collection failure">ImportError while importing test module '/Users/katsiaryna_kavaleuskaya/Developer/BMI-App_2025_clean/tests/test_premium_week_router.py'.
Hint: make sure your test modules/packages have valid Python names.
Traceback:
../../.pyenv/versions/3.12.7/lib/python3.12/importlib/__init__.py:90: in import_module
    return _bootstrap._gcd_import(name[level:], package, level)
           ^^^^^^^^^^^^^^^^^^^^^^^^^^^^^^^^^^^^^^^^^^^^^^^^^^^^
tests/test_premium_week_router.py:13: in &lt;module&gt;
    from app.routers.premium_week import TargetsIn, WeekPlanRequest, WeekPlanResponse, router
E   ModuleNotFoundError: No module named 'app.routers'; 'app' is not a package</error></testcase><testcase classname="" name="tests.test_recipes_router_coverage_97" time="0.000"><error message="collection failure">ImportError while importing test module '/Users/katsiaryna_kavaleuskaya/Developer/BMI-App_2025_clean/tests/test_recipes_router_coverage_97.py'.
Hint: make sure your test modules/packages have valid Python names.
Traceback:
../../.pyenv/versions/3.12.7/lib/python3.12/importlib/__init__.py:90: in import_module
    return _bootstrap._gcd_import(name[level:], package, level)
           ^^^^^^^^^^^^^^^^^^^^^^^^^^^^^^^^^^^^^^^^^^^^^^^^^^^^
tests/test_recipes_router_coverage_97.py:22: in &lt;module&gt;
    spec.loader.exec_module(app_module)
app.py:27: in &lt;module&gt;
    from app.routers.api_key import api_key_header
E   ModuleNotFoundError: No module named 'app.routers'; 'app' is not a package</error></testcase><testcase classname="" name="tests.test_shoplist_export" time="0.000"><error message="collection failure">ImportError while importing test module '/Users/katsiaryna_kavaleuskaya/Developer/BMI-App_2025_clean/tests/test_shoplist_export.py'.
Hint: make sure your test modules/packages have valid Python names.
Traceback:
../../.pyenv/versions/3.12.7/lib/python3.12/importlib/__init__.py:90: in import_module
    return _bootstrap._gcd_import(name[level:], package, level)
           ^^^^^^^^^^^^^^^^^^^^^^^^^^^^^^^^^^^^^^^^^^^^^^^^^^^^
tests/test_shoplist_export.py:7: in &lt;module&gt;
    from app.routers import shoplist_export as export
E   ModuleNotFoundError: No module named 'app.routers'; 'app' is not a package</error></testcase><testcase classname="" name="tests.test_shoplist_export_router_utils" time="0.000"><error message="collection failure">ImportError while importing test module '/Users/katsiaryna_kavaleuskaya/Developer/BMI-App_2025_clean/tests/test_shoplist_export_router_utils.py'.
Hint: make sure your test modules/packages have valid Python names.
Traceback:
../../.pyenv/versions/3.12.7/lib/python3.12/importlib/__init__.py:90: in import_module
    return _bootstrap._gcd_import(name[level:], package, level)
           ^^^^^^^^^^^^^^^^^^^^^^^^^^^^^^^^^^^^^^^^^^^^^^^^^^^^
tests/test_shoplist_export_router_utils.py:12: in &lt;module&gt;
    from app.routers import shoplist_export as se
E   ModuleNotFoundError: No module named 'app.routers'; 'app' is not a package</error></testcase><testcase classname="" name="tests.test_simple_coverage" time="0.000"><error message="collection failure">ImportError while importing test module '/Users/katsiaryna_kavaleuskaya/Developer/BMI-App_2025_clean/tests/test_simple_coverage.py'.
Hint: make sure your test modules/packages have valid Python names.
Traceback:
../../.pyenv/versions/3.12.7/lib/python3.12/importlib/__init__.py:90: in import_module
    return _bootstrap._gcd_import(name[level:], package, level)
           ^^^^^^^^^^^^^^^^^^^^^^^^^^^^^^^^^^^^^^^^^^^^^^^^^^^^
tests/test_simple_coverage.py:21: in &lt;module&gt;
    spec.loader.exec_module(app_module)
app.py:27: in &lt;module&gt;
    from app.routers.api_key import api_key_header
E   ModuleNotFoundError: No module named 'app.routers'; 'app' is not a package</error></testcase><testcase classname="" name="tests.test_simple_coverage_boost" time="0.000"><error message="collection failure">ImportError while importing test module '/Users/katsiaryna_kavaleuskaya/Developer/BMI-App_2025_clean/tests/test_simple_coverage_boost.py'.
Hint: make sure your test modules/packages have valid Python names.
Traceback:
../../.pyenv/versions/3.12.7/lib/python3.12/importlib/__init__.py:90: in import_module
    return _bootstrap._gcd_import(name[level:], package, level)
           ^^^^^^^^^^^^^^^^^^^^^^^^^^^^^^^^^^^^^^^^^^^^^^^^^^^^
tests/test_simple_coverage_boost.py:23: in &lt;module&gt;
    spec.loader.exec_module(app_module)
app.py:27: in &lt;module&gt;
    from app.routers.api_key import api_key_header
E   ModuleNotFoundError: No module named 'app.routers'; 'app' is not a package</error></testcase><testcase classname="" name="tests.test_spanish_end_to_end_smoke" time="0.000"><error message="collection failure">ImportError while importing test module '/Users/katsiaryna_kavaleuskaya/Developer/BMI-App_2025_clean/tests/test_spanish_end_to_end_smoke.py'.
Hint: make sure your test modules/packages have valid Python names.
Traceback:
../../.pyenv/versions/3.12.7/lib/python3.12/importlib/__init__.py:90: in import_module
    return _bootstrap._gcd_import(name[level:], package, level)
           ^^^^^^^^^^^^^^^^^^^^^^^^^^^^^^^^^^^^^^^^^^^^^^^^^^^^
tests/test_spanish_end_to_end_smoke.py:26: in &lt;module&gt;
    spec.loader.exec_module(app_module)
app.py:27: in &lt;module&gt;
    from app.routers.api_key import api_key_header
E   ModuleNotFoundError: No module named 'app.routers'; 'app' is not a package</error></testcase><testcase classname="" name="tests.test_targeted_coverage" time="0.000"><error message="collection failure">ImportError while importing test module '/Users/katsiaryna_kavaleuskaya/Developer/BMI-App_2025_clean/tests/test_targeted_coverage.py'.
Hint: make sure your test modules/packages have valid Python names.
Traceback:
../../.pyenv/versions/3.12.7/lib/python3.12/importlib/__init__.py:90: in import_module
    return _bootstrap._gcd_import(name[level:], package, level)
           ^^^^^^^^^^^^^^^^^^^^^^^^^^^^^^^^^^^^^^^^^^^^^^^^^^^^
tests/test_targeted_coverage.py:22: in &lt;module&gt;
    spec.loader.exec_module(app_module)
app.py:27: in &lt;module&gt;
    from app.routers.api_key import api_key_header
E   ModuleNotFoundError: No module named 'app.routers'; 'app' is not a package</error></testcase><testcase classname="" name="tests.test_targeted_coverage_boost" time="0.000"><error message="collection failure">ImportError while importing test module '/Users/katsiaryna_kavaleuskaya/Developer/BMI-App_2025_clean/tests/test_targeted_coverage_boost.py'.
Hint: make sure your test modules/packages have valid Python names.
Traceback:
../../.pyenv/versions/3.12.7/lib/python3.12/importlib/__init__.py:90: in import_module
    return _bootstrap._gcd_import(name[level:], package, level)
           ^^^^^^^^^^^^^^^^^^^^^^^^^^^^^^^^^^^^^^^^^^^^^^^^^^^^
tests/test_targeted_coverage_boost.py:23: in &lt;module&gt;
    spec.loader.exec_module(app_module)
app.py:27: in &lt;module&gt;
    from app.routers.api_key import api_key_header
E   ModuleNotFoundError: No module named 'app.routers'; 'app' is not a package</error></testcase><testcase classname="" name="tests.test_targeted_coverage_improvement" time="0.000"><error message="collection failure">ImportError while importing test module '/Users/katsiaryna_kavaleuskaya/Developer/BMI-App_2025_clean/tests/test_targeted_coverage_improvement.py'.
Hint: make sure your test modules/packages have valid Python names.
Traceback:
../../.pyenv/versions/3.12.7/lib/python3.12/importlib/__init__.py:90: in import_module
    return _bootstrap._gcd_import(name[level:], package, level)
           ^^^^^^^^^^^^^^^^^^^^^^^^^^^^^^^^^^^^^^^^^^^^^^^^^^^^
tests/test_targeted_coverage_improvement.py:21: in &lt;module&gt;
    spec.loader.exec_module(app_module)
app.py:27: in &lt;module&gt;
    from app.routers.api_key import api_key_header
E   ModuleNotFoundError: No module named 'app.routers'; 'app' is not a package</error></testcase><testcase classname="" name="tests.test_web_interface_spanish" time="0.000"><error message="collection failure">ImportError while importing test module '/Users/katsiaryna_kavaleuskaya/Developer/BMI-App_2025_clean/tests/test_web_interface_spanish.py'.
Hint: make sure your test modules/packages have valid Python names.
Traceback:
../../.pyenv/versions/3.12.7/lib/python3.12/importlib/__init__.py:90: in import_module
    return _bootstrap._gcd_import(name[level:], package, level)
           ^^^^^^^^^^^^^^^^^^^^^^^^^^^^^^^^^^^^^^^^^^^^^^^^^^^^
tests/test_web_interface_spanish.py:22: in &lt;module&gt;
    spec.loader.exec_module(app_module)
app.py:27: in &lt;module&gt;
    from app.routers.api_key import api_key_header
E   ModuleNotFoundError: No module named 'app.routers'; 'app' is not a package</error></testcase><testcase classname="" name="tests.test_week_export_pdf" time="0.000"><error message="collection failure">ImportError while importing test module '/Users/katsiaryna_kavaleuskaya/Developer/BMI-App_2025_clean/tests/test_week_export_pdf.py'.
Hint: make sure your test modules/packages have valid Python names.
Traceback:
../../.pyenv/versions/3.12.7/lib/python3.12/importlib/__init__.py:90: in import_module
    return _bootstrap._gcd_import(name[level:], package, level)
           ^^^^^^^^^^^^^^^^^^^^^^^^^^^^^^^^^^^^^^^^^^^^^^^^^^^^
tests/test_week_export_pdf.py:23: in &lt;module&gt;
    spec.loader.exec_module(app_module)
app.py:27: in &lt;module&gt;
    from app.routers.api_key import api_key_header
E   ModuleNotFoundError: No module named 'app.routers'; 'app' is not a package</error></testcase><testcase classname="" name="tests.test_week_plan_api" time="0.000"><error message="collection failure">ImportError while importing test module '/Users/katsiaryna_kavaleuskaya/Developer/BMI-App_2025_clean/tests/test_week_plan_api.py'.
Hint: make sure your test modules/packages have valid Python names.
Traceback:
../../.pyenv/versions/3.12.7/lib/python3.12/importlib/__init__.py:90: in import_module
    return _bootstrap._gcd_import(name[level:], package, level)
           ^^^^^^^^^^^^^^^^^^^^^^^^^^^^^^^^^^^^^^^^^^^^^^^^^^^^
tests/test_week_plan_api.py:24: in &lt;module&gt;
    spec.loader.exec_module(app_module)
app.py:27: in &lt;module&gt;
    from app.routers.api_key import api_key_header
E   ModuleNotFoundError: No module named 'app.routers'; 'app' is not a package</error></testcase><testcase classname="" name="tests.test_weekly_planning_blocks_97" time="0.000"><error message="collection failure">ImportError while importing test module '/Users/katsiaryna_kavaleuskaya/Developer/BMI-App_2025_clean/tests/test_weekly_planning_blocks_97.py'.
Hint: make sure your test modules/packages have valid Python names.
Traceback:
../../.pyenv/versions/3.12.7/lib/python3.12/importlib/__init__.py:90: in import_module
    return _bootstrap._gcd_import(name[level:], package, level)
           ^^^^^^^^^^^^^^^^^^^^^^^^^^^^^^^^^^^^^^^^^^^^^^^^^^^^
tests/test_weekly_planning_blocks_97.py:29: in &lt;module&gt;
    spec.loader.exec_module(app_module)
app.py:27: in &lt;module&gt;
    from app.routers.api_key import api_key_header
E   ModuleNotFoundError: No module named 'app.routers'; 'app' is not a package</error></testcase><testcase classname="" name="tests_strict.test_api" time="0.000"><error message="collection failure">import file mismatch:
imported module 'test_api' has this __file__ attribute:
  /Users/katsiaryna_kavaleuskaya/Developer/BMI-App_2025_clean/releases/v0.1.0/BMI-App_2025_clean-0.1.0/tests/test_api.py
which is not the same as the test file we want to collect:
  /Users/katsiaryna_kavaleuskaya/Developer/BMI-App_2025_clean/tests_strict/test_api.py
HINT: remove __pycache__ / .pyc files and/or use a unique basename for your test file modules</error></testcase><testcase classname="" name="tests_strict.test_api_smoke" time="0.000"><error message="collection failure">import file mismatch:
imported module 'test_api_smoke' has this __file__ attribute:
  /Users/katsiaryna_kavaleuskaya/Developer/BMI-App_2025_clean/releases/v0.1.0/BMI-App_2025_clean-0.1.0/tests/test_api_smoke.py
which is not the same as the test file we want to collect:
  /Users/katsiaryna_kavaleuskaya/Developer/BMI-App_2025_clean/tests_strict/test_api_smoke.py
HINT: remove __pycache__ / .pyc files and/or use a unique basename for your test file modules</error></testcase><testcase classname="" name="tests_strict.test_bmi_core" time="0.000"><error message="collection failure">import file mismatch:
imported module 'test_bmi_core' has this __file__ attribute:
  /Users/katsiaryna_kavaleuskaya/Developer/BMI-App_2025_clean/releases/v0.1.0/BMI-App_2025_clean-0.1.0/tests/test_bmi_core.py
which is not the same as the test file we want to collect:
  /Users/katsiaryna_kavaleuskaya/Developer/BMI-App_2025_clean/tests_strict/test_bmi_core.py
HINT: remove __pycache__ / .pyc files and/or use a unique basename for your test file modules</error></testcase><testcase classname="" name="tests_strict.test_bmi_core_edges" time="0.000"><error message="collection failure">import file mismatch:
imported module 'test_bmi_core_edges' has this __file__ attribute:
  /Users/katsiaryna_kavaleuskaya/Developer/BMI-App_2025_clean/releases/v0.1.0/BMI-App_2025_clean-0.1.0/tests/test_bmi_core_edges.py
which is not the same as the test file we want to collect:
  /Users/katsiaryna_kavaleuskaya/Developer/BMI-App_2025_clean/tests_strict/test_bmi_core_edges.py
HINT: remove __pycache__ / .pyc files and/or use a unique basename for your test file modules</error></testcase><testcase classname="" name="tests_strict.test_bmi_core_more_edges" time="0.000"><error message="collection failure">import file mismatch:
imported module 'test_bmi_core_more_edges' has this __file__ attribute:
  /Users/katsiaryna_kavaleuskaya/Developer/BMI-App_2025_clean/releases/v0.1.0/BMI-App_2025_clean-0.1.0/tests/test_bmi_core_more_edges.py
which is not the same as the test file we want to collect:
  /Users/katsiaryna_kavaleuskaya/Developer/BMI-App_2025_clean/tests_strict/test_bmi_core_more_edges.py
HINT: remove __pycache__ / .pyc files and/or use a unique basename for your test file modules</error></testcase><testcase classname="" name="tests_strict.test_bodyfat" time="0.000"><error message="collection failure">import file mismatch:
imported module 'test_bodyfat' has this __file__ attribute:
  /Users/katsiaryna_kavaleuskaya/Developer/BMI-App_2025_clean/releases/v0.1.0/BMI-App_2025_clean-0.1.0/tests/test_bodyfat.py
which is not the same as the test file we want to collect:
  /Users/katsiaryna_kavaleuskaya/Developer/BMI-App_2025_clean/tests_strict/test_bodyfat.py
HINT: remove __pycache__ / .pyc files and/or use a unique basename for your test file modules</error></testcase></testsuite></testsuites>
