<?xml version="1.0" encoding="utf-8"?><testsuites name="pytest tests"><testsuite name="pytest" errors="0" failures="0" skipped="5" tests="544" time="1245.554" timestamp="2025-09-23T09:57:03.117327+03:00" hostname="MacBook-Air-katsiaryna.local"><testcase classname="tests.quick.test_quick_check" name="test_llm_provider_none" time="0.005" /><testcase classname="tests.quick.test_quick_check" name="test_llm_provider_stub" time="0.004" /><testcase classname="tests.quick.test_quick_check" name="test_llm_provider_grok_fallback" time="0.002" /><testcase classname="tests.test_additional_core_coverage" name="test_aliases_round_trip" time="0.004" /><testcase classname="tests.test_additional_core_coverage" name="test_i18n_translation_and_normalization" time="0.002" /><testcase classname="tests.test_additional_core_coverage" name="test_time_utils_timezone_functions" time="0.002" /><testcase classname="tests.test_additional_core_coverage" name="test_units_conversions[iu_vitd_from_ug-10-400.0]" time="0.002" /><testcase classname="tests.test_additional_core_coverage" name="test_units_conversions[mg_from_ug-2500-2.5]" time="0.001" /><testcase classname="tests.test_additional_core_coverage" name="test_units_conversions[mg_from_g-1.2-1200.0]" time="0.002" /><testcase classname="tests.test_additional_core_coverage" name="test_get_activity_factor_and_defaults" time="0.002" /><testcase classname="tests.test_additional_core_coverage" name="test_resolve_attr_prefers_candidates" time="0.001" /><testcase classname="tests.test_additional_core_coverage" name="test_plate_module_import_smoke" time="0.002" /><testcase classname="tests.test_admin_endpoints_97.TestAdminEndpoints" name="test_force_update_endpoint" time="0.820" /><testcase classname="tests.test_admin_endpoints_97.TestAdminEndpoints" name="test_check_updates_endpoint" time="0.003" /><testcase classname="tests.test_admin_endpoints_97.TestAdminEndpoints" name="test_rollback_endpoint" time="0.005" /><testcase classname="tests.test_admin_endpoints_97.TestAdminEndpoints" name="test_admin_endpoints_with_mock" time="0.012" /><testcase classname="tests.test_admin_endpoints_97.TestRemainingBlocks" name="test_insight_endpoints" time="0.007" /><testcase classname="tests.test_admin_endpoints_97.TestRemainingBlocks" name="test_api_v1_bmi" time="0.006" /><testcase classname="tests.test_admin_endpoints_97.TestRemainingBlocks" name="test_edge_cases_comprehensive" time="0.011" /><testcase classname="tests.test_admin_endpoints_97.TestRemainingBlocks" name="test_missing_optional_parameters" time="0.009" /><testcase classname="tests.test_admin_endpoints_97.TestRemainingBlocks" name="test_invalid_parameters" time="0.018" /><testcase classname="tests.test_admin_endpoints_97.TestRemainingBlocks" name="test_admin_without_api_key" time="0.009" /><testcase classname="tests.test_admin_endpoints_97.TestRemainingBlocks" name="test_comprehensive_language_support" time="0.048" /><testcase classname="tests.test_aliases 2" name="test_map_to_canonical_basic" time="0.004" /><testcase classname="tests.test_aliases 2" name="test_map_to_canonical_fallback" time="0.004" /><testcase classname="tests.test_aliases 2" name="test_map_to_canonical_with_custom_aliases" time="0.002" /><testcase classname="tests.test_aliases 2" name="test_map_to_canonical_edge_cases" time="0.003" /><testcase classname="tests.test_aliases 2" name="test_load_aliases_file_not_found" time="0.001" /><testcase classname="tests.test_aliases 2" name="test_add_alias_new_file" time="0.002" /><testcase classname="tests.test_aliases 2" name="test_add_alias_existing_file" time="0.002" /><testcase classname="tests.test_aliases 2" name="test_add_alias_default_path" time="0.002" /><testcase classname="tests.test_aliases" name="test_map_to_canonical_basic" time="0.005" /><testcase classname="tests.test_aliases" name="test_map_to_canonical_fallback" time="0.004" /><testcase classname="tests.test_aliases" name="test_map_to_canonical_with_custom_aliases" time="0.002" /><testcase classname="tests.test_aliases" name="test_map_to_canonical_edge_cases" time="0.003" /><testcase classname="tests.test_aliases" name="test_load_aliases_file_not_found" time="0.001" /><testcase classname="tests.test_aliases" name="test_add_alias_new_file" time="0.002" /><testcase classname="tests.test_aliases" name="test_add_alias_existing_file" time="0.002" /><testcase classname="tests.test_aliases" name="test_add_alias_default_path" time="0.001" /><testcase classname="tests.test_aliases_coverage_96.TestAliasesCoverage96" name="test_load_aliases_file_not_found" time="0.002" /><testcase classname="tests.test_aliases_coverage_96.TestAliasesCoverage96" name="test_load_aliases_file_exists" time="0.003" /><testcase classname="tests.test_aliases_coverage_96.TestAliasesCoverage96" name="test_load_aliases_with_whitespace" time="0.003" /><testcase classname="tests.test_aliases_coverage_96.TestAliasesCoverage96" name="test_load_aliases_empty_file" time="0.004" /><testcase classname="tests.test_aliases_coverage_96.TestAliasesCoverage96" name="test_map_to_canonical_english" time="0.002" /><testcase classname="tests.test_aliases_coverage_96.TestAliasesCoverage96" name="test_map_to_canonical_russian" time="0.001" /><testcase classname="tests.test_aliases_coverage_96.TestAliasesCoverage96" name="test_map_to_canonical_spanish" time="0.001" /><testcase classname="tests.test_aliases_coverage_96.TestAliasesCoverage96" name="test_map_to_canonical_not_found" time="0.002" /><testcase classname="tests.test_aliases_coverage_96.TestAliasesCoverage96" name="test_map_to_canonical_empty_table" time="0.002" /><testcase classname="tests.test_aliases_coverage_96.TestAliasesCoverage96" name="test_map_to_canonical_case_sensitivity" time="0.002" /><testcase classname="tests.test_aliases_coverage_96.TestAliasesCoverage96" name="test_map_to_canonical_special_characters" time="0.002" /><testcase classname="tests.test_aliases_coverage_96.TestAliasesCoverage96" name="test_map_to_canonical_numbers" time="0.002" /><testcase classname="tests.test_aliases_coverage_96.TestAliasesCoverage96" name="test_map_to_canonical_mixed_content" time="0.002" /><testcase classname="tests.test_aliases_coverage_96.TestAliasesCoverage96" name="test_map_to_canonical_default_locale" time="0.001" /><testcase classname="tests.test_aliases_coverage_96.TestAliasesCoverage96" name="test_map_to_canonical_unicode" time="0.002" /><testcase classname="tests.test_aliases_coverage_96.TestAliasesCoverage96" name="test_map_to_canonical_long_strings" time="0.002" /><testcase classname="tests.test_aliases_coverage_96.TestAliasesCoverage96" name="test_map_to_canonical_whitespace_handling" time="0.001" /><testcase classname="tests.test_aliases_coverage_96.TestAliasesCoverage96" name="test_add_alias_new_file" time="0.003" /><testcase classname="tests.test_aliases_coverage_96.TestAliasesCoverage96" name="test_add_alias_existing_file" time="0.003" /><testcase classname="tests.test_aliases_coverage_96.TestAliasesCoverage96" name="test_add_alias_with_whitespace" time="0.004" /><testcase classname="tests.test_aliases_coverage_96.TestAliasesCoverage96" name="test_add_alias_custom_path" time="0.003" /><testcase classname="tests.test_aliases_coverage_96.TestAliasesCoverage96" name="test_add_alias_multiple_calls" time="0.004" /><testcase classname="tests.test_api" name="test_v1_health" time="0.004" /><testcase classname="tests.test_api" name="test_v1_bmi_happy" time="0.004" /><testcase classname="tests.test_api" name="test_v1_bmi_invalid_height" time="0.004" /><testcase classname="tests.test_api" name="test_v1_bmi_invalid_weight" time="0.004" /><testcase classname="tests.test_api" name="test_v1_bmi_unrealistic_weight" time="0.007" /><testcase classname="tests.test_api" name="test_v1_bmi_invalid_group" time="0.004" /><testcase classname="tests.test_api" name="test_v1_bmi_underweight" time="0.004" /><testcase classname="tests.test_api" name="test_v1_bmi_overweight" time="0.006" /><testcase classname="tests.test_api" name="test_v1_bmi_obese" time="0.004" /><testcase classname="tests.test_api" name="test_v1_bodyfat" time="0.005" /><testcase classname="tests.test_api" name="test_v1_bodyfat_missing_hip" time="0.004" /><testcase classname="tests.test_api" name="test_bodyfat_import_failure" time="0.075" /><testcase classname="tests.test_api" name="test_insight_import_failure" time="0.106"><skipped type="pytest.skip" message="App import failed unexpectedly">/Users/katsiaryna_kavaleuskaya/Documents/BMI-App_2025_clean/tests/test_api.py:30: App import failed unexpectedly</skipped></testcase><testcase classname="tests.test_api" name="test_api_insight_provider_generate_failure" time="0.004" /><testcase classname="tests.test_api" name="test_api_insight_provider_none" time="0.005" /><testcase classname="tests.test_api" name="test_metrics" time="0.003" /><testcase classname="tests.test_api" name="test_category_by_bmi_ru" time="0.001" /><testcase classname="tests.test_api" name="test_compute_wht_ratio_round_exception" time="0.002" /><testcase classname="tests.test_api" name="test_v1_bmi_invalid_api_key" time="0.005" /><testcase classname="tests.test_api" name="test_v1_bmi_no_api_key" time="0.005" /><testcase classname="tests.test_api" name="test_v1_insight_invalid_api_key" time="0.005" /><testcase classname="tests.test_api" name="test_slowapi_import_failure" time="0.066"><skipped type="pytest.skip" message="App import failed unexpectedly">/Users/katsiaryna_kavaleuskaya/Documents/BMI-App_2025_clean/tests/test_api.py:30: App import failed unexpectedly</skipped></testcase><testcase classname="tests.test_api" name="test_prometheus_import_failure" time="0.063"><skipped type="pytest.skip" message="App import failed unexpectedly">/Users/katsiaryna_kavaleuskaya/Documents/BMI-App_2025_clean/tests/test_api.py:30: App import failed unexpectedly</skipped></testcase><testcase classname="tests.test_api_end_to_end_spanish.TestAPIEndToEndSpanish" name="test_bmi_endpoint_spanish" time="0.004" /><testcase classname="tests.test_api_end_to_end_spanish.TestAPIEndToEndSpanish" name="test_bodyfat_endpoint_spanish" time="0.005" /><testcase classname="tests.test_api_end_to_end_spanish.TestAPIEndToEndSpanish" name="test_plan_endpoint_spanish" time="0.004" /><testcase classname="tests.test_api_end_to_end_spanish.TestAPIEndToEndSpanish" name="test_bmi_pro_endpoint_spanish" time="0.004" /><testcase classname="tests.test_api_end_to_end_spanish.TestAPIEndToEndSpanish" name="test_all_endpoints_consistency_spanish" time="0.007" /><testcase classname="tests.test_api_endpoint" name="test_api_endpoint_multilingual" time="0.038" /><testcase classname="tests.test_api_endpoint" name="test_api_endpoint_with_targets" time="0.006" /><testcase classname="tests.test_api_extras" name="test_bmi_422_missing_fields" time="0.018" /><testcase classname="tests.test_api_extras" name="test_bmi_categories_via_api[50-170-Underweight]" time="0.006" /><testcase classname="tests.test_api_extras" name="test_bmi_categories_via_api[70-170-Normal]" time="0.005" /><testcase classname="tests.test_api_extras" name="test_bmi_categories_via_api[80-170-Overweight]" time="0.004" /><testcase classname="tests.test_api_extras" name="test_bmi_categories_via_api[95-170-Obese]" time="0.006" /><testcase classname="tests.test_api_extras" name="test_openapi_and_docs_exist" time="0.200" /><testcase classname="tests.test_api_smoke" name="test_health_ok" time="0.003" /><testcase classname="tests.test_api_smoke" name="test_bmi_smoke_ok" time="0.003" /><testcase classname="tests.test_api_smoke" name="test_v1_bmi_smoke" time="0.005" /><testcase classname="tests.test_api_smoke" name="test_v1_insight_smoke" time="0.004" /><testcase classname="tests.test_api_smoke" name="test_metrics_smoke" time="0.003" /><testcase classname="tests.test_api_spanish.TestAPISpanish" name="test_bmi_endpoint_spanish" time="0.005" /><testcase classname="tests.test_api_spanish.TestAPISpanish" name="test_bmi_pro_endpoint_spanish" time="0.005" /><testcase classname="tests.test_api_spanish.TestAPISpanish" name="test_plan_endpoint_spanish" time="0.004" /><testcase classname="tests.test_app_97_coverage_simple 2.TestImportErrorPaths" name="test_import_error_coverage_paths" time="0.002" /><testcase classname="tests.test_app_97_coverage_simple 2.TestPremiumEndpointErrorPaths" name="test_enhanced_plate_missing_functions" time="0.006" /><testcase classname="tests.test_app_97_coverage_simple 2.TestPremiumEndpointErrorPaths" name="test_nutrition_insight_missing_functions" time="0.004" /><testcase classname="tests.test_app_97_coverage_simple 2.TestPremiumEndpointErrorPaths" name="test_macro_recommendation_missing_functions" time="0.004" /><testcase classname="tests.test_app_97_coverage_simple 2.TestErrorHandlingAndEdgeCases" name="test_rate_limiting_paths" time="0.015" /><testcase classname="tests.test_app_97_coverage_simple 2.TestErrorHandlingAndEdgeCases" name="test_api_key_validation_paths" time="0.022" /><testcase classname="tests.test_app_97_coverage_simple 2.TestErrorHandlingAndEdgeCases" name="test_validation_error_paths" time="0.013" /><testcase classname="tests.test_app_97_coverage_simple 2.TestVIPAndPremiumFeaturePaths" name="test_vip_module_environment_handling" time="0.002" /><testcase classname="tests.test_app_97_coverage_simple 2.TestVIPAndPremiumFeaturePaths" name="test_premium_endpoint_authentication_paths" time="0.009" /><testcase classname="tests.test_app_97_coverage_simple 2.TestAsyncAndBackgroundTasks" name="test_scheduler_and_background_tasks" time="0.046" /><testcase classname="tests.test_app_97_coverage_simple 2.TestAsyncAndBackgroundTasks" name="test_prometheus_metrics_paths" time="0.013" /><testcase classname="tests.test_app_97_coverage_simple 2.TestComplexDataCombinations" name="test_bmi_endpoint_complex_combinations" time="0.011" /><testcase classname="tests.test_app_97_coverage_simple 2.TestComplexDataCombinations" name="test_plan_endpoint_complex_combinations" time="0.007" /><testcase classname="tests.test_app_97_coverage_simple 2.TestLanguageAndLocalization" name="test_language_handling_paths" time="0.014" /><testcase classname="tests.test_app_97_coverage_simple 2.TestLanguageAndLocalization" name="test_spanish_localization_paths" time="0.011" /><testcase classname="tests.test_app_97_coverage_simple.TestImportErrorPaths" name="test_import_error_coverage_paths" time="0.001" /><testcase classname="tests.test_app_97_coverage_simple.TestPremiumEndpointErrorPaths" name="test_enhanced_plate_missing_functions" time="0.004" /><testcase classname="tests.test_app_97_coverage_simple.TestPremiumEndpointErrorPaths" name="test_nutrition_insight_missing_functions" time="0.004" /><testcase classname="tests.test_app_97_coverage_simple.TestPremiumEndpointErrorPaths" name="test_macro_recommendation_missing_functions" time="0.004" /><testcase classname="tests.test_app_97_coverage_simple.TestErrorHandlingAndEdgeCases" name="test_rate_limiting_paths" time="0.017" /><testcase classname="tests.test_app_97_coverage_simple.TestErrorHandlingAndEdgeCases" name="test_api_key_validation_paths" time="0.010" /><testcase classname="tests.test_app_97_coverage_simple.TestErrorHandlingAndEdgeCases" name="test_validation_error_paths" time="0.012" /><testcase classname="tests.test_app_97_coverage_simple.TestVIPAndPremiumFeaturePaths" name="test_vip_module_environment_handling" time="0.001" /><testcase classname="tests.test_app_97_coverage_simple.TestVIPAndPremiumFeaturePaths" name="test_premium_endpoint_authentication_paths" time="0.010" /><testcase classname="tests.test_app_97_coverage_simple.TestAsyncAndBackgroundTasks" name="test_scheduler_and_background_tasks" time="0.006" /><testcase classname="tests.test_app_97_coverage_simple.TestAsyncAndBackgroundTasks" name="test_prometheus_metrics_paths" time="0.011" /><testcase classname="tests.test_app_97_coverage_simple.TestComplexDataCombinations" name="test_bmi_endpoint_complex_combinations" time="0.005" /><testcase classname="tests.test_app_97_coverage_simple.TestComplexDataCombinations" name="test_plan_endpoint_complex_combinations" time="0.005" /><testcase classname="tests.test_app_97_coverage_simple.TestLanguageAndLocalization" name="test_language_handling_paths" time="0.013" /><testcase classname="tests.test_app_97_coverage_simple.TestLanguageAndLocalization" name="test_spanish_localization_paths" time="0.009" /><testcase classname="tests.test_app_bmi_bodyfat_coverage.TestAppBMIBodyfatCoverage" name="test_endpoint_valid_request[/api/v1/bmi-valid_payload0-invalid_payload0]" time="0.008" /><testcase classname="tests.test_app_bmi_bodyfat_coverage.TestAppBMIBodyfatCoverage" name="test_endpoint_valid_request[/api/v1/bodyfat-valid_payload1-invalid_payload1]" time="0.006" /><testcase classname="tests.test_app_bmi_bodyfat_coverage.TestAppBMIBodyfatCoverage" name="test_endpoint_invalid_data[/api/v1/bmi-invalid_payload0-422]" time="0.029" /><testcase classname="tests.test_app_bmi_bodyfat_coverage.TestAppBMIBodyfatCoverage" name="test_endpoint_invalid_data[/api/v1/bodyfat-invalid_payload1-422]" time="0.006" /><testcase classname="tests.test_app_bmi_bodyfat_coverage.TestAppBMIBodyfatCoverage" name="test_endpoint_invalid_data[/api/v1/bmi-invalid_payload2-422]" time="0.007" /><testcase classname="tests.test_app_bmi_bodyfat_coverage.TestAppBMIBodyfatCoverage" name="test_endpoint_invalid_data[/api/v1/bodyfat-invalid_payload3-200]" time="0.008" /><testcase classname="tests.test_app_bmi_bodyfat_coverage.TestAppBMIBodyfatCoverage" name="test_endpoint_missing_api_key[/api/v1/bmi-valid_payload0-expected_status0]" time="0.006" /><testcase classname="tests.test_app_bmi_bodyfat_coverage.TestAppBMIBodyfatCoverage" name="test_endpoint_missing_api_key[/api/v1/bodyfat-valid_payload1-200]" time="0.006" /><testcase classname="tests.test_app_bmi_bodyfat_coverage.TestAppBMIBodyfatCoverage" name="test_bmi_logging_coverage" time="0.005" /><testcase classname="tests.test_app_bmi_bodyfat_coverage.TestAppBMIBodyfatCoverage" name="test_bmi_metrics_coverage" time="0.006" /><testcase classname="tests.test_app_bmi_v1 2.TestBMIv1API" name="test_bmi_v1_happy_path_general" time="0.005" /><testcase classname="tests.test_app_bmi_v1 2.TestBMIv1API" name="test_bmi_v1_happy_path_athlete" time="0.004" /><testcase classname="tests.test_app_bmi_v1 2.TestBMIv1API" name="test_bmi_v1_pregnant_category" time="0.006" /><testcase classname="tests.test_app_bmi_v1 2.TestBMIv1API" name="test_bmi_v1_with_waist_risk" time="0.005" /><testcase classname="tests.test_app_bmi_v1 2.TestBMIv1API" name="test_bmi_v1_422_missing_required_fields" time="0.010" /><testcase classname="tests.test_app_bmi_v1 2.TestBMIv1API" name="test_bmi_v1_422_invalid_values" time="0.013" /><testcase classname="tests.test_app_bmi_v1 2.TestBMIv1API" name="test_bmi_v1_realistic_validation" time="0.005" /><testcase classname="tests.test_app_bmi_v1 2.TestBMIv1API" name="test_bmi_v1_missing_api_key" time="0.004" /><testcase classname="tests.test_app_bmi_v1 2.TestBMIv1API" name="test_bmi_v1_invalid_api_key" time="0.004" /><testcase classname="tests.test_app_bmi_v1 2.TestBMIv1API" name="test_bmi_v1_localization_russian" time="0.006" /><testcase classname="tests.test_app_bmi_v1 2.TestBMIv1API" name="test_bmi_v1_localization_spanish" time="0.004" /><testcase classname="tests.test_app_bmi_v1.TestBMIv1API" name="test_bmi_v1_happy_path_general" time="0.004" /><testcase classname="tests.test_app_bmi_v1.TestBMIv1API" name="test_bmi_v1_happy_path_athlete" time="0.006" /><testcase classname="tests.test_app_bmi_v1.TestBMIv1API" name="test_bmi_v1_pregnant_category" time="0.004" /><testcase classname="tests.test_app_bmi_v1.TestBMIv1API" name="test_bmi_v1_with_waist_risk" time="0.004" /><testcase classname="tests.test_app_bmi_v1.TestBMIv1API" name="test_bmi_v1_422_missing_required_fields" time="0.011" /><testcase classname="tests.test_app_bmi_v1.TestBMIv1API" name="test_bmi_v1_422_invalid_values" time="0.013" /><testcase classname="tests.test_app_bmi_v1.TestBMIv1API" name="test_bmi_v1_realistic_validation" time="0.005" /><testcase classname="tests.test_app_bmi_v1.TestBMIv1API" name="test_bmi_v1_missing_api_key" time="0.018" /><testcase classname="tests.test_app_bmi_v1.TestBMIv1API" name="test_bmi_v1_invalid_api_key" time="0.004" /><testcase classname="tests.test_app_bmi_v1.TestBMIv1API" name="test_bmi_v1_localization_russian" time="0.005" /><testcase classname="tests.test_app_bmi_v1.TestBMIv1API" name="test_bmi_v1_localization_spanish" time="0.004" /><testcase classname="tests.test_app_bodyfat_v1 2.TestBodyfatv1API" name="test_bodyfat_v1_happy_female" time="0.005" /><testcase classname="tests.test_app_bodyfat_v1 2.TestBodyfatv1API" name="test_bodyfat_v1_happy_male" time="0.005" /><testcase classname="tests.test_app_bodyfat_v1 2.TestBodyfatv1API" name="test_bodyfat_v1_validation_missing_gender" time="0.005" /><testcase classname="tests.test_app_bodyfat_v1 2.TestBodyfatv1API" name="test_bodyfat_v1_422_invalid_ranges" time="0.017" /><testcase classname="tests.test_app_bodyfat_v1 2.TestBodyfatv1API" name="test_bodyfat_v1_invalid_gender_fallback" time="0.008" /><testcase classname="tests.test_app_bodyfat_v1 2.TestBodyfatv1API" name="test_bodyfat_v1_edge_case_measurements" time="0.005" /><testcase classname="tests.test_app_bodyfat_v1 2.TestBodyfatv1API" name="test_bodyfat_v1_older_adult" time="0.005" /><testcase classname="tests.test_app_bodyfat_v1.TestBodyfatv1API" name="test_bodyfat_v1_happy_female" time="0.005" /><testcase classname="tests.test_app_bodyfat_v1.TestBodyfatv1API" name="test_bodyfat_v1_happy_male" time="0.005" /><testcase classname="tests.test_app_bodyfat_v1.TestBodyfatv1API" name="test_bodyfat_v1_validation_missing_gender" time="0.004" /><testcase classname="tests.test_app_bodyfat_v1.TestBodyfatv1API" name="test_bodyfat_v1_422_invalid_ranges" time="0.009" /><testcase classname="tests.test_app_bodyfat_v1.TestBodyfatv1API" name="test_bodyfat_v1_invalid_gender_fallback" time="0.004" /><testcase classname="tests.test_app_bodyfat_v1.TestBodyfatv1API" name="test_bodyfat_v1_edge_case_measurements" time="0.004" /><testcase classname="tests.test_app_bodyfat_v1.TestBodyfatv1API" name="test_bodyfat_v1_older_adult" time="0.005" /><testcase classname="tests.test_app_branching_and_errors" name="test_export_csv_no_pandas_no_key" time="0.004" /><testcase classname="tests.test_app_branching_and_errors" name="test_export_pdf_no_reportlab_no_key" time="0.063" /><testcase classname="tests.test_app_branching_and_errors" name="test_rag_context_fallback" time="0.004" /><testcase classname="tests.test_app_branching_and_errors" name="test_premium_nutrient_gaps_fallback" time="0.055" /><testcase classname="tests.test_app_branching_and_errors" name="test_bmi_endpoint_invalid_payload" time="0.005" /><testcase classname="tests.test_app_branching_and_errors" name="test_bmi_endpoint_value_error" time="0.004" /><testcase classname="tests.test_app_branching_and_errors" name="test_premium_bmr_403_if_feature_flag" time="0.004" /><testcase classname="tests.test_app_branching_and_errors" name="test_export_pdf_error" time="0.004" /><testcase classname="tests.test_app_branching_and_errors" name="test_weekly_menu_generation_error" time="0.004" /><testcase classname="tests.test_app_branching_and_errors" name="test_no_calculate_all_bmr" time="0.054"><skipped type="pytest.xfail" message="calculate_all_bmr is not None after reload; patching not supported in this environment" /></testcase><testcase classname="tests.test_app_branching_and_errors" name="test_no_bmi_pro_router" time="0.002" /><testcase classname="tests.test_app_branching_and_errors" name="test_no_premium_week_router" time="0.001" /><testcase classname="tests.test_app_branching_and_errors" name="test_root_endpoint" time="0.007" /><testcase classname="tests.test_app_branching_and_errors" name="test_invalid_route" time="0.005" /><testcase classname="tests.test_app_branching_and_errors" name="test_health_endpoint" time="0.004" /><testcase classname="tests.test_app_branching_and_errors" name="test_vip_module_disabled" time="0.057" /><testcase classname="tests.test_app_branching_and_errors" name="test_vip_module_enabled" time="0.051" /><testcase classname="tests.test_app_branching_and_errors" name="test_invalid_method" time="0.005" /><testcase classname="tests.test_app_branching_and_errors" name="test_internal_error" time="0.006"><skipped type="pytest.xfail" message="app.routers.foods has no attribute 'get_foods'" /></testcase><testcase classname="tests.test_app_comprehensive_97_final 2.TestAppComprehensive97" name="test_bmi_endpoint_with_visualization" time="0.006" /><testcase classname="tests.test_app_comprehensive_97_final 2.TestAppComprehensive97" name="test_bmi_endpoint_athlete_with_visualization" time="0.008" /><testcase classname="tests.test_app_comprehensive_97_final 2.TestAppComprehensive97" name="test_bmi_endpoint_visualization_not_available" time="0.199" /><testcase classname="tests.test_app_comprehensive_97_final 2.TestAppComprehensive97" name="test_plan_endpoint_russian_language" time="0.004" /><testcase classname="tests.test_app_comprehensive_97_final 2.TestAppComprehensive97" name="test_plan_endpoint_russian_with_premium" time="0.004" /><testcase classname="tests.test_app_comprehensive_97_final 2.TestAppComprehensive97" name="test_plan_endpoint_english_language" time="0.004" /><testcase classname="tests.test_app_comprehensive_97_final 2.TestAppComprehensive97" name="test_plan_endpoint_english_with_premium" time="0.004" /><testcase classname="tests.test_app_comprehensive_97_final 2.TestAppComprehensive97" name="test_plan_endpoint_pregnant_case" time="0.003" /><testcase classname="tests.test_app_comprehensive_97_final 2.TestAppComprehensive97" name="test_premium_bmr_endpoint_success" time="0.004" /><testcase classname="tests.test_app_comprehensive_97_final 2.TestAppComprehensive97" name="test_premium_bmr_endpoint_module_not_available" time="0.004" /><testcase classname="tests.test_app_comprehensive_97_final 2.TestAppComprehensive97" name="test_premium_bmr_endpoint_value_error" time="0.004" /><testcase classname="tests.test_app_comprehensive_97_final 2.TestAppComprehensive97" name="test_premium_bmr_endpoint_general_error" time="0.004" /><testcase classname="tests.test_app_comprehensive_97_final 2.TestAppComprehensive97" name="test_premium_targets_endpoint_success" time="0.006" /><testcase classname="tests.test_app_comprehensive_97_final 2.TestAppComprehensive97" name="test_premium_targets_endpoint_not_available" time="0.004" /><testcase classname="tests.test_app_comprehensive_97_final 2.TestAppComprehensive97" name="test_premium_targets_with_safety_warnings" time="0.005" /><testcase classname="tests.test_app_comprehensive_97_final 2.TestAppComprehensive97" name="test_bmi_endpoint_waist_risk_calculation" time="0.005" /><testcase classname="tests.test_app_comprehensive_97_final 2.TestAppComprehensive97" name="test_plan_endpoint_athlete_case" time="0.004" /><testcase classname="tests.test_app_comprehensive_97_final 2.TestAppComprehensive97" name="test_activity_level_descriptions" time="0.004" /><testcase classname="tests.test_app_comprehensive_97_final 2.TestAppComprehensive97" name="test_katch_bmr_note" time="0.005" /><testcase classname="tests.test_app_comprehensive_97_final 2.TestAppComprehensive97" name="test_premium_targets_import_error_handling" time="0.005" /><testcase classname="tests.test_app_comprehensive_97_final.TestAppComprehensive97" name="test_bmi_endpoint_with_visualization" time="0.004" /><testcase classname="tests.test_app_comprehensive_97_final.TestAppComprehensive97" name="test_bmi_endpoint_athlete_with_visualization" time="0.006" /><testcase classname="tests.test_app_comprehensive_97_final.TestAppComprehensive97" name="test_bmi_endpoint_visualization_not_available" time="0.153" /><testcase classname="tests.test_app_comprehensive_97_final.TestAppComprehensive97" name="test_plan_endpoint_russian_language" time="0.004" /><testcase classname="tests.test_app_comprehensive_97_final.TestAppComprehensive97" name="test_plan_endpoint_russian_with_premium" time="0.005" /><testcase classname="tests.test_app_comprehensive_97_final.TestAppComprehensive97" name="test_plan_endpoint_english_language" time="0.004" /><testcase classname="tests.test_app_comprehensive_97_final.TestAppComprehensive97" name="test_plan_endpoint_english_with_premium" time="0.004" /><testcase classname="tests.test_app_comprehensive_97_final.TestAppComprehensive97" name="test_plan_endpoint_pregnant_case" time="0.004" /><testcase classname="tests.test_app_comprehensive_97_final.TestAppComprehensive97" name="test_premium_bmr_endpoint_success" time="0.003" /><testcase classname="tests.test_app_comprehensive_97_final.TestAppComprehensive97" name="test_premium_bmr_endpoint_module_not_available" time="0.005" /><testcase classname="tests.test_app_comprehensive_97_final.TestAppComprehensive97" name="test_premium_bmr_endpoint_value_error" time="0.004" /><testcase classname="tests.test_app_comprehensive_97_final.TestAppComprehensive97" name="test_premium_bmr_endpoint_general_error" time="0.004" /><testcase classname="tests.test_app_comprehensive_97_final.TestAppComprehensive97" name="test_premium_targets_endpoint_success" time="0.006" /><testcase classname="tests.test_app_comprehensive_97_final.TestAppComprehensive97" name="test_premium_targets_endpoint_not_available" time="0.003" /><testcase classname="tests.test_app_comprehensive_97_final.TestAppComprehensive97" name="test_premium_targets_with_safety_warnings" time="0.005" /><testcase classname="tests.test_app_comprehensive_97_final.TestAppComprehensive97" name="test_bmi_endpoint_waist_risk_calculation" time="0.004" /><testcase classname="tests.test_app_comprehensive_97_final.TestAppComprehensive97" name="test_plan_endpoint_athlete_case" time="0.005" /><testcase classname="tests.test_app_comprehensive_97_final.TestAppComprehensive97" name="test_activity_level_descriptions" time="0.006" /><testcase classname="tests.test_app_comprehensive_97_final.TestAppComprehensive97" name="test_katch_bmr_note" time="0.006" /><testcase classname="tests.test_app_comprehensive_97_final.TestAppComprehensive97" name="test_premium_targets_import_error_handling" time="0.005" /><testcase classname="tests.test_app_corrected_97 2.TestAppCorrected97" name="test_bmi_pregnant_with_visualization" time="0.004" /><testcase classname="tests.test_app_corrected_97 2.TestAppCorrected97" name="test_bmi_athlete_with_visualization" time="0.005" /><testcase classname="tests.test_app_corrected_97 2.TestAppCorrected97" name="test_bmi_regular_with_waist_risk" time="0.004" /><testcase classname="tests.test_app_corrected_97 2.TestAppCorrected97" name="test_plan_russian_basic" time="0.005" /><testcase classname="tests.test_app_corrected_97 2.TestAppCorrected97" name="test_plan_russian_premium" time="0.005" /><testcase classname="tests.test_app_corrected_97 2.TestAppCorrected97" name="test_plan_english_basic" time="0.004" /><testcase classname="tests.test_app_corrected_97 2.TestAppCorrected97" name="test_plan_english_premium" time="0.005" /><testcase classname="tests.test_app_corrected_97 2.TestAppCorrected97" name="test_plan_pregnant_category_none" time="0.005" /><testcase classname="tests.test_app_corrected_97 2.TestAppCorrected97" name="test_bmi_variations_for_coverage" time="0.008" /><testcase classname="tests.test_app_corrected_97 2.TestAppCorrected97" name="test_premium_bmr_endpoint" time="0.004" /><testcase classname="tests.test_app_corrected_97 2.TestAppCorrected97" name="test_premium_targets_endpoint" time="0.005" /><testcase classname="tests.test_app_corrected_97 2.TestAppCorrected97" name="test_premium_bmr_api_endpoint_with_key" time="0.006" /><testcase classname="tests.test_app_corrected_97 2.TestAppCorrected97" name="test_premium_bmr_api_no_key" time="0.005" /><testcase classname="tests.test_app_corrected_97 2.TestAppCorrected97" name="test_premium_bmr_api_with_bodyfat" time="0.005" /><testcase classname="tests.test_app_corrected_97 2.TestAppCorrected97" name="test_premium_targets_api_endpoint_with_key" time="0.004" /><testcase classname="tests.test_app_corrected_97 2.TestAppCorrected97" name="test_premium_targets_special_conditions" time="0.005" /><testcase classname="tests.test_app_corrected_97 2.TestAppCorrected97" name="test_activity_level_variations" time="0.013" /><testcase classname="tests.test_app_corrected_97 2.TestAppCorrected97" name="test_premium_weekly_menu" time="0.006" /><testcase classname="tests.test_app_corrected_97 2.TestAppCorrected97" name="test_premium_nutrient_gaps" time="0.004" /><testcase classname="tests.test_app_corrected_97 2.TestAppCorrected97" name="test_admin_force_update" time="0.732" /><testcase classname="tests.test_app_corrected_97 2.TestAppCorrected97" name="test_admin_force_update_specific_source" time="0.008" /><testcase classname="tests.test_app_corrected_97 2.TestAppCorrected97" name="test_premium_gaps_with_vegan_profile" time="0.006" /><testcase classname="tests.test_app_corrected_97 2.TestAppCorrected97" name="test_weekly_menu_athlete_profile" time="0.005" /><testcase classname="tests.test_app_corrected_97 2.TestAppCorrected97" name="test_export_daily_plan_csv" time="0.004" /><testcase classname="tests.test_app_corrected_97 2.TestAppCorrected97" name="test_export_weekly_plan_csv" time="0.005" /><testcase classname="tests.test_app_corrected_97 2.TestAppCorrected97" name="test_export_daily_plan_pdf" time="0.004" /><testcase classname="tests.test_app_corrected_97 2.TestAppCorrected97" name="test_export_weekly_plan_pdf" time="0.004" /><testcase classname="tests.test_app_corrected_97 2.TestAppCorrected97" name="test_export_csv_endpoints_variety" time="0.051" /><testcase classname="tests.test_app_corrected_97 2.TestAppCorrected97" name="test_export_pdf_endpoints_variety" time="0.014" /><testcase classname="tests.test_app_corrected_97 2.TestAppCorrected97" name="test_bmi_visualization_comprehensive" time="0.009" /><testcase classname="tests.test_app_corrected_97 2.TestAppCorrected97" name="test_plan_multilingual_comprehensive" time="0.009" /><testcase classname="tests.test_app_corrected_97 2.TestAppCorrected97" name="test_insight_endpoint" time="0.005" /><testcase classname="tests.test_app_corrected_97 2.TestAppCorrected97" name="test_admin_check_updates" time="0.004" /><testcase classname="tests.test_app_corrected_97 2.TestAppCorrected97" name="test_admin_rollback" time="0.005" /><testcase classname="tests.test_app_corrected_97 2.TestAppCorrected97" name="test_edge_cases_invalid_data" time="0.007" /><testcase classname="tests.test_app_corrected_97 2.TestAppCorrected97" name="test_edge_cases_missing_fields" time="0.006" /><testcase classname="tests.test_app_corrected_97 2.TestAppCorrected97" name="test_edge_cases_extreme_values" time="0.007" /><testcase classname="tests.test_app_corrected_97 2.TestAppCorrected97" name="test_edge_cases_unauthorized_access" time="0.023" /><testcase classname="tests.test_app_corrected_97 2.TestAppCorrected97" name="test_edge_cases_invalid_api_keys" time="0.011" /><testcase classname="tests.test_app_corrected_97 2.TestAppCorrected97" name="test_edge_cases_method_not_allowed" time="0.008" /><testcase classname="tests.test_app_corrected_97 2.TestAppCorrected97" name="test_edge_cases_language_fallback" time="0.014" /><testcase classname="tests.test_app_corrected_97 2.TestAppCorrected97" name="test_edge_cases_special_characters" time="0.007" /><testcase classname="tests.test_app_corrected_97 2.TestAppCorrected97" name="test_edge_cases_content_types" time="0.004" /><testcase classname="tests.test_app_corrected_97 2.TestAppCorrected97" name="test_root_endpoint" time="0.003" /><testcase classname="tests.test_app_corrected_97 2.TestAppCorrected97" name="test_v1_endpoints_basic" time="0.005" /><testcase classname="tests.test_app_corrected_97 2.TestAppCorrected97" name="test_v1_pregnant_bmi" time="0.005" /><testcase classname="tests.test_app_corrected_97 2.TestAppCorrected97" name="test_insight_endpoint_disabled" time="0.004" /><testcase classname="tests.test_app_corrected_97 2.TestAppCorrected97" name="test_premium_bmr_without_module" time="0.004" /><testcase classname="tests.test_app_corrected_97 2.TestAppCorrected97" name="test_premium_plate_without_module" time="0.005" /><testcase classname="tests.test_app_corrected_97 2.TestAppCorrected97" name="test_bmi_with_waist_risk" time="0.004" /><testcase classname="tests.test_app_corrected_97 2.TestAppCorrected97" name="test_visualization_error_handling" time="0.150" /><testcase classname="tests.test_app_corrected_97 2.TestAppCorrected97" name="test_admin_endpoints_comprehensive" time="2.307" /><testcase classname="tests.test_app_corrected_97 2.TestAppCorrected97" name="test_premium_endpoints_without_auth" time="0.087" /><testcase classname="tests.test_app_corrected_97 2.TestAppCorrected97" name="test_premium_weekly_and_gaps_comprehensive" time="0.115" /><testcase classname="tests.test_app_corrected_97 2.TestAppCorrected97" name="test_export_endpoints_comprehensive" time="0.227" /><testcase classname="tests.test_app_corrected_97 2.TestAppCorrected97" name="test_bmi_endpoint_edge_cases" time="0.087" /><testcase classname="tests.test_app_corrected_97 2.TestAppCorrected97" name="test_plan_endpoint_comprehensive" time="0.104" /><testcase classname="tests.test_app_corrected_97 2.TestAppCorrected97" name="test_v1_bmi_waist_combinations" time="0.052" /><testcase classname="tests.test_app_corrected_97 2.TestAppCorrected97" name="test_error_handling_edge_cases" time="0.058" /><testcase classname="tests.test_app_corrected_97 2.TestAppCorrected97" name="test_metrics_endpoint" time="0.015" /><testcase classname="tests.test_app_corrected_97 2.TestAppCorrected97" name="test_health_check_endpoint" time="0.067" /><testcase classname="tests.test_app_corrected_97 2.TestAppCorrected97" name="test_options_requests" time="0.035" /><testcase classname="tests.test_app_corrected_97 2.TestAppCorrected97" name="test_different_content_types" time="0.010" /><testcase classname="tests.test_app_corrected_97 2.TestAppCorrected97" name="test_edge_case_calculations" time="0.061" /><testcase classname="tests.test_app_corrected_97 2.TestAppCorrected97" name="test_language_specific_responses" time="0.216" /><testcase classname="tests.test_app_corrected_97.TestAppCorrected97" name="test_bmi_pregnant_with_visualization" time="0.046" /><testcase classname="tests.test_app_corrected_97.TestAppCorrected97" name="test_bmi_athlete_with_visualization" time="0.048" /><testcase classname="tests.test_app_corrected_97.TestAppCorrected97" name="test_bmi_regular_with_waist_risk" time="0.076" /><testcase classname="tests.test_app_corrected_97.TestAppCorrected97" name="test_plan_russian_basic" time="0.047" /><testcase classname="tests.test_app_corrected_97.TestAppCorrected97" name="test_plan_russian_premium" time="0.070" /><testcase classname="tests.test_app_corrected_97.TestAppCorrected97" name="test_plan_english_basic" time="0.039" /><testcase classname="tests.test_app_corrected_97.TestAppCorrected97" name="test_plan_english_premium" time="0.056" /><testcase classname="tests.test_app_corrected_97.TestAppCorrected97" name="test_plan_pregnant_category_none" time="0.038" /><testcase classname="tests.test_app_corrected_97.TestAppCorrected97" name="test_bmi_variations_for_coverage" time="0.035" /><testcase classname="tests.test_app_corrected_97.TestAppCorrected97" name="test_premium_bmr_endpoint" time="0.041" /><testcase classname="tests.test_app_corrected_97.TestAppCorrected97" name="test_premium_targets_endpoint" time="0.051" /><testcase classname="tests.test_app_corrected_97.TestAppCorrected97" name="test_premium_bmr_api_endpoint_with_key" time="0.037" /><testcase classname="tests.test_app_corrected_97.TestAppCorrected97" name="test_premium_bmr_api_no_key" time="0.065" /><testcase classname="tests.test_app_corrected_97.TestAppCorrected97" name="test_premium_bmr_api_with_bodyfat" time="0.111" /><testcase classname="tests.test_app_corrected_97.TestAppCorrected97" name="test_premium_targets_api_endpoint_with_key" time="0.052" /><testcase classname="tests.test_app_corrected_97.TestAppCorrected97" name="test_premium_targets_special_conditions" time="0.079" /><testcase classname="tests.test_app_corrected_97.TestAppCorrected97" name="test_activity_level_variations" time="0.076" /><testcase classname="tests.test_app_corrected_97.TestAppCorrected97" name="test_premium_weekly_menu" time="0.047" /><testcase classname="tests.test_app_corrected_97.TestAppCorrected97" name="test_premium_nutrient_gaps" time="0.025" /><testcase classname="tests.test_app_corrected_97.TestAppCorrected97" name="test_admin_force_update" time="0.771" /><testcase classname="tests.test_app_corrected_97.TestAppCorrected97" name="test_admin_force_update_specific_source" time="0.004" /><testcase classname="tests.test_app_corrected_97.TestAppCorrected97" name="test_premium_gaps_with_vegan_profile" time="0.005" /><testcase classname="tests.test_app_corrected_97.TestAppCorrected97" name="test_weekly_menu_athlete_profile" time="0.006" /><testcase classname="tests.test_app_corrected_97.TestAppCorrected97" name="test_export_daily_plan_csv" time="0.004" /><testcase classname="tests.test_app_corrected_97.TestAppCorrected97" name="test_export_weekly_plan_csv" time="0.004" /><testcase classname="tests.test_app_corrected_97.TestAppCorrected97" name="test_export_daily_plan_pdf" time="0.005" /><testcase classname="tests.test_app_corrected_97.TestAppCorrected97" name="test_export_weekly_plan_pdf" time="0.005" /><testcase classname="tests.test_app_corrected_97.TestAppCorrected97" name="test_export_csv_endpoints_variety" time="0.066" /><testcase classname="tests.test_app_corrected_97.TestAppCorrected97" name="test_export_pdf_endpoints_variety" time="0.014" /><testcase classname="tests.test_app_corrected_97.TestAppCorrected97" name="test_bmi_visualization_comprehensive" time="0.008" /><testcase classname="tests.test_app_corrected_97.TestAppCorrected97" name="test_plan_multilingual_comprehensive" time="0.010" /><testcase classname="tests.test_app_corrected_97.TestAppCorrected97" name="test_insight_endpoint" time="0.004" /><testcase classname="tests.test_app_corrected_97.TestAppCorrected97" name="test_admin_check_updates" time="0.003" /><testcase classname="tests.test_app_corrected_97.TestAppCorrected97" name="test_admin_rollback" time="0.004" /><testcase classname="tests.test_app_corrected_97.TestAppCorrected97" name="test_edge_cases_invalid_data" time="0.006" /><testcase classname="tests.test_app_corrected_97.TestAppCorrected97" name="test_edge_cases_missing_fields" time="0.006" /><testcase classname="tests.test_app_corrected_97.TestAppCorrected97" name="test_edge_cases_extreme_values" time="0.006" /><testcase classname="tests.test_app_corrected_97.TestAppCorrected97" name="test_edge_cases_unauthorized_access" time="0.021" /><testcase classname="tests.test_app_corrected_97.TestAppCorrected97" name="test_edge_cases_invalid_api_keys" time="0.011" /><testcase classname="tests.test_app_corrected_97.TestAppCorrected97" name="test_edge_cases_method_not_allowed" time="0.009" /><testcase classname="tests.test_app_corrected_97.TestAppCorrected97" name="test_edge_cases_language_fallback" time="0.015" /><testcase classname="tests.test_app_corrected_97.TestAppCorrected97" name="test_edge_cases_special_characters" time="0.008" /><testcase classname="tests.test_app_corrected_97.TestAppCorrected97" name="test_edge_cases_content_types" time="0.004" /><testcase classname="tests.test_app_corrected_97.TestAppCorrected97" name="test_root_endpoint" time="0.003" /><testcase classname="tests.test_app_corrected_97.TestAppCorrected97" name="test_v1_endpoints_basic" time="0.004" /><testcase classname="tests.test_app_corrected_97.TestAppCorrected97" name="test_v1_pregnant_bmi" time="0.005" /><testcase classname="tests.test_app_corrected_97.TestAppCorrected97" name="test_insight_endpoint_disabled" time="0.003" /><testcase classname="tests.test_app_corrected_97.TestAppCorrected97" name="test_premium_bmr_without_module" time="0.004" /><testcase classname="tests.test_app_corrected_97.TestAppCorrected97" name="test_premium_plate_without_module" time="0.004" /><testcase classname="tests.test_app_corrected_97.TestAppCorrected97" name="test_bmi_with_waist_risk" time="0.004" /><testcase classname="tests.test_app_corrected_97.TestAppCorrected97" name="test_visualization_error_handling" time="0.245" /><testcase classname="tests.test_app_corrected_97.TestAppCorrected97" name="test_admin_endpoints_comprehensive" time="2.417" /><testcase classname="tests.test_app_corrected_97.TestAppCorrected97" name="test_premium_endpoints_without_auth" time="0.272" /><testcase classname="tests.test_app_corrected_97.TestAppCorrected97" name="test_premium_weekly_and_gaps_comprehensive" time="0.098" /><testcase classname="tests.test_app_corrected_97.TestAppCorrected97" name="test_export_endpoints_comprehensive" time="0.385" /><testcase classname="tests.test_app_corrected_97.TestAppCorrected97" name="test_bmi_endpoint_edge_cases" time="0.256" /><testcase classname="tests.test_app_corrected_97.TestAppCorrected97" name="test_plan_endpoint_comprehensive" time="0.076" /><testcase classname="tests.test_app_corrected_97.TestAppCorrected97" name="test_v1_bmi_waist_combinations" time="0.154" /><testcase classname="tests.test_app_corrected_97.TestAppCorrected97" name="test_error_handling_edge_cases" time="0.115" /><testcase classname="tests.test_app_corrected_97.TestAppCorrected97" name="test_metrics_endpoint" time="0.018" /><testcase classname="tests.test_app_corrected_97.TestAppCorrected97" name="test_health_check_endpoint" time="0.078" /><testcase classname="tests.test_app_corrected_97.TestAppCorrected97" name="test_options_requests" time="0.043" /><testcase classname="tests.test_app_corrected_97.TestAppCorrected97" name="test_different_content_types" time="0.021" /><testcase classname="tests.test_app_corrected_97.TestAppCorrected97" name="test_edge_case_calculations" time="0.065" /><testcase classname="tests.test_app_corrected_97.TestAppCorrected97" name="test_language_specific_responses" time="0.253" /><testcase classname="tests.test_app_cover 2" name="test_bmi_groups_exercise_branches[athlete]" time="0.091" /><testcase classname="tests.test_app_cover 2" name="test_bmi_groups_exercise_branches[pregnant]" time="0.122" /><testcase classname="tests.test_app_cover 2" name="test_bmi_groups_exercise_branches[elderly]" time="0.031" /><testcase classname="tests.test_app_cover 2" name="test_bmi_groups_exercise_branches[teen]" time="0.022" /><testcase classname="tests.test_app_cover 2" name="test_insight_route_or_skip" time="0.021" /><testcase classname="tests.test_app_cover 2" name="test_debug_env_keys_or_skip" time="0.023" /><testcase classname="tests.test_app_cover 2" name="test_bmi_endpoint_lang_en_athlete" time="0.018" /><testcase classname="tests.test_app_cover" name="test_bmi_groups_exercise_branches[athlete]" time="0.098" /><testcase classname="tests.test_app_cover" name="test_bmi_groups_exercise_branches[pregnant]" time="0.066" /><testcase classname="tests.test_app_cover" name="test_bmi_groups_exercise_branches[elderly]" time="0.072" /><testcase classname="tests.test_app_cover" name="test_bmi_groups_exercise_branches[teen]" time="0.093" /><testcase classname="tests.test_app_cover" name="test_insight_route_or_skip" time="0.140" /><testcase classname="tests.test_app_cover" name="test_debug_env_keys_or_skip" time="0.089" /><testcase classname="tests.test_app_cover" name="test_bmi_endpoint_lang_en_athlete" time="0.090" /><testcase classname="tests.test_app_coverage_97_aggressive.TestAppCoverage97Aggressive" name="test_app_bmi_edge_cases" time="0.111" /><testcase classname="tests.test_app_coverage_97_aggressive.TestAppCoverage97Aggressive" name="test_app_bodyfat_edge_cases" time="0.056" /><testcase classname="tests.test_app_coverage_97_aggressive.TestAppCoverage97Aggressive" name="test_app_insight_edge_cases" time="0.021" /><testcase classname="tests.test_app_coverage_97_aggressive.TestAppCoverage97Aggressive" name="test_app_premium_bmr_edge_cases" time="0.032" /><testcase classname="tests.test_app_coverage_97_aggressive.TestAppCoverage97Aggressive" name="test_app_premium_plate_edge_cases" time="0.114" /><testcase classname="tests.test_app_coverage_97_aggressive.TestAppCoverage97Aggressive" name="test_app_premium_gaps_edge_cases" time="0.018" /><testcase classname="tests.test_app_coverage_97_aggressive.TestAppCoverage97Aggressive" name="test_app_vip_echo_edge_cases" time="0.017" /><testcase classname="tests.test_app_coverage_97_aggressive.TestAppCoverage97Aggressive" name="test_app_vip_weekly_menu_edge_cases" time="0.011" /><testcase classname="tests.test_app_coverage_97_aggressive.TestAppCoverage97Aggressive" name="test_app_vip_recipes_edge_cases" time="0.021" /><testcase classname="tests.test_app_coverage_97_aggressive.TestAppCoverage97Aggressive" name="test_app_vip_shoplist_edge_cases" time="0.029" /><testcase classname="tests.test_app_coverage_97_aggressive.TestAppCoverage97Aggressive" name="test_app_vip_auto_repair_edge_cases" time="0.018" /><testcase classname="tests.test_app_coverage_97_aggressive.TestAppCoverage97Aggressive" name="test_app_vip_region_catalog_edge_cases" time="0.100" /><testcase classname="tests.test_app_coverage_97_aggressive.TestAppCoverage97Aggressive" name="test_app_vip_product_search_edge_cases" time="0.084" /><testcase classname="tests.test_app_coverage_97_aggressive.TestAppCoverage97Aggressive" name="test_app_vip_nutrition_analysis_edge_cases" time="0.055" /><testcase classname="tests.test_app_coverage_97_aggressive.TestAppCoverage97Aggressive" name="test_app_vip_user_profile_edge_cases" time="0.084" /><testcase classname="tests.test_app_coverage_97_aggressive.TestAppCoverage97Aggressive" name="test_app_vip_micronutrient_targets_edge_cases" time="0.146" /><testcase classname="tests.test_app_coverage_97_extra.TestAppCoverage97Extra" name="test_app_health_endpoint" time="0.092" /><testcase classname="tests.test_app_coverage_97_extra.TestAppCoverage97Extra" name="test_app_root_endpoint" time="0.117" /><testcase classname="tests.test_app_coverage_97_extra.TestAppCoverage97Extra" name="test_app_bmi_endpoint_basic" time="0.065" /><testcase classname="tests.test_app_coverage_97_extra.TestAppCoverage97Extra" name="test_app_bodyfat_endpoint_basic" time="0.064" /><testcase classname="tests.test_app_coverage_97_extra.TestAppCoverage97Extra" name="test_app_insight_endpoint_basic" time="0.057" /><testcase classname="tests.test_app_coverage_97_extra.TestAppCoverage97Extra" name="test_app_premium_bmr_endpoint" time="0.147" /><testcase classname="tests.test_app_coverage_97_extra.TestAppCoverage97Extra" name="test_app_premium_plate_endpoint" time="0.122" /><testcase classname="tests.test_app_coverage_97_extra.TestAppCoverage97Extra" name="test_app_premium_gaps_endpoint" time="0.037" /><testcase classname="tests.test_app_coverage_97_extra.TestAppCoverage97Extra" name="test_app_vip_echo_endpoint" time="0.019" /><testcase classname="tests.test_app_coverage_97_extra.TestAppCoverage97Extra" name="test_app_vip_weekly_menu_endpoint" time="0.017" /><testcase classname="tests.test_app_coverage_97_extra_simple.TestAppCoverage97ExtraSimple" name="test_app_bodyfat_with_all_combinations" time="1.894" /><testcase classname="tests.test_app_coverage_97_extra_simple.TestAppCoverage97ExtraSimple" name="test_app_bodyfat_with_hip_measurements" time="0.014" /><testcase classname="tests.test_app_coverage_97_extra_simple.TestAppCoverage97ExtraSimple" name="test_app_bodyfat_with_neck_measurements" time="0.068" /><testcase classname="tests.test_app_coverage_97_extra_simple.TestAppCoverage97ExtraSimple" name="test_app_bodyfat_with_all_measurements" time="0.117" /><testcase classname="tests.test_app_coverage_97_extra_simple.TestAppCoverage97ExtraSimple" name="test_app_insight_with_different_texts" time="0.152" /><testcase classname="tests.test_app_coverage_97_extra_simple.TestAppCoverage97ExtraSimple" name="test_app_premium_bmr_with_all_combinations" time="3.821" /><testcase classname="tests.test_app_coverage_97_extra_simple.TestAppCoverage97ExtraSimple" name="test_app_premium_tdee_with_all_combinations" time="4.479" /><testcase classname="tests.test_app_coverage_97_extra_simple.TestAppCoverage97ExtraSimple" name="test_app_premium_plate_with_all_combinations" time="8.498" /><testcase classname="tests.test_app_coverage_97_extra_simple.TestAppCoverage97ExtraSimple" name="test_app_premium_gaps_with_all_combinations" time="6.954" /><testcase classname="tests.test_app_coverage_97_extra_simple.TestAppCoverage97ExtraSimple" name="test_app_vip_echo_with_different_payloads" time="0.029" /><testcase classname="tests.test_app_coverage_97_extra_simple.TestAppCoverage97ExtraSimple" name="test_app_vip_weekly_menu_with_all_combinations" time="4.349" /><testcase classname="tests.test_app_coverage_97_extra_simple.TestAppCoverage97ExtraSimple" name="test_app_vip_recipes_with_different_ingredients" time="0.027" /><testcase classname="tests.test_app_coverage_97_extra_simple.TestAppCoverage97ExtraSimple" name="test_app_vip_shoplist_with_different_menu_plans" time="0.027" /><testcase classname="tests.test_app_coverage_97_extra_simple.TestAppCoverage97ExtraSimple" name="test_app_vip_auto_repair_with_different_menu_plans" time="0.062" /><testcase classname="tests.test_app_coverage_97_extra_simple.TestAppCoverage97ExtraSimple" name="test_app_vip_region_catalog_with_different_regions" time="0.179" /><testcase classname="tests.test_app_coverage_97_extra_simple.TestAppCoverage97ExtraSimple" name="test_app_vip_product_search_with_different_queries" time="0.199" /><testcase classname="tests.test_app_coverage_97_extra_simple.TestAppCoverage97ExtraSimple" name="test_app_vip_nutrition_analysis_with_different_foods" time="0.024" /><testcase classname="tests.test_app_coverage_97_extra_simple.TestAppCoverage97ExtraSimple" name="test_app_vip_user_profile_with_all_combinations" time="4.335" /><testcase classname="tests.test_app_coverage_97_extra_simple.TestAppCoverage97ExtraSimple" name="test_app_vip_micronutrient_targets_with_all_combinations" time="4.312" /><testcase classname="tests.test_app_coverage_97_final.TestAppCoverage97Final" name="test_app_cors_options_request" time="0.006" /><testcase classname="tests.test_app_coverage_97_final.TestAppCoverage97Final" name="test_app_cors_preflight_request" time="0.005" /><testcase classname="tests.test_app_coverage_97_final.TestAppCoverage97Final" name="test_app_bmi_with_chart" time="0.158" /><testcase classname="tests.test_app_coverage_97_final.TestAppCoverage97Final" name="test_app_bmi_pregnant_female" time="0.007" /><testcase classname="tests.test_app_coverage_97_final.TestAppCoverage97Final" name="test_app_bmi_athlete" time="0.008" /><testcase classname="tests.test_app_coverage_97_final.TestAppCoverage97Final" name="test_app_bodyfat_female" time="0.006" /><testcase classname="tests.test_app_coverage_97_final.TestAppCoverage97Final" name="test_app_insight_with_provider" time="0.006" /><testcase classname="tests.test_app_coverage_97_final.TestAppCoverage97Final" name="test_app_premium_bmr_female" time="0.010" /><testcase classname="tests.test_app_coverage_97_final.TestAppCoverage97Final" name="test_app_premium_tdee_endpoint" time="0.007" /><testcase classname="tests.test_app_coverage_97_final.TestAppCoverage97Final" name="test_app_premium_plate_female" time="0.010" /><testcase classname="tests.test_app_coverage_97_final.TestAppCoverage97Final" name="test_app_premium_gaps_female" time="0.017" /><testcase classname="tests.test_app_coverage_97_final.TestAppCoverage97Final" name="test_app_vip_recipes_endpoint" time="0.053" /><testcase classname="tests.test_app_coverage_97_final.TestAppCoverage97Final" name="test_app_vip_shoplist_endpoint" time="0.012" /><testcase classname="tests.test_app_coverage_97_final.TestAppCoverage97Final" name="test_app_vip_auto_repair_endpoint" time="0.008" /><testcase classname="tests.test_app_coverage_97_final.TestAppCoverage97Final" name="test_app_vip_region_catalog_endpoint" time="0.008" /><testcase classname="tests.test_app_coverage_97_final.TestAppCoverage97Final" name="test_app_vip_product_search_endpoint" time="0.007" /><testcase classname="tests.test_app_coverage_97_final_boost.TestAppCoverage97FinalBoost" name="test_app_bmi_with_chart_generation_all_combinations" time="14.332" /><testcase classname="tests.test_app_coverage_97_final_boost.TestAppCoverage97FinalBoost" name="test_app_bmi_with_chart_generation_edge_cases" time="0.277" /><testcase classname="tests.test_app_coverage_97_final_boost.TestAppCoverage97FinalBoost" name="test_app_bodyfat_with_all_combinations" time="17.980" /><testcase classname="tests.test_app_coverage_97_final_boost.TestAppCoverage97FinalBoost" name="test_app_insight_with_all_text_variations" time="0.069" /><testcase classname="tests.test_app_coverage_97_final_boost.TestAppCoverage97FinalBoost" name="test_app_premium_bmr_with_all_combinations" time="8.331" /><testcase classname="tests.test_app_coverage_97_final_boost.TestAppCoverage97FinalBoost" name="test_app_premium_tdee_with_all_combinations" time="5.185" /><testcase classname="tests.test_app_coverage_97_final_boost.TestAppCoverage97FinalBoost" name="test_app_premium_plate_with_all_combinations" time="38.332" /><testcase classname="tests.test_app_coverage_97_final_boost.TestAppCoverage97FinalBoost" name="test_app_premium_gaps_with_all_combinations" time="57.672" /><testcase classname="tests.test_app_coverage_97_final_boost.TestAppCoverage97FinalBoost" name="test_app_vip_echo_with_all_payload_variations" time="0.170" /><testcase classname="tests.test_app_coverage_97_final_boost.TestAppCoverage97FinalBoost" name="test_app_vip_weekly_menu_with_all_combinations" time="34.334" /><testcase classname="tests.test_app_coverage_97_final_boost.TestAppCoverage97FinalBoost" name="test_app_vip_recipes_with_all_combinations" time="1.661" /><testcase classname="tests.test_app_coverage_97_final_boost.TestAppCoverage97FinalBoost" name="test_app_vip_shoplist_with_all_combinations" time="0.148" /><testcase classname="tests.test_app_coverage_97_final_boost.TestAppCoverage97FinalBoost" name="test_app_vip_auto_repair_with_all_combinations" time="0.146" /><testcase classname="tests.test_app_coverage_97_final_boost.TestAppCoverage97FinalBoost" name="test_app_vip_region_catalog_with_all_combinations" time="2.560" /><testcase classname="tests.test_app_coverage_97_final_boost.TestAppCoverage97FinalBoost" name="test_app_vip_product_search_with_all_combinations" time="2.839" /><testcase classname="tests.test_app_coverage_97_final_boost.TestAppCoverage97FinalBoost" name="test_app_vip_nutrition_analysis_with_all_combinations" time="0.186" /><testcase classname="tests.test_app_coverage_97_final_boost.TestAppCoverage97FinalBoost" name="test_app_vip_user_profile_with_all_combinations" time="34.859" /><testcase classname="tests.test_app_coverage_97_final_boost.TestAppCoverage97FinalBoost" name="test_app_vip_micronutrient_targets_with_all_combinations" time="64.202" /><testcase classname="tests.test_app_coverage_97_simple.TestAppCoverage97Simple" name="test_app_bmi_with_chart_generation" time="0.476" /><testcase classname="tests.test_app_coverage_97_simple.TestAppCoverage97Simple" name="test_app_bmi_with_chart_generation_female" time="1.022" /><testcase classname="tests.test_app_coverage_97_simple.TestAppCoverage97Simple" name="test_app_bmi_with_chart_generation_pregnant" time="0.040" /><testcase classname="tests.test_app_coverage_97_simple.TestAppCoverage97Simple" name="test_app_bmi_with_chart_generation_athlete" time="0.039" /><testcase classname="tests.test_app_coverage_97_simple.TestAppCoverage97Simple" name="test_app_bmi_with_chart_generation_athlete_female" time="0.031" /><testcase classname="tests.test_app_coverage_97_simple.TestAppCoverage97Simple" name="test_app_bmi_with_chart_generation_pregnant_athlete" time="0.034" /><testcase classname="tests.test_app_coverage_97_simple.TestAppCoverage97Simple" name="test_app_bmi_with_chart_generation_old_male" time="0.420" /><testcase classname="tests.test_app_coverage_97_simple.TestAppCoverage97Simple" name="test_app_bmi_with_chart_generation_old_female" time="0.441" /><testcase classname="tests.test_app_coverage_97_simple.TestAppCoverage97Simple" name="test_app_bmi_with_chart_generation_young_male" time="0.277" /><testcase classname="tests.test_app_coverage_97_simple.TestAppCoverage97Simple" name="test_app_bmi_with_chart_generation_young_female" time="0.214" /><testcase classname="tests.test_app_coverage_97_simple.TestAppCoverage97Simple" name="test_app_bmi_with_chart_generation_high_bmi" time="0.181" /><testcase classname="tests.test_app_coverage_97_simple.TestAppCoverage97Simple" name="test_app_bmi_with_chart_generation_low_bmi" time="0.331" /><testcase classname="tests.test_app_coverage_97_simple.TestAppCoverage97Simple" name="test_app_bmi_with_chart_generation_very_high_bmi" time="0.379" /><testcase classname="tests.test_app_coverage_97_simple.TestAppCoverage97Simple" name="test_app_bmi_with_chart_generation_very_low_bmi" time="0.414" /><testcase classname="tests.test_app_coverage_97_simple.TestAppCoverage97Simple" name="test_app_bmi_with_chart_generation_extreme_values" time="0.441" /><testcase classname="tests.test_app_coverage_97_simple.TestAppCoverage97Simple" name="test_app_bmi_with_chart_generation_minimal_values" time="0.392" /><testcase classname="tests.test_app_coverage_97_simple.TestAppCoverage97Simple" name="test_app_bmi_with_chart_generation_all_combinations" time="1.003" /><testcase classname="tests.test_app_coverage_97_simple.TestAppCoverage97Simple" name="test_app_bmi_with_chart_generation_age_ranges" time="3.949" /><testcase classname="tests.test_app_coverage_97_simple.TestAppCoverage97Simple" name="test_app_bmi_with_chart_generation_weight_ranges" time="1.645" /><testcase classname="tests.test_app_coverage_97_simple.TestAppCoverage97Simple" name="test_app_bmi_with_chart_generation_height_ranges" time="0.984" /><testcase classname="tests.test_app_coverage_97_super_ultimate.TestAppCoverage97SuperUltimate" name="test_app_bmi_with_chart_generation_representative_cases[male-no-no-30-70.0-1.7-200]" time="0.158" /><testcase classname="tests.test_app_coverage_97_super_ultimate.TestAppCoverage97SuperUltimate" name="test_app_bmi_with_chart_generation_representative_cases[female-no-no-25-60.0-1.6-200]" time="0.161" /><testcase classname="tests.test_app_coverage_97_super_ultimate.TestAppCoverage97SuperUltimate" name="test_app_bmi_with_chart_generation_representative_cases[male-yes-no-30-70.0-1.7-200]" time="0.014" /><testcase classname="tests.test_app_coverage_97_super_ultimate.TestAppCoverage97SuperUltimate" name="test_app_bmi_with_chart_generation_representative_cases[female-yes-no-25-60.0-1.6-200]" time="0.019" /><testcase classname="tests.test_app_coverage_97_super_ultimate.TestAppCoverage97SuperUltimate" name="test_app_bmi_with_chart_generation_representative_cases[male-no-yes-30-80.0-1.8-200]" time="0.013" /><testcase classname="tests.test_app_coverage_97_super_ultimate.TestAppCoverage97SuperUltimate" name="test_app_bmi_with_chart_generation_representative_cases[female-no-yes-25-65.0-1.7-200]" time="0.015" /><testcase classname="tests.test_app_coverage_97_super_ultimate.TestAppCoverage97SuperUltimate" name="test_app_bmi_with_chart_generation_representative_cases[male-no-no-18-50.0-1.5-200]" time="0.164" /><testcase classname="tests.test_app_coverage_97_super_ultimate.TestAppCoverage97SuperUltimate" name="test_app_bmi_with_chart_generation_representative_cases[female-no-no-70-110.0-1.9-200]" time="0.146" /><testcase classname="tests.test_app_coverage_97_super_ultimate.TestAppCoverage97SuperUltimate" name="test_app_bmi_with_chart_generation_edge_cases[payload0-422]" time="0.039" /><testcase classname="tests.test_app_coverage_97_super_ultimate.TestAppCoverage97SuperUltimate" name="test_app_bmi_with_chart_generation_edge_cases[payload1-422]" time="0.020" /><testcase classname="tests.test_app_coverage_97_super_ultimate.TestAppCoverage97SuperUltimate" name="test_app_bmi_with_chart_generation_edge_cases[payload2-422]" time="0.013" /><testcase classname="tests.test_app_coverage_97_super_ultimate.TestAppCoverage97SuperUltimate" name="test_app_bmi_with_chart_generation_edge_cases[payload3-422]" time="0.014" /><testcase classname="tests.test_app_coverage_97_super_ultimate.TestAppCoverage97SuperUltimate" name="test_app_bodyfat_representative_cases[male-30-70.0-170.0-80.0-100.0-40.0-200]" time="0.025" /><testcase classname="tests.test_app_coverage_97_super_ultimate.TestAppCoverage97SuperUltimate" name="test_app_bodyfat_representative_cases[female-25-60.0-160.0-70.0-90.0-35.0-200]" time="0.023" /><testcase classname="tests.test_app_coverage_97_super_ultimate.TestAppCoverage97SuperUltimate" name="test_app_bodyfat_representative_cases[male-18-50.0-150.0-60.0-80.0-30.0-200]" time="0.022" /><testcase classname="tests.test_app_coverage_97_super_ultimate.TestAppCoverage97SuperUltimate" name="test_app_bodyfat_representative_cases[female-70-110.0-190.0-120.0-140.0-60.0-200]" time="0.027" /><testcase classname="tests.test_app_coverage_97_super_ultimate.TestAppCoverage97SuperUltimate" name="test_app_bodyfat_representative_cases[male-30--1.0-170.0-80.0-100.0-40.0-422]" time="0.014" /><testcase classname="tests.test_app_coverage_97_super_ultimate.TestAppCoverage97SuperUltimate" name="test_app_bodyfat_representative_cases[female-25-60.0--1.0-70.0-90.0-35.0-422]" time="0.013" /><testcase classname="tests.test_app_coverage_97_super_ultimate.TestAppCoverage97SuperUltimate" name="test_app_insight_with_all_text_variations" time="0.193" /><testcase classname="tests.test_app_coverage_97_super_ultimate.TestAppCoverage97SuperUltimate" name="test_app_premium_bmr_with_all_combinations" time="24.823" /><testcase classname="tests.test_app_coverage_97_super_ultimate.TestAppCoverage97SuperUltimate" name="test_app_premium_tdee_with_all_combinations" time="13.417" /><testcase classname="tests.test_app_coverage_97_super_ultimate.TestAppCoverage97SuperUltimate" name="test_app_premium_plate_representative_cases[male-30-70.0-170.0-moderate-maintain-en-200]" time="0.025" /><testcase classname="tests.test_app_coverage_97_super_ultimate.TestAppCoverage97SuperUltimate" name="test_app_premium_plate_representative_cases[female-25-60.0-160.0-light-lose-ru-200]" time="0.031" /><testcase classname="tests.test_app_coverage_97_super_ultimate.TestAppCoverage97SuperUltimate" name="test_app_premium_plate_representative_cases[male-50-80.0-180.0-active-gain-es-200]" time="0.025" /><testcase classname="tests.test_app_coverage_97_super_ultimate.TestAppCoverage97SuperUltimate" name="test_app_premium_gaps_with_all_combinations" time="100.852" /><testcase classname="tests.test_app_coverage_97_super_ultimate.TestAppCoverage97SuperUltimate" name="test_app_vip_echo_with_all_payload_variations" time="0.248" /><testcase classname="tests.test_app_coverage_97_super_ultimate.TestAppCoverage97SuperUltimate" name="test_app_vip_weekly_menu_with_all_combinations" time="66.759" /><testcase classname="tests.test_app_coverage_97_super_ultimate.TestAppCoverage97SuperUltimate" name="test_app_vip_recipes_with_all_combinations" time="3.422" /><testcase classname="tests.test_app_coverage_97_super_ultimate.TestAppCoverage97SuperUltimate" name="test_app_vip_shoplist_with_all_combinations" time="0.319" /><testcase classname="tests.test_app_coverage_97_super_ultimate.TestAppCoverage97SuperUltimate" name="test_app_vip_auto_repair_with_all_combinations" time="0.308" /><testcase classname="tests.test_app_coverage_97_super_ultimate.TestAppCoverage97SuperUltimate" name="test_app_vip_region_catalog_with_all_combinations" time="5.571" /><testcase classname="tests.test_app_coverage_97_super_ultimate.TestAppCoverage97SuperUltimate" name="test_app_vip_product_search_with_all_combinations" time="22.290" /><testcase classname="tests.test_app_coverage_97_super_ultimate.TestAppCoverage97SuperUltimate" name="test_app_vip_nutrition_analysis_with_all_combinations" time="2.755" /><testcase classname="tests.test_app_coverage_97_super_ultimate.TestAppCoverage97SuperUltimate" name="test_app_vip_user_profile_with_all_combinations" time="202.318" /><testcase classname="tests.test_app_coverage_97_super_ultimate.TestAppCoverage97SuperUltimate" name="test_app_vip_micronutrient_targets_representative_cases[male-30-70.0-170.0-moderate-maintain-en-200]" time="0.021" /><testcase classname="tests.test_app_coverage_97_super_ultimate.TestAppCoverage97SuperUltimate" name="test_app_vip_micronutrient_targets_representative_cases[female-25-60.0-160.0-light-lose-ru-200]" time="0.026" /><testcase classname="tests.test_app_coverage_97_super_ultimate.TestAppCoverage97SuperUltimate" name="test_app_vip_micronutrient_targets_representative_cases[male-50-80.0-180.0-active-gain-es-200]" time="0.023" /><testcase classname="tests.test_app_coverage_97_super_ultimate.TestAppCoverage97SuperUltimate" name="test_app_vip_micronutrient_targets_representative_cases[female-18-55.0-165.0-sedentary-maintain-en-200]" time="0.023" /><testcase classname="tests.test_app_coverage_97_super_ultimate.TestAppCoverage97SuperUltimate" name="test_app_vip_micronutrient_targets_representative_cases[male-70-90.0-175.0-very_active-lose-ru-200]" time="0.020" /><testcase classname="tests.test_app_coverage_97_ultimate_boost.TestAppCoverage97UltimateBoost" name="test_app_bmi_with_chart_generation_representative_cases[male-no-no-30-70.0-1.7-200]" time="0.236" /><testcase classname="tests.test_app_coverage_97_ultimate_boost.TestAppCoverage97UltimateBoost" name="test_app_bmi_with_chart_generation_representative_cases[female-no-no-25-60.0-1.6-200]" time="0.216" /><testcase classname="tests.test_app_coverage_97_ultimate_boost.TestAppCoverage97UltimateBoost" name="test_app_bmi_with_chart_generation_representative_cases[male-yes-no-30-70.0-1.7-200]" time="0.024" /><testcase classname="tests.test_app_coverage_97_ultimate_boost.TestAppCoverage97UltimateBoost" name="test_app_bmi_with_chart_generation_representative_cases[female-yes-no-25-60.0-1.6-200]" time="0.021" /><testcase classname="tests.test_app_coverage_97_ultimate_boost.TestAppCoverage97UltimateBoost" name="test_app_bmi_with_chart_generation_representative_cases[male-no-yes-30-80.0-1.8-200]" time="0.020" /><testcase classname="tests.test_app_coverage_97_ultimate_boost.TestAppCoverage97UltimateBoost" name="test_app_bmi_with_chart_generation_representative_cases[female-no-yes-25-65.0-1.7-200]" time="0.023" /><testcase classname="tests.test_app_coverage_97_ultimate_boost.TestAppCoverage97UltimateBoost" name="test_app_bmi_with_chart_generation_edge_cases[payload0-422]" time="0.022" /><testcase classname="tests.test_app_coverage_97_ultimate_boost.TestAppCoverage97UltimateBoost" name="test_app_bmi_with_chart_generation_edge_cases[payload1-422]" time="0.021" /><testcase classname="tests.test_app_coverage_97_ultimate_boost.TestAppCoverage97UltimateBoost" name="test_app_bmi_with_chart_generation_edge_cases[payload2-200]" time="0.245" /><testcase classname="tests.test_app_coverage_97_ultimate_boost.TestAppCoverage97UltimateBoost" name="test_app_bmi_with_chart_generation_edge_cases[payload3-200]" time="0.213" /><testcase classname="tests.test_app_coverage_97_ultimate_boost.TestAppCoverage97UltimateBoost" name="test_app_bodyfat_representative_cases[male-30-70.0-170.0-80.0-100.0-40.0-200]" time="0.044" /><testcase classname="tests.test_app_coverage_97_ultimate_boost.TestAppCoverage97UltimateBoost" name="test_app_bodyfat_representative_cases[female-25-60.0-160.0-70.0-90.0-35.0-200]" time="0.042" /><testcase classname="tests.test_app_coverage_97_ultimate_boost.TestAppCoverage97UltimateBoost" name="test_app_bodyfat_representative_cases[male-18-50.0-150.0-60.0-80.0-30.0-200]" time="0.040" /><testcase classname="tests.test_app_coverage_97_ultimate_boost.TestAppCoverage97UltimateBoost" name="test_app_bodyfat_representative_cases[female-70-110.0-190.0-120.0-140.0-60.0-200]" time="0.054" /><testcase classname="tests.test_app_coverage_97_ultimate_boost.TestAppCoverage97UltimateBoost" name="test_app_bodyfat_representative_cases[male-30--1.0-170.0-80.0-100.0-40.0-422]" time="0.020" /><testcase classname="tests.test_app_coverage_97_ultimate_boost.TestAppCoverage97UltimateBoost" name="test_app_bodyfat_representative_cases[female-25-60.0--1.0-70.0-90.0-35.0-422]" time="0.023" /><testcase classname="tests.test_app_coverage_97_ultimate_boost.TestAppCoverage97UltimateBoost" name="test_app_bodyfat_representative_cases[male-0-70.0-170.0-80.0-100.0-40.0-422]" time="0.025" /><testcase classname="tests.test_app_coverage_97_ultimate_boost.TestAppCoverage97UltimateBoost" name="test_app_bodyfat_representative_cases[female-150-60.0-160.0-70.0-90.0-35.0-422]" time="0.021" /><testcase classname="tests.test_app_coverage_97_ultimate_boost.TestAppCoverage97UltimateBoost" name="test_app_insight_with_all_text_variations" time="0.336" /><testcase classname="tests.test_app_coverage_97_ultimate_boost.TestAppCoverage97UltimateBoost" name="test_app_premium_bmr_with_all_combinations" time="71.038" /><testcase classname="tests.test_app_coverage_97_ultimate_boost.TestAppCoverage97UltimateBoost" name="test_app_premium_tdee_with_all_combinations" time="50.074" /><testcase classname="tests.test_app_coverage_97_ultimate_boost.TestAppCoverage97UltimateBoost" name="test_app_premium_plate_with_all_combinations" time="182.546" /><testcase time="0.001" /></testsuite></testsuites>
