<?xml version="1.0" encoding="utf-8"?><testsuites name="pytest tests"><testsuite name="pytest" errors="0" failures="0" skipped="92" tests="4530" time="103.851" timestamp="2025-10-04T21:04:38.612477+03:00" hostname="MacBook-Air-katsiaryna.local"><properties>
[...]
</properties><testcase classname="tests.edges.test_app_branches" name="test_api_key_strict_production_requires_config" time="0.018" /><testcase classname="tests.edges.test_app_branches" name="test_insight_feature_disabled_and_import_error" time="0.006" /><testcase classname="tests.edges.test_app_branches" name="test_admin_status_scheduler_error_paths" time="0.006" /><testcase classname="tests.edges.test_app_branches" name="test_export_pdf_generic_error_branches" time="0.006" /><testcase classname="tests.edges.test_app_edges" name="test_get_api_key_strict_and_dev_modes" time="0.001" /><testcase classname="tests.edges.test_app_edges" name="test_admin_status_scheduler_branches" time="0.004" /><testcase classname="tests.edges.test_app_edges" name="test_add_visualization_if_requested_fallback" time="0.193" /><testcase classname="tests.edges.test_app_edges" name="test_export_pdf_generic_missing_function" time="0.002" /><testcase classname="tests.edges.test_app_edges" name="test_targets_get_minimum_maximum_unknown_raises" time="0.001" /><testcase classname="tests.edges.test_app_init_shim_edges" name="test_app_package_spec_proxy_and_getattr_passthrough" time="0.001" /><testcase classname="tests.edges.test_app_init_shim_edges" name="test_app_package_spec_proxy_attrs_exist" time="0.001" /><testcase classname="tests.edges.test_app_init_shim_edges" name="test_app_package_all_and_sysmodules_binding" time="0.001" /><testcase classname="tests.edges.test_app_init_shim_edges" name="test_app_getattr_missing_raises_attributeerror" time="0.001" /><testcase classname="tests.edges.test_app_init_spec" name="test_app_package_spec_proxy_name" time="0.001" /><testcase classname="tests.edges.test_app_init_spec" name="test_app_package_spec_proxy_rebinds_sys_modules" time="0.001" /><testcase classname="tests.edges.test_app_init_spec" name="test_app_getattr_passes_through_and_raises_attribute_error" time="0.001" /><testcase classname="tests.edges.test_auto_repair_partial" name="test_auto_repair_partial_status_when_no_progress" time="0.001" /><testcase classname="tests.edges.test_bmi_visualization_exception_path" name="test_bmi_visualization_exception_path_returns_error" time="0.002" /><testcase classname="tests.edges.test_bmi_visualization_fallback" name="test_bmi_visualization_no_matplotlib_returns_fallback" time="0.001" /><testcase classname="tests.edges.test_bodyfat_edges" name="test_bodyfat_bmi_is_derived_when_missing" time="0.004" /><testcase classname="tests.edges.test_bodyfat_edges" name="test_bodyfat_handles_invalid_inputs_gracefully" time="0.004" /><testcase classname="tests.edges.test_core_edge_branches" name="test_plate_macros_negative_remaining_kcal_triggers_reduction" time="0.001" /><testcase classname="tests.edges.test_core_edge_branches" name="test_rag_empty_index_returns_empty" time="0.003" /><testcase classname="tests.edges.test_core_edge_branches" name="test_rag_skips_large_files_and_handles_read_error" time="0.001" /><testcase classname="tests.edges.test_core_edge_branches" name="test_recipe_db_new_get_by_id_and_search_and_scale" time="0.002" /><testcase classname="tests.edges.test_core_edge_branches" name="test_recommendations_micronutrient_targets_pregnant_and_lactating" time="0.001" /><testcase classname="tests.edges.test_core_edge_branches" name="test_recipe_db_parser_and_scaler_with_malformed_entries" time="0.001" /><testcase classname="tests.edges.test_core_edge_branches" name="test_exports_pdf_fallback_day_week" time="0.001" /><testcase classname="tests.edges.test_core_edge_branches" name="test_unified_db_cache_load_error_and_save_throttle" time="0.046" /><testcase classname="tests.edges.test_core_edge_branches" name="test_unified_db_off_exception_and_invalid_ids" time="0.010" /><testcase classname="tests.edges.test_core_edge_branches" name="test_product_finder_error_paths_and_csv" time="0.002" /><testcase classname="tests.edges.test_core_edge_branches" name="test_menu_engine_default_strategy_and_boosters_branch" time="0.001" /><testcase classname="tests.edges.test_core_edge_branches" name="test_menu_engine_new_booster_none_path" time="0.001" /><testcase classname="tests.edges.test_core_edge_branches" name="test_menu_engine_new_kcal_100_zero_path" time="0.001" /><testcase classname="tests.edges.test_db_init_edges" name="test_init_db_wraps_create_all_when_missing_assert" time="0.001" /><testcase classname="tests.edges.test_disclaimers_edges" name="test_get_disclaimer_text_medical_and_privacy_en" time="0.001" /><testcase classname="tests.edges.test_disclaimers_edges" name="test_get_disclaimer_text_invalid_type_raises_keyerror" time="0.001" /><testcase classname="tests.edges.test_disclaimers_edges" name="test_get_comprehensive_disclaimer_with_special_populations_ru" time="0.001" /><testcase classname="tests.edges.test_food_merge_sugar_branch" name="test_classify_food_group_high_sugar_branch" time="0.001" /><testcase classname="tests.edges.test_menu_engine_new_total_cost" name="test_total_cost_handles_string_values" time="0.001" /><testcase classname="tests.edges.test_more_edges" name="test_bmi_extras_pro_functions_and_errors" time="0.001" /><testcase classname="tests.edges.test_more_edges" name="test_bmi_extras_pro_low_risk_and_moderate_stage" time="0.001" /><testcase classname="tests.edges.test_more_edges" name="test_product_finder_mkdir_exception_and_loop_exception" time="0.002" /><testcase classname="tests.edges.test_more_edges" name="test_exports_importerror_branch_and_pdf_functions" time="0.002" /><testcase classname="tests.edges.test_pico_edges" name="test_pico_response_branch" time="0.001" /><testcase classname="tests.edges.test_pico_edges" name="test_pico_else_fallback_branch" time="0.001" /><testcase classname="tests.edges.test_premium_week_edges" name="test_premium_week_missing_profile_fields_returns_400" time="0.004" /><testcase classname="tests.edges.test_premium_week_edges" name="test_premium_week_activity_goal_required_branch_returns_400" time="0.004" /><testcase classname="tests.edges.test_premium_week_edges" name="test_premium_week_with_explicit_targets_happy_path_200" time="0.006" /><testcase classname="tests.edges.test_product_varieties_edges" name="test_product_varieties_load_error_branch" time="0.002" /><testcase classname="tests.edges.test_product_varieties_edges" name="test_product_varieties_recommendation_fallback_first_item" time="0.001" /><testcase classname="tests.edges.test_rag_docs_and_chunk" name="test_rag_uses_docs_folder_rglob" time="0.003" /><testcase classname="tests.edges.test_rag_docs_and_chunk" name="test_chunk_splits_and_emits_on_overflow" time="0.001" /><testcase classname="tests.edges.test_rag_zero_and_section" name="test_rag_topk_zero_and_unknown_section" time="0.001" /><testcase classname="tests.edges.test_region_and_disclaimers" name="test_region_catalog_unknown_region_and_category" time="0.001" /><testcase classname="tests.edges.test_region_and_disclaimers" name="test_disclaimers_fallback_language" time="0.001" /><testcase classname="tests.edges.test_region_catalog_edges" name="test_region_catalog_helpers_and_conversion" time="0.003" /><testcase classname="tests.edges.test_scheduler_edges" name="test_scheduler_update_loop_error_branch" time="0.018" /><testcase classname="tests.edges.test_scheduler_edges" name="test_scheduler_signal_handler_invocation" time="0.017" /><testcase classname="tests.edges.test_unified_db_off_flags" name="test_unified_db_off_unavailable_import_path" time="0.006" /><testcase classname="tests.edges.test_unified_db_off_flags" name="test_unified_db_save_throttle_and_last_save_none" time="0.009" /><testcase classname="tests.edges.test_unified_db_off_flags" name="test_unified_db_save_throttle_updates_timestamp" time="0.009" /><testcase classname="tests.edges.test_unified_db_small_edges" name="test_resolve_off_client_import_error_path" time="0.003" /><testcase classname="tests.edges.test_unified_db_small_edges" name="test_unified_db_last_save_ts_import_time_failure" time="0.002" /><testcase classname="tests.edges.test_unified_db_small_edges" name="test_unified_db_save_cache_throttle_early_return" time="0.009" /><testcase classname="tests.edges.test_update_manager_edges" name="test_update_manager_check_for_updates_off_unavailable" time="0.014" /><testcase classname="tests.edges.test_update_manager_edges" name="test_update_manager_unknown_source" time="0.018" /><testcase classname="tests.edges.test_update_manager_edges" name="test_cleanup_old_backups_deletes_excess" time="0.018" /><testcase classname="tests.edges.test_update_manager_edges" name="test_load_versions_error_path" time="0.018" /><testcase classname="tests.edges.test_update_manager_edges" name="test_save_versions_error_path" time="0.017" /><testcase classname="tests.edges.test_update_manager_small_edges" name="test_update_manager_close_paths" time="0.020" /><testcase classname="tests.edges.test_vip_adapters_edges" name="test_adapter_make_weekly_menu_from_single_dict_profile" time="0.001" /><testcase classname="tests.edges.test_vip_adapters_edges" name="test_adapter_make_weekly_menu_from_kwargs_profile_dict" time="0.001" /><testcase classname="tests.edges.test_vip_adapters_edges" name="test_adapter_make_weekly_menu_direct_args_passthrough" time="0.001" /><testcase classname="tests.edges.test_vip_adapters_edges" name="test_adapter_synthesize_recipes_for_week_passthrough" time="0.001" /><testcase classname="tests.edges.test_vip_auth_edges" name="test_require_api_key_allow_anonymous_nonprod" time="0.001" /><testcase classname="tests.edges.test_vip_auth_edges" name="test_require_api_key_dev_fallback_returns_test_key" time="0.001" /><testcase classname="tests.edges.test_vip_auth_edges" name="test_require_api_key_strict_missing_key_raises" time="0.001" /><testcase classname="tests.edges.test_vip_auth_edges" name="test_require_api_key_dev_legacy_nonprod_and_prod_allow" time="0.001" /><testcase classname="tests.edges.test_vip_auth_edges" name="test_adapter_make_weekly_menu_no_profile_path" time="0.001" /><testcase classname="tests.quick.test_quick_check" name="test_llm_provider_none" time="0.001" /><testcase classname="tests.quick.test_quick_check" name="test_llm_provider_stub" time="0.001" /><testcase classname="tests.quick.test_quick_check" name="test_llm_provider_grok_fallback" time="0.001" /><testcase classname="tests.test_additional_core_coverage" name="test_aliases_round_trip" time="0.002" /><testcase classname="tests.test_additional_core_coverage" name="test_i18n_translation_and_normalization" time="0.001" /><testcase classname="tests.test_additional_core_coverage" name="test_time_utils_timezone_functions" time="0.002" /><testcase classname="tests.test_additional_core_coverage" name="test_units_conversions[iu_vitd_from_ug-10-400.0]" time="0.001" /><testcase classname="tests.test_additional_core_coverage" name="test_units_conversions[mg_from_ug-2500-2.5]" time="0.001" /><testcase classname="tests.test_additional_core_coverage" name="test_units_conversions[mg_from_g-1.2-1200.0]" time="0.001" /><testcase classname="tests.test_additional_core_coverage" name="test_get_activity_factor_and_defaults" time="0.001" /><testcase classname="tests.test_additional_core_coverage" name="test_resolve_attr_prefers_candidates" time="0.001" /><testcase classname="tests.test_additional_core_coverage" name="test_plate_module_import_smoke" time="0.001" /><testcase classname="tests.test_admin_endpoints_97.TestAdminEndpoints" name="test_force_update_endpoint" time="5.433" /><testcase classname="tests.test_admin_endpoints_97.TestAdminEndpoints" name="test_check_updates_endpoint" time="0.006" /><testcase classname="tests.test_admin_endpoints_97.TestAdminEndpoints" name="test_rollback_endpoint" time="0.005" /><testcase classname="tests.test_admin_endpoints_97.TestAdminEndpoints" name="test_admin_endpoints_with_mock" time="0.013" /><testcase classname="tests.test_admin_endpoints_97.TestRemainingBlocks" name="test_insight_endpoints" time="0.006" /><testcase classname="tests.test_admin_endpoints_97.TestRemainingBlocks" name="test_api_v1_bmi" time="0.004" /><testcase classname="tests.test_admin_endpoints_97.TestRemainingBlocks" name="test_edge_cases_comprehensive" time="0.011" /><testcase classname="tests.test_admin_endpoints_97.TestRemainingBlocks" name="test_missing_optional_parameters" time="0.013" /><testcase classname="tests.test_admin_endpoints_97.TestRemainingBlocks" name="test_invalid_parameters" time="0.018" /><testcase classname="tests.test_admin_endpoints_97.TestRemainingBlocks" name="test_admin_without_api_key" time="0.008" /><testcase classname="tests.test_admin_endpoints_97.TestRemainingBlocks" name="test_comprehensive_language_support" time="0.043" /><testcase classname="tests.test_aliases" name="test_map_to_canonical_basic" time="0.001" /><testcase classname="tests.test_aliases" name="test_map_to_canonical_fallback" time="0.001" /><testcase classname="tests.test_aliases" name="test_map_to_canonical_with_custom_aliases" time="0.002" /><testcase classname="tests.test_aliases" name="test_map_to_canonical_edge_cases" time="0.001" /><testcase classname="tests.test_aliases" name="test_load_aliases_file_not_found" time="0.001" /><testcase classname="tests.test_aliases" name="test_add_alias_new_file" time="0.001" /><testcase classname="tests.test_aliases" name="test_add_alias_existing_file" time="0.001" /><testcase classname="tests.test_aliases" name="test_add_alias_default_path" time="0.001" /><testcase classname="tests.test_aliases_coverage_96.TestAliasesCoverage96" name="test_load_aliases_file_not_found" time="0.001" /><testcase classname="tests.test_aliases_coverage_96.TestAliasesCoverage96" name="test_load_aliases_file_exists" time="0.002" /><testcase classname="tests.test_aliases_coverage_96.TestAliasesCoverage96" name="test_load_aliases_with_whitespace" time="0.002" /><testcase classname="tests.test_aliases_coverage_96.TestAliasesCoverage96" name="test_load_aliases_empty_file" time="0.002" /><testcase classname="tests.test_aliases_coverage_96.TestAliasesCoverage96" name="test_map_to_canonical_english" time="0.001" /><testcase classname="tests.test_aliases_coverage_96.TestAliasesCoverage96" name="test_map_to_canonical_russian" time="0.001" /><testcase classname="tests.test_aliases_coverage_96.TestAliasesCoverage96" name="test_map_to_canonical_spanish" time="0.001" /><testcase classname="tests.test_aliases_coverage_96.TestAliasesCoverage96" name="test_map_to_canonical_not_found" time="0.001" /><testcase classname="tests.test_aliases_coverage_96.TestAliasesCoverage96" name="test_map_to_canonical_empty_table" time="0.002" /><testcase classname="tests.test_aliases_coverage_96.TestAliasesCoverage96" name="test_map_to_canonical_case_sensitivity" time="0.001" /><testcase classname="tests.test_aliases_coverage_96.TestAliasesCoverage96" name="test_map_to_canonical_special_characters" time="0.001" /><testcase classname="tests.test_aliases_coverage_96.TestAliasesCoverage96" name="test_map_to_canonical_numbers" time="0.001" /><testcase classname="tests.test_aliases_coverage_96.TestAliasesCoverage96" name="test_map_to_canonical_mixed_content" time="0.001" /><testcase classname="tests.test_aliases_coverage_96.TestAliasesCoverage96" name="test_map_to_canonical_default_locale" time="0.001" /><testcase classname="tests.test_aliases_coverage_96.TestAliasesCoverage96" name="test_map_to_canonical_unicode" time="0.001" /><testcase classname="tests.test_aliases_coverage_96.TestAliasesCoverage96" name="test_map_to_canonical_long_strings" time="0.001" /><testcase classname="tests.test_aliases_coverage_96.TestAliasesCoverage96" name="test_map_to_canonical_whitespace_handling" time="0.001" /><testcase classname="tests.test_aliases_coverage_96.TestAliasesCoverage96" name="test_add_alias_new_file" time="0.002" /><testcase classname="tests.test_aliases_coverage_96.TestAliasesCoverage96" name="test_add_alias_existing_file" time="0.002" /><testcase classname="tests.test_aliases_coverage_96.TestAliasesCoverage96" name="test_add_alias_with_whitespace" time="0.002" /><testcase classname="tests.test_aliases_coverage_96.TestAliasesCoverage96" name="test_add_alias_custom_path" time="0.003" /><testcase classname="tests.test_aliases_coverage_96.TestAliasesCoverage96" name="test_add_alias_multiple_calls" time="0.002" /><testcase classname="tests.test_api" name="test_v1_health" time="0.003" /><testcase classname="tests.test_api" name="test_v1_bmi_happy" time="0.003" /><testcase classname="tests.test_api" name="test_v1_bmi_invalid_height" time="0.003" /><testcase classname="tests.test_api" name="test_v1_bmi_invalid_weight" time="0.003" /><testcase classname="tests.test_api" name="test_v1_bmi_unrealistic_weight" time="0.003" /><testcase classname="tests.test_api" name="test_v1_bmi_invalid_group" time="0.004" /><testcase classname="tests.test_api" name="test_v1_bmi_underweight" time="0.003" /><testcase classname="tests.test_api" name="test_v1_bmi_overweight" time="0.003" /><testcase classname="tests.test_api" name="test_v1_bmi_obese" time="0.003" /><testcase classname="tests.test_api" name="test_v1_bodyfat" time="0.004" /><testcase classname="tests.test_api" name="test_v1_bodyfat_missing_hip" time="0.004" /><testcase classname="tests.test_api" name="test_bodyfat_import_failure" time="0.069" /><testcase classname="tests.test_api" name="test_insight_import_failure" time="0.053"><skipped type="pytest.skip" message="App import failed unexpectedly">/Users/katsiaryna_kavaleuskaya/Developer/BMI-App_2025_clean/tests/test_api.py:34: App import failed unexpectedly</skipped></testcase><testcase classname="tests.test_api" name="test_api_insight_provider_generate_failure" time="0.004" /><testcase classname="tests.test_api" name="test_api_insight_provider_none" time="0.004" /><testcase classname="tests.test_api" name="test_metrics" time="0.003" /><testcase classname="tests.test_api" name="test_category_by_bmi_ru" time="0.001" /><testcase classname="tests.test_api" name="test_compute_wht_ratio_round_exception" time="0.001" /><testcase classname="tests.test_api" name="test_v1_insight_invalid_api_key" time="0.003" /><testcase classname="tests.test_api" name="test_slowapi_import_failure" time="0.064"><skipped type="pytest.skip" message="App import failed unexpectedly">/Users/katsiaryna_kavaleuskaya/Developer/BMI-App_2025_clean/tests/test_api.py:34: App import failed unexpectedly</skipped></testcase><testcase classname="tests.test_api" name="test_prometheus_import_failure" time="0.068"><skipped type="pytest.skip" message="App import failed unexpectedly">/Users/katsiaryna_kavaleuskaya/Developer/BMI-App_2025_clean/tests/test_api.py:34: App import failed unexpectedly</skipped></testcase><testcase classname="tests.test_api_end_to_end_spanish.TestAPIEndToEndSpanish" name="test_bmi_endpoint_spanish" time="0.004" /><testcase classname="tests.test_api_end_to_end_spanish.TestAPIEndToEndSpanish" name="test_bodyfat_endpoint_spanish" time="0.004" /><testcase classname="tests.test_api_end_to_end_spanish.TestAPIEndToEndSpanish" name="test_plan_endpoint_spanish" time="0.004" /><testcase classname="tests.test_api_end_to_end_spanish.TestAPIEndToEndSpanish" name="test_bmi_pro_endpoint_spanish" time="0.004" /><testcase classname="tests.test_api_end_to_end_spanish.TestAPIEndToEndSpanish" name="test_all_endpoints_consistency_spanish" time="0.006" /><testcase classname="tests.test_api_endpoint" name="test_api_endpoint_multilingual" time="0.013" /><testcase classname="tests.test_api_endpoint" name="test_api_endpoint_with_targets" time="0.005" /><testcase classname="tests.test_api_extras" name="test_bmi_422_missing_fields" time="0.005" /><testcase classname="tests.test_api_extras" name="test_bmi_categories_via_api[50-170-Underweight]" time="0.004" /><testcase classname="tests.test_api_extras" name="test_bmi_categories_via_api[70-170-Normal]" time="0.004" /><testcase classname="tests.test_api_extras" name="test_bmi_categories_via_api[80-170-Overweight]" time="0.004" /><testcase classname="tests.test_api_extras" name="test_bmi_categories_via_api[95-170-Obese]" time="0.004" /><testcase classname="tests.test_api_extras" name="test_openapi_and_docs_exist" time="0.173" /><testcase classname="tests.test_api_smoke" name="test_health_ok" time="0.003" /><testcase classname="tests.test_api_smoke" name="test_bmi_smoke_ok" time="0.003" /><testcase classname="tests.test_api_smoke" name="test_v1_bmi_smoke" time="0.003" /><testcase classname="tests.test_api_smoke" name="test_v1_insight_smoke" time="0.004" /><testcase classname="tests.test_api_smoke" name="test_metrics_smoke" time="0.003" /><testcase classname="tests.test_api_spanish.TestAPISpanish" name="test_bmi_endpoint_spanish" time="0.003" /><testcase classname="tests.test_api_spanish.TestAPISpanish" name="test_bmi_pro_endpoint_spanish" time="0.003" /><testcase classname="tests.test_api_spanish.TestAPISpanish" name="test_plan_endpoint_spanish" time="0.004" /><testcase classname="tests.test_app_97_coverage_simple.TestImportErrorPaths" name="test_import_error_coverage_paths" time="0.001" /><testcase classname="tests.test_app_97_coverage_simple.TestPremiumEndpointErrorPaths" name="test_enhanced_plate_missing_functions" time="0.003" /><testcase classname="tests.test_app_97_coverage_simple.TestPremiumEndpointErrorPaths" name="test_nutrition_insight_missing_functions" time="0.003" /><testcase classname="tests.test_app_97_coverage_simple.TestPremiumEndpointErrorPaths" name="test_macro_recommendation_missing_functions" time="0.002" /><testcase classname="tests.test_app_97_coverage_simple.TestErrorHandlingAndEdgeCases" name="test_rate_limiting_paths" time="0.012" /><testcase classname="tests.test_app_97_coverage_simple.TestErrorHandlingAndEdgeCases" name="test_api_key_validation_paths" time="0.007" /><testcase classname="tests.test_app_97_coverage_simple.TestErrorHandlingAndEdgeCases" name="test_validation_error_paths" time="0.012" /><testcase classname="tests.test_app_97_coverage_simple.TestVIPAndPremiumFeaturePaths" name="test_vip_module_environment_handling" time="0.001" /><testcase classname="tests.test_app_97_coverage_simple.TestVIPAndPremiumFeaturePaths" name="test_premium_endpoint_authentication_paths" time="0.008" /><testcase classname="tests.test_app_97_coverage_simple.TestAsyncAndBackgroundTasks" name="test_scheduler_and_background_tasks" time="0.005" /><testcase classname="tests.test_app_97_coverage_simple.TestAsyncAndBackgroundTasks" name="test_prometheus_metrics_paths" time="0.007" /><testcase classname="tests.test_app_97_coverage_simple.TestComplexDataCombinations" name="test_bmi_endpoint_complex_combinations" time="0.005" /><testcase classname="tests.test_app_97_coverage_simple.TestComplexDataCombinations" name="test_plan_endpoint_complex_combinations" time="0.003" /><testcase classname="tests.test_app_97_coverage_simple.TestLanguageAndLocalization" name="test_language_handling_paths" time="0.012" /><testcase classname="tests.test_app_97_coverage_simple.TestLanguageAndLocalization" name="test_spanish_localization_paths" time="0.007" /><testcase classname="tests.test_app_bmi_bodyfat_coverage.TestAppBMIBodyfatCoverage" name="test_endpoint_valid_request[/api/v1/bmi-valid_payload0-invalid_payload0]" time="0.004" /><testcase classname="tests.test_app_bmi_bodyfat_coverage.TestAppBMIBodyfatCoverage" name="test_endpoint_valid_request[/api/v1/bodyfat-valid_payload1-invalid_payload1]" time="0.004" /><testcase classname="tests.test_app_bmi_bodyfat_coverage.TestAppBMIBodyfatCoverage" name="test_endpoint_invalid_data[/api/v1/bmi-invalid_payload0-422]" time="0.003" /><testcase classname="tests.test_app_bmi_bodyfat_coverage.TestAppBMIBodyfatCoverage" name="test_endpoint_invalid_data[/api/v1/bodyfat-invalid_payload1-422]" time="0.003" /><testcase classname="tests.test_app_bmi_bodyfat_coverage.TestAppBMIBodyfatCoverage" name="test_endpoint_invalid_data[/api/v1/bmi-invalid_payload2-422]" time="0.003" /><testcase classname="tests.test_app_bmi_bodyfat_coverage.TestAppBMIBodyfatCoverage" name="test_endpoint_invalid_data[/api/v1/bodyfat-invalid_payload3-200]" time="0.004" /><testcase classname="tests.test_app_bmi_bodyfat_coverage.TestAppBMIBodyfatCoverage" name="test_endpoint_public_access[/api/v1/bmi-valid_payload0-200]" time="0.003" /><testcase classname="tests.test_app_bmi_bodyfat_coverage.TestAppBMIBodyfatCoverage" name="test_endpoint_public_access[/api/v1/bodyfat-valid_payload1-200]" time="0.003" /><testcase classname="tests.test_app_bmi_bodyfat_coverage.TestAppBMIBodyfatCoverage" name="test_bmi_logging_coverage" time="0.003" /><testcase classname="tests.test_app_bmi_bodyfat_coverage.TestAppBMIBodyfatCoverage" name="test_bmi_metrics_coverage" time="0.004" /><testcase classname="tests.test_app_bmi_v1.TestBMIv1API" name="test_bmi_v1_happy_path_general" time="0.003" /><testcase classname="tests.test_app_bmi_v1.TestBMIv1API" name="test_bmi_v1_happy_path_athlete" time="0.003" /><testcase classname="tests.test_app_bmi_v1.TestBMIv1API" name="test_bmi_v1_pregnant_category" time="0.003" /><testcase classname="tests.test_app_bmi_v1.TestBMIv1API" name="test_bmi_v1_with_waist_risk" time="0.003" /><testcase classname="tests.test_app_bmi_v1.TestBMIv1API" name="test_bmi_v1_422_missing_required_fields" time="0.007" /><testcase classname="tests.test_app_bmi_v1.TestBMIv1API" name="test_bmi_v1_422_invalid_values" time="0.008" /><testcase classname="tests.test_app_bmi_v1.TestBMIv1API" name="test_bmi_v1_realistic_validation" time="0.003" /><testcase classname="tests.test_app_bmi_v1.TestBMIv1API" name="test_bmi_v1_public_access_no_key" time="0.002" /><testcase classname="tests.test_app_bmi_v1.TestBMIv1API" name="test_bmi_v1_localization_russian" time="0.002" /><testcase classname="tests.test_app_bmi_v1.TestBMIv1API" name="test_bmi_v1_localization_spanish" time="0.003" /><testcase classname="tests.test_app_bodyfat_v1.TestBodyfatv1API" name="test_bodyfat_v1_happy_female" time="0.003" /><testcase classname="tests.test_app_bodyfat_v1.TestBodyfatv1API" name="test_bodyfat_v1_happy_male" time="0.004" /><testcase classname="tests.test_app_bodyfat_v1.TestBodyfatv1API" name="test_bodyfat_v1_validation_missing_gender" time="0.004" /><testcase classname="tests.test_app_bodyfat_v1.TestBodyfatv1API" name="test_bodyfat_v1_422_invalid_ranges" time="0.007" /><testcase classname="tests.test_app_bodyfat_v1.TestBodyfatv1API" name="test_bodyfat_v1_invalid_gender_fallback" time="0.004" /><testcase classname="tests.test_app_bodyfat_v1.TestBodyfatv1API" name="test_bodyfat_v1_edge_case_measurements" time="0.003" /><testcase classname="tests.test_app_bodyfat_v1.TestBodyfatv1API" name="test_bodyfat_v1_older_adult" time="0.003" /><testcase classname="tests.test_app_branching_and_errors" name="test_export_csv_no_pandas_no_key" time="0.003" /><testcase classname="tests.test_app_branching_and_errors" name="test_export_pdf_no_reportlab_no_key" time="0.060" /><testcase classname="tests.test_app_branching_and_errors" name="test_rag_context_fallback" time="0.003" /><testcase classname="tests.test_app_branching_and_errors" name="test_premium_nutrient_gaps_fallback" time="0.054" /><testcase classname="tests.test_app_branching_and_errors" name="test_bmi_endpoint_invalid_payload" time="0.004" /><testcase classname="tests.test_app_branching_and_errors" name="test_bmi_endpoint_value_error" time="0.004" /><testcase classname="tests.test_app_branching_and_errors" name="test_premium_bmr_403_if_feature_flag" time="0.004" /><testcase classname="tests.test_app_branching_and_errors" name="test_export_pdf_error" time="0.003" /><testcase classname="tests.test_app_branching_and_errors" name="test_weekly_menu_generation_error" time="0.004" /><testcase classname="tests.test_app_branching_and_errors" name="test_no_calculate_all_bmr" time="0.049"><skipped type="pytest.xfail" message="calculate_all_bmr is not None after reload; patching not supported in this environment" /></testcase><testcase classname="tests.test_app_branching_and_errors" name="test_no_bmi_pro_router" time="0.001" /><testcase classname="tests.test_app_branching_and_errors" name="test_no_premium_week_router" time="0.001" /><testcase classname="tests.test_app_branching_and_errors" name="test_root_endpoint" time="0.003" /><testcase classname="tests.test_app_branching_and_errors" name="test_invalid_route" time="0.002" /><testcase classname="tests.test_app_branching_and_errors" name="test_health_endpoint" time="0.002" /><testcase classname="tests.test_app_branching_and_errors" name="test_vip_module_disabled" time="0.049" /><testcase classname="tests.test_app_branching_and_errors" name="test_vip_module_enabled" time="0.047" /><testcase classname="tests.test_app_branching_and_errors" name="test_invalid_method" time="0.003" /><testcase classname="tests.test_app_branching_and_errors" name="test_internal_error" time="0.001"><skipped type="pytest.xfail" message="app.routers.foods has no attribute 'get_foods'" /></testcase><testcase classname="tests.test_app_comprehensive_97_final.TestAppComprehensive97" name="test_bmi_endpoint_with_visualization" time="0.003" /><testcase classname="tests.test_app_comprehensive_97_final.TestAppComprehensive97" name="test_bmi_endpoint_athlete_with_visualization" time="0.003" /><testcase classname="tests.test_app_comprehensive_97_final.TestAppComprehensive97" name="test_bmi_endpoint_visualization_not_available" time="0.132" /><testcase classname="tests.test_app_comprehensive_97_final.TestAppComprehensive97" name="test_plan_endpoint_russian_language" time="0.003" /><testcase classname="tests.test_app_comprehensive_97_final.TestAppComprehensive97" name="test_plan_endpoint_russian_with_premium" time="0.003" /><testcase classname="tests.test_app_comprehensive_97_final.TestAppComprehensive97" name="test_plan_endpoint_english_language" time="0.004" /><testcase classname="tests.test_app_comprehensive_97_final.TestAppComprehensive97" name="test_plan_endpoint_english_with_premium" time="0.003" /><testcase classname="tests.test_app_comprehensive_97_final.TestAppComprehensive97" name="test_plan_endpoint_pregnant_case" time="0.003" /><testcase classname="tests.test_app_comprehensive_97_final.TestAppComprehensive97" name="test_premium_bmr_endpoint_success" time="0.003" /><testcase classname="tests.test_app_comprehensive_97_final.TestAppComprehensive97" name="test_premium_bmr_endpoint_module_not_available" time="0.004" /><testcase classname="tests.test_app_comprehensive_97_final.TestAppComprehensive97" name="test_premium_bmr_endpoint_value_error" time="0.004" /><testcase classname="tests.test_app_comprehensive_97_final.TestAppComprehensive97" name="test_premium_bmr_endpoint_general_error" time="0.003" /><testcase classname="tests.test_app_comprehensive_97_final.TestAppComprehensive97" name="test_premium_targets_endpoint_success" time="0.003" /><testcase classname="tests.test_app_comprehensive_97_final.TestAppComprehensive97" name="test_premium_targets_endpoint_not_available" time="0.003" /><testcase classname="tests.test_app_comprehensive_97_final.TestAppComprehensive97" name="test_premium_targets_with_safety_warnings" time="0.003" /><testcase classname="tests.test_app_comprehensive_97_final.TestAppComprehensive97" name="test_bmi_endpoint_waist_risk_calculation" time="0.002" /><testcase classname="tests.test_app_comprehensive_97_final.TestAppComprehensive97" name="test_plan_endpoint_athlete_case" time="0.003" /><testcase classname="tests.test_app_comprehensive_97_final.TestAppComprehensive97" name="test_activity_level_descriptions" time="0.002" /><testcase classname="tests.test_app_comprehensive_97_final.TestAppComprehensive97" name="test_katch_bmr_note" time="0.003" /><testcase classname="tests.test_app_comprehensive_97_final.TestAppComprehensive97" name="test_premium_targets_import_error_handling" time="0.004" /><testcase classname="tests.test_app_cover" name="test_bmi_groups_exercise_branches[athlete]" time="0.004" /><testcase classname="tests.test_app_cover" name="test_bmi_groups_exercise_branches[pregnant]" time="0.003" /><testcase classname="tests.test_app_cover" name="test_bmi_groups_exercise_branches[elderly]" time="0.003" /><testcase classname="tests.test_app_cover" name="test_bmi_groups_exercise_branches[teen]" time="0.003" /><testcase classname="tests.test_app_cover" name="test_insight_route_or_skip" time="0.003" /><testcase classname="tests.test_app_cover" name="test_debug_env_keys_or_skip" time="0.002" /><testcase classname="tests.test_app_cover" name="test_bmi_endpoint_lang_en_athlete" time="0.003" /><testcase classname="tests.test_app_coverage_missing_lines.TestAppMissingLinesCoverage" name="test_is_truthy_function" time="0.001" /><testcase classname="tests.test_app_coverage_missing_lines.TestAppMissingLinesCoverage" name="test_get_api_key_with_valid_key" time="0.001" /><testcase classname="tests.test_app_coverage_missing_lines.TestAppMissingLinesCoverage" name="test_get_api_key_with_invalid_key" time="0.001" /><testcase classname="tests.test_app_coverage_missing_lines.TestAppMissingLinesCoverage" name="test_get_api_key_required_mode" time="0.001" /><testcase classname="tests.test_app_coverage_missing_lines.TestAppMissingLinesCoverage" name="test_get_api_key_dev_mode" time="0.001" /><testcase classname="tests.test_app_coverage_missing_lines.TestAppMissingLinesCoverage" name="test_get_api_key_invalid_tokens" time="0.001" /><testcase classname="tests.test_app_coverage_missing_lines.TestAppMissingLinesCoverage" name="test_admin_status_endpoint_success" time="0.003" /><testcase classname="tests.test_app_coverage_missing_lines.TestAppMissingLinesCoverage" name="test_admin_status_endpoint_error" time="0.003" /><testcase classname="tests.test_app_coverage_missing_lines.TestAppMissingLinesCoverage" name="test_log_requests_middleware" time="0.003" /><testcase classname="tests.test_app_coverage_missing_lines.TestAppMissingLinesCoverage" name="test_database_health_success" time="0.004" /><testcase classname="tests.test_app_coverage_missing_lines.TestAppMissingLinesCoverage" name="test_database_health_error" time="0.004" /><testcase classname="tests.test_app_coverage_missing_lines.TestAppMissingLinesCoverage" name="test_legacy_category_label" time="0.001" /><testcase classname="tests.test_app_coverage_missing_lines.TestAppMissingLinesCoverage" name="test_favicon_endpoint" time="0.003" /><testcase classname="tests.test_app_coverage_missing_lines.TestAppMissingLinesCoverage" name="test_metrics_endpoint" time="0.002" /><testcase classname="tests.test_app_coverage_missing_lines.TestAppMissingLinesCoverage" name="test_privacy_endpoint" time="0.003" /><testcase classname="tests.test_app_coverage_missing_lines.TestAppMissingLinesCoverage" name="test_vip_router_inclusion_when_enabled" time="0.001" /><testcase classname="tests.test_app_coverage_missing_lines.TestAppMissingLinesCoverage" name="test_bodyfat_router_inclusion_when_available" time="0.001" /><testcase classname="tests.test_app_coverage_missing_lines.TestAppMissingLinesCoverage" name="test_bmi_pro_router_inclusion" time="0.001" /><testcase classname="tests.test_app_coverage_missing_lines.TestAppMissingLinesCoverage" name="test_premium_week_router_inclusion" time="0.001" /><testcase classname="tests.test_app_coverage_missing_lines.TestAppMissingLinesCoverage" name="test_root_endpoint" time="0.003" /><testcase classname="tests.test_app_coverage_missing_lines.TestAppMissingLinesCoverage" name="test_health_endpoints" time="0.003" /><testcase classname="tests.test_app_coverage_missing_lines.TestAppMissingLinesCoverage" name="test_debug_env_endpoint" time="0.002" /><testcase classname="tests.test_app_coverage_missing_lines.TestAppMissingLinesCoverage" name="test_database_status_endpoint" time="0.003" /><testcase classname="tests.test_app_coverage_missing_lines.TestAppMissingLinesCoverage" name="test_force_database_update_endpoint" time="1.676" /><testcase classname="tests.test_app_coverage_missing_lines.TestAppMissingLinesCoverage" name="test_check_for_updates_endpoint" time="0.011" /><testcase classname="tests.test_app_coverage_missing_lines.TestAppMissingLinesCoverage" name="test_rollback_database_endpoint" time="0.007" /><testcase classname="tests.test_app_coverage_missing_lines.TestAppMissingLinesCoverage" name="test_export_pdf_generic_endpoint" time="0.006" /><testcase classname="tests.test_app_coverage_missing_lines.TestAppMissingLinesCoverage" name="test_export_pdf_generic_empty_payload" time="0.005" /><testcase classname="tests.test_app_coverage_optimized.TestAppCoverageFinal" name="test_app_health_endpoints" time="0.007" /><testcase classname="tests.test_app_coverage_optimized.TestAppCoverageFinal" name="test_app_bmi_endpoint_core_cases" time="0.010" /><testcase classname="tests.test_app_coverage_optimized.TestAppCoverageFinal" name="test_app_bodyfat_endpoint_core_cases" time="0.007" /><testcase classname="tests.test_app_coverage_optimized.TestAppCoverageFinal" name="test_app_insight_endpoint" time="0.004" /><testcase classname="tests.test_app_coverage_optimized.TestAppCoverageFinal" name="test_app_premium_endpoints" time="0.011" /><testcase classname="tests.test_app_coverage_optimized.TestAppCoverageFinal" name="test_app_vip_endpoints" time="0.022" /><testcase classname="tests.test_app_coverage_optimized.TestAppCoverageFinal" name="test_app_cors_middleware" time="0.004" /><testcase classname="tests.test_app_coverage_optimized.TestAppCoverageFinal" name="test_app_exception_handlers" time="0.005" /><testcase classname="tests.test_app_coverage_optimized.TestAppCoverageFinal" name="test_app_production_mode" time="0.003" /><testcase classname="tests.test_app_coverage_optimized.TestAppCoverageFinal" name="test_app_lifespan_events" time="0.004" /><testcase classname="tests.test_app_coverage_optimized.TestAppCoverageFinal" name="test_app_router_inclusion" time="0.004" /><testcase classname="tests.test_app_coverage_optimized.TestAppCoverageFinal" name="test_app_openapi_generation" time="0.167" /><testcase classname="tests.test_app_creation_coverage.TestAppCreationCoverage" name="test_app_lifecycle_coverage" time="0.006" /><testcase classname="tests.test_app_creation_coverage.TestAppCreationCoverage" name="test_app_fastapi_instance_coverage" time="0.004" /><testcase classname="tests.test_app_creation_coverage.TestAppCreationCoverage" name="test_app_title_coverage" time="0.004" /><testcase classname="tests.test_app_creation_coverage.TestAppCreationCoverage" name="test_app_version_coverage" time="0.004" /><testcase classname="tests.test_app_creation_coverage.TestAppCreationCoverage" name="test_app_description_coverage" time="0.004" /><testcase classname="tests.test_app_creation_coverage.TestAppCreationCoverage" name="test_app_docs_url_coverage" time="0.003" /><testcase classname="tests.test_app_creation_coverage.TestAppCreationCoverage" name="test_app_redoc_url_coverage" time="0.003" /><testcase classname="tests.test_app_creation_coverage.TestAppCreationCoverage" name="test_app_openapi_url_coverage" time="0.004" /><testcase classname="tests.test_app_creation_coverage.TestAppCreationCoverage" name="test_app_middleware_setup_coverage" time="0.004" /><testcase classname="tests.test_app_creation_coverage.TestAppCreationCoverage" name="test_app_exception_handlers_setup_coverage" time="0.004" /><testcase classname="tests.test_app_creation_coverage.TestAppCreationCoverage" name="test_app_router_setup_coverage" time="0.005" /><testcase classname="tests.test_app_creation_coverage.TestAppCreationCoverage" name="test_app_lifespan_setup_coverage" time="0.004" /><testcase classname="tests.test_app_creation_coverage.TestAppCreationCoverage" name="test_app_cors_setup_coverage" time="0.004" /><testcase classname="tests.test_app_creation_coverage.TestAppCreationCoverage" name="test_app_security_setup_coverage" time="0.004" /><testcase classname="tests.test_app_creation_coverage.TestAppCreationCoverage" name="test_app_validation_setup_coverage" time="0.004" /><testcase classname="tests.test_app_creation_coverage.TestAppCreationCoverage" name="test_app_logging_setup_coverage" time="0.005" /><testcase classname="tests.test_app_creation_coverage.TestAppCreationCoverage" name="test_app_metrics_setup_coverage" time="0.003" /><testcase classname="tests.test_app_creation_coverage.TestAppCreationCoverage" name="test_app_health_check_setup_coverage" time="0.004" /><testcase classname="tests.test_app_critical_clean.TestAppCriticalLines97" name="test_invalid_json_malformed_request" time="0.003" /><testcase classname="tests.test_app_critical_clean.TestAppCriticalLines97" name="test_error_handling_edge_paths" time="0.005" /><testcase classname="tests.test_app_critical_clean.TestAppCriticalLines97" name="test_premium_endpoints_error_paths" time="0.004" /><testcase classname="tests.test_app_critical_clean.TestAppCriticalLines97" name="test_health_endpoint_coverage" time="0.002" /><testcase classname="tests.test_app_critical_clean.TestAppCriticalLines97" name="test_cors_and_middleware_paths" time="0.003" /><testcase classname="tests.test_app_critical_clean.TestAppCriticalLines97" name="test_exception_handling_paths" time="0.003" /><testcase classname="tests.test_app_critical_clean.TestAppCriticalLines97" name="test_various_endpoints_coverage" time="0.005" /><testcase classname="tests.test_app_critical_lines_97.TestAppCriticalLines97" name="test_invalid_json_malformed_request" time="0.003" /><testcase classname="tests.test_app_critical_lines_97.TestAppCriticalLines97" name="test_vip_endpoints_without_vip_module_health" time="0.003" /><testcase classname="tests.test_app_critical_lines_97.TestAppCriticalLines97" name="test_admin_endpoints_missing_scheduler_health" time="0.003" /><testcase classname="tests.test_app_critical_lines_97.TestAppCriticalLines97" name="test_error_handling_bmi_paths" time="0.005" /><testcase classname="tests.test_app_critical_lines_97.TestAppCriticalLines97" name="test_vip_endpoints_without_vip_module" time="0.054" /><testcase classname="tests.test_app_critical_lines_97.TestAppCriticalLines97" name="test_admin_endpoints_missing_scheduler" time="0.005" /><testcase classname="tests.test_app_critical_lines_97.TestAppCriticalLines97" name="test_error_handling_edge_paths" time="0.007" /><testcase classname="tests.test_app_critical_lines_97.TestAppCriticalLines97" name="test_missing_dependencies_import_paths" time="0.001" /><testcase classname="tests.test_app_critical_lines_97.TestAppCriticalLines97" name="test_premium_endpoints_error_paths" time="0.006" /><testcase classname="tests.test_app_critical_lines_97.TestAppCriticalLines97" name="test_recipes_endpoints_error_handling" time="0.003" /><testcase classname="tests.test_app_critical_lines_97.TestAppCriticalLines97" name="test_foods_endpoints_error_handling" time="0.003" /><testcase classname="tests.test_app_critical_lines_97.TestAppCriticalLines97" name="test_export_endpoints_error_handling" time="0.003" /><testcase classname="tests.test_app_critical_lines_97.TestAppCriticalLines97" name="test_middleware_error_paths" time="0.050" /><testcase classname="tests.test_app_critical_lines_97.TestAppCriticalLines97" name="test_startup_shutdown_events" time="0.049" /><testcase classname="tests.test_app_endpoints_coverage.TestAppEndpointsCoverage" name="test_app_health_endpoint_coverage" time="0.004" /><testcase classname="tests.test_app_endpoints_coverage.TestAppEndpointsCoverage" name="test_app_root_endpoint_coverage" time="0.003" /><testcase classname="tests.test_app_endpoints_coverage.TestAppEndpointsCoverage" name="test_app_docs_endpoint_coverage" time="0.003" /><testcase classname="tests.test_app_endpoints_coverage.TestAppEndpointsCoverage" name="test_app_openapi_endpoint_coverage" time="0.167" /><testcase classname="tests.test_app_endpoints_coverage.TestAppEndpointsCoverage" name="test_app_metrics_endpoint_coverage" time="0.003" /><testcase classname="tests.test_app_endpoints_coverage.TestAppEndpointsCoverage" name="test_app_admin_status_endpoint_coverage" time="0.003" /><testcase classname="tests.test_app_endpoints_coverage.TestAppEndpointsCoverage" name="test_app_bmi_endpoint_coverage" time="0.004" /><testcase classname="tests.test_app_endpoints_coverage.TestAppEndpointsCoverage" name="test_app_bodyfat_endpoint_coverage" time="0.004" /><testcase classname="tests.test_app_endpoints_coverage.TestAppEndpointsCoverage" name="test_app_insight_endpoint_coverage" time="0.004" /><testcase classname="tests.test_app_endpoints_coverage.TestAppEndpointsCoverage" name="test_app_vip_endpoints_coverage" time="0.007" /><testcase classname="tests.test_app_endpoints_coverage.TestAppEndpointsCoverage" name="test_app_api_key_endpoint_coverage" time="0.003" /><testcase classname="tests.test_app_endpoints_coverage.TestAppEndpointsCoverage" name="test_app_foods_endpoint_coverage" time="0.004" /><testcase classname="tests.test_app_endpoints_coverage.TestAppEndpointsCoverage" name="test_app_recipes_endpoint_coverage" time="0.004" /><testcase classname="tests.test_app_endpoints_coverage.TestAppEndpointsCoverage" name="test_app_users_endpoint_coverage" time="0.008" /><testcase classname="tests.test_app_endpoints_coverage.TestAppEndpointsCoverage" name="test_app_premium_week_endpoint_coverage" time="0.003" /><testcase classname="tests.test_app_endpoints_coverage.TestAppEndpointsCoverage" name="test_app_bmi_pro_endpoint_coverage" time="0.005" /><testcase classname="tests.test_app_endpoints_coverage.TestAppEndpointsCoverage" name="test_app_admin_endpoints_coverage" time="0.004" /><testcase classname="tests.test_app_endpoints_coverage.TestAppEndpointsCoverage" name="test_app_http_methods_coverage" time="0.009" /><testcase classname="tests.test_app_endpoints_coverage.TestAppEndpointsCoverage" name="test_app_endpoint_validation_coverage" time="0.007" /><testcase classname="tests.test_app_endpoints_coverage.TestAppEndpointsCoverage" name="test_app_endpoint_error_handling_coverage" time="0.005" /><testcase classname="tests.test_app_endpoints_coverage.TestAppEndpointsCoverage" name="test_app_endpoint_security_coverage" time="0.007" /><testcase classname="tests.test_app_exact_coverage_96.TestAppExactCoverage96" name="test_bmi_validation_unrealistically_high_bmi_exact" time="0.003" /><testcase classname="tests.test_app_exact_coverage_96.TestAppExactCoverage96" name="test_bmi_validation_unrealistically_low_bmi_exact" time="0.003" /><testcase classname="tests.test_app_exact_coverage_96.TestAppExactCoverage96" name="test_visualization_not_available_matplotlib" time="0.003" /><testcase classname="tests.test_app_exact_coverage_96.TestAppExactCoverage96" name="test_pregnant_female_bmi_note" time="0.005" /><testcase classname="tests.test_app_exact_coverage_96.TestAppExactCoverage96" name="test_pregnant_female_bmi_note_russian" time="0.003" /><testcase classname="tests.test_app_exact_coverage_96.TestAppExactCoverage96" name="test_pregnant_female_bmi_note_spanish" time="0.003" /><testcase classname="tests.test_app_exact_coverage_96.TestAppExactCoverage96" name="test_waist_risk_high_male_english" time="0.003" /><testcase classname="tests.test_app_exact_coverage_96.TestAppExactCoverage96" name="test_waist_risk_high_female_english" time="0.005" /><testcase classname="tests.test_app_exact_coverage_96.TestAppExactCoverage96" name="test_waist_risk_high_male_russian" time="0.003" /><testcase classname="tests.test_app_exact_coverage_96.TestAppExactCoverage96" name="test_waist_risk_high_female_russian" time="0.003" /><testcase classname="tests.test_app_exact_coverage_96.TestAppExactCoverage96" name="test_waist_risk_increased_male_english" time="0.003" /><testcase classname="tests.test_app_exact_coverage_96.TestAppExactCoverage96" name="test_waist_risk_increased_female_english" time="0.004" /><testcase classname="tests.test_app_exact_coverage_96.TestAppExactCoverage96" name="test_waist_risk_increased_male_russian" time="0.004" /><testcase classname="tests.test_app_exact_coverage_96.TestAppExactCoverage96" name="test_waist_risk_increased_female_russian" time="0.003" /><testcase classname="tests.test_app_exact_coverage_96.TestAppExactCoverage96" name="test_waist_risk_low_male_english" time="0.004" /><testcase classname="tests.test_app_exact_coverage_96.TestAppExactCoverage96" name="test_waist_risk_low_female_english" time="0.003" /><testcase classname="tests.test_app_exact_coverage_96.TestAppExactCoverage96" name="test_waist_risk_none_waist" time="0.004" /><testcase classname="tests.test_app_exact_coverage_96.TestAppExactCoverage96" name="test_athlete_group_assignment" time="0.003" /><testcase classname="tests.test_app_exact_coverage_96.TestAppExactCoverage96" name="test_general_group_assignment" time="0.004" /><testcase classname="tests.test_app_exact_coverage_96.TestAppExactCoverage96" name="test_athlete_flag_assignment" time="0.003" /><testcase classname="tests.test_app_exact_coverage_96.TestAppExactCoverage96" name="test_non_athlete_flag_assignment" time="0.003" /><testcase classname="tests.test_app_exact_coverage_96.TestAppExactCoverage96" name="test_bmi_calculation_assignment" time="0.003" /><testcase classname="tests.test_app_exact_coverage_96.TestAppExactCoverage96" name="test_category_assignment" time="0.003" /><testcase classname="tests.test_app_exact_coverage_96.TestAppExactCoverage96" name="test_note_assignment" time="0.003" /><testcase classname="tests.test_app_exception_handlers_coverage.TestAppExceptionHandlersCoverage" name="test_validation_error_handlers[/api/v1/bmi-payload0-422]" time="0.004" /><testcase classname="tests.test_app_exception_handlers_coverage.TestAppExceptionHandlersCoverage" name="test_validation_error_handlers[/api/v1/bodyfat-payload1-422]" time="0.003" /><testcase classname="tests.test_app_exception_handlers_coverage.TestAppExceptionHandlersCoverage" name="test_validation_error_handlers[/api/v1/bmi-payload2-422]" time="0.004" /><testcase classname="tests.test_app_exception_handlers_coverage.TestAppExceptionHandlersCoverage" name="test_validation_error_handlers[/api/v1/bodyfat-payload3-422]" time="0.004" /><testcase classname="tests.test_app_exception_handlers_coverage.TestAppExceptionHandlersCoverage" name="test_validation_error_handlers[/api/v1/bmi-payload4-422]" time="0.004" /><testcase classname="tests.test_app_exception_handlers_coverage.TestAppExceptionHandlersCoverage" name="test_validation_error_handlers[/api/v1/bodyfat-payload5-422]" time="0.004" /><testcase classname="tests.test_app_exception_handlers_coverage.TestAppExceptionHandlersCoverage" name="test_validation_error_handlers[/api/v1/bmi-payload6-422]" time="0.004" /><testcase classname="tests.test_app_exception_handlers_coverage.TestAppExceptionHandlersCoverage" name="test_validation_error_handlers[/api/v1/bodyfat-payload7-422]" time="0.004" /><testcase classname="tests.test_app_exception_handlers_coverage.TestAppExceptionHandlersCoverage" name="test_validation_error_handlers[/api/v1/bmi-payload8-422]" time="0.005" /><testcase classname="tests.test_app_exception_handlers_coverage.TestAppExceptionHandlersCoverage" name="test_validation_error_handlers[/api/v1/bodyfat-payload9-422]" time="0.004" /><testcase classname="tests.test_app_exception_handlers_coverage.TestAppExceptionHandlersCoverage" name="test_validation_error_handlers[/api/v1/bmi-payload10-422]" time="0.004" /><testcase classname="tests.test_app_exception_handlers_coverage.TestAppExceptionHandlersCoverage" name="test_validation_error_handlers[/api/v1/bodyfat-payload11-422]" time="0.003" /><testcase classname="tests.test_app_exception_handlers_coverage.TestAppExceptionHandlersCoverage" name="test_http_exception_handlers" time="0.004" /><testcase classname="tests.test_app_exception_handlers_coverage.TestAppExceptionHandlersCoverage" name="test_runtime_error_handler" time="0.004" /><testcase classname="tests.test_app_exception_handlers_coverage.TestAppExceptionHandlersCoverage" name="test_connection_error_handler" time="0.002" /><testcase classname="tests.test_app_exception_handlers_coverage.TestAppExceptionHandlersCoverage" name="test_timeout_error_handler" time="0.003" /><testcase classname="tests.test_app_extended_coverage.TestLifespanEvents" name="test_lifespan_startup_success" time="0.002" /><testcase classname="tests.test_app_extended_coverage.TestLifespanEvents" name="test_lifespan_startup_failure" time="0.002" /><testcase classname="tests.test_app_extended_coverage.TestLifespanEvents" name="test_lifespan_shutdown_success" time="0.003" /><testcase classname="tests.test_app_extended_coverage.TestLifespanEvents" name="test_lifespan_shutdown_failure" time="0.003" /><testcase classname="tests.test_app_extended_coverage.TestAPIEndpoints" name="test_root_endpoint_html_content" time="0.003" /><testcase classname="tests.test_app_extended_coverage.TestAPIEndpoints" name="test_favicon_endpoint" time="0.003" /><testcase classname="tests.test_app_extended_coverage.TestAPIEndpoints" name="test_health_endpoint" time="0.003" /><testcase classname="tests.test_app_extended_coverage.TestAPIEndpoints" name="test_metrics_endpoint" time="0.003" /><testcase classname="tests.test_app_extended_coverage.TestAPIEndpoints" name="test_privacy_endpoint" time="0.003" /><testcase classname="tests.test_app_extended_coverage.TestAPIEndpoints" name="test_api_v1_health" time="0.002" /><testcase classname="tests.test_app_extended_coverage.TestBMIEndpoints" name="test_bmi_endpoint_pregnancy" time="0.003" /><testcase classname="tests.test_app_extended_coverage.TestBMIEndpoints" name="test_bmi_endpoint_athlete" time="0.003" /><testcase classname="tests.test_app_extended_coverage.TestBMIEndpoints" name="test_bmi_endpoint_with_waist" time="0.003" /><testcase classname="tests.test_app_extended_coverage.TestBMIEndpoints" name="test_bmi_endpoint_with_visualization" time="0.136" /><testcase classname="tests.test_app_extended_coverage.TestBMIEndpoints" name="test_plan_endpoint_premium" time="0.004" /><testcase classname="tests.test_app_extended_coverage.TestBMIEndpoints" name="test_plan_endpoint_russian" time="0.003" /><testcase classname="tests.test_app_extended_coverage.TestInsightEndpoints" name="test_insight_endpoint_disabled_explicitly" time="0.003" /><testcase classname="tests.test_app_extended_coverage.TestInsightEndpoints" name="test_insight_endpoint_no_provider" time="0.004" /><testcase classname="tests.test_app_extended_coverage.TestInsightEndpoints" name="test_insight_endpoint_provider_unavailable" time="0.004" /><testcase classname="tests.test_app_extended_coverage.TestInsightEndpoints" name="test_insight_endpoint_success" time="0.004" /><testcase classname="tests.test_app_extended_coverage.TestInsightEndpoints" name="test_api_v1_insight_success" time="0.003" /><testcase classname="tests.test_app_extended_coverage.TestInsightEndpoints" name="test_api_v1_insight_no_llm_module" time="0.004" /><testcase classname="tests.test_app_extended_coverage.TestPremiumEndpoints" name="test_api_v1_bmi_success" time="0.003" /><testcase classname="tests.test_app_extended_coverage.TestPremiumEndpoints" name="test_api_v1_bmi_invalid_height" time="0.003" /><testcase classname="tests.test_app_extended_coverage.TestPremiumEndpoints" name="test_premium_bmr_unavailable" time="0.003" /><testcase classname="tests.test_app_extended_coverage.TestPremiumEndpoints" name="test_premium_plate_unavailable" time="0.004" /><testcase classname="tests.test_app_extended_coverage.TestPremiumEndpoints" name="test_who_targets_unavailable" time="0.003" /><testcase classname="tests.test_app_extended_coverage.TestPremiumEndpoints" name="test_weekly_menu_unavailable" time="0.004" /><testcase classname="tests.test_app_extended_coverage.TestPremiumEndpoints" name="test_nutrient_gaps_unavailable" time="0.003" /><testcase classname="tests.test_app_extended_coverage.TestDatabaseAdminEndpoints" name="test_database_status_error" time="0.003" /><testcase classname="tests.test_app_extended_coverage.TestDatabaseAdminEndpoints" name="test_force_update_error" time="3.150" /><testcase classname="tests.test_app_extended_coverage.TestDatabaseAdminEndpoints" name="test_check_updates_error" time="0.006" /><testcase classname="tests.test_app_extended_coverage.TestDatabaseAdminEndpoints" name="test_rollback_error" time="0.006" /><testcase classname="tests.test_app_extended_coverage.TestDebugEndpoint" name="test_debug_env_endpoint" time="0.004" /><testcase classname="tests.test_app_extended_coverage.TestVisualizationEndpoint" name="test_bmi_visualize_unavailable_module" time="0.005" /><testcase classname="tests.test_app_extended_coverage.TestVisualizationEndpoint" name="test_bmi_visualize_matplotlib_unavailable" time="0.004" /><testcase classname="tests.test_app_extra_coverage.TestAppHelperFunctions" name="test_legacy_category_label_mappings" time="0.002" /><testcase classname="tests.test_app_extra_coverage.TestAppHelperFunctions" name="test_rate_limiting_available_flag" time="0.002" /><testcase classname="tests.test_app_extra_coverage.TestAppHelperFunctions" name="test_bmr_wrapper_and_tdee_wrapper" time="0.001" /><testcase classname="tests.test_app_extra_coverage.TestAppHelperFunctions" name="test_resolve_attr_utility" time="0.001" /><testcase classname="tests.test_app_extra_coverage.TestAppHelperFunctions" name="test_bmi_endpoint_visualization_flag_safe" time="0.140" /><testcase classname="tests.test_app_extra_coverage.TestEndpointsAndValidation" name="test_bmi_request_validation_edge_cases" time="0.005" /><testcase classname="tests.test_app_extra_coverage.TestEndpointsAndValidation" name="test_bmi_v1_success" time="0.004" /><testcase classname="tests.test_app_extra_coverage.TestEndpointsAndValidation" name="test_invalid_json_and_missing_fields" time="0.006" /><testcase classname="tests.test_app_extra_coverage.TestEndpointsAndValidation" name="test_invalid_types_and_enums" time="0.006" /><testcase classname="tests.test_app_extra_coverage.TestEndpointsAndValidation" name="test_admin_and_debug_endpoints" time="2.639" /><testcase classname="tests.test_app_faker_realistic.TestAppRealisticData" name="test_bmi_calculation_realistic_demographics" time="0.006" /><testcase classname="tests.test_app_faker_realistic.TestAppRealisticData" name="test_bmi_extreme_edge_cases" time="0.008" /><testcase classname="tests.test_app_faker_realistic.TestAppRealisticData" name="test_pregnancy_scenarios_realistic" time="0.005" /><testcase classname="tests.test_app_faker_realistic.TestAppRealisticData" name="test_plan_endpoint_realistic_data" time="0.004" /><testcase classname="tests.test_app_faker_realistic.TestAppRealisticData" name="test_insight_endpoint_realistic_data" time="0.007" /><testcase classname="tests.test_app_faker_realistic.TestAppRealisticData" name="test_health_endpoints" time="0.009" /><testcase classname="tests.test_app_faker_realistic.TestAppRealisticData" name="test_public_endpoints" time="0.010" /><testcase classname="tests.test_app_faker_realistic.TestAppRealisticData" name="test_error_handling_edge_cases" time="0.017" /><testcase classname="tests.test_app_faker_realistic.TestAppRealisticData" name="test_localization_with_faker" time="0.020" /><testcase classname="tests.test_app_faker_realistic.TestAppDatabaseScenarios" name="test_database_health_check" time="0.007" /><testcase classname="tests.test_app_faker_realistic.TestAppErrorScenarios" name="test_large_request_handling" time="0.003" /><testcase classname="tests.test_app_faker_realistic.TestAppValidationEdgeCases" name="test_boundary_weight_values" time="0.005" /><testcase classname="tests.test_app_faker_realistic.TestAppValidationEdgeCases" name="test_boundary_height_values" time="0.009" /><testcase classname="tests.test_app_faker_realistic.TestAppValidationEdgeCases" name="test_boundary_age_values" time="0.011" /><testcase classname="tests.test_app_faker_realistic.TestAppAdditionalEndpoints" name="test_favicon_endpoint" time="0.003" /><testcase classname="tests.test_app_faker_realistic.TestAppAdditionalEndpoints" name="test_premium_bmr_endpoint" time="0.004" /><testcase classname="tests.test_app_faker_realistic.TestAppAdditionalEndpoints" name="test_premium_targets_endpoint" time="0.005" /><testcase classname="tests.test_app_faker_realistic.TestAppAdditionalEndpoints" name="test_additional_public_endpoints" time="0.006" /><testcase classname="tests.test_app_faker_realistic.TestAppErrorPathsCoverage" name="test_malformed_json_requests" time="0.004" /><testcase classname="tests.test_app_faker_realistic.TestAppErrorPathsCoverage" name="test_missing_content_type" time="0.003" /><testcase classname="tests.test_app_faker_realistic.TestAppErrorPathsCoverage" name="test_empty_request_body" time="0.005" /><testcase classname="tests.test_app_faker_realistic.TestAppErrorPathsCoverage" name="test_null_values_in_request" time="0.004" /><testcase classname="tests.test_app_faker_realistic.TestAppErrorPathsCoverage" name="test_unsupported_language_codes" time="0.010" /><testcase classname="tests.test_app_faker_realistic.TestAppSpecialCases" name="test_concurrent_requests" time="0.006" /><testcase classname="tests.test_app_faker_realistic.TestAppSpecialCases" name="test_unicode_handling" time="0.003" /><testcase classname="tests.test_app_faker_realistic.TestAppSpecialCases" name="test_very_large_numbers" time="0.004" /><testcase classname="tests.test_app_faker_realistic.TestAppSpecialCases" name="test_negative_values" time="0.004" /><testcase classname="tests.test_app_health_and_root.TestHealthAndMonitoringEndpoints" name="test_health_ok" time="0.002" /><testcase classname="tests.test_app_health_and_root.TestHealthAndMonitoringEndpoints" name="test_v1_health_ok" time="0.002" /><testcase classname="tests.test_app_health_and_root.TestHealthAndMonitoringEndpoints" name="test_metrics_endpoint" time="0.002" /><testcase classname="tests.test_app_health_and_root.TestHealthAndMonitoringEndpoints" name="test_root_page_renders" time="0.002" /><testcase classname="tests.test_app_health_and_root.TestHealthAndMonitoringEndpoints" name="test_favicon_endpoint" time="0.003" /><testcase classname="tests.test_app_health_and_root.TestHealthAndMonitoringEndpoints" name="test_privacy_endpoint" time="0.003" /><testcase classname="tests.test_app_health_and_root.TestDebugEndpoint" name="test_debug_env_endpoint" time="0.003" /><testcase classname="tests.test_app_import" name="test_app_import" time="0.001" /><testcase classname="tests.test_app_import" name="test_app_endpoints" time="0.001" /><testcase classname="tests.test_app_init_rebinding_spec.TestRebindingModuleSpec" name="test_rebinding_spec_initialization" time="0.001" /><testcase classname="tests.test_app_init_rebinding_spec.TestRebindingModuleSpec" name="test_rebinding_spec_name_attribute_access" time="0.001" /><testcase classname="tests.test_app_init_rebinding_spec.TestRebindingModuleSpec" name="test_rebinding_spec_submodule_search_locations" time="0.001" /><testcase classname="tests.test_app_init_rebinding_spec.TestRebindingModuleSpec" name="test_rebinding_spec_with_monkeypatch" time="0.001" /><testcase classname="tests.test_app_init_rebinding_spec.TestRebindingModuleSpec" name="test_rebinding_spec_other_attributes" time="0.001" /><testcase classname="tests.test_app_init_rebinding_spec.TestRebindingModuleSpec" name="test_rebinding_spec_owner_module" time="0.001" /><testcase classname="tests.test_app_init_rebinding_spec.TestRebindingModuleSpec" name="test_app_module_exports_after_rebinding" time="0.001" /><testcase classname="tests.test_app_init_rebinding_spec.TestRebindingModuleSpec" name="test_app_module_fallback_exports" time="0.001" /><testcase classname="tests.test_app_init_rebinding_spec.TestRebindingModuleSpec" name="test_app_module_spec_from_loader_coverage" time="0.001" /><testcase classname="tests.test_app_key_coverage_clean.TestAPIKeyModes" name="test_api_key_strict_mode_valid_key" time="0.055" /><testcase classname="tests.test_app_key_coverage_clean.TestAPIKeyModes" name="test_api_key_strict_mode_invalid_key" time="0.259" /><testcase classname="tests.test_app_key_coverage_clean.TestAPIKeyModes" name="test_api_key_strict_mode_missing_key" time="0.049" /><testcase classname="tests.test_app_key_coverage_clean.TestAPIKeyModes" name="test_api_key_required_mode_without_key" time="0.093" /><testcase classname="tests.test_app_key_coverage_clean.TestAPIKeyModes" name="test_api_key_lenient_mode_missing_token" time="0.046" /><testcase classname="tests.test_app_key_coverage_clean.TestAPIKeyModes" name="test_api_key_lenient_mode_short_token" time="0.050" /><testcase classname="tests.test_app_key_coverage_clean.TestAPIKeyModes" name="test_api_key_lenient_mode_forbidden_tokens" time="0.049" /><testcase classname="tests.test_app_key_coverage_clean.TestAPIKeyModes" name="test_api_key_lenient_mode_valid_token" time="0.099" /><testcase classname="tests.test_app_key_coverage_clean.TestMetricsFallbacks" name="test_metrics_without_prometheus" time="0.003" /><testcase classname="tests.test_app_key_coverage_clean.TestMetricsFallbacks" name="test_metrics_with_prometheus" time="0.051" /><testcase classname="tests.test_app_key_coverage_clean.TestVisualizationFallbacks" name="test_bmi_without_matplotlib" time="0.051" /><testcase classname="tests.test_app_key_coverage_clean.TestVisualizationFallbacks" name="test_bmi_without_visualization_function" time="0.052" /><testcase classname="tests.test_app_key_coverage_clean.TestVisualizationFallbacks" name="test_bmi_visualization_unavailable_result" time="0.052" /><testcase classname="tests.test_app_key_coverage_clean.TestImportFallbacks" name="test_nutrition_core_missing_fallback" time="0.050" /><testcase classname="tests.test_app_key_coverage_clean.TestImportFallbacks" name="test_bmi_pro_router_fallback" time="0.050" /><testcase classname="tests.test_app_key_coverage_clean.TestImportFallbacks" name="test_vip_router_fallback" time="0.050" /><testcase classname="tests.test_app_key_coverage_clean.TestLifespanFallbacks" name="test_lifespan_start_success" time="0.051" /><testcase classname="tests.test_app_key_coverage_clean.TestLifespanFallbacks" name="test_lifespan_start_error" time="0.047" /><testcase classname="tests.test_app_key_coverage_clean.TestLifespanFallbacks" name="test_lifespan_stop_error" time="0.046" /><testcase classname="tests.test_app_key_coverage_clean.TestEdgeCases" name="test_root_endpoint" time="0.049" /><testcase classname="tests.test_app_key_coverage_clean.TestEdgeCases" name="test_health_endpoint" time="0.048" /><testcase classname="tests.test_app_key_coverage_clean.TestEdgeCases" name="test_legacy_category_label_function" time="0.046" /><testcase classname="tests.test_app_key_coverage_clean.TestEdgeCases" name="test_get_update_scheduler_wrapper" time="0.045" /><testcase classname="tests.test_app_lifespan_coverage.TestAppLifespanCoverage" name="test_app_lifespan_startup_events_coverage" time="0.005" /><testcase classname="tests.test_app_lifespan_coverage.TestAppLifespanCoverage" name="test_app_lifespan_shutdown_events_coverage" time="0.165" /><testcase classname="tests.test_app_lifespan_coverage.TestAppLifespanCoverage" name="test_app_lifespan_context_manager_coverage" time="0.005" /><testcase classname="tests.test_app_lifespan_coverage.TestAppLifespanCoverage" name="test_app_lifespan_startup_with_mocks_coverage" time="0.003" /><testcase classname="tests.test_app_lifespan_coverage.TestAppLifespanCoverage" name="test_app_lifespan_shutdown_with_mocks_coverage" time="0.003" /><testcase classname="tests.test_app_lifespan_coverage.TestAppLifespanCoverage" name="test_app_lifespan_error_handling_coverage" time="0.004" /><testcase classname="tests.test_app_lifespan_coverage.TestAppLifespanCoverage" name="test_app_lifespan_async_context_coverage" time="0.004" /><testcase classname="tests.test_app_lifespan_coverage.TestAppLifespanCoverage" name="test_app_lifespan_resource_cleanup_coverage" time="0.004" /><testcase classname="tests.test_app_lifespan_coverage.TestAppLifespanCoverage" name="test_app_lifespan_database_connection_coverage" time="0.004" /><testcase classname="tests.test_app_lifespan_coverage.TestAppLifespanCoverage" name="test_app_lifespan_logging_coverage" time="0.005" /><testcase classname="tests.test_app_lifespan_coverage.TestAppLifespanCoverage" name="test_app_lifespan_configuration_coverage" time="0.004" /><testcase classname="tests.test_app_lifespan_coverage.TestAppLifespanCoverage" name="test_app_lifespan_middleware_setup_coverage" time="0.004" /><testcase classname="tests.test_app_lifespan_coverage.TestAppLifespanCoverage" name="test_app_lifespan_router_setup_coverage" time="0.004" /><testcase classname="tests.test_app_lifespan_coverage.TestAppLifespanCoverage" name="test_app_lifespan_graceful_shutdown_coverage" time="0.003" /><testcase classname="tests.test_app_lifespan_coverage.TestAppLifespanCoverage" name="test_app_lifespan_health_check_coverage" time="0.004" /><testcase classname="tests.test_app_lifespan_coverage.TestAppLifespanCoverage" name="test_app_lifespan_metrics_collection_coverage" time="0.004" /><testcase classname="tests.test_app_lifespan_coverage.TestAppLifespanCoverage" name="test_app_lifespan_error_recovery_coverage" time="0.004" /><testcase classname="tests.test_app_lifespan_coverage.TestAppLifespanCoverage" name="test_app_lifespan_performance_monitoring_coverage" time="0.003" /><testcase classname="tests.test_app_lifespan_coverage.TestAppLifespanCoverage" name="test_app_lifespan_security_setup_coverage" time="0.004" /><testcase classname="tests.test_app_lifespan_coverage.TestAppLifespanCoverage" name="test_app_lifespan_caching_setup_coverage" time="0.004" /><testcase classname="tests.test_app_middleware_coverage.TestAppMiddlewareCoverage" name="test_app_middleware_execution_coverage" time="0.005" /><testcase classname="tests.test_app_middleware_coverage.TestAppMiddlewareCoverage" name="test_app_cors_middleware_coverage" time="0.005" /><testcase classname="tests.test_app_middleware_coverage.TestAppMiddlewareCoverage" name="test_app_cors_middleware_headers_coverage" time="0.008" /><testcase classname="tests.test_app_middleware_coverage.TestAppMiddlewareCoverage" name="test_app_middleware_setup_coverage" time="0.008" /><testcase classname="tests.test_app_middleware_coverage.TestAppMiddlewareCoverage" name="test_app_middleware_order_coverage" time="0.006" /><testcase classname="tests.test_app_middleware_coverage.TestAppMiddlewareCoverage" name="test_app_middleware_error_handling_coverage" time="0.004" /><testcase classname="tests.test_app_middleware_coverage.TestAppMiddlewareCoverage" name="test_app_middleware_headers_processing_coverage" time="0.004" /><testcase classname="tests.test_app_middleware_coverage.TestAppMiddlewareCoverage" name="test_app_middleware_request_processing_coverage" time="0.005" /><testcase classname="tests.test_app_middleware_coverage.TestAppMiddlewareCoverage" name="test_app_middleware_response_processing_coverage" time="0.004" /><testcase classname="tests.test_app_middleware_coverage.TestAppMiddlewareCoverage" name="test_app_middleware_cors_preflight_coverage" time="0.005" /><testcase classname="tests.test_app_middleware_coverage.TestAppMiddlewareCoverage" name="test_app_middleware_cors_origin_coverage" time="0.007" /><testcase classname="tests.test_app_middleware_coverage.TestAppMiddlewareCoverage" name="test_app_middleware_cors_methods_coverage" time="0.007" /><testcase classname="tests.test_app_middleware_coverage.TestAppMiddlewareCoverage" name="test_app_middleware_cors_headers_coverage" time="0.008" /><testcase classname="tests.test_app_middleware_coverage.TestAppMiddlewareCoverage" name="test_app_middleware_cors_credentials_coverage" time="0.005" /><testcase classname="tests.test_app_middleware_coverage.TestAppMiddlewareCoverage" name="test_app_middleware_cors_max_age_coverage" time="0.005" /><testcase classname="tests.test_app_middleware_coverage.TestAppMiddlewareCoverage" name="test_app_middleware_cors_expose_headers_coverage" time="0.004" /><testcase classname="tests.test_app_middleware_coverage.TestAppMiddlewareCoverage" name="test_app_middleware_cors_allow_origin_coverage" time="0.005" /><testcase classname="tests.test_app_middleware_coverage.TestAppMiddlewareCoverage" name="test_app_middleware_cors_allow_methods_coverage" time="0.003" /><testcase classname="tests.test_app_middleware_coverage.TestAppMiddlewareCoverage" name="test_app_middleware_cors_allow_headers_coverage" time="0.004" /><testcase classname="tests.test_app_middleware_coverage.TestAppMiddlewareCoverage" name="test_app_middleware_cors_allow_credentials_coverage" time="0.006" /><testcase classname="tests.test_app_missing_coverage_96.TestAppMissingCoverage96" name="test_bmi_validation_unrealistically_low_bmi" time="0.004" /><testcase classname="tests.test_app_missing_coverage_96.TestAppMissingCoverage96" name="test_bmi_validation_unrealistically_high_bmi" time="0.003" /><testcase classname="tests.test_app_missing_coverage_96.TestAppMissingCoverage96" name="test_waist_risk_high_risk_male" time="0.003" /><testcase classname="tests.test_app_missing_coverage_96.TestAppMissingCoverage96" name="test_waist_risk_high_risk_female" time="0.003" /><testcase classname="tests.test_app_missing_coverage_96.TestAppMissingCoverage96" name="test_waist_risk_increased_risk_male" time="0.003" /><testcase classname="tests.test_app_missing_coverage_96.TestAppMissingCoverage96" name="test_waist_risk_increased_risk_female" time="0.004" /><testcase classname="tests.test_app_missing_coverage_96.TestAppMissingCoverage96" name="test_waist_risk_russian_language" time="0.003" /><testcase classname="tests.test_app_missing_coverage_96.TestAppMissingCoverage96" name="test_normalize_flags_gender_variations" time="0.009" /><testcase classname="tests.test_app_missing_coverage_96.TestAppMissingCoverage96" name="test_normalize_flags_pregnant_variations" time="0.014" /><testcase classname="tests.test_app_missing_coverage_96.TestAppMissingCoverage96" name="test_normalize_flags_athlete_variations" time="0.012" /><testcase classname="tests.test_app_missing_coverage_96.TestAppMissingCoverage96" name="test_waist_risk_none_waist" time="0.003" /><testcase classname="tests.test_app_missing_coverage_96.TestAppMissingCoverage96" name="test_waist_risk_low_risk" time="0.003" /><testcase classname="tests.test_app_missing_coverage_96.TestAppMissingCoverage96" name="test_waist_risk_low_risk_female" time="0.003" /><testcase classname="tests.test_app_missing_coverage_96.TestAppMissingCoverage96" name="test_pregnant_male_combination" time="0.004" /><testcase classname="tests.test_app_missing_coverage_96.TestAppMissingCoverage96" name="test_pregnant_female_yes_no_conflict" time="0.004" /><testcase classname="tests.test_app_missing_coverage_96.TestAppMissingCoverage96" name="test_metrics_endpoint_with_prometheus" time="0.003" /><testcase classname="tests.test_app_missing_coverage_96.TestAppMissingCoverage96" name="test_health_endpoint" time="0.003" /><testcase classname="tests.test_app_missing_coverage_96.TestAppMissingCoverage96" name="test_api_v1_health_endpoint" time="0.002" /><testcase classname="tests.test_app_missing_coverage_96.TestAppMissingCoverage96" name="test_privacy_endpoint" time="0.003" /><testcase classname="tests.test_app_missing_coverage_96.TestAppMissingCoverage96" name="test_root_endpoint" time="0.003" /><testcase classname="tests.test_app_missing_coverage_96.TestAppMissingCoverage96" name="test_export_endpoints_coverage" time="0.003" /><testcase classname="tests.test_app_missing_coverage_96.TestAppMissingCoverage96" name="test_error_handling_paths" time="0.005" /><testcase classname="tests.test_app_missing_coverage_96.TestAppMissingCoverage96" name="test_language_parameter_handling" time="0.004" /><testcase classname="tests.test_app_missing_coverage_96.TestAppMissingCoverage96" name="test_edge_case_ages" time="0.006" /><testcase classname="tests.test_app_missing_coverage_96.TestAppMissingCoverage96" name="test_athlete_specific_logic" time="0.003" /><testcase classname="tests.test_app_missing_coverage_96.TestAppMissingCoverage96" name="test_pregnant_female_logic" time="0.003" /><testcase classname="tests.test_app_missing_lines_extra.TestAppMissingLinesExtra" name="test_get_update_scheduler_late_import_path" time="0.002" /><testcase classname="tests.test_app_missing_lines_extra.TestAppMissingLinesExtra" name="test_lifespan_error_branches" time="0.004" /><testcase classname="tests.test_app_missing_lines_extra.TestAppMissingLinesExtra" name="test_bmi_pregnancy_visualization_branch" time="0.004" /><testcase classname="tests.test_app_missing_lines_extra.TestAppMissingLinesExtra" name="test_insight_implicit_disabled_flag_branch" time="0.003" /><testcase classname="tests.test_app_missing_lines_extra.TestAppMissingLinesExtra" name="test_premium_bmr_value_and_http_errors" time="0.006" /><testcase classname="tests.test_app_missing_lines_extra.TestAppMissingLinesExtra" name="test_premium_plate_missing_bmr_tdee_check" time="0.003" /><testcase classname="tests.test_app_missing_lines_extra.TestAppMissingLinesExtra" name="test_nutrient_gaps_value_error" time="0.004" /><testcase classname="tests.test_app_missing_lines_extra.TestAppMissingLinesExtra" name="test_bmi_pro_error_handlers" time="0.001"><skipped type="pytest.skip" message="stage_obesity no longer imported in main.py">/Users/katsiaryna_kavaleuskaya/Developer/BMI-App_2025_clean/tests/test_app_missing_lines_extra.py:179: stage_obesity no longer imported in main.py</skipped></testcase><testcase classname="tests.test_app_missing_lines_extra.TestAppMissingLinesExtra" name="test_export_pdf_generic_errors" time="0.005" /><testcase classname="tests.test_app_missing_lines_realistic.TestAppMissingLinesTargeted" name="test_api_v1_bmi_calculate_endpoint" time="0.003" /><testcase classname="tests.test_app_missing_lines_realistic.TestAppMissingLinesTargeted" name="test_insight_endpoint_with_feature_disabled" time="0.003" /><testcase classname="tests.test_app_missing_lines_realistic.TestAppMissingLinesTargeted" name="test_import_error_fallbacks" time="0.004" /><testcase classname="tests.test_app_missing_lines_realistic.TestAppMissingLinesTargeted" name="test_malformed_requests_edge_cases" time="0.004" /><testcase classname="tests.test_app_missing_lines_realistic.TestAppMissingLinesTargeted" name="test_missing_required_fields_combinations" time="0.006" /><testcase classname="tests.test_app_missing_lines_realistic.TestAppMissingLinesTargeted" name="test_unicode_and_special_characters" time="0.003" /><testcase classname="tests.test_app_missing_lines_realistic.TestAppMissingLinesTargeted" name="test_extreme_numeric_values_edge_cases" time="0.007" /><testcase classname="tests.test_app_missing_lines_realistic.TestAppMissingLinesTargeted" name="test_concurrent_mixed_requests" time="0.014" /><testcase classname="tests.test_app_missing_lines_realistic.TestAppLargePayloadsAndLimits" name="test_large_text_fields" time="0.003" /><testcase classname="tests.test_app_missing_lines_realistic.TestAppLargePayloadsAndLimits" name="test_insight_with_very_long_text" time="0.004" /><testcase classname="tests.test_app_missing_lines_realistic.TestAppLargePayloadsAndLimits" name="test_plan_endpoint_with_complex_data" time="0.003" /><testcase classname="tests.test_app_missing_lines_realistic.TestAppErrorHandlingPaths" name="test_database_connection_errors" time="0.004" /><testcase classname="tests.test_app_missing_lines_realistic.TestAppErrorHandlingPaths" name="test_feature_flag_combinations" time="0.004" /><testcase classname="tests.test_app_missing_lines_realistic.TestAppErrorHandlingPaths" name="test_authentication_error_paths" time="0.003" /><testcase classname="tests.test_app_missing_lines_realistic.TestAppErrorHandlingPaths" name="test_various_content_types" time="0.009" /><testcase classname="tests.test_app_missing_lines_realistic.TestAppSpecifi
[...]
me="0.013" /><testcase classname="tests.test_vip_region_catalog_coverage.TestVIPRegionCatalogCoverage" name="test_vip_product_search_validation_coverage" time="0.012" /><testcase classname="tests.test_vip_region_catalog_coverage.TestVIPRegionCatalogCoverage" name="test_vip_region_catalog_api_key_coverage" time="0.011" /><testcase classname="tests.test_vip_region_catalog_coverage.TestVIPRegionCatalogCoverage" name="test_vip_product_search_api_key_coverage" time="0.013" /><testcase classname="tests.test_vip_region_catalog_coverage.TestVIPRegionCatalogCoverage" name="test_vip_region_catalog_environment_coverage" time="0.005" /><testcase classname="tests.test_vip_region_catalog_coverage.TestVIPRegionCatalogCoverage" name="test_vip_product_search_environment_coverage" time="0.004" /><testcase classname="tests.test_vip_region_catalog_coverage.TestVIPRegionCatalogCoverage" name="test_vip_region_catalog_response_coverage" time="0.005" /><testcase classname="tests.test_vip_region_catalog_coverage.TestVIPRegionCatalogCoverage" name="test_vip_product_search_response_coverage" time="0.004" /><testcase classname="tests.test_vip_region_catalog_coverage.TestVIPRegionCatalogCoverage" name="test_vip_region_catalog_logging_coverage" time="0.004" /><testcase classname="tests.test_vip_region_catalog_coverage.TestVIPRegionCatalogCoverage" name="test_vip_product_search_logging_coverage" time="0.003" /><testcase classname="tests.test_vip_region_catalog_coverage.TestVIPRegionCatalogCoverage" name="test_vip_region_catalog_metrics_coverage" time="0.004" /><testcase classname="tests.test_vip_region_catalog_coverage.TestVIPRegionCatalogCoverage" name="test_vip_product_search_metrics_coverage" time="0.005" /><testcase classname="tests.test_vip_region_catalog_coverage.TestVIPRegionCatalogCoverage" name="test_vip_region_catalog_error_handling_coverage" time="0.004" /><testcase classname="tests.test_vip_region_catalog_coverage.TestVIPRegionCatalogCoverage" name="test_vip_product_search_error_handling_coverage" time="0.004" /><testcase classname="tests.test_vip_region_catalog_coverage.TestVIPRegionCatalogCoverage" name="test_vip_region_catalog_security_coverage" time="0.004" /><testcase classname="tests.test_vip_region_catalog_coverage.TestVIPRegionCatalogCoverage" name="test_vip_product_search_security_coverage" time="0.005" /><testcase classname="tests.test_vip_safe_call_coverage.TestVIPSafeCallCoverage" name="test_vip_safe_call_basic_coverage" time="0.009" /><testcase classname="tests.test_vip_safe_call_coverage.TestVIPSafeCallCoverage" name="test_vip_safe_call_error_handling_coverage" time="0.007" /><testcase classname="tests.test_vip_safe_call_coverage.TestVIPSafeCallCoverage" name="test_vip_safe_call_exception_handling_coverage" time="0.009" /><testcase classname="tests.test_vip_safe_call_coverage.TestVIPSafeCallCoverage" name="test_vip_safe_call_success_path_coverage" time="0.010" /><testcase classname="tests.test_vip_safe_call_coverage.TestVIPSafeCallCoverage" name="test_vip_safe_call_fallback_coverage" time="0.009" /><testcase classname="tests.test_vip_safe_call_coverage.TestVIPSafeCallCoverage" name="test_vip_safe_call_recipes_coverage" time="0.007" /><testcase classname="tests.test_vip_safe_call_coverage.TestVIPSafeCallCoverage" name="test_vip_safe_call_auto_repair_coverage" time="0.007" /><testcase classname="tests.test_vip_safe_call_coverage.TestVIPSafeCallCoverage" name="test_vip_safe_call_shoplist_coverage" time="0.007" /><testcase classname="tests.test_vip_safe_call_coverage.TestVIPSafeCallCoverage" name="test_vip_safe_call_region_catalog_coverage" time="0.008" /><testcase classname="tests.test_vip_safe_call_coverage.TestVIPSafeCallCoverage" name="test_vip_safe_call_product_search_coverage" time="0.005" /><testcase classname="tests.test_vip_safe_call_coverage.TestVIPSafeCallCoverage" name="test_vip_safe_call_comprehensive_coverage" time="0.029" /><testcase classname="tests.test_vip_safe_call_coverage.TestVIPSafeCallCoverage" name="test_vip_safe_call_validation_errors_coverage" time="0.026" /><testcase classname="tests.test_vip_safe_call_coverage.TestVIPSafeCallCoverage" name="test_vip_safe_call_api_key_errors_coverage" time="0.016" /><testcase classname="tests.test_vip_safe_call_coverage.TestVIPSafeCallCoverage" name="test_vip_safe_call_environment_errors_coverage" time="0.009" /><testcase classname="tests.test_vip_safe_call_coverage.TestVIPSafeCallCoverage" name="test_vip_safe_call_import_errors_coverage" time="0.008" /><testcase classname="tests.test_vip_safe_call_coverage.TestVIPSafeCallCoverage" name="test_vip_safe_call_response_format_coverage" time="0.008" /><testcase classname="tests.test_vip_safe_call_coverage.TestVIPSafeCallCoverage" name="test_vip_safe_call_logging_coverage" time="0.008" /><testcase classname="tests.test_vip_safe_call_coverage.TestVIPSafeCallCoverage" name="test_vip_safe_call_metrics_coverage" time="0.009" /><testcase classname="tests.test_vip_simple_working.TestVIPRouterWorking" name="test_vip_endpoints_with_environment_enabled" time="0.117" /><testcase classname="tests.test_vip_simple_working.TestVIPRouterWorking" name="test_vip_router_import_coverage" time="0.126" /><testcase classname="tests.test_vip_simple_working.TestVIPRouterWorking" name="test_vip_module_disabled_fallback" time="0.089" /><testcase classname="tests.test_vip_smoke_plate_targets" name="test_vip_plate_and_targets_smoke" time="0.015" /><testcase classname="tests.test_vip_user_profile_coverage.TestVIPUserProfileCoverage" name="test_vip_user_profile_creation_basic_coverage" time="0.004" /><testcase classname="tests.test_vip_user_profile_coverage.TestVIPUserProfileCoverage" name="test_vip_user_profile_creation_extended_coverage" time="0.003" /><testcase classname="tests.test_vip_user_profile_coverage.TestVIPUserProfileCoverage" name="test_vip_user_profile_creation_defaults_coverage" time="0.004" /><testcase classname="tests.test_vip_user_profile_coverage.TestVIPUserProfileCoverage" name="test_vip_user_profile_creation_validation_coverage" time="0.004" /><testcase classname="tests.test_vip_user_profile_coverage.TestVIPUserProfileCoverage" name="test_vip_user_profile_creation_edge_cases_coverage" time="0.009" /><testcase classname="tests.test_vip_user_profile_coverage.TestVIPUserProfileCoverage" name="test_vip_user_profile_creation_diet_flags_coverage" time="0.019" /><testcase classname="tests.test_vip_user_profile_coverage.TestVIPUserProfileCoverage" name="test_vip_user_profile_creation_medical_conditions_coverage" time="0.011" /><testcase classname="tests.test_vip_user_profile_coverage.TestVIPUserProfileCoverage" name="test_vip_user_profile_creation_life_stages_coverage" time="0.016" /><testcase classname="tests.test_vip_user_profile_coverage.TestVIPUserProfileCoverage" name="test_vip_user_profile_creation_regions_coverage" time="0.020" /><testcase classname="tests.test_vip_user_profile_coverage.TestVIPUserProfileCoverage" name="test_vip_user_profile_creation_timezones_coverage" time="0.014" /><testcase classname="tests.test_vip_user_profile_coverage.TestVIPUserProfileCoverage" name="test_vip_user_profile_creation_goals_coverage" time="0.015" /><testcase classname="tests.test_vip_user_profile_coverage.TestVIPUserProfileCoverage" name="test_vip_user_profile_creation_activities_coverage" time="0.013" /><testcase classname="tests.test_vip_user_profile_coverage.TestVIPUserProfileCoverage" name="test_vip_user_profile_creation_comprehensive_coverage" time="0.004" /><testcase classname="tests.test_vip_user_profile_coverage.TestVIPUserProfileCoverage" name="test_vip_user_profile_creation_error_handling_coverage" time="0.004" /><testcase classname="tests.test_vip_user_profile_coverage.TestVIPUserProfileCoverage" name="test_vip_user_profile_creation_response_coverage" time="0.004" /><testcase classname="tests.test_vip_user_profile_coverage.TestVIPUserProfileCoverage" name="test_vip_user_profile_creation_security_coverage" time="0.004" /><testcase classname="tests.test_vip_user_profile_coverage.TestVIPUserProfileCoverage" name="test_vip_user_profile_creation_logging_coverage" time="0.004" /><testcase classname="tests.test_vip_user_profile_coverage.TestVIPUserProfileCoverage" name="test_vip_user_profile_creation_metrics_coverage" time="0.004" /><testcase classname="tests.test_vip_weekly_menu_coverage.TestVIPWeeklyMenuCoverage" name="test_vip_weekly_menu_generation_basic_coverage" time="0.004" /><testcase classname="tests.test_vip_weekly_menu_coverage.TestVIPWeeklyMenuCoverage" name="test_vip_weekly_menu_generation_success_coverage" time="0.003" /><testcase classname="tests.test_vip_weekly_menu_coverage.TestVIPWeeklyMenuCoverage" name="test_vip_weekly_menu_generation_error_coverage" time="0.003" /><testcase classname="tests.test_vip_weekly_menu_coverage.TestVIPWeeklyMenuCoverage" name="test_vip_weekly_menu_generation_validation_coverage" time="0.015" /><testcase classname="tests.test_vip_weekly_menu_coverage.TestVIPWeeklyMenuCoverage" name="test_vip_weekly_menu_generation_goals_coverage" time="0.023" /><testcase classname="tests.test_vip_weekly_menu_coverage.TestVIPWeeklyMenuCoverage" name="test_vip_weekly_menu_generation_activities_coverage" time="0.012" /><testcase classname="tests.test_vip_weekly_menu_coverage.TestVIPWeeklyMenuCoverage" name="test_vip_weekly_menu_generation_demographics_coverage" time="0.015" /><testcase classname="tests.test_vip_weekly_menu_coverage.TestVIPWeeklyMenuCoverage" name="test_vip_weekly_menu_generation_edge_cases_coverage" time="0.016" /><testcase classname="tests.test_vip_weekly_menu_coverage.TestVIPWeeklyMenuCoverage" name="test_vip_weekly_menu_generation_comprehensive_coverage" time="0.005" /><testcase classname="tests.test_vip_weekly_menu_coverage.TestVIPWeeklyMenuCoverage" name="test_vip_weekly_menu_generation_api_key_coverage" time="0.011" /><testcase classname="tests.test_vip_weekly_menu_coverage.TestVIPWeeklyMenuCoverage" name="test_vip_weekly_menu_generation_environment_coverage" time="0.004" /><testcase classname="tests.test_vip_weekly_menu_coverage.TestVIPWeeklyMenuCoverage" name="test_vip_weekly_menu_generation_response_coverage" time="0.003" /><testcase classname="tests.test_vip_weekly_menu_coverage.TestVIPWeeklyMenuCoverage" name="test_vip_weekly_menu_generation_logging_coverage" time="0.003" /><testcase classname="tests.test_vip_weekly_menu_coverage.TestVIPWeeklyMenuCoverage" name="test_vip_weekly_menu_generation_metrics_coverage" time="0.003" /><testcase classname="tests.test_vip_weekly_menu_coverage.TestVIPWeeklyMenuCoverage" name="test_vip_weekly_menu_generation_error_handling_coverage" time="0.003" /><testcase classname="tests.test_vip_weekly_menu_coverage.TestVIPWeeklyMenuCoverage" name="test_vip_weekly_menu_generation_security_coverage" time="0.004" /><testcase classname="tests.test_web_interface_spanish.TestWebInterfaceSpanish" name="test_web_interface_contains_spanish_option" time="0.004" /><testcase classname="tests.test_web_interface_spanish.TestWebInterfaceSpanish" name="test_web_interface_form_labels_spanish" time="0.004" /><testcase classname="tests.test_web_interface_spanish.TestWebInterfaceSpanish" name="test_web_interface_translations_loaded" time="0.003" /><testcase classname="tests.test_week_export_csv" name="test_week_export_csv_ok" time="0.011" /><testcase classname="tests.test_week_export_pdf" name="test_week_export_pdf_ok" time="0.017" /><testcase classname="tests.test_week_export_pdf" name="test_register_font_uses_custom_font" time="0.002" /><testcase classname="tests.test_week_export_pdf" name="test_pdf_uses_page_breaks" time="0.020" /><testcase classname="tests.test_week_export_pdf" name="test_pdf_includes_brand_header_and_totals" time="0.017" /><testcase classname="tests.test_week_export_pdf" name="test_find_logo_path_prefers_existing" time="0.002" /><testcase classname="tests.test_week_export_pdf" name="test_find_logo_path_returns_none_when_absent" time="0.001" /><testcase classname="tests.test_week_export_pdf" name="test_branded_header_without_logo" time="0.001" /><testcase classname="tests.test_week_export_pdf" name="test_branded_header_with_logo" time="0.002" /><testcase classname="tests.test_week_export_pdf" name="test_branded_header_localizes_slogan" time="0.001" /><testcase classname="tests.test_week_export_pdf" name="test_slogan_fallback_to_default" time="0.001" /><testcase classname="tests.test_week_export_pdf" name="test_pdf_honors_lang_query" time="0.013" /><testcase classname="tests.test_week_export_pdf" name="test_week_start_prefers_first_day" time="0.001" /><testcase classname="tests.test_week_export_pdf" name="test_week_start_defaults_today" time="0.001" /><testcase classname="tests.test_week_export_pdf" name="test_draw_footer_writes_left_text" time="0.001" /><testcase classname="tests.test_week_export_pdf" name="test_page_num_canvas_writes_numbers" time="0.002" /><testcase classname="tests.test_week_plan_api" name="test_week_plan_with_targets" time="0.006" /><testcase classname="tests.test_week_plan_api" name="test_week_plan_with_profile" time="0.005" /><testcase classname="tests.test_week_plan_api" name="test_week_plan_multilingual" time="0.013" /><testcase classname="tests.test_week_plan_api" name="test_week_plan_missing_data" time="0.005" /><testcase classname="tests.test_weekly_plan" name="test_weekly_plan_generation" time="0.004" /><testcase classname="tests.test_weekly_plan" name="test_weekly_plan_with_diet_flags" time="0.004" /><testcase classname="tests.test_weekly_plan" name="test_weekly_coverage_calculation" time="0.004" /><testcase classname="tests.test_weekly_plan" name="test_shopping_list_generation" time="0.004" /><testcase classname="tests.test_weekly_plan" name="test_booster_effect_on_coverage" time="0.003" /><testcase classname="tests.test_weekly_plan_new" name="test_build_week_structure" time="0.003" /><testcase classname="tests.test_weekly_plan_new" name="test_build_week_calorie_target" time="0.002" /><testcase classname="tests.test_weekly_plan_new" name="test_build_week_multilingual" time="0.004" /><testcase classname="tests.test_weekly_plan_smoke" name="test_generate_weekly_plan_smoke" time="0.003" /><testcase classname="tests.test_weekly_planning_blocks_97.TestWeeklyPlanningCriticalBlocks" name="test_weekly_planning_unavailable_path" time="0.007" /><testcase classname="tests.test_weekly_planning_blocks_97.TestWeeklyPlanningCriticalBlocks" name="test_weekly_planning_parameter_variations" time="0.019" /><testcase classname="tests.test_weekly_planning_blocks_97.TestWeeklyPlanningCriticalBlocks" name="test_weekly_planning_successful_path" time="0.008" /><testcase classname="tests.test_weekly_planning_blocks_97.TestWeeklyPlanningCriticalBlocks" name="test_weekly_planning_edge_cases" time="0.011" /><testcase classname="tests.test_weekly_planning_blocks_97.TestAdditionalPremiumBlocks" name="test_premium_import_error_scenarios" time="0.010" /><testcase classname="tests.test_weekly_planning_blocks_97.TestAdditionalPremiumBlocks" name="test_api_key_dependency_logic" time="0.009" /><testcase classname="tests.test_weekly_planning_blocks_97.TestWeeklyPlanningAdditionalCoverage" name="test_weekly_planning_validation_errors" time="0.011" /><testcase classname="tests.test_weekly_planning_blocks_97.TestWeeklyPlanningAdditionalCoverage" name="test_weekly_planning_dietary_restrictions" time="0.026" /><testcase classname="tests.test_weekly_premium_es_smoke" name="test_weekly_premium_es_smoke_open_or_protected" time="0.005" /><testcase classname="tests.test_who_targets.TestWHOTargets" name="test_adult_female_targets" time="0.001" /><testcase classname="tests.test_who_targets.TestWHOTargets" name="test_adult_male_targets" time="0.001" /><testcase classname="tests.test_who_targets.TestWHOTargets" name="test_weight_loss_goals" time="0.001" /><testcase classname="tests.test_who_targets.TestWHOTargets" name="test_weight_gain_goals" time="0.001" /><testcase classname="tests.test_who_targets.TestWHOTargets" name="test_pregnant_woman_targets" time="0.001" /><testcase classname="tests.test_who_targets.TestWHOTargets" name="test_elderly_targets" time="0.001" /><testcase classname="tests.test_who_targets.TestWHOTargets" name="test_vegetarian_profile" time="0.001" /><testcase classname="tests.test_who_targets.TestWHOTargets" name="test_target_safety_validation" time="0.001" /><testcase classname="tests.test_who_targets.TestWHOTargets" name="test_micronutrient_rda_selection" time="0.001" /><testcase classname="tests.test_who_targets.TestWHOTargets" name="test_activity_guidelines" time="0.001" /><testcase classname="tests.test_who_targets.TestWHOTargets" name="test_macro_distribution_validation" time="0.001" /><testcase classname="tests.test_who_targets.TestWHOTargets" name="test_hydration_calculation" time="0.001" /><testcase classname="tests.test_who_targets.TestWHOTargets" name="test_edge_cases" time="0.001" /><testcase classname="tests.test_who_targets.TestWHOTargets" name="test_consistency_across_goals" time="0.001" /><testcase classname="tests.test_zero_coverage_modules.TestZeroCoverageModules" name="test_sports_nutrition_module" time="0.001"><skipped type="pytest.skip" message="sports_nutrition module not available">/Users/katsiaryna_kavaleuskaya/Developer/BMI-App_2025_clean/tests/test_zero_coverage_modules.py:44: sports_nutrition module not available</skipped></testcase><testcase classname="tests.test_zero_coverage_modules.TestZeroCoverageModules" name="test_exports_module" time="0.001"><skipped type="pytest.skip" message="exports module not available">/Users/katsiaryna_kavaleuskaya/Developer/BMI-App_2025_clean/tests/test_zero_coverage_modules.py:88: exports module not available</skipped></testcase><testcase classname="tests.test_zero_coverage_modules.TestZeroCoverageModules" name="test_recipe_synth_module" time="0.001"><skipped type="pytest.skip" message="recipe_synth module not available">/Users/katsiaryna_kavaleuskaya/Developer/BMI-App_2025_clean/tests/test_zero_coverage_modules.py:141: recipe_synth module not available</skipped></testcase><testcase classname="tests.test_zero_coverage_modules.TestZeroCoverageModules" name="test_product_finder_module" time="0.001"><skipped type="pytest.skip" message="product_finder module not available">/Users/katsiaryna_kavaleuskaya/Developer/BMI-App_2025_clean/tests/test_zero_coverage_modules.py:186: product_finder module not available</skipped></testcase><testcase classname="tests.test_zero_coverage_modules.TestZeroCoverageModules" name="test_product_varieties_module" time="0.002"><skipped type="pytest.skip" message="product_varieties module not available">/Users/katsiaryna_kavaleuskaya/Developer/BMI-App_2025_clean/tests/test_zero_coverage_modules.py:234: product_varieties module not available</skipped></testcase><testcase classname="tests.test_zero_coverage_modules.TestZeroCoverageModules" name="test_exports_simple_module" time="0.001"><skipped type="pytest.skip" message="exports_simple module not available">/Users/katsiaryna_kavaleuskaya/Developer/BMI-App_2025_clean/tests/test_zero_coverage_modules.py:269: exports_simple module not available</skipped></testcase><testcase classname="tests.test_zero_coverage_modules.TestZeroCoverageModules" name="test_lifestage_nutrition_module" time="0.001"><skipped type="pytest.skip" message="lifestage_nutrition module not available">/Users/katsiaryna_kavaleuskaya/Developer/BMI-App_2025_clean/tests/test_zero_coverage_modules.py:306: lifestage_nutrition module not available</skipped></testcase><testcase classname="tests.test_zero_coverage_modules.TestZeroCoverageModules" name="test_disclaimers_module" time="0.001"><skipped type="pytest.skip" message="disclaimers module not available">/Users/katsiaryna_kavaleuskaya/Developer/BMI-App_2025_clean/tests/test_zero_coverage_modules.py:337: disclaimers module not available</skipped></testcase><testcase classname="tests.test_zero_coverage_modules.TestZeroCoverageModules" name="test_comprehensive_import_coverage" time="0.011" /></testsuite></testsuites>
