<?xml version="1.0" encoding="utf-8"?><testsuites name="pytest tests"><testsuite name="pytest" errors="2" failures="6" skipped="29" tests="2582" time="45.176" timestamp="2025-11-23T14:52:03.156253+03:00" hostname="MacBook-Air-katsiaryna.local"><testcase classname="tests.test_app_endpoints_combined.TestHealthAndMonitoringEndpoints" name="test_favicon_endpoint" file="tests/test_app_endpoints_combined.py" line="58" time="0.302" /><testcase classname="tests.test_app_missing_coverage_96.TestAppMissingCoverage96" name="test_privacy_endpoint" file="tests/test_app_missing_coverage_96.py" line="342" time="0.313" /><testcase classname="tests.test_api" name="test_v1_health" file="tests/test_api.py" line="39" time="0.313" /><testcase classname="tests.test_app_real_coverage_97.TestAppReal97Coverage" name="test_plan_endpoint_pregnant_user_category_none" file="tests/test_app_real_coverage_97.py" line="211" time="0.312" /><testcase classname="tests.test_app_coverage_gaps.TestAppDatabaseFallback" name="test_database_fallback_failure_propagation" file="tests/test_app_coverage_gaps.py" line="83" time="0.352" /><testcase classname="tests.test_bmi_extras_comprehensive.TestBmiExtrasComprehensive" name="test_interpret_whr_ratio_case_handling" file="tests/test_bmi_extras_comprehensive.py" line="186" time="0.300" /><testcase classname="tests.test_app_faker_realistic.TestAppAdditionalEndpoints" name="test_premium_bmr_endpoint" file="tests/test_app_faker_realistic.py" line="286" time="0.328" /><testcase classname="tests.test_app_endpoints_combined.TestHealthAndMonitoringEndpoints" name="test_privacy_endpoint" file="tests/test_app_endpoints_combined.py" line="63" time="0.008" /><testcase classname="tests.test_app_vip_comprehensive_97.TestAppVIPComprehensive97" name="test_vip_router_attribute_error_handling" file="tests/test_app_vip_comprehensive_97.py" line="50" time="0.307" /><testcase classname="tests.test_bmi_extras_comprehensive.TestBmiExtrasComprehensive" name="test_stage_obesity_high_risk" file="tests/test_bmi_extras_comprehensive.py" line="204" time="0.004" /><testcase classname="tests.test_bayesian_quality_report.TestBayesianQualityReport" name="test_main_success" file="tests/test_bayesian_quality_report.py" line="70" time="0.321" /><testcase classname="tests.test_app_real_coverage_97.TestAppReal97Coverage" name="test_plan_endpoint_athlete_user_category" file="tests/test_app_real_coverage_97.py" line="234" time="0.007" /><testcase classname="tests.test_api" name="test_v1_bmi_happy" file="tests/test_api.py" line="45" time="0.010" /><testcase classname="tests.test_bmi_extras_comprehensive.TestBmiExtrasComprehensive" name="test_stage_obesity_moderate_risk" file="tests/test_bmi_extras_comprehensive.py" line="213" time="0.003" /><testcase classname="tests.test_app_vip_comprehensive_97.TestAppVIPComprehensive97" name="test_premium_plate_fallback_mode" file="tests/test_app_vip_comprehensive_97.py" line="60" time="0.022" /><testcase classname="tests.test_app_endpoints_combined.TestDebugEndpoint" name="test_debug_env_endpoint" file="tests/test_app_endpoints_combined.py" line="78" time="0.008" /><testcase classname="tests.test_app_missing_coverage_96.TestAppMissingCoverage96" name="test_root_endpoint" file="tests/test_app_missing_coverage_96.py" line="348" time="0.009" /><testcase classname="tests.test_bmi_extras_comprehensive.TestBmiExtrasComprehensive" name="test_stage_obesity_low_risk" file="tests/test_bmi_extras_comprehensive.py" line="221" time="0.002" /><testcase classname="tests.test_bmi_extras_comprehensive.TestBmiExtrasComprehensive" name="test_stage_obesity_female_high_risk" file="tests/test_bmi_extras_comprehensive.py" line="229" time="0.007" /><testcase classname="tests.test_app_real_coverage_97.TestAppReal97Coverage" name="test_multiple_bmi_scenarios_for_coverage" file="tests/test_app_real_coverage_97.py" line="256" time="0.021" /><testcase classname="tests.test_api" name="test_v1_bmi_invalid_height" file="tests/test_api.py" line="58" time="0.009" /><testcase classname="tests.edges.test_app_branches" name="test_api_key_strict_production_requires_config" file="tests/edges/test_app_branches.py" line="5" time="0.394" /><testcase classname="tests.test_bayesian_quality_report.TestBayesianQualityReport" name="test_main_with_history" file="tests/test_bayesian_quality_report.py" line="124" time="0.003" /><testcase classname="tests.test_app_missing_coverage_96.TestAppMissingCoverage96" name="test_export_endpoints_coverage" file="tests/test_app_missing_coverage_96.py" line="355" time="0.011" /><testcase classname="tests.test_app_endpoints_combined.TestAppPackageShimEdges" name="test_app_package_spec_proxy_and_getattr_passthrough" file="tests/test_app_endpoints_combined.py" line="110" time="0.004" /><testcase classname="tests.test_app_faker_realistic.TestAppAdditionalEndpoints" name="test_premium_targets_endpoint" file="tests/test_app_faker_realistic.py" line="303" time="0.013" /><testcase classname="tests.test_bmi_extras_comprehensive.TestBmiExtrasComprehensive" name="test_stage_obesity_bmi_categories" file="tests/test_bmi_extras_comprehensive.py" line="237" time="0.004" /><testcase classname="tests.test_bayesian_quality_report.TestBayesianQualityReport" name="test_main_initialization_error" file="tests/test_bayesian_quality_report.py" line="188" time="0.002" /><testcase classname="tests.test_app_endpoints_combined.TestAppPackageShimEdges" name="test_app_package_spec_proxy_attrs_exist" file="tests/test_app_endpoints_combined.py" line="120" time="0.002" /><testcase classname="tests.test_app_endpoints_combined.TestAppPackageShimEdges" name="test_app_package_all_and_sysmodules_binding" file="tests/test_app_endpoints_combined.py" line="130" time="0.002" /><testcase classname="tests.test_bayesian_quality_report.TestBayesianQualityReport" name="test_main_write_error" file="tests/test_bayesian_quality_report.py" line="200" time="0.003" /><testcase classname="tests.test_bmi_extras_comprehensive.TestBmiExtrasComprehensive" name="test_stage_obesity_risk_factor_counting" file="tests/test_bmi_extras_comprehensive.py" line="255" time="0.003" /><testcase classname="tests.test_api" name="test_v1_bmi_invalid_weight" file="tests/test_api.py" line="70" time="0.014" /><testcase classname="tests.test_app_endpoints_combined.TestAppPackageShimEdges" name="test_app_getattr_missing_raises_attributeerror" file="tests/test_app_endpoints_combined.py" line="143" time="0.002" /><testcase time="0.001" /><testcase classname="tests.test_bmi_extras_comprehensive.TestBmiExtrasComprehensive" name="test_edge_case_values" file="tests/test_bmi_extras_comprehensive.py" line="273" time="0.002" /><testcase classname="tests.test_app_vip_comprehensive_97.TestAppVIPComprehensive97" name="test_premium_plate_fallback_with_build_nutrition_targets" file="tests/test_app_vip_comprehensive_97.py" line="88" time="0.042" /><testcase classname="tests.test_bmi_extras_comprehensive.TestBmiExtrasComprehensive" name="test_rounding_behavior" file="tests/test_bmi_extras_comprehensive.py" line="292" time="0.002" /><testcase classname="tests.test_app_missing_coverage_96.TestAppMissingCoverage96" name="test_error_handling_paths" file="tests/test_app_missing_coverage_96.py" line="382" time="0.060" /><testcase classname="tests.test_app_endpoints_coverage.TestAppEndpointsCoverage" name="test_app_health_endpoint_coverage" file="tests/test_app_endpoints_coverage.py" line="22" time="0.047" /><testcase classname="tests.test_app_faker_realistic.TestAppAdditionalEndpoints" name="test_additional_public_endpoints" file="tests/test_app_faker_realistic.py" line="319" time="0.062" /><testcase classname="tests.test_bmi_extras_comprehensive.TestBmiExtrasComprehensive" name="test_different_language_support" file="tests/test_bmi_extras_comprehensive.py" line="305" time="0.038" /><testcase classname="tests.test_api" name="test_v1_bmi_unrealistic_weight" file="tests/test_api.py" line="82" time="0.033" /><testcase classname="tests.test_app_coverage_gaps.TestAppTestRouterImport" name="test_test_router_import_error_handling" file="tests/test_app_coverage_gaps.py" line="110" time="0.028" /><testcase classname="tests.test_app_real_coverage_97.TestAppReal97Coverage" name="test_bmi_different_languages_and_ages" file="tests/test_app_real_coverage_97.py" line="307" time="0.043" /><testcase classname="tests.test_app_vip_comprehensive_97.TestAppVIPComprehensive97" name="test_premium_plate_feature_flag_disabled" file="tests/test_app_vip_comprehensive_97.py" line="114" time="0.018" /><testcase classname="tests.test_bmi_extras_pro_coverage.TestWHTRatio" name="test_wht_ratio_normal" file="tests/test_bmi_extras_pro_coverage.py" line="25" time="0.022" /><testcase classname="tests.test_api" name="test_v1_bmi_invalid_group" file="tests/test_api.py" line="94" time="0.018" /><testcase classname="tests.test_app_endpoints_coverage.TestAppEndpointsCoverage" name="test_app_root_endpoint_coverage" file="tests/test_app_endpoints_coverage.py" line="31" time="0.015" /><testcase classname="tests.test_app_real_coverage_97.TestAppReal97Coverage" name="test_plan_different_bmi_categories" file="tests/test_app_real_coverage_97.py" line="340" time="0.013" /><testcase classname="tests.edges.test_app_branches" name="test_insight_feature_disabled_and_import_error" file="tests/edges/test_app_branches.py" line="32" time="0.016" /><testcase classname="tests.test_app_vip_comprehensive_97.TestAppVIPComprehensive97" name="test_premium_plate_with_diet_flags" file="tests/test_app_vip_comprehensive_97.py" line="137" time="0.014" /><testcase classname="tests.test_app_coverage_gaps.TestAppTestRouterImport" name="test_sync_app_attr_sources_none_source_skip" file="tests/test_app_coverage_gaps.py" line="134" time="0.003" /><testcase classname="tests.test_app_missing_coverage_96.TestAppMissingCoverage96" name="test_language_parameter_handling" file="tests/test_app_missing_coverage_96.py" line="392" time="0.010" /><testcase classname="tests.test_app_endpoints_coverage.TestAppEndpointsCoverage" name="test_app_docs_endpoint_coverage" file="tests/test_app_endpoints_coverage.py" line="37" time="0.009" /><testcase classname="tests.test_app_coverage_gaps.TestAppTestRouterImport" name="test_sync_app_attr_sources_attribute_error" file="tests/test_app_coverage_gaps.py" line="181" time="0.002" /><testcase classname="tests.test_api" name="test_v1_bmi_underweight" file="tests/test_api.py" line="106" time="0.007" /><testcase classname="tests.test_app_real_coverage_97.TestAppReal97Coverage" name="test_bmi_edge_cases_and_boundary_conditions" file="tests/test_app_real_coverage_97.py" line="375" time="0.535" /><testcase classname="tests.test_app_faker_realistic.TestAppErrorPathsCoverage" name="test_malformed_json_requests" file="tests/test_app_faker_realistic.py" line="336" time="0.013" /><testcase classname="tests.test_app_coverage_gaps.TestAppTestRouterImport" name="test_sync_app_attr_sources_setattr_exception" file="tests/test_app_coverage_gaps.py" line="203" time="0.010" /><testcase classname="tests.edges.test_app_branches" name="test_admin_status_scheduler_error_paths" file="tests/edges/test_app_branches.py" line="62" time="0.014" /><testcase classname="tests.test_app_endpoints_coverage.TestAppEndpointsCoverage" name="test_app_openapi_endpoint_coverage" file="tests/test_app_endpoints_coverage.py" line="43" time="0.234" /><testcase classname="tests.test_app_missing_coverage_96.TestAppMissingCoverage96" name="test_edge_case_ages" file="tests/test_app_missing_coverage_96.py" line="410" time="0.016" /><testcase classname="tests.test_api" name="test_v1_bmi_overweight" file="tests/test_api.py" line="118" time="0.009" /><testcase classname="tests.test_app_vip_comprehensive_97.TestAppVIPComprehensive97" name="test_premium_plate_macro_alignment" file="tests/test_app_vip_comprehensive_97.py" line="160" time="0.016" /><testcase classname="tests.test_bmi_extras_pro_coverage.TestWHTRatio" name="test_wht_ratio_high_risk" file="tests/test_bmi_extras_pro_coverage.py" line="31" time="0.004" /><testcase classname="tests.test_bmi_extras_pro_coverage.TestWHTRatio" name="test_wht_ratio_very_high_risk" file="tests/test_bmi_extras_pro_coverage.py" line="37" time="0.004" /><testcase classname="tests.test_app_faker_realistic.TestAppErrorPathsCoverage" name="test_missing_content_type" file="tests/test_app_faker_realistic.py" line="344" time="0.011" /><testcase classname="tests.test_app_coverage_gaps.TestAppTargetsDisabled" name="test_targets_disabled_app_package_ref_set_public" file="tests/test_app_coverage_gaps.py" line="237" time="0.004" /><testcase classname="tests.test_api" name="test_v1_bmi_obese" file="tests/test_api.py" line="130" time="0.011" /><testcase classname="tests.test_bmi_extras_pro_coverage.TestWHTRatio" name="test_wht_ratio_edge_cases" file="tests/test_bmi_extras_pro_coverage.py" line="43" time="0.003" /><testcase classname="tests.test_app_coverage_gaps.TestAppTargetsDisabled" name="test_targets_disabled_primary_app_missing" file="tests/test_app_coverage_gaps.py" line="249" time="0.005" /><testcase classname="tests.edges.test_app_branches" name="test_export_pdf_generic_error_branches" file="tests/edges/test_app_branches.py" line="88" time="0.020" /><testcase classname="tests.test_bmi_extras_pro_coverage.TestWHRRatio" name="test_whr_male_normal" file="tests/test_bmi_extras_pro_coverage.py" line="54" time="0.002" /><testcase classname="tests.test_app_missing_coverage_96.TestAppMissingCoverage96" name="test_athlete_specific_logic" file="tests/test_app_missing_coverage_96.py" line="440" time="0.011" /><testcase classname="tests.test_bmi_extras_pro_coverage.TestWHRRatio" name="test_whr_female_normal" file="tests/test_bmi_extras_pro_coverage.py" line="60" time="0.002" /><testcase classname="tests.test_app_vip_comprehensive_97.TestAppVIPComprehensive97" name="test_premium_plate_heuristic_fallback" file="tests/test_app_vip_comprehensive_97.py" line="182" time="0.014" /><testcase classname="tests.test_app_coverage_gaps.TestAppTargetsDisabled" name="test_targets_disabled_alias_app_none_attr" file="tests/test_app_coverage_gaps.py" line="269" time="0.005" /><testcase classname="tests.test_bmi_extras_pro_coverage.TestWHRRatio" name="test_whr_male_high_risk" file="tests/test_bmi_extras_pro_coverage.py" line="66" time="0.001" /><testcase classname="tests.test_bmi_extras_pro_coverage.TestWHRRatio" name="test_whr_female_high_risk" file="tests/test_bmi_extras_pro_coverage.py" line="72" time="0.002" /><testcase classname="tests.test_app_faker_realistic.TestAppErrorPathsCoverage" name="test_empty_request_body" file="tests/test_app_faker_realistic.py" line="349" time="0.010" /><testcase classname="tests.test_api" name="test_v1_bodyfat" file="tests/test_api.py" line="143" time="0.011" /><testcase classname="tests.test_bmi_extras_pro_coverage.TestWHRRatio" name="test_whr_edge_cases" file="tests/test_bmi_extras_pro_coverage.py" line="78" time="0.001" /><testcase classname="tests.test_bmi_extras_pro_coverage.TestFFMI" name="test_ffmi_normal_male" file="tests/test_bmi_extras_pro_coverage.py" line="89" time="0.001" /><testcase classname="tests.test_app_coverage_gaps.TestAppModuleInspection" name="test_targets_disabled_module_inspection_exception" file="tests/test_app_coverage_gaps.py" line="304" time="0.003" /><testcase classname="tests.test_bmi_extras_pro_coverage.TestFFMI" name="test_ffmi_normal_female" file="tests/test_bmi_extras_pro_coverage.py" line="98" time="0.004" /><testcase classname="tests.test_app_missing_coverage_96.TestAppMissingCoverage96" name="test_pregnant_female_logic" file="tests/test_app_missing_coverage_96.py" line="458" time="0.010" /><testcase classname="tests.test_app_coverage_gaps.TestAppCallableCheck" name="test_resolve_attr_callable_check" file="tests/test_app_coverage_gaps.py" line="328" time="0.002" /><testcase classname="tests.test_app_faker_realistic.TestAppErrorPathsCoverage" name="test_null_values_in_request" file="tests/test_app_faker_realistic.py" line="354" time="0.010" /><testcase classname="tests.test_app_coverage_gaps.TestAppAttributeDeletion" name="test_plate_env_snapshot_attribute_deletion" file="tests/test_app_coverage_gaps.py" line="351" time="0.018" /><testcase classname="tests.edges.test_app_edges" name="test_get_api_key_strict_and_dev_modes" file="tests/edges/test_app_edges.py" line="5" time="0.002" /><testcase classname="tests.test_bmi_extras_pro_coverage.TestFFMI" name="test_ffmi_athlete_male" file="tests/test_bmi_extras_pro_coverage.py" line="107" time="0.004" /><testcase classname="tests.test_app_vip_comprehensive_97.TestAppVIPComprehensive97" name="test_vip_endpoints_via_app_client" file="tests/test_app_vip_comprehensive_97.py" line="205" time="0.009" /><testcase classname="tests.test_api" name="test_v1_bodyfat_missing_hip" file="tests/test_api.py" line="164" time="0.015" /><testcase classname="tests.edges.test_app_edges" name="test_admin_status_scheduler_branches" file="tests/edges/test_app_edges.py" line="28" time="0.007" /><testcase classname="tests.test_bmi_extras_pro_coverage.TestFFMI" name="test_ffmi_high_bodyfat" file="tests/test_bmi_extras_pro_coverage.py" line="113" time="0.002" /><testcase classname="tests.test_app_missing_lines_extra.TestAppMissingLinesExtra" name="test_get_update_scheduler_late_import_path" file="tests/test_app_missing_lines_extra.py" line="18" time="0.027" /><testcase classname="tests.test_bmi_extras_pro_coverage.TestFFMI" name="test_ffmi_no_bodyfat" file="tests/test_bmi_extras_pro_coverage.py" line="119" time="0.002" /><testcase classname="tests.test_app_vip_comprehensive_97.TestAppVIPComprehensive97" name="test_app_includes_all_routers" file="tests/test_app_vip_comprehensive_97.py" line="215" time="0.071" /><testcase classname="tests.test_app_faker_realistic.TestAppErrorPathsCoverage" name="test_unsupported_language_codes" file="tests/test_app_faker_realistic.py" line="361" time="0.047" /><testcase classname="tests.edges.test_app_edges" name="test_add_visualization_if_requested_fallback" file="tests/edges/test_app_edges.py" line="51" time="0.607" /><testcase classname="tests.test_bmi_extras_pro_coverage.TestFFMI" name="test_ffmi_edge_cases" file="tests/test_bmi_extras_pro_coverage.py" line="128" time="0.005" /><testcase classname="tests.test_bmi_extras_pro_coverage.TestFFMI" name="test_ffmi_validation_errors" file="tests/test_bmi_extras_pro_coverage.py" line="137" time="0.002" /><testcase classname="tests.test_app_coverage_gaps.TestAppAsyncWrapper" name="test_with_plate_env_snapshot_async_wrapper" file="tests/test_app_coverage_gaps.py" line="390" time="0.022" /><testcase classname="tests.test_bmi_extras_pro_coverage.TestInterpretWHTRatio" name="test_interpret_wht_healthy_en" file="tests/test_bmi_extras_pro_coverage.py" line="156" time="0.001" /><testcase classname="tests.test_api" name="test_bodyfat_import_failure" file="tests/test_api.py" line="184" time="0.127" /><testcase classname="tests.test_bmi_extras_pro_coverage.TestInterpretWHTRatio" name="test_interpret_wht_increased_risk" file="tests/test_bmi_extras_pro_coverage.py" line="165" time="0.001" /><testcase classname="tests.test_bmi_extras_pro_coverage.TestInterpretWHTRatio" name="test_interpret_wht_high_risk" file="tests/test_bmi_extras_pro_coverage.py" line="171" time="0.001" /><testcase classname="tests.test_bmi_extras_pro_coverage.TestInterpretWHTRatio" name="test_interpret_wht_russian" file="tests/test_bmi_extras_pro_coverage.py" line="177" time="0.004" /><testcase classname="tests.test_bmi_extras_pro_coverage.TestInterpretWHTRatio" name="test_interpret_wht_spanish" file="tests/test_bmi_extras_pro_coverage.py" line="185" time="0.003" /><testcase classname="tests.test_bmi_extras_pro_coverage.TestInterpretWHTRatio" name="test_interpret_wht_edge_values" file="tests/test_bmi_extras_pro_coverage.py" line="191" time="0.002" /><testcase classname="tests.test_bmi_extras_pro_coverage.TestInterpretWHRRatio" name="test_interpret_whr_male_low_risk_en" file="tests/test_bmi_extras_pro_coverage.py" line="204" time="0.002" /><testcase classname="tests.test_app_missing_lines_extra.TestAppMissingLinesExtra" name="test_lifespan_error_branches" file="tests/test_app_missing_lines_extra.py" line="35" time="0.022" /><testcase classname="tests.test_bmi_extras_pro_coverage.TestInterpretWHRRatio" name="test_interpret_whr_female_low_risk" file="tests/test_bmi_extras_pro_coverage.py" line="213" time="0.001" /><testcase classname="tests.test_app_coverage_gaps.TestAppPremiumPlate" name="test_premium_plate_non_callable_aggregate" file="tests/test_app_coverage_gaps.py" line="410" time="0.011" /><testcase classname="tests.test_bmi_extras_pro_coverage.TestInterpretWHRRatio" name="test_interpret_whr_male_high_risk" file="tests/test_bmi_extras_pro_coverage.py" line="219" time="0.001" /><testcase classname="tests.test_bmi_extras_pro_coverage.TestInterpretWHRRatio" name="test_interpret_whr_female_high_risk" file="tests/test_bmi_extras_pro_coverage.py" line="228" time="0.002" /><testcase classname="tests.test_bmi_extras_pro_coverage.TestInterpretWHRRatio" name="test_interpret_whr_russian" file="tests/test_bmi_extras_pro_coverage.py" line="234" time="0.002" /><testcase classname="tests.test_bmi_extras_pro_coverage.TestInterpretWHRRatio" name="test_interpret_whr_spanish" file="tests/test_bmi_extras_pro_coverage.py" line="240" time="0.004" /><testcase classname="tests.test_bmi_extras_pro_coverage.TestStageObesity" name="test_stage_obesity_normal_weight" file="tests/test_bmi_extras_pro_coverage.py" line="250" time="0.002" /><testcase classname="tests.test_bmi_extras_pro_coverage.TestStageObesity" name="test_stage_obesity_overweight" file="tests/test_bmi_extras_pro_coverage.py" line="256" time="0.001" /><testcase classname="tests.test_app_missing_lines_extra.TestAppMissingLinesExtra" name="test_bmi_pregnancy_visualization_branch" file="tests/test_app_missing_lines_extra.py" line="51" time="0.014" /><testcase classname="tests.test_bmi_extras_pro_coverage.TestStageObesity" name="test_stage_obesity_class_1" file="tests/test_bmi_extras_pro_coverage.py" line="261" time="0.001" /><testcase classname="tests.test_app_faker_realistic.TestAppSpecialCases" name="test_concurrent_requests" file="tests/test_app_faker_realistic.py" line="379" time="0.032" /><testcase classname="tests.test_bmi_extras_pro_coverage.TestStageObesity" name="test_stage_obesity_female" file="tests/test_bmi_extras_pro_coverage.py" line="266" time="0.004" /><testcase classname="tests.test_app_coverage_gaps.TestAppPremiumPlate" name="test_premium_plate_targets_exception" file="tests/test_app_coverage_gaps.py" line="467" time="0.014" /><testcase classname="tests.test_bmi_extras_pro_coverage.TestStageObesity" name="test_stage_obesity_multilingual" file="tests/test_bmi_extras_pro_coverage.py" line="271" time="0.005" /><testcase classname="tests.test_app_coverage_missing_lines.TestAppMissingLinesCoverage" name="test_is_truthy_function" file="tests/test_app_coverage_missing_lines.py" line="13" time="0.004" /><testcase classname="tests.test_bmi_extras_pro_coverage.TestIntegration" name="test_comprehensive_health_profile_healthy" file="tests/test_bmi_extras_pro_coverage.py" line="282" time="0.002" /><testcase classname="tests.test_app_missing_lines_extra.TestAppMissingLinesExtra" name="test_insight_implicit_disabled_flag_branch" file="tests/test_app_missing_lines_extra.py" line="76" time="0.017" /><testcase classname="tests.test_bmi_extras_pro_coverage.TestIntegration" name="test_comprehensive_health_profile_at_risk" file="tests/test_bmi_extras_pro_coverage.py" line="293" time="0.002" /><testcase classname="tests.test_app_coverage_missing_lines.TestAppMissingLinesCoverage" name="test_get_api_key_with_valid_key" file="tests/test_app_coverage_missing_lines.py" line="32" time="0.004" /><testcase classname="tests.test_bmi_extras_pro_coverage.TestIntegration" name="test_consistency_across_languages" file="tests/test_bmi_extras_pro_coverage.py" line="302" time="0.004" /><testcase classname="tests.test_app_coverage_missing_lines.TestAppMissingLinesCoverage" name="test_get_api_key_with_invalid_key" file="tests/test_app_coverage_missing_lines.py" line="43" time="0.002" /><testcase classname="tests.test_app_coverage_missing_lines.TestAppMissingLinesCoverage" name="test_get_api_key_required_mode" file="tests/test_app_coverage_missing_lines.py" line="52" time="0.002" /><testcase classname="tests.test_app_vip_comprehensive_97.TestAppVIPComprehensive97" name="test_app_includes_bodyfat_router_when_available" file="tests/test_app_vip_comprehensive_97.py" line="232" time="0.086" /><testcase classname="tests.test_bmi_extras_simple" name="test_wht_ratio_valid_and_invalid" file="tests/test_bmi_extras_simple.py" line="5" time="0.005" /><testcase classname="tests.test_app_coverage_missing_lines.TestAppMissingLinesCoverage" name="test_get_api_key_dev_mode" file="tests/test_app_coverage_missing_lines.py" line="61" time="0.002" /><testcase classname="tests.test_app_missing_lines_extra.TestAppMissingLinesExtra" name="test_premium_bmr_value_and_http_errors" file="tests/test_app_missing_lines_extra.py" line="92" time="0.019" /><testcase classname="tests.test_app_coverage_missing_lines.TestAppMissingLinesCoverage" name="test_get_api_key_invalid_tokens" file="tests/test_app_coverage_missing_lines.py" line="70" time="0.003" /><testcase classname="tests.test_bmi_extras_simple" name="test_whr_ratio_valid_and_invalid" file="tests/test_bmi_extras_simple.py" line="14" time="0.004" /><testcase classname="tests.test_app_faker_realistic.TestAppSpecialCases" name="test_unicode_handling" file="tests/test_app_faker_realistic.py" line="402" time="0.011" /><testcase classname="tests.test_bmi_extras_simple" name="test_ffmi_basic_and_bounds" file="tests/test_bmi_extras_simple.py" line="23" time="0.002" /><testcase classname="tests.test_app_coverage_missing_lines.TestAppMissingLinesCoverage" name="test_admin_status_endpoint_success" file="tests/test_app_coverage_missing_lines.py" line="82" time="0.012" /><testcase classname="tests.test_bmi_extras_simple" name="test_stage_obesity_scenarios[24.0-0.45-None-male-low-expected_note_contains0]" file="tests/test_bmi_extras_simple.py" line="37" time="0.002" /><testcase classname="tests.test_bmi_extras_simple" name="test_stage_obesity_scenarios[24.0-0.55-0.8-female-moderate-expected_note_contains1]" file="tests/test_bmi_extras_simple.py" line="37" time="0.002" /><testcase classname="tests.test_app_faker_realistic.TestAppSpecialCases" name="test_very_large_numbers" file="tests/test_app_faker_realistic.py" line="417" time="0.007" /><testcase classname="tests.test_bmi_extras_simple" name="test_stage_obesity_scenarios[24.0-0.62-0.8-male-high-expected_note_contains2]" file="tests/test_bmi_extras_simple.py" line="37" time="0.005" /><testcase classname="tests.test_app_coverage_missing_lines.TestAppMissingLinesCoverage" name="test_admin_status_endpoint_error" file="tests/test_app_coverage_missing_lines.py" line="97" time="0.007" /><testcase classname="tests.test_app_faker_realistic.TestAppSpecialCases" name="test_negative_values" file="tests/test_app_faker_realistic.py" line="425" time="0.008" /><testcase classname="tests.test_bmi_extras_simple" name="test_stage_obesity_scenarios[24.0-0.55-0.95-male-high-expected_note_contains3]" file="tests/test_bmi_extras_simple.py" line="37" time="0.005" /><testcase classname="tests.test_app_missing_lines_extra.TestAppMissingLinesExtra" name="test_premium_plate_missing_bmr_tdee_check" file="tests/test_app_missing_lines_extra.py" line="133" time="0.013" /><testcase classname="tests.test_app_coverage_missing_lines.TestAppMissingLinesCoverage" name="test_log_requests_middleware" file="tests/test_app_coverage_missing_lines.py" line="109" time="0.006" /><testcase classname="tests.test_bmi_extras_simple" name="test_stage_obesity_scenarios[36.0-0.45-0.8-female-high-expected_note_contains4]" file="tests/test_bmi_extras_simple.py" line="37" time="0.003" /><testcase classname="tests.test_bmi_extras_simple" name="test_stage_obesity_scenarios[31.0-0.45-0.8-female-moderate-expected_note_contains5]" file="tests/test_bmi_extras_simple.py" line="37" time="0.004" /><testcase classname="tests.test_app_fallback" name="test_resolve_build_targets_callable_fallback" file="tests/test_app_fallback.py" line="17" time="0.004" /><testcase classname="tests.test_app_coverage_missing_lines.TestAppMissingLinesCoverage" name="test_database_health_success" file="tests/test_app_coverage_missing_lines.py" line="117" time="0.008" /><testcase classname="tests.test_app_missing_lines_extra.TestAppMissingLinesExtra" name="test_nutrient_gaps_value_error" file="tests/test_app_missing_lines_extra.py" line="153" time="0.010" /><testcase classname="tests.test_app_fallback" name="test_resolve_build_targets_callable_none" file="tests/test_app_fallback.py" line="38" time="0.004" /><testcase classname="tests.test_bmi_extras_simple" name="test_stage_obesity_scenarios[24.0-0.55-0.86-female-high-expected_note_contains6]" file="tests/test_bmi_extras_simple.py" line="37" time="0.004" /><testcase classname="tests.test_bmi_pro.TestBMIFunctions" name="test_wht_ratio_valid" file="tests/test_bmi_pro.py" line="19" time="0.011" /><testcase classname="tests.test_app_coverage_missing_lines.TestAppMissingLinesCoverage" name="test_database_health_error" file="tests/test_app_coverage_missing_lines.py" line="125" time="0.009" /><testcase classname="tests.test_app_global_exports" name="test_app_module_initializes_menu_engine_exports" file="tests/test_app_global_exports.py" line="12" time="0.100" /><testcase classname="tests.test_app_missing_lines_extra.TestAppMissingLinesExtra" name="test_bmi_pro_error_handlers" file="tests/test_app_missing_lines_extra.py" line="176" time="0.002"><skipped type="pytest.skip" message="stage_obesity no longer imported in main.py">/Users/katsiaryna_kavaleuskaya/Developer/BMI-App_2025_clean/tests/test_app_missing_lines_extra.py:179: stage_obesity no longer imported in main.py</skipped></testcase><testcase classname="tests.test_app_missing_lines_extra.TestAppMissingLinesExtra" name="test_export_pdf_generic_errors" file="tests/test_app_missing_lines_extra.py" line="180" time="0.012" /><testcase classname="tests.test_app_coverage_missing_lines.TestAppMissingLinesCoverage" name="test_legacy_category_label" file="tests/test_app_coverage_missing_lines.py" line="139" time="0.002" /><testcase classname="tests.test_bmi_pro.TestBMIFunctions" name="test_wht_ratio_invalid" file="tests/test_bmi_pro.py" line="26" time="0.005" /><testcase classname="tests.test_app_coverage_missing_lines.TestAppMissingLinesCoverage" name="test_favicon_endpoint" file="tests/test_app_coverage_missing_lines.py" line="153" time="0.007" /><testcase classname="tests.test_api" name="test_insight_import_failure" file="tests/test_api.py" line="212" time="0.089"><skipped type="pytest.skip" message="App import failed unexpectedly">/Users/katsiaryna_kavaleuskaya/Developer/BMI-App_2025_clean/tests/test_api.py:34: App import failed unexpectedly</skipped></testcase><testcase classname="tests.test_app_missing_lines_realistic.TestAppMissingLinesTargeted" name="test_api_v1_bmi_calculate_endpoint" file="tests/test_app_missing_lines_realistic.py" line="41" time="0.007" /><testcase classname="tests.test_bmi_pro.TestBMIFunctions" name="test_whr_ratio_valid" file="tests/test_bmi_pro.py" line="35" time="0.002" /><testcase classname="tests.test_app_coverage_missing_lines.TestAppMissingLinesCoverage" name="test_metrics_endpoint" file="tests/test_app_coverage_missing_lines.py" line="160" time="0.005" /><testcase classname="tests.test_bmi_pro.TestBMIFunctions" name="test_whr_ratio_invalid" file="tests/test_bmi_pro.py" line="42" time="0.002" /><testcase classname="tests.test_bmi_pro.TestBMIFunctions" name="test_ffmi_with_bodyfat" file="tests/test_bmi_pro.py" line="51" time="0.001" /><testcase classname="tests.test_app_missing_lines_realistic.TestAppMissingLinesTargeted" name="test_insight_endpoint_with_feature_disabled" file="tests/test_app_missing_lines_realistic.py" line="57" time="0.007" /><testcase classname="tests.test_bmi_pro.TestBMIFunctions" name="test_ffmi_without_bodyfat" file="tests/test_bmi_pro.py" line="58" time="0.005" /><testcase classname="tests.test_app_coverage_missing_lines.TestAppMissingLinesCoverage" name="test_privacy_endpoint" file="tests/test_app_coverage_missing_lines.py" line="168" time="0.006" /><testcase classname="tests.test_app_coverage_missing_lines.TestAppMissingLinesCoverage" name="test_vip_router_inclusion_when_enabled" file="tests/test_app_coverage_missing_lines.py" line="176" time="0.002" /><testcase classname="tests.test_app_missing_lines_realistic.TestAppMissingLinesTargeted" name="test_import_error_fallbacks" file="tests/test_app_missing_lines_realistic.py" line="66" time="0.007" /><testcase classname="tests.test_bmi_pro.TestBMIFunctions" name="test_ffmi_invalid" file="tests/test_bmi_pro.py" line="66" time="0.003" /><testcase classname="tests.test_app_coverage_missing_lines.TestAppMissingLinesCoverage" name="test_bodyfat_router_inclusion_when_available" file="tests/test_app_coverage_missing_lines.py" line="185" time="0.001" /><testcase classname="tests.test_bmi_pro.TestBMIFunctions" name="test_interpret_wht_ratio" file="tests/test_bmi_pro.py" line="77" time="0.002" /><testcase classname="tests.test_app_coverage_missing_lines.TestAppMissingLinesCoverage" name="test_bmi_pro_router_inclusion" file="tests/test_app_coverage_missing_lines.py" line="192" time="0.001" /><testcase classname="tests.test_app_vip_comprehensive_97.TestAppVIPComprehensive97" name="test_app_includes_bmi_pro_router" file="tests/test_app_vip_comprehensive_97.py" line="247" time="0.002" /><testcase classname="tests.test_app_coverage_missing_lines.TestAppMissingLinesCoverage" name="test_premium_week_router_inclusion" file="tests/test_app_coverage_missing_lines.py" line="199" time="0.001" /><testcase classname="tests.test_app_vip_comprehensive_97.TestAppVIPComprehensive97" name="test_app_includes_premium_week_router_when_available" file="tests/test_app_vip_comprehensive_97.py" line="255" time="0.002" /><testcase classname="tests.test_app_missing_lines_realistic.TestAppMissingLinesTargeted" name="test_malformed_requests_edge_cases" file="tests/test_app_missing_lines_realistic.py" line="90" time="0.006" /><testcase classname="tests.test_bmi_pro.TestBMIFunctions" name="test_interpret_whr_ratio_male" file="tests/test_bmi_pro.py" line="99" time="0.004" /><testcase classname="tests.test_app_vip_comprehensive_coverage.TestAppVipComprehensiveCoverage" name="test_vip_weekly_menu_endpoint" file="tests/test_app_vip_comprehensive_coverage.py" line="12" time="0.011" /><testcase classname="tests.test_app_coverage_missing_lines.TestAppMissingLinesCoverage" name="test_root_endpoint" file="tests/test_app_coverage_missing_lines.py" line="206" time="0.009" /><testcase classname="tests.test_bmi_pro.TestBMIFunctions" name="test_interpret_whr_ratio_female" file="tests/test_bmi_pro.py" line="109" time="0.003" /><testcase classname="tests.test_app_missing_lines_realistic.TestAppMissingLinesTargeted" name="test_missing_required_fields_combinations" file="tests/test_app_missing_lines_realistic.py" line="100" time="0.012" /><testcase classname="tests.test_app_coverage_missing_lines.TestAppMissingLinesCoverage" name="test_health_endpoints" file="tests/test_app_coverage_missing_lines.py" line="214" time="0.011" /><testcase classname="tests.test_bmi_pro.TestBMIFunctions" name="test_stage_obesity" file="tests/test_bmi_pro.py" line="119" time="0.005" /><testcase classname="tests.test_app_vip_comprehensive_coverage.TestAppVipComprehensiveCoverage" name="test_vip_weekly_menu_with_deficit" file="tests/test_app_vip_comprehensive_coverage.py" line="32" time="0.009" /><testcase classname="tests.test_app_missing_lines_realistic.TestAppMissingLinesTargeted" name="test_unicode_and_special_characters" file="tests/test_app_missing_lines_realistic.py" line="112" time="0.009" /><testcase classname="tests.test_bmi_pro_api.TestBMIProAPI" name="test_bmi_pro_endpoint_success" file="tests/test_bmi_pro_api.py" line="42" time="0.026" /><testcase classname="tests.test_app_vip_comprehensive_coverage.TestAppVipComprehensiveCoverage" name="test_vip_weekly_menu_with_surplus" file="tests/test_app_vip_comprehensive_coverage.py" line="51" time="0.013" /><testcase classname="tests.test_app_coverage_missing_lines.TestAppMissingLinesCoverage" name="test_debug_env_endpoint" file="tests/test_app_coverage_missing_lines.py" line="226" time="0.010" /><testcase classname="tests.test_app_endpoints_coverage.TestAppEndpointsCoverage" name="test_app_metrics_endpoint_coverage" file="tests/test_app_endpoints_coverage.py" line="54" time="0.006" /><testcase classname="tests.test_app_missing_lines_realistic.TestAppMissingLinesTargeted" name="test_extreme_numeric_values_edge_cases[case0]" file="tests/test_app_missing_lines_realistic.py" line="127" time="0.007" /><testcase classname="tests.test_app_endpoints_coverage.TestAppEndpointsCoverage" name="test_app_admin_status_endpoint_coverage" file="tests/test_app_endpoints_coverage.py" line="60" time="0.038" /><testcase classname="tests.test_app_coverage_missing_lines.TestAppMissingLinesCoverage" name="test_database_status_endpoint" file="tests/test_app_coverage_missing_lines.py" line="234" time="0.012" /><testcase classname="tests.test_app_vip_comprehensive_coverage.TestAppVipComprehensiveCoverage" name="test_vip_weekly_menu_error_handling" file="tests/test_app_vip_comprehensive_coverage.py" line="70" time="0.012" /><testcase classname="tests.test_app_missing_lines_realistic.TestAppMissingLinesTargeted" name="test_extreme_numeric_values_edge_cases[case1]" file="tests/test_app_missing_lines_realistic.py" line="127" time="0.007" /><testcase classname="tests.test_bmi_pro_api.TestBMIProAPI" name="test_bmi_pro_endpoint_minimal_data" file="tests/test_bmi_pro_api.py" line="68" time="0.010" /><testcase classname="tests.test_app_missing_lines_realistic.TestAppMissingLinesTargeted" name="test_extreme_numeric_values_edge_cases[case2]" file="tests/test_app_missing_lines_realistic.py" line="127" time="0.010" /><testcase classname="tests.test_app_coverage_missing_lines.TestAppMissingLinesCoverage" name="test_force_database_update_endpoint" file="tests/test_app_coverage_missing_lines.py" line="250" time="0.736" /><testcase classname="tests.test_app_vip_comprehensive_coverage.TestAppVipComprehensiveCoverage" name="test_vip_targets_endpoint" file="tests/test_app_vip_comprehensive_coverage.py" line="83" time="0.012" /><testcase classname="tests.test_bmi_pro_api.TestBMIProAPI" name="test_bmi_pro_endpoint_invalid_data" file="tests/test_bmi_pro_api.py" line="89" time="0.009" /><testcase classname="tests.test_app_init_additional" name="test_app_init_spec_none" file="tests/test_app_init_additional.py" line="36" time="0.002" /><testcase classname="tests.test_app_missing_lines_realistic.TestAppMissingLinesTargeted" name="test_concurrent_mixed_requests" file="tests/test_app_missing_lines_realistic.py" line="146" time="0.057" /><testcase classname="tests.test_app_init_additional" name="test_app_init_base_spec_none" file="tests/test_app_init_additional.py" line="42" time="0.069" /><testcase classname="tests.test_api" name="test_api_insight_provider_generate_failure" file="tests/test_api.py" line="243" time="0.011" /><testcase classname="tests.test_app_vip_comprehensive_coverage.TestAppVipComprehensiveCoverage" name="test_vip_targets_with_life_stage" file="tests/test_app_vip_comprehensive_coverage.py" line="101" time="0.011" /><testcase classname="tests.test_bmi_pro_api.TestBMIProAPI" name="test_bmi_pro_endpoint_missing_api_key" file="tests/test_bmi_pro_api.py" line="105" time="0.010" /><testcase classname="tests.test_app_endpoints_coverage.TestAppEndpointsCoverage" name="test_app_bmi_endpoint_coverage" file="tests/test_app_endpoints_coverage.py" line="69" time="0.009" /><testcase classname="tests.test_api" name="test_api_insight_provider_none" file="tests/test_api.py" line="273" time="0.009" /><testcase classname="tests.test_app_vip_comprehensive_coverage.TestAppVipComprehensiveCoverage" name="test_vip_plate_endpoint" file="tests/test_app_vip_comprehensive_coverage.py" line="120" time="0.015" /><testcase classname="tests.test_bmi_pro_router.TestBMIProRouter" name="test_bmi_pro_success_basic" file="tests/test_bmi_pro_router.py" line="31" time="0.008" /><testcase classname="tests.test_app_endpoints_coverage.TestAppEndpointsCoverage" name="test_app_bodyfat_endpoint_coverage" file="tests/test_app_endpoints_coverage.py" line="82" time="0.011" /><testcase classname="tests.test_api" name="test_metrics" file="tests/test_api.py" line="299" time="0.008" /><testcase classname="tests.test_bmi_pro_router.TestBMIProRouter" name="test_bmi_pro_success_with_hip" file="tests/test_bmi_pro_router.py" line="55" time="0.011" /><testcase classname="tests.test_app_vip_comprehensive_coverage.TestAppVipComprehensiveCoverage" name="test_vip_plate_with_diet_flags" file="tests/test_app_vip_comprehensive_coverage.py" line="138" time="0.021" /><testcase classname="tests.test_api" name="test_category_by_bmi_ru" file="tests/test_api.py" line="307" time="0.003" /><testcase classname="tests.test_app_endpoints_coverage.TestAppEndpointsCoverage" name="test_app_insight_endpoint_coverage" file="tests/test_app_endpoints_coverage.py" line="92" time="0.014" /><testcase classname="tests.test_api" name="test_compute_wht_ratio_round_exception" file="tests/test_api.py" line="316" time="0.004" /><testcase classname="tests.test_bmi_pro_router.TestBMIProRouter" name="test_bmi_pro_success_with_bodyfat" file="tests/test_bmi_pro_router.py" line="74" time="0.011" /><testcase classname="tests.test_api" name="test_v1_insight_invalid_api_key" file="tests/test_api.py" line="329" time="0.016" /><testcase classname="tests.test_app_endpoints_coverage.TestAppEndpointsCoverage" name="test_app_vip_endpoints_coverage" file="tests/test_app_endpoints_coverage.py" line="102" time="0.019" /><testcase classname="tests.test_app_vip_comprehensive_coverage.TestAppVipComprehensiveCoverage" name="test_vip_nutrient_gaps_endpoint" file="tests/test_app_vip_comprehensive_coverage.py" line="157" time="0.015" /><testcase classname="tests.test_bmi_pro_router.TestBMIProRouter" name="test_bmi_pro_success_russian" file="tests/test_bmi_pro_router.py" line="93" time="0.010" /><testcase classname="tests.test_app_missing_lines_realistic.TestAppLargePayloadsAndLimits" name="test_large_text_fields" file="tests/test_app_missing_lines_realistic.py" line="193" time="0.009" /><testcase classname="tests.test_api" name="test_slowapi_import_failure" file="tests/test_api.py" line="343" time="0.092"><skipped type="pytest.skip" message="App import failed unexpectedly">/Users/katsiaryna_kavaleuskaya/Developer/BMI-App_2025_clean/tests/test_api.py:34: App import failed unexpectedly</skipped></testcase><testcase classname="tests.test_app_missing_lines_realistic.TestAppLargePayloadsAndLimits" name="test_insight_with_very_long_text" file="tests/test_app_missing_lines_realistic.py" line="209" time="0.013" /><testcase classname="tests.test_bmi_pro_router.TestBMIProRouter" name="test_bmi_pro_validation_errors" file="tests/test_bmi_pro_router.py" line="111" time="0.019" /><testcase classname="tests.test_app_endpoints_coverage.TestAppEndpointsCoverage" name="test_app_api_key_endpoint_coverage" file="tests/test_app_endpoints_coverage.py" line="119" time="0.011" /><testcase classname="tests.test_app_vip_comprehensive_coverage.TestAppVipComprehensiveCoverage" name="test_vip_exports_csv_endpoint" file="tests/test_app_vip_comprehensive_coverage.py" line="182" time="0.009" /><testcase classname="tests.test_app_init_rebinding_spec.TestRebindingModuleSpec" name="test_rebinding_spec_initialization" file="tests/test_app_init_rebinding_spec.py" line="12" time="0.002" /><testcase classname="tests.test_app_init_rebinding_spec.TestRebindingModuleSpec" name="test_rebinding_spec_name_attribute_access" file="tests/test_app_init_rebinding_spec.py" line="21" time="0.003" /><testcase classname="tests.test_app_init_rebinding_spec.TestRebindingModuleSpec" name="test_rebinding_spec_submodule_search_locations" file="tests/test_app_init_rebinding_spec.py" line="38" time="0.004" /><testcase classname="tests.test_app_missing_lines_realistic.TestAppLargePayloadsAndLimits" name="test_plan_endpoint_with_complex_data" file="tests/test_app_missing_lines_realistic.py" line="218" time="0.010" /><testcase classname="tests.test_app_vip_comprehensive_coverage.TestAppVipComprehensiveCoverage" name="test_vip_exports_pdf_endpoints" file="tests/test_app_vip_comprehensive_coverage.py" line="193" time="0.023" /><testcase classname="tests.test_app_init_rebinding_spec.TestRebindingModuleSpec" name="test_rebinding_spec_with_monkeypatch" file="tests/test_app_init_rebinding_spec.py" line="52" time="0.003" /><testcase classname="tests.test_app_endpoints_coverage.TestAppEndpointsCoverage" name="test_app_foods_endpoint_coverage" file="tests/test_app_endpoints_coverage.py" line="125" time="0.014" /><testcase classname="tests.test_app_init_rebinding_spec.TestRebindingModuleSpec" name="test_rebinding_spec_other_attributes" file="tests/test_app_init_rebinding_spec.py" line="77" time="0.001" /><testcase classname="tests.test_bmi_pro_router.TestBMIProRouter" name="test_bmi_pro_missing_required_fields" file="tests/test_bmi_pro_router.py" line="159" time="0.011" /><testcase classname="tests.test_app_init_rebinding_spec.TestRebindingModuleSpec" name="test_rebinding_spec_owner_module" file="tests/test_app_init_rebinding_spec.py" line="90" time="0.002" /><testcase classname="tests.test_app_init_rebinding_spec.TestRebindingModuleSpec" name="test_app_module_exports_after_rebinding" file="tests/test_app_init_rebinding_spec.py" line="101" time="0.002" /><testcase classname="tests.test_app_missing_lines_realistic.TestAppErrorHandlingPaths" name="test_database_connection_errors" file="tests/test_app_missing_lines_realistic.py" line="249" time="0.015" /><testcase classname="tests.test_app_init_rebinding_spec.TestRebindingModuleSpec" name="test_app_module_fallback_exports" file="tests/test_app_init_rebinding_spec.py" line="122" time="0.003" /><testcase classname="tests.test_app_endpoints_coverage.TestAppEndpointsCoverage" name="test_app_recipes_endpoint_coverage" file="tests/test_app_endpoints_coverage.py" line="131" time="0.009" /><testcase classname="tests.test_bmi_pro_router.TestBMIProRouter" name="test_bmi_pro_calculation_error" file="tests/test_bmi_pro_router.py" line="173" time="0.009" /><testcase classname="tests.test_app_init_rebinding_spec.TestRebindingModuleSpec" name="test_app_module_spec_from_loader_coverage" file="tests/test_app_init_rebinding_spec.py" line="139" time="0.002" /><testcase classname="tests.test_app_endpoints_coverage.TestAppEndpointsCoverage" name="test_app_users_endpoint_coverage" file="tests/test_app_endpoints_coverage.py" line="137" time="0.016" /><testcase classname="tests.test_app_vip_comprehensive_coverage.TestAppVipComprehensiveCoverage" name="test_legacy_endpoints" file="tests/test_app_vip_comprehensive_coverage.py" line="211" time="0.014" /><testcase classname="tests.test_app_missing_lines_realistic.TestAppErrorHandlingPaths" name="test_feature_flag_combinations" file="tests/test_app_missing_lines_realistic.py" line="256" time="0.009" /><testcase classname="tests.test_bmi_pro_router.TestBMIProRouter" name="test_bmi_pro_request_model" file="tests/test_bmi_pro_router.py" line="192" time="0.004" /><testcase classname="tests.test_bmi_pro_router.TestBMIProRouter" name="test_bmi_pro_response_model" file="tests/test_bmi_pro_router.py" line="205" time="0.002" /><testcase classname="tests.test_bmi_pro_simple" name="test_bmi_pro_ok" file="tests/test_bmi_pro_simple.py" line="22" time="0.009" /><testcase classname="tests.test_app_missing_lines_realistic.TestAppErrorHandlingPaths" name="test_authentication_error_paths" file="tests/test_app_missing_lines_realistic.py" line="264" time="0.009" /><testcase classname="tests.test_app_vip_comprehensive_coverage.TestAppVipComprehensiveCoverage" name="test_vip_module_unavailable_paths" file="tests/test_app_vip_comprehensive_coverage.py" line="242" time="0.101" /><testcase classname="tests.test_app_endpoints_coverage.TestAppEndpointsCoverage" name="test_app_premium_week_endpoint_coverage" file="tests/test_app_endpoints_coverage.py" line="144" time="0.006" /><testcase classname="tests.test_bmi_pro_simple" name="test_bmi_pro_validation" file="tests/test_bmi_pro_simple.py" line="47" time="0.007" /><testcase classname="tests.test_app_missing_lines_realistic.TestAppErrorHandlingPaths" name="test_various_content_types[application/json]" file="tests/test_app_missing_lines_realistic.py" line="273" time="0.008" /><testcase classname="tests.test_app_endpoints_coverage.TestAppEndpointsCoverage" name="test_app_bmi_pro_endpoint_coverage" file="tests/test_app_endpoints_coverage.py" line="150" time="0.006" /><testcase classname="tests.test_bmi_pro_spanish.TestBMIProSpanish" name="test_wht_ratio_spanish_interpretation" file="tests/test_bmi_pro_spanish.py" line="10" time="0.002" /><testcase classname="tests.test_bmi_pro_spanish.TestBMIProSpanish" name="test_whr_ratio_spanish_interpretation" file="tests/test_bmi_pro_spanish.py" line="30" time="0.002" /><testcase classname="tests.test_app_missing_lines_realistic.TestAppErrorHandlingPaths" name="test_various_content_types[application/json; charset=utf-8]" file="tests/test_app_missing_lines_realistic.py" line="273" time="0.007" /><testcase classname="tests.test_bmi_pro_spanish.TestBMIProSpanish" name="test_stage_obesity_spanish" file="tests/test_bmi_pro_spanish.py" line="56" time="0.002" /><testcase classname="tests.test_app_endpoints_coverage.TestAppEndpointsCoverage" name="test_app_admin_endpoints_coverage" file="tests/test_app_endpoints_coverage.py" line="156" time="0.009" /><testcase classname="tests.test_bmi_visualization" name="test_bmi_visualization_imports" file="tests/test_bmi_visualization.py" line="29" time="0.002" /><testcase classname="tests.test_bmi_visualization" name="test_matplotlib_import_error_handling" file="tests/test_bmi_visualization.py" line="49" time="0.002" /><testcase classname="tests.test_app_missing_lines_realistic.TestAppErrorHandlingPaths" name="test_various_content_types[text/plain]" file="tests/test_app_missing_lines_realistic.py" line="273" time="0.008" /><testcase classname="tests.test_bmi_visualization" name="test_bmi_visualization_without_matplotlib" file="tests/test_bmi_visualization.py" line="61" time="0.001" /><testcase classname="tests.test_app_endpoints_coverage.TestAppEndpointsCoverage" name="test_app_http_methods_coverage" file="tests/test_app_endpoints_coverage.py" line="165" time="0.024" /><testcase classname="tests.test_bmi_visualization" name="test_bmi_visualizer_init_without_matplotlib" file="tests/test_bmi_visualization.py" line="75" time="0.003" /><testcase classname="tests.test_bmi_visualization" name="test_bmi_visualizer_init_with_matplotlib" file="tests/test_bmi_visualization.py" line="84" time="0.002" /><testcase classname="tests.test_bmi_visualization" name="test_bmi_visualization_with_matplotlib_success" file="tests/test_bmi_visualization.py" line="100" time="0.003" /><testcase classname="tests.test_api" name="test_prometheus_import_failure" file="tests/test_api.py" line="371" time="0.351"><skipped type="pytest.skip" message="App import failed unexpectedly">/Users/katsiaryna_kavaleuskaya/Developer/BMI-App_2025_clean/tests/test_api.py:34: App import failed unexpectedly</skipped></testcase><testcase classname="tests.test_app_missing_lines_realistic.TestAppErrorHandlingPaths" name="test_various_content_types[application/xml]" file="tests/test_app_missing_lines_realistic.py" line="273" time="0.010" /><testcase classname="tests.test_bmi_visualization" name="test_bmi_visualization_different_groups" file="tests/test_bmi_visualization.py" line="156" time="0.009" /><testcase classname="tests.test_app_missing_lines_realistic.TestAppSpecificMissingBlocks" name="test_export_endpoints_if_available" file="tests/test_app_missing_lines_realistic.py" line="298" time="0.006" /><testcase classname="tests.test_bmi_visualization" name="test_bmi_visualization_chart_creation_methods" file="tests/test_bmi_visualization.py" line="205" time="0.008" /><testcase classname="tests.test_app_endpoints_coverage.TestAppEndpointsCoverage" name="test_app_endpoint_validation_coverage" file="tests/test_app_endpoints_coverage.py" line="187" time="0.011" /><testcase classname="tests.test_app_missing_lines_realistic.TestAppSpecificMissingBlocks" name="test_premium_endpoints_without_auth[/premium_bmr]" file="tests/test_app_missing_lines_realistic.py" line="307" time="0.009" /><testcase classname="tests.test_bmi_visualization" name="test_bmi_visualization_exception_handling" file="tests/test_bmi_visualization.py" line="262" time="0.004" /><testcase classname="tests.test_app_endpoints_coverage.TestAppEndpointsCoverage" name="test_app_endpoint_error_handling_coverage" file="tests/test_app_endpoints_coverage.py" line="204" time="0.010" /><testcase classname="tests.test_app_missing_lines_realistic.TestAppSpecificMissingBlocks" name="test_premium_endpoints_without_auth[/premium_targets]" file="tests/test_app_missing_lines_realistic.py" line="307" time="0.009" /><testcase classname="tests.test_bmi_visualization" name="test_bmi_visualization_ranges_and_colors" file="tests/test_bmi_visualization.py" line="285" time="0.003" /><testcase classname="tests.test_bmi_visualization" name="test_bmi_visualization_language_support" file="tests/test_bmi_visualization.py" line="309" time="0.008" /><testcase classname="tests.test_app_missing_lines_realistic.TestAppSpecificMissingBlocks" name="test_admin_endpoints_without_auth" file="tests/test_app_missing_lines_realistic.py" line="322" time="0.007" /><testcase classname="tests.test_app_endpoints_coverage.TestAppEndpointsCoverage" name="test_app_endpoint_security_coverage" file="tests/test_app_endpoints_coverage.py" line="213" time="0.015" /><testcase classname="tests.test_app_key_coverage_clean.TestAPIKeyModes" name="test_api_key_strict_mode_valid_key" file="tests/test_app_key_coverage_clean.py" line="76" time="1.163" /><testcase classname="tests.test_app_missing_lines_realistic.TestAppSpecificMissingBlocks" name="test_complex_bmi_scenarios" file="tests/test_app_missing_lines_realistic.py" line="328" time="0.009" /><testcase classname="tests.test_bmi_visualization" name="test_bmi_endpoint_with_visualization_request" file="tests/test_bmi_visualization.py" line="353" time="0.012" /><testcase classname="tests.test_app_error_handling_combined.TestAppCriticalLines97" name="test_invalid_json_malformed_request" file="tests/test_app_error_handling_combined.py" line="55" time="0.007" /><testcase classname="tests.test_app_missing_lines_realistic.TestAppSpecificMissingBlocks" name="test_edge_case_language_handling[en]" file="tests/test_app_missing_lines_realistic.py" line="350" time="0.009" /><testcase classname="tests.test_bmi_visualization" name="test_bmi_endpoint_without_visualization" file="tests/test_bmi_visualization.py" line="387" time="0.008" /><testcase classname="tests.test_app_error_handling_combined.TestAppCriticalLines97" name="test_error_handling_edge_paths" file="tests/test_app_error_handling_combined.py" line="67" time="0.012" /><testcase classname="tests.test_app_missing_lines_realistic.TestAppSpecificMissingBlocks" name="test_edge_case_language_handling[en-US]" file="tests/test_app_missing_lines_realistic.py" line="350" time="0.008" /><testcase classname="tests.test_app_vip_comprehensive_coverage.TestAppVipComprehensiveCoverage" name="test_feature_flag_disabled_paths" file="tests/test_app_vip_comprehensive_coverage.py" line="268" time="0.011" /><testcase classname="tests.test_bmi_visualization" name="test_enhanced_teen_segmentation" file="tests/test_bmi_visualization.py" line="409" time="0.008" /><testcase classname="tests.test_bmi_visualization" name="test_enhanced_athlete_segmentation" file="tests/test_bmi_visualization.py" line="430" time="0.009" /><testcase classname="tests.test_app_error_handling_combined.TestAppCriticalLines97" name="test_premium_endpoints_error_paths" file="tests/test_app_error_handling_combined.py" line="79" time="0.009" /><testcase classname="tests.test_app_missing_lines_realistic.TestAppSpecificMissingBlocks" name="test_edge_case_language_handling[en_US]" file="tests/test_app_missing_lines_realistic.py" line="350" time="0.011" /><testcase classname="tests.test_app_vip_comprehensive_coverage.TestAppVipComprehensiveCoverage" name="test_make_weekly_menu_unavailable" file="tests/test_app_vip_comprehensive_coverage.py" line="289" time="0.010" /><testcase classname="tests.test_app_error_handling_combined.TestAppCriticalLines97" name="test_health_endpoint_coverage" file="tests/test_app_error_handling_combined.py" line="85" time="0.007" /><testcase classname="tests.test_bmi_visualization" name="test_bmi_visualization_endpoint_without_api_key" file="tests/test_bmi_visualization.py" line="452" time="0.009" /><testcase classname="tests.test_app_vip_comprehensive_coverage.TestAppVipComprehensiveCoverage" name="test_build_nutrition_targets_unavailable" file="tests/test_app_vip_comprehensive_coverage.py" line="310" time="0.011" /><testcase classname="tests.test_app_missing_lines_realistic.TestAppSpecificMissingBlocks" name="test_edge_case_language_handling[EN]" file="tests/test_app_missing_lines_realistic.py" line="350" time="0.010" /><testcase classname="tests.test_app_error_handling_combined.TestAppCriticalLines97" name="test_cors_and_middleware_paths" file="tests/test_app_error_handling_combined.py" line="90" time="0.006" /><testcase classname="tests.test_bmi_visualization" name="test_bmi_visualization_endpoint_with_api_key" file="tests/test_bmi_visualization.py" line="470" time="0.013"><skipped type="pytest.xfail" message="Test isolation issue in full suite - passes individually" /></testcase><testcase classname="tests.test_app_missing_lines_realistic.TestAppSpecificMissingBlocks" name="test_edge_case_language_handling[english]" file="tests/test_app_missing_lines_realistic.py" line="350" time="0.015" /><testcase classname="tests.test_app_error_handling_combined.TestAppCriticalLines97" name="test_exception_handling_paths" file="tests/test_app_error_handling_combined.py" line="100" time="0.016" /><testcase classname="tests.test_app_vip_comprehensive_coverage.TestAppVipComprehensiveCoverage" name="test_make_plate_unavailable" file="tests/test_app_vip_comprehensive_coverage.py" line="331" time="0.015" /><testcase classname="tests.test_app_real_coverage_97.TestAppReal97Coverage" name="test_combined_scenarios_for_maximum_coverage" file="tests/test_app_real_coverage_97.py" line="411" time="0.017" /><testcase classname="tests.test_app_missing_lines_realistic.TestAppSpecificMissingBlocks" name="test_edge_case_language_handling[ru]" file="tests/test_app_missing_lines_realistic.py" line="350" time="0.008" /><testcase classname="tests.test_app_error_handling_combined.TestAppCriticalLines97" name="test_various_endpoints_coverage" file="tests/test_app_error_handling_combined.py" line="108" time="0.017" /><testcase classname="tests.test_app_vip_comprehensive_coverage.TestAppVipComprehensiveCoverage" name="test_analyze_nutrient_gaps_unavailable" file="tests/test_app_vip_comprehensive_coverage.py" line="352" time="0.010" /><testcase classname="tests.test_app_missing_lines_realistic.TestAppSpecificMissingBlocks" name="test_edge_case_language_handling[ru-RU]" file="tests/test_app_missing_lines_realistic.py" line="350" time="0.009" /><testcase classname="tests.test_app_vip_comprehensive_coverage.TestAppVipComprehensiveCoverage" name="test_to_csv_week_unavailable" file="tests/test_app_vip_comprehensive_coverage.py" line="380" time="0.008" /><testcase classname="tests.test_app_remaining_coverage.TestAppRemainingCoverage" name="test_calc_bmi_function" file="tests/test_app_remaining_coverage.py" line="13" time="0.004" /><testcase classname="tests.test_app_remaining_coverage.TestAppRemainingCoverage" name="test_normalize_flags_function" file="tests/test_app_remaining_coverage.py" line="25" time="0.004" /><testcase classname="tests.test_app_missing_lines_realistic.TestAppSpecificMissingBlocks" name="test_edge_case_language_handling[russian]" file="tests/test_app_missing_lines_realistic.py" line="350" time="0.010" /><testcase classname="tests.test_app_vip_comprehensive_coverage.TestAppVipComprehensiveCoverage" name="test_to_pdf_functions_unavailable" file="tests/test_app_vip_comprehensive_coverage.py" line="393" time="0.015" /><testcase classname="tests.test_app_error_handling_combined.TestAppExceptionHandlersCoverage" name="test_validation_error_handlers[/api/v1/bmi-payload0-422]" file="tests/test_app_error_handling_combined.py" line="120" time="0.011" /><testcase classname="tests.test_app_remaining_coverage.TestAppRemainingCoverage" name="test_waist_risk_function" file="tests/test_app_remaining_coverage.py" line="50" time="0.004" /><testcase classname="tests.test_app_remaining_coverage.TestAppRemainingCoverage" name="test_add_visualization_if_requested_function" file="tests/test_app_remaining_coverage.py" line="78" time="0.005" /><testcase classname="tests.test_app_missing_lines_realistic.TestAppSpecificMissingBlocks" name="test_edge_case_language_handling[\u0440\u0443\u0441]" file="tests/test_app_missing_lines_realistic.py" line="350" time="0.011" /><testcase classname="tests.test_app_error_handling_combined.TestAppExceptionHandlersCoverage" name="test_validation_error_handlers[/api/v1/bodyfat-payload1-422]" file="tests/test_app_error_handling_combined.py" line="120" time="0.011" /><testcase classname="tests.test_app_remaining_coverage.TestAppRemainingCoverage" name="test_bmi_endpoint_with_visualization" file="tests/test_app_remaining_coverage.py" line="89" time="0.586" /><testcase classname="tests.test_app_vip_comprehensive_coverage.TestAppVipComprehensiveCoverage" name="test_vip_router_inclusion" file="tests/test_app_vip_comprehensive_coverage.py" line="415" time="0.004" /><testcase classname="tests.test_app_vip_comprehensive_coverage.TestAppVipComprehensiveCoverage" name="test_api_key_handling" file="tests/test_app_vip_comprehensive_coverage.py" line="427" time="0.017" /><testcase classname="tests.test_app_error_handling_combined.TestAppExceptionHandlersCoverage" name="test_validation_error_handlers[/api/v1/bmi-payload2-422]" file="tests/test_app_error_handling_combined.py" line="120" time="0.009" /><testcase classname="tests.test_app_missing_lines_realistic.TestAppSpecificMissingBlocks" name="test_edge_case_language_handling[es]" file="tests/test_app_missing_lines_realistic.py" line="350" time="0.010" /><testcase classname="tests.test_app_missing_lines_realistic.TestAppSpecificMissingBlocks" name="test_edge_case_language_handling[es-ES]" file="tests/test_app_missing_lines_realistic.py" line="350" time="0.010" /><testcase classname="tests.test_app_error_handling_combined.TestAppExceptionHandlersCoverage" name="test_validation_error_handlers[/api/v1/bodyfat-payload3-422]" file="tests/test_app_error_handling_combined.py" line="120" time="0.012" /><testcase classname="tests.test_app_vip_comprehensive_coverage.TestAppVipComprehensiveCoverage" name="test_health_endpoints" file="tests/test_app_vip_comprehensive_coverage.py" line="446" time="0.036" /><testcase classname="tests.test_app_missing_lines_realistic.TestAppSpecificMissingBlocks" name="test_edge_case_language_handling[spanish]" file="tests/test_app_missing_lines_realistic.py" line="350" time="0.010" /><testcase classname="tests.test_app_error_handling_combined.TestAppExceptionHandlersCoverage" name="test_validation_error_handlers[/api/v1/bmi-payload4-422]" file="tests/test_app_error_handling_combined.py" line="120" time="0.018" /><testcase classname="tests.test_app_missing_lines_realistic.TestAppSpecificMissingBlocks" name="test_edge_case_language_handling[espa\xf1ol]" file="tests/test_app_missing_lines_realistic.py" line="350" time="0.019" /><testcase classname="tests.test_app_error_handling_combined.TestAppExceptionHandlersCoverage" name="test_validation_error_handlers[/api/v1/bodyfat-payload5-422]" file="tests/test_app_error_handling_combined.py" line="120" time="0.027" /><testcase classname="tests.test_app_missing_lines_realistic.TestAppSpecificMissingBlocks" name="test_edge_case_language_handling[]" file="tests/test_app_missing_lines_realistic.py" line="350" time="0.025" /><testcase classname="tests.test_app_vip_comprehensive_coverage.TestAppVipComprehensiveCoverage" name="test_debug_endpoint" file="tests/test_app_vip_comprehensive_coverage.py" line="459" time="0.023" /><testcase classname="tests.test_app_error_handling_combined.TestAppExceptionHandlersCoverage" name="test_validation_error_handlers[/api/v1/bmi-payload6-422]" file="tests/test_app_error_handling_combined.py" line="120" time="0.034" /><testcase classname="tests.test_app_missing_lines_realistic.TestAppSpecificMissingBlocks" name="test_edge_case_language_handling[None]" file="tests/test_app_missing_lines_realistic.py" line="350" time="0.066" /><testcase classname="tests.test_app_vip_comprehensive_coverage.TestAppVipComprehensiveCoverage" name="test_database_status_endpoint" file="tests/test_app_vip_comprehensive_coverage.py" line="467" time="0.048" /><testcase classname="tests.edges.test_app_edges" name="test_export_pdf_generic_missing_function" file="tests/edges/test_app_edges.py" line="74" time="0.010" /><testcase classname="tests.edges.test_app_edges" name="test_targets_get_minimum_maximum_unknown_raises" file="tests/edges/test_app_edges.py" line="85" time="0.004" /><testcase classname="tests.edges.test_auto_repair_partial" name="test_auto_repair_partial_status_when_no_progress" file="tests/edges/test_auto_repair_partial.py" line="6" time="0.002" /><testcase classname="tests.edges.test_bodyfat_edges" name="test_bodyfat_bmi_is_derived_when_missing" file="tests/edges/test_bodyfat_edges.py" line="15" time="0.101" /><testcase classname="tests.test_app_error_handling_combined.TestAppExceptionHandlersCoverage" name="test_validation_error_handlers[/api/v1/bodyfat-payload7-422]" file="tests/test_app_error_handling_combined.py" line="120" time="0.026" /><testcase classname="tests.test_app_vip_comprehensive_coverage.TestAppVipComprehensiveCoverage" name="test_admin_status_endpoint" file="tests/test_app_vip_comprehensive_coverage.py" line="478" time="0.012" /><testcase classname="tests.test_app_error_handling_combined.TestAppExceptionHandlersCoverage" name="test_validation_error_handlers[/api/v1/bmi-payload8-422]" file="tests/test_app_error_handling_combined.py" line="120" time="0.020" /><testcase classname="tests.test_app_missing_lines_realistic.TestAppSpecificMissingBlocks" name="test_edge_case_language_handling[invalid]" file="tests/test_app_missing_lines_realistic.py" line="350" time="0.014" /><testcase classname="tests.test_app_vip_endpoints_coverage" name="test_app_vip_weekly_menu_parametrized[payload0-expected0]" file="tests/test_app_vip_endpoints_coverage.py" line="8" time="0.058" /><testcase classname="tests.test_app_error_handling_combined.TestAppExceptionHandlersCoverage" name="test_validation_error_handlers[/api/v1/bodyfat-payload9-422]" file="tests/test_app_error_handling_combined.py" line="120" time="0.011" /><testcase classname="tests.test_app_missing_lines_realistic.TestAppSpecificMissingBlocks" name="test_edge_case_language_handling[123]" file="tests/test_app_missing_lines_realistic.py" line="350" time="0.018" /><testcase classname="tests.test_app_error_handling_combined.TestAppExceptionHandlersCoverage" name="test_validation_error_handlers[/api/v1/bmi-payload10-422]" file="tests/test_app_error_handling_combined.py" line="120" time="0.008" /><testcase classname="tests.test_app_error_handling_combined.TestAppExceptionHandlersCoverage" name="test_validation_error_handlers[/api/v1/bodyfat-payload11-422]" file="tests/test_app_error_handling_combined.py" line="120" time="0.008" /><testcase classname="tests.test_app_missing_lines_realistic.TestAppSpecificMissingBlocks" name="test_edge_case_language_handling[zh-CN]" file="tests/test_app_missing_lines_realistic.py" line="350" time="0.011" /><testcase classname="tests.test_api_end_to_end_spanish.TestAPIEndToEndSpanish" name="test_bmi_endpoint_spanish" file="tests/test_api_end_to_end_spanish.py" line="32" time="0.032" /><testcase classname="tests.test_app_error_handling_combined.TestAppExceptionHandlersCoverage" name="test_http_exception_handlers" file="tests/test_app_error_handling_combined.py" line="150" time="0.019" /><testcase classname="tests.test_app_openapi_coverage.TestAppOpenAPICoverage" name="test_app_openapi_generation_coverage" file="tests/test_app_openapi_coverage.py" line="22" time="0.529" /><testcase classname="tests.test_app_vip_endpoints_coverage" name="test_app_vip_weekly_menu_parametrized[payload1-expected1]" file="tests/test_app_vip_endpoints_coverage.py" line="8" time="0.011" /><testcase classname="tests.test_app_error_handling_combined.TestAppExceptionHandlersCoverage" name="test_runtime_error_handler" file="tests/test_app_error_handling_combined.py" line="160" time="0.022" /><testcase classname="tests.test_app_vip_endpoints_coverage" name="test_app_vip_weekly_menu_parametrized[payload2-expected2]" file="tests/test_app_vip_endpoints_coverage.py" line="8" time="0.015" /><testcase classname="tests.edges.test_bodyfat_edges" name="test_bodyfat_handles_invalid_inputs_gracefully" file="tests/edges/test_bodyfat_edges.py" line="34" time="0.020" /><testcase classname="tests.test_api_end_to_end_spanish.TestAPIEndToEndSpanish" name="test_bodyfat_endpoint_spanish" file="tests/test_api_end_to_end_spanish.py" line="59" time="0.013" /><testcase classname="tests.test_app_vip_endpoints_coverage" name="test_app_vip_weekly_menu_parametrized[payload3-expected3]" file="tests/test_app_vip_endpoints_coverage.py" line="8" time="0.016" /><testcase classname="tests.test_app_error_handling_combined.TestAppExceptionHandlersCoverage" name="test_connection_error_handler" file="tests/test_app_error_handling_combined.py" line="187" time="0.011" /><testcase classname="tests.test_api_end_to_end_spanish.TestAPIEndToEndSpanish" name="test_plan_endpoint_spanish" file="tests/test_api_end_to_end_spanish.py" line="84" time="0.010" /><testcase classname="tests.edges.test_core_edge_branches" name="test_plate_macros_negative_remaining_kcal_triggers_reduction" file="tests/edges/test_core_edge_branches.py" line="17" time="0.002" /><testcase classname="tests.test_app_error_handling_combined.TestAppExceptionHandlersCoverage" name="test_timeout_error_handler" file="tests/test_app_error_handling_combined.py" line="198" time="0.008" /><testcase classname="tests.test_app_vip_endpoints_coverage" name="test_app_vip_weekly_menu_security_missing_api_key" file="tests/test_app_vip_endpoints_coverage.py" line="60" time="0.022" /><testcase classname="tests.test_api_end_to_end_spanish.TestAPIEndToEndSpanish" name="test_bmi_pro_endpoint_spanish" file="tests/test_api_end_to_end_spanish.py" line="109" time="0.009" /><testcase classname="tests.edges.test_core_edge_branches" name="test_rag_empty_index_returns_empty" file="tests/edges/test_core_edge_branches.py" line="26" time="0.003" /><testcase classname="tests.edges.test_core_edge_branches" name="test_rag_skips_large_files_and_handles_read_error" file="tests/edges/test_core_edge_branches.py" line="33" time="0.005" /><testcase classname="tests.test_app_exact_coverage_96.TestAppExactCoverage96" name="test_bmi_validation_unrealistically_high_bmi_exact" file="tests/test_app_exact_coverage_96.py" line="36" time="0.028" /><testcase classname="tests.edges.test_core_edge_branches" name="test_recipe_db_new_get_by_id_and_search_and_scale" file="tests/edges/test_core_edge_branches.py" line="91" time="0.002" /><testcase classname="tests.test_api_end_to_end_spanish.TestAPIEndToEndSpanish" name="test_all_endpoints_consistency_spanish" file="tests/test_api_end_to_end_spanish.py" line="133" time="0.018" /><testcase classname="tests.edges.test_core_edge_branches" name="test_recommendations_micronutrient_targets_pregnant_and_lactating" file="tests/edges/test_core_edge_branches.py" line="121" time="0.026" /><testcase classname="tests.test_app_who_targets_fallback" name="test_api_who_targets_fallback_loss_branch" file="tests/test_app_who_targets_fallback.py" line="37" time="0.007" /><testcase classname="tests.test_api_endpoint" name="test_api_endpoint_multilingual" file="tests/test_api_endpoint.py" line="13" time="0.077" /><testcase classname="tests.test_app_who_targets_fallback" name="test_api_who_targets_endpoint_integration" file="tests/test_app_who_targets_fallback.py" line="77" time="0.043" /><testcase classname="tests.edges.test_core_edge_branches" name="test_recipe_db_parser_and_scaler_with_malformed_entries" file="tests/edges/test_core_edge_branches.py" line="180" time="0.004" /><testcase classname="tests.test_app_exact_coverage_96.TestAppExactCoverage96" name="test_bmi_validation_unrealistically_low_bmi_exact" file="tests/test_app_exact_coverage_96.py" line="53" time="0.015" /><testcase classname="tests.edges.test_core_edge_branches" name="test_exports_pdf_fallback_day_week" file="tests/edges/test_core_edge_branches.py" line="213" time="0.003" /><testcase classname="tests.edges.test_core_edge_branches" name="test_unified_db_cache_load_error_and_save_throttle" file="tests/edges/test_core_edge_branches.py" line="242" time="0.043" /><testcase classname="tests.test_app_exact_coverage_96.TestAppExactCoverage96" name="test_visualization_not_available_matplotlib" file="tests/test_app_exact_coverage_96.py" line="70" time="0.009" /><testcase classname="tests.test_app_exact_coverage_96.TestAppExactCoverage96" name="test_pregnant_female_bmi_note" file="tests/test_app_exact_coverage_96.py" line="92" time="0.013" /><testcase classname="tests.test_app_who_targets_fallback" name="test_api_who_targets_fallback_gain_branch" file="tests/test_app_who_targets_fallback.py" line="190" time="0.007" /><testcase classname="tests.test_app_exact_coverage_96.TestAppExactCoverage96" name="test_pregnant_female_bmi_note_russian" file="tests/test_app_exact_coverage_96.py" line="113" time="0.009" /><testcase classname="tests.test_app_who_targets_fallback" name="test_api_who_targets_resets_safety_failures" file="tests/test_app_who_targets_fallback.py" line="228" time="0.008" /><testcase classname="tests.test_app_exact_coverage_96.TestAppExactCoverage96" name="test_pregnant_female_bmi_note_spanish" file="tests/test_app_exact_coverage_96.py" line="133" time="0.016" /><testcase classname="tests.edges.test_core_edge_branches" name="test_unified_db_off_exception_and_invalid_ids" file="tests/edges/test_core_edge_branches.py" line="272" time="0.021" /><testcase classname="tests.test_app_who_targets_fallback" name="test_api_who_targets_logs_import_errors" file="tests/test_app_who_targets_fallback.py" line="258" time="0.009" /><testcase classname="tests.test_app_who_targets_fallback" name="test_api_who_targets_logs_value_errors" file="tests/test_app_who_targets_fallback.py" line="296" time="0.005" /><testcase classname="tests.test_api_endpoint" name="test_api_endpoint_with_targets" file="tests/test_api_endpoint.py" line="79" time="0.010" /><testcase classname="tests.test_app_exact_coverage_96.TestAppExactCoverage96" name="test_waist_risk_high_male_english" file="tests/test_app_exact_coverage_96.py" line="153" time="0.010" /><testcase classname="tests.test_auto_product_expansion_demo.TestAutoProductExpansionDemo" name="test_auto_expansion_functionality" file="tests/test_auto_product_expansion_demo.py" line="38" time="7.202" /><testcase classname="tests.test_bmi_visualization" name="test_bmi_visualization_base64_encoding" file="tests/test_bmi_visualization.py" line="525" time="0.005" /><testcase classname="tests.test_api_extras" name="test_bmi_422_missing_fields" file="tests/test_api_extras.py" line="26" time="0.013" /><testcase classname="tests.edges.test_core_edge_branches" name="test_product_finder_error_paths_and_csv" file="tests/edges/test_core_edge_branches.py" line="299" time="0.006" /><testcase classname="tests.test_app_exact_coverage_96.TestAppExactCoverage96" name="test_waist_risk_high_female_english" file="tests/test_app_exact_coverage_96.py" line="174" time="0.009" /><testcase classname="tests.test_bmi_visualization" name="test_bmi_visualization_extreme_values" file="tests/test_bmi_visualization.py" line="585" time="0.015" /><testcase classname="tests.edges.test_core_edge_branches" name="test_menu_engine_default_strategy_and_boosters_branch" file="tests/edges/test_core_edge_branches.py" line="354" time="0.002" /><testcase classname="tests.edges.test_core_edge_branches" name="test_menu_engine_new_booster_none_path" file="tests/edges/test_core_edge_branches.py" line="419" time="0.002" /><testcase classname="tests.edges.test_core_edge_branches" name="test_menu_engine_new_kcal_100_zero_path" file="tests/edges/test_core_edge_branches.py" line="438" time="0.001" /><testcase classname="tests.edges.test_db_init_edges" name="test_init_db_wraps_create_all_when_missing_assert" file="tests/edges/test_db_init_edges.py" line="0" time="0.032" /><testcase classname="tests.test_app_exact_coverage_96.TestAppExactCoverage96" name="test_waist_risk_high_male_russian" file="tests/test_app_exact_coverage_96.py" line="195" time="0.008" /><testcase classname="tests.test_api_extras" name="test_bmi_categories_via_api[50-170-Underweight]" file="tests/test_api_extras.py" line="37" time="0.007" /><testcase classname="tests.test_api_extras" name="test_bmi_categories_via_api[70-170-Normal]" file="tests/test_api_extras.py" line="37" time="0.010" /><testcase classname="tests.test_app_exact_coverage_96.TestAppExactCoverage96" name="test_waist_risk_high_female_russian" file="tests/test_app_exact_coverage_96.py" line="215" time="0.511" /><testcase classname="tests.test_api_extras" name="test_bmi_categories_via_api[80-170-Overweight]" file="tests/test_api_extras.py" line="37" time="0.015" /><testcase classname="tests.test_app_coverage_missing_lines.TestAppMissingLinesCoverage" name="test_check_for_updates_endpoint" file="tests/test_app_coverage_missing_lines.py" line="262" time="0.014" /><testcase classname="tests.test_app_coverage_missing_lines.TestAppMissingLinesCoverage" name="test_rollback_database_endpoint" file="tests/test_app_coverage_missing_lines.py" line="274" time="0.022" /><testcase classname="tests.test_api_extras" name="test_bmi_categories_via_api[95-170-Obese]" file="tests/test_api_extras.py" line="37" time="0.020" /><testcase classname="tests.test_bmi_visualization_guidance_branches" name="test_guidance_chart_covers_all_recommendation_branches" file="tests/test_bmi_visualization_guidance_branches.py" line="7" time="0.250" /><testcase classname="tests.test_app_coverage_missing_lines.TestAppMissingLinesCoverage" name="test_export_pdf_generic_endpoint" file="tests/test_app_coverage_missing_lines.py" line="286" time="0.033" /><testcase classname="tests.test_api_extras" name="test_openapi_and_docs_exist" file="tests/test_api_extras.py" line="58" time="0.390" /><testcase classname="tests.test_app_coverage_missing_lines.TestAppMissingLinesCoverage" name="test_export_pdf_generic_empty_payload" file="tests/test_app_coverage_missing_lines.py" line="297" time="0.010" /><testcase classname="tests.edges.test_disclaimers_edges" name="test_get_disclaimer_text_medical_and_privacy_en" file="tests/edges/test_disclaimers_edges.py" line="5" time="0.029" /><testcase classname="tests.edges.test_disclaimers_edges" name="test_get_disclaimer_text_invalid_type_raises_keyerror" file="tests/edges/test_disclaimers_edges.py" line="12" time="0.003" /><testcase classname="tests.test_a
[...]
.011" /><testcase classname="tests.test_menu_engine_coverage_97.TestMenuEngineCoverage97" name="test_make_weekly_menu_with_none_databases_coverage_lines_183_184" file="tests/test_menu_engine_coverage_97.py" line="47" time="0.006" /><testcase classname="tests.test_premium_week_coverage_combined.TestPremiumWeekCoverageCombined" name="test_premium_week_plan_creation_athlete" file="tests/test_premium_week_coverage_combined.py" line="78" time="0.012" /><testcase classname="tests.test_menu_engine_coverage_97.TestMenuEngineCoverage97" name="test_make_weekly_menu_error_handling_coverage_lines_250_253" file="tests/test_menu_engine_coverage_97.py" line="73" time="0.004" /><testcase classname="tests.test_premium_week_coverage_combined.TestPremiumWeekCoverageCombined" name="test_premium_week_plan_creation_pregnant" file="tests/test_premium_week_coverage_combined.py" line="99" time="0.010" /><testcase classname="tests.test_premium_week_coverage_combined.TestPremiumWeekCoverageCombined" name="test_premium_week_plan_creation_russian" file="tests/test_premium_week_coverage_combined.py" line="120" time="0.014" /><testcase classname="tests.test_menu_engine_coverage_97.TestMenuEngineCoverage97" name="test_make_weekly_menu_error_handling_coverage_lines_255_256" file="tests/test_menu_engine_coverage_97.py" line="85" time="0.023" /><testcase classname="tests.test_menu_engine_coverage_97.TestMenuEngineCoverage97" name="test_make_weekly_menu_error_handling_coverage_lines_383_393" file="tests/test_menu_engine_coverage_97.py" line="97" time="0.027" /><testcase classname="tests.test_premium_week_coverage_combined.TestPremiumWeekCoverageCombined" name="test_premium_week_plan_creation_spanish" file="tests/test_premium_week_coverage_combined.py" line="141" time="0.021" /><testcase classname="tests.test_premium_week_coverage_combined.TestPremiumWeekCoverageCombined" name="test_premium_week_plan_creation_edge_ages" file="tests/test_premium_week_coverage_combined.py" line="162" time="0.010" /><testcase classname="tests.test_menu_engine_coverage_97.TestMenuEngineCoverage97" name="test_make_weekly_menu_error_handling_coverage_lines_525_524" file="tests/test_menu_engine_coverage_97.py" line="115" time="0.007" /><testcase classname="tests.test_premium_week_coverage_combined.TestPremiumWeekCoverageCombined" name="test_premium_week_plan_creation_validation_errors" file="tests/test_premium_week_coverage_combined.py" line="184" time="0.009" /><testcase classname="tests.test_menu_engine_coverage_97.TestMenuEngineCoverage97" name="test_make_weekly_menu_error_handling_coverage_lines_627_633" file="tests/test_menu_engine_coverage_97.py" line="127" time="0.007" /><testcase classname="tests.test_premium_week_coverage_combined.TestPremiumWeekCoverageCombined" name="test_premium_week_plan_creation_malformed_json" file="tests/test_premium_week_coverage_combined.py" line="205" time="0.011" /><testcase classname="tests.test_menu_engine_coverage_97.TestMenuEngineCoverage97" name="test_make_weekly_menu_error_handling_coverage_lines_702_701" file="tests/test_menu_engine_coverage_97.py" line="139" time="0.006" /><testcase classname="tests.test_premium_week_coverage_combined.TestPremiumWeekCoverageCombined" name="test_premium_week_plan_creation_truly_malformed_json" file="tests/test_premium_week_coverage_combined.py" line="228" time="0.009" /><testcase classname="tests.test_premium_week_coverage_combined.TestPremiumWeekCoverageCombined" name="test_premium_week_plan_creation_high_weight" file="tests/test_premium_week_coverage_combined.py" line="244" time="0.011" /><testcase classname="tests.test_premium_week_coverage_combined.TestPremiumWeekCoverageCombined" name="test_premium_week_plan_creation_low_weight" file="tests/test_premium_week_coverage_combined.py" line="265" time="0.010" /><testcase classname="tests.test_menu_engine_coverage_97.TestMenuEngineCoverage97" name="test_make_weekly_menu_error_handling_coverage_lines_706_710" file="tests/test_menu_engine_coverage_97.py" line="151" time="0.031" /><testcase classname="tests.test_premium_week_coverage_combined.TestPremiumWeekCoverageCombined" name="test_premium_week_plan_creation_tall_person" file="tests/test_premium_week_coverage_combined.py" line="286" time="0.010" /><testcase classname="tests.test_menu_engine_coverage_97.TestMenuEngineCoverage97" name="test_make_weekly_menu_error_handling_coverage_line_739" file="tests/test_menu_engine_coverage_97.py" line="163" time="0.002" /><testcase classname="tests.test_menu_engine_new" name="test_build_plate_day_structure" file="tests/test_menu_engine_new.py" line="16" time="0.004" /><testcase classname="tests.test_menu_engine_new" name="test_build_plate_day_calorie_target" file="tests/test_menu_engine_new.py" line="67" time="0.002" /><testcase classname="tests.test_premium_week_coverage_combined.TestPremiumWeekCoverageCombined" name="test_premium_week_plan_creation_short_person" file="tests/test_premium_week_coverage_combined.py" line="307" time="0.010" /><testcase classname="tests.test_menu_engine_new" name="test_build_plate_day_multilingual" file="tests/test_menu_engine_new.py" line="101" time="0.002" /><testcase classname="tests.test_menu_engine_smoke" name="test_make_daily_menu_smoke" file="tests/test_menu_engine_smoke.py" line="37" time="0.002" /><testcase classname="tests.test_menu_engine_smoke" name="test_make_weekly_menu_smoke" file="tests/test_menu_engine_smoke.py" line="45" time="0.002" /><testcase classname="tests.test_premium_week_coverage_combined.TestPremiumWeekCoverageCombined" name="test_premium_week_plan_creation_teen" file="tests/test_premium_week_coverage_combined.py" line="328" time="0.010" /><testcase classname="tests.test_menu_engine_smoke" name="test_weekly_menu_endpoint_smoke" file="tests/test_menu_engine_smoke.py" line="53" time="0.025" /><testcase classname="tests.test_premium_week_coverage_combined.TestPremiumWeekCoverageCombined" name="test_premium_week_plan_creation_elderly" file="tests/test_premium_week_coverage_combined.py" line="349" time="0.022" /><testcase classname="tests.test_menu_recommendations_coverage" name="test_menu_engine_estimate_daily_cost_branches" file="tests/test_menu_recommendations_coverage.py" line="4" time="0.002" /><testcase classname="tests.test_menu_recommendations_coverage" name="test_menu_engine_empty_coverage_and_adherence" file="tests/test_menu_recommendations_coverage.py" line="14" time="0.002" /><testcase classname="tests.test_premium_week_coverage_combined.TestPremiumWeekCoverageCombined" name="test_premium_week_plan_creation_high_activity" file="tests/test_premium_week_coverage_combined.py" line="370" time="0.013" /><testcase classname="tests.test_menu_recommendations_coverage" name="test_recommendations_calculate_weekly_coverage_empty" file="tests/test_menu_recommendations_coverage.py" line="24" time="0.003" /><testcase classname="tests.test_premium_week_coverage_combined.TestPremiumWeekCoverageCombined" name="test_premium_week_plan_creation_low_activity" file="tests/test_premium_week_coverage_combined.py" line="391" time="0.010" /><testcase classname="tests.test_premium_week_coverage_combined.TestPremiumWeekCoverageCombined" name="test_premium_week_plan_creation_weight_loss_goal" file="tests/test_premium_week_coverage_combined.py" line="412" time="0.012" /><testcase classname="tests.test_premium_week_coverage_combined.TestPremiumWeekCoverageCombined" name="test_premium_week_plan_creation_weight_gain_goal" file="tests/test_premium_week_coverage_combined.py" line="433" time="0.043" /><testcase classname="tests.test_merge_basic" name="test_merge_same_canonical_no_duplicates" file="tests/test_merge_basic.py" line="13" time="0.037" /><testcase classname="tests.test_merge_basic" name="test_micro_prioritization_usda" file="tests/test_merge_basic.py" line="86" time="0.003" /><testcase classname="tests.test_merge_basic" name="test_macro_median_merge" file="tests/test_merge_basic.py" line="154" time="0.027" /><testcase classname="tests.test_missing_coverage.TestMissingCoverage" name="test_app_imports" file="tests/test_missing_coverage.py" line="34" time="0.003" /><testcase classname="tests.test_premium_week_coverage_combined.TestPremiumWeekCoverageCombined" name="test_week_plan_missing_all_fields_line_140" file="tests/test_premium_week_coverage_combined.py" line="454" time="0.031" /><testcase classname="tests.test_missing_coverage.TestMissingCoverage" name="test_middleware_paths" file="tests/test_missing_coverage.py" line="46" time="0.025" /><testcase classname="tests.test_missing_coverage.TestMissingCoverage" name="test_error_handling" file="tests/test_missing_coverage.py" line="60" time="0.010" /><testcase classname="tests.test_missing_coverage.TestMissingCoverage" name="test_conditional_imports" file="tests/test_missing_coverage.py" line="68" time="0.003" /><testcase classname="tests.test_missing_coverage.TestMissingCoverage" name="test_slowapi_imports" file="tests/test_missing_coverage.py" line="81" time="0.005" /><testcase classname="tests.test_missing_coverage.TestMissingCoverage" name="test_dotenv_import" file="tests/test_missing_coverage.py" line="101" time="0.003" /><testcase classname="pytest" name="internal" time="0.000"><error message="internal error">def worker_internal_error(
        self, node: WorkerController, formatted_error: str
    ) -&gt; None:
        """
        pytest_internalerror() was called on the worker.

        pytest_internalerror() arguments are an excinfo and an excrepr, which can't
        be serialized, so we go with a poor man's solution of raising an exception
        here ourselves using the formatted message.
        """
        self._active_nodes.remove(node)
        try:
&gt;           assert False, formatted_error
E           AssertionError: Traceback (most recent call last):
E               File "/Users/katsiaryna_kavaleuskaya/.pyenv/versions/3.13.5/lib/python3.13/site-packages/coverage/sqlitedb.py", line 122, in _execute
E                 return self.con.execute(sql, parameters)  # type: ignore[arg-type]
E                        ~~~~~~~~~~~~~~~~^^^^^^^^^^^^^^^^^
E             sqlite3.OperationalError: no such table: file
E
E             During handling of the above exception, another exception occurred:
E
E             Traceback (most recent call last):
E               File "/Users/katsiaryna_kavaleuskaya/.pyenv/versions/3.13.5/lib/python3.13/site-packages/coverage/sqlitedb.py", line 127, in _execute
E                 return self.con.execute(sql, parameters)  # type: ignore[arg-type]
E                        ~~~~~~~~~~~~~~~~^^^^^^^^^^^^^^^^^
E             sqlite3.OperationalError: no such table: file
E
E             The above exception was the direct cause of the following exception:
E
E             Traceback (most recent call last):
E               File "/Users/katsiaryna_kavaleuskaya/.pyenv/versions/3.13.5/lib/python3.13/site-packages/_pytest/main.py", line 289, in wrap_session
E                 session.exitstatus = doit(config, session) or 0
E                                      ~~~~^^^^^^^^^^^^^^^^^
E               File "/Users/katsiaryna_kavaleuskaya/.pyenv/versions/3.13.5/lib/python3.13/site-packages/_pytest/main.py", line 343, in _main
E                 config.hook.pytest_runtestloop(session=session)
E                 ~~~~~~~~~~~~~~~~~~~~~~~~~~~~~~^^^^^^^^^^^^^^^^^
E               File "/Users/katsiaryna_kavaleuskaya/.pyenv/versions/3.13.5/lib/python3.13/site-packages/pluggy/_hooks.py", line 512, in __call__
E                 return self._hookexec(self.name, self._hookimpls.copy(), kwargs, firstresult)
E                        ~~~~~~~~~~~~~~^^^^^^^^^^^^^^^^^^^^^^^^^^^^^^^^^^^^^^^^^^^^^^^^^^^^^^^^
E               File "/Users/katsiaryna_kavaleuskaya/.pyenv/versions/3.13.5/lib/python3.13/site-packages/pluggy/_manager.py", line 120, in _hookexec
E                 return self._inner_hookexec(hook_name, methods, kwargs, firstresult)
E                        ~~~~~~~~~~~~~~~~~~~~^^^^^^^^^^^^^^^^^^^^^^^^^^^^^^^^^^^^^^^^^
E               File "/Users/katsiaryna_kavaleuskaya/.pyenv/versions/3.13.5/lib/python3.13/site-packages/pluggy/_callers.py", line 167, in _multicall
E                 raise exception
E               File "/Users/katsiaryna_kavaleuskaya/.pyenv/versions/3.13.5/lib/python3.13/site-packages/pluggy/_callers.py", line 139, in _multicall
E                 teardown.throw(exception)
E                 ~~~~~~~~~~~~~~^^^^^^^^^^^
E               File "/Users/katsiaryna_kavaleuskaya/.pyenv/versions/3.13.5/lib/python3.13/site-packages/_pytest/logging.py", line 801, in pytest_runtestloop
E                 return (yield)  # Run all the tests.
E                         ^^^^^
E               File "/Users/katsiaryna_kavaleuskaya/.pyenv/versions/3.13.5/lib/python3.13/site-packages/pluggy/_callers.py", line 139, in _multicall
E                 teardown.throw(exception)
E                 ~~~~~~~~~~~~~~^^^^^^^^^^^
E               File "/Users/katsiaryna_kavaleuskaya/.pyenv/versions/3.13.5/lib/python3.13/site-packages/_pytest/terminal.py", line 688, in pytest_runtestloop
E                 result = yield
E                          ^^^^^
E               File "/Users/katsiaryna_kavaleuskaya/.pyenv/versions/3.13.5/lib/python3.13/site-packages/pluggy/_callers.py", line 152, in _multicall
E                 teardown.send(result)
E                 ~~~~~~~~~~~~~^^^^^^^^
E               File "/Users/katsiaryna_kavaleuskaya/.pyenv/versions/3.13.5/lib/python3.13/site-packages/pytest_cov/plugin.py", line 349, in pytest_runtestloop
E                 self.cov_controller.finish()
E                 ~~~~~~~~~~~~~~~~~~~~~~~~~~^^
E               File "/Users/katsiaryna_kavaleuskaya/.pyenv/versions/3.13.5/lib/python3.13/site-packages/pytest_cov/engine.py", line 55, in ensure_topdir_wrapper
E                 return meth(self, *args, **kwargs)
E               File "/Users/katsiaryna_kavaleuskaya/.pyenv/versions/3.13.5/lib/python3.13/site-packages/pytest_cov/engine.py", line 436, in finish
E                 self.cov.save()
E                 ~~~~~~~~~~~~~^^
E               File "/Users/katsiaryna_kavaleuskaya/.pyenv/versions/3.13.5/lib/python3.13/site-packages/coverage/control.py", line 847, in save
E                 data = self.get_data()
E               File "/Users/katsiaryna_kavaleuskaya/.pyenv/versions/3.13.5/lib/python3.13/site-packages/coverage/control.py", line 928, in get_data
E                 self._post_save_work()
E                 ~~~~~~~~~~~~~~~~~~~~^^
E               File "/Users/katsiaryna_kavaleuskaya/.pyenv/versions/3.13.5/lib/python3.13/site-packages/coverage/control.py", line 959, in _post_save_work
E                 self._data.touch_files(paths, plugin_name)
E                 ~~~~~~~~~~~~~~~~~~~~~~^^^^^^^^^^^^^^^^^^^^
E               File "/Users/katsiaryna_kavaleuskaya/.pyenv/versions/3.13.5/lib/python3.13/site-packages/coverage/sqldata.py", line 662, in touch_files
E                 self._file_id(filename, add=True)
E                 ~~~~~~~~~~~~~^^^^^^^^^^^^^^^^^^^^
E               File "/Users/katsiaryna_kavaleuskaya/.pyenv/versions/3.13.5/lib/python3.13/site-packages/coverage/sqldata.py", line 444, in _file_id
E                 self._file_map[filename] = con.execute_for_rowid(
E                                            ~~~~~~~~~~~~~~~~~~~~~^
E                     "INSERT OR REPLACE INTO file (path) VALUES (?)",
E                     ^^^^^^^^^^^^^^^^^^^^^^^^^^^^^^^^^^^^^^^^^^^^^^^^
E                     (filename,),
E                     ^^^^^^^^^^^^
E                 )
E                 ^
E               File "/Users/katsiaryna_kavaleuskaya/.pyenv/versions/3.13.5/lib/python3.13/site-packages/coverage/sqlitedb.py", line 178, in execute_for_rowid
E                 with self.execute(sql, parameters) as cur:
E                      ~~~~~~~~~~~~^^^^^^^^^^^^^^^^^
E               File "/Users/katsiaryna_kavaleuskaya/.pyenv/versions/3.13.5/lib/python3.13/contextlib.py", line 141, in __enter__
E                 return next(self.gen)
E               File "/Users/katsiaryna_kavaleuskaya/.pyenv/versions/3.13.5/lib/python3.13/site-packages/coverage/sqlitedb.py", line 157, in execute
E                 cur = self._execute(sql, parameters)
E               File "/Users/katsiaryna_kavaleuskaya/.pyenv/versions/3.13.5/lib/python3.13/site-packages/coverage/sqlitedb.py", line 145, in _execute
E                 raise DataError(f"Couldn't use data file {self.filename!r}: {msg}") from exc
E             coverage.exceptions.DataError: Couldn't use data file '/Users/katsiaryna_kavaleuskaya/Developer/BMI-App_2025_clean/.coverage.MacBook-Air-katsiaryna.local.90087.XpjdoKFx': no such table: file
E           assert False

../../.pyenv/versions/3.13.5/lib/python3.13/site-packages/xdist/dsession.py:232: AssertionError</error><error message="internal error">Traceback (most recent call last):
  File "/Users/katsiaryna_kavaleuskaya/.pyenv/versions/3.13.5/lib/python3.13/site-packages/_pytest/main.py", line 289, in wrap_session
    session.exitstatus = doit(config, session) or 0
                         ~~~~^^^^^^^^^^^^^^^^^
  File "/Users/katsiaryna_kavaleuskaya/.pyenv/versions/3.13.5/lib/python3.13/site-packages/_pytest/main.py", line 343, in _main
    config.hook.pytest_runtestloop(session=session)
    ~~~~~~~~~~~~~~~~~~~~~~~~~~~~~~^^^^^^^^^^^^^^^^^
  File "/Users/katsiaryna_kavaleuskaya/.pyenv/versions/3.13.5/lib/python3.13/site-packages/pluggy/_hooks.py", line 512, in __call__
    return self._hookexec(self.name, self._hookimpls.copy(), kwargs, firstresult)
           ~~~~~~~~~~~~~~^^^^^^^^^^^^^^^^^^^^^^^^^^^^^^^^^^^^^^^^^^^^^^^^^^^^^^^^
  File "/Users/katsiaryna_kavaleuskaya/.pyenv/versions/3.13.5/lib/python3.13/site-packages/pluggy/_manager.py", line 120, in _hookexec
    return self._inner_hookexec(hook_name, methods, kwargs, firstresult)
           ~~~~~~~~~~~~~~~~~~~~^^^^^^^^^^^^^^^^^^^^^^^^^^^^^^^^^^^^^^^^^
  File "/Users/katsiaryna_kavaleuskaya/.pyenv/versions/3.13.5/lib/python3.13/site-packages/pluggy/_callers.py", line 167, in _multicall
    raise exception
  File "/Users/katsiaryna_kavaleuskaya/.pyenv/versions/3.13.5/lib/python3.13/site-packages/pluggy/_callers.py", line 139, in _multicall
    teardown.throw(exception)
    ~~~~~~~~~~~~~~^^^^^^^^^^^
  File "/Users/katsiaryna_kavaleuskaya/.pyenv/versions/3.13.5/lib/python3.13/site-packages/_pytest/logging.py", line 801, in pytest_runtestloop
    return (yield)  # Run all the tests.
            ^^^^^
  File "/Users/katsiaryna_kavaleuskaya/.pyenv/versions/3.13.5/lib/python3.13/site-packages/pluggy/_callers.py", line 139, in _multicall
    teardown.throw(exception)
    ~~~~~~~~~~~~~~^^^^^^^^^^^
  File "/Users/katsiaryna_kavaleuskaya/.pyenv/versions/3.13.5/lib/python3.13/site-packages/_pytest/terminal.py", line 688, in pytest_runtestloop
    result = yield
             ^^^^^
  File "/Users/katsiaryna_kavaleuskaya/.pyenv/versions/3.13.5/lib/python3.13/site-packages/pluggy/_callers.py", line 139, in _multicall
    teardown.throw(exception)
    ~~~~~~~~~~~~~~^^^^^^^^^^^
  File "/Users/katsiaryna_kavaleuskaya/.pyenv/versions/3.13.5/lib/python3.13/site-packages/pytest_cov/plugin.py", line 345, in pytest_runtestloop
    result = yield
             ^^^^^
  File "/Users/katsiaryna_kavaleuskaya/.pyenv/versions/3.13.5/lib/python3.13/site-packages/pluggy/_callers.py", line 121, in _multicall
    res = hook_impl.function(*args)
  File "/Users/katsiaryna_kavaleuskaya/.pyenv/versions/3.13.5/lib/python3.13/site-packages/xdist/dsession.py", line 138, in pytest_runtestloop
    self.loop_once()
    ~~~~~~~~~~~~~~^^
  File "/Users/katsiaryna_kavaleuskaya/.pyenv/versions/3.13.5/lib/python3.13/site-packages/xdist/dsession.py", line 163, in loop_once
    call(**kwargs)
    ~~~~^^^^^^^^^^
  File "/Users/katsiaryna_kavaleuskaya/.pyenv/versions/3.13.5/lib/python3.13/site-packages/xdist/dsession.py", line 218, in worker_workerfinished
    self._active_nodes.remove(node)
    ~~~~~~~~~~~~~~~~~~~~~~~~~^^^^^^
KeyError: &lt;WorkerController gw2&gt;</error></testcase></testsuite></testsuites>
