<?xml version="1.0" encoding="UTF-8" ?>
<testsuites name="vitest tests" tests="157" failures="0" errors="0" time="3.457008623">
    <testsuite name="src/lib/shareFile.test.ts" timestamp="2025-10-12T09:44:55.180Z" hostname="MacBook-Air-katsiaryna.local" tests="7" failures="0" errors="0" skipped="0" time="0.013177333">
        <testcase classname="src/lib/shareFile.test.ts" name="shareFile &gt; falls back to browser download when not on a native platform" time="0.001474375">
        </testcase>
        <testcase classname="src/lib/shareFile.test.ts" name="shareFile &gt; uses default title when sharing natively without an explicit title" time="0.001202208">
        </testcase>
        <testcase classname="src/lib/shareFile.test.ts" name="shareFile &gt; fetches, stores, and shares the file on native platforms" time="0.002397458">
        </testcase>
        <testcase classname="src/lib/shareFile.test.ts" name="shareFile &gt; throws an error when the fetch request is unsuccessful" time="0.000720583">
        </testcase>
        <testcase classname="src/lib/shareFile.test.ts" name="shareFile &gt; propagates file system write errors" time="0.00115325">
        </testcase>
        <testcase classname="src/lib/shareFile.test.ts" name="shareFile &gt; propagates share API errors" time="0.000746417">
        </testcase>
        <testcase classname="src/lib/shareFile.test.ts" name="shareFile &gt; encodes buffers of varying lengths to valid base64 strings" time="0.003570333">
        </testcase>
    </testsuite>
    <testsuite name="src/api/__tests__/api-auth-callback.test.ts" timestamp="2025-10-12T09:44:55.183Z" hostname="MacBook-Air-katsiaryna.local" tests="3" failures="0" errors="0" skipped="0" time="0.035775958">
        <testcase classname="src/api/__tests__/api-auth-callback.test.ts" name="API Auth Error Callbacks &gt; invokes onAuthError from 3rd param on 401" time="0.021245875">
            <system-err>
[analytics] error API key invalid or expired (401).

            </system-err>
        </testcase>
        <testcase classname="src/api/__tests__/api-auth-callback.test.ts" name="API Auth Error Callbacks &gt; invokes onAuthError from 3rd param on 403" time="0.006076375">
            <system-err>
[analytics] error API key invalid or expired (403).

            </system-err>
        </testcase>
        <testcase classname="src/api/__tests__/api-auth-callback.test.ts" name="API Auth Error Callbacks &gt; falls back to clear+redirect when onAuthError is not provided (401)" time="0.005057375">
            <system-err>
[analytics] error API key invalid or expired (401).

            </system-err>
        </testcase>
    </testsuite>
    <testsuite name="src/api/__tests__/api-serialization.test.ts" timestamp="2025-10-12T09:44:55.185Z" hostname="MacBook-Air-katsiaryna.local" tests="2" failures="0" errors="0" skipped="0" time="0.004299667">
        <testcase classname="src/api/__tests__/api-serialization.test.ts" name="API Body Serialization &gt; serializes body to JSON in api() and sets Content-Type only when needed" time="0.001986125">
        </testcase>
        <testcase classname="src/api/__tests__/api-serialization.test.ts" name="API Body Serialization &gt; does not set Content-Type for GET without body" time="0.000218375">
        </testcase>
    </testsuite>
    <testsuite name="src/api/__tests__/client.test.ts" timestamp="2025-10-12T09:44:55.185Z" hostname="MacBook-Air-katsiaryna.local" tests="9" failures="0" errors="0" skipped="0" time="0.109320708">
        <testcase classname="src/api/__tests__/client.test.ts" name="API Client Auth &gt; validateApiKey &gt; returns false on network error" time="0.0847045">
        </testcase>
        <testcase classname="src/api/__tests__/client.test.ts" name="API Client Auth &gt; validateApiKey &gt; should return false for 401 on health check (mockResolvedValueOnce)" time="0.005212458">
        </testcase>
        <testcase classname="src/api/__tests__/client.test.ts" name="API Client Auth &gt; validateApiKey &gt; throws error when API base is not set" time="0.001124917">
            <system-err>
[analytics] error VITE_API_BASE is not set. Create frontend/.env from .env.example

            </system-err>
        </testcase>
        <testcase classname="src/api/__tests__/client.test.ts" name="API Client Auth &gt; api() function &gt; throws error when API base is not set" time="0.000323833">
            <system-err>
[analytics] error VITE_API_BASE is not set. Create frontend/.env from .env.example

            </system-err>
        </testcase>
        <testcase classname="src/api/__tests__/client.test.ts" name="API Client Auth &gt; api() function &gt; includes X-API-Key header when API key is set in storage" time="0.004719459">
        </testcase>
        <testcase classname="src/api/__tests__/client.test.ts" name="API Client Auth &gt; api() function &gt; clears storage and uses window.location.replace when no onAuthError callback on 401" time="0.006297416">
            <system-err>
[analytics] error API key invalid or expired (401).

            </system-err>
        </testcase>
        <testcase classname="src/api/__tests__/client.test.ts" name="API Client Auth &gt; api() function &gt; throws UnauthorizedError on 401 response" time="0.002339084">
            <system-err>
[analytics] error API key invalid or expired (401).

            </system-err>
        </testcase>
        <testcase classname="src/api/__tests__/client.test.ts" name="API Client Auth &gt; api() function &gt; uses mock fallback on network failure" time="0.0019175">
            <system-out>
[API] MOCK fallback ON → /mock/bmr.json

            </system-out>
        </testcase>
        <testcase classname="src/api/__tests__/client.test.ts" name="API Client Auth &gt; api() function &gt; resolves successfully on authenticated request" time="0.000905917">
        </testcase>
    </testsuite>
    <testsuite name="src/locales/__tests__/locales.test.ts" timestamp="2025-10-12T09:44:55.188Z" hostname="MacBook-Air-katsiaryna.local" tests="30" failures="0" errors="0" skipped="0" time="0.012771083">
        <testcase classname="src/locales/__tests__/locales.test.ts" name="Locale JSON Structure and Content &gt; Structural Validation &gt; should have consistent keys across all locales" time="0.001675125">
        </testcase>
        <testcase classname="src/locales/__tests__/locales.test.ts" name="Locale JSON Structure and Content &gt; Structural Validation &gt; should not contain null or undefined values" time="0.000604042">
        </testcase>
        <testcase classname="src/locales/__tests__/locales.test.ts" name="Locale JSON Structure and Content &gt; Structural Validation &gt; should not contain empty strings" time="0.001570959">
        </testcase>
        <testcase classname="src/locales/__tests__/locales.test.ts" name="Locale JSON Structure and Content &gt; Structural Validation &gt; should not contain HTML tags" time="0.001262417">
        </testcase>
        <testcase classname="src/locales/__tests__/locales.test.ts" name="Locale JSON Structure and Content &gt; Structural Validation &gt; should contain only valid Unicode characters" time="0.00134975">
        </testcase>
        <testcase classname="src/locales/__tests__/locales.test.ts" name="Locale JSON Structure and Content &gt; Content Validation &gt; should not contain placeholder patterns" time="0.001369">
        </testcase>
        <testcase classname="src/locales/__tests__/locales.test.ts" name="Locale JSON Structure and Content &gt; Content Validation &gt; should have reasonable string lengths" time="0.0003615">
        </testcase>
        <testcase classname="src/locales/__tests__/locales.test.ts" name="Locale JSON Structure and Content &gt; Content Validation &gt; String length validation &gt; should allow strings exactly at the max length for &apos;description&apos;" time="0.0000685">
        </testcase>
        <testcase classname="src/locales/__tests__/locales.test.ts" name="Locale JSON Structure and Content &gt; Content Validation &gt; String length validation &gt; should allow strings exactly at the max length for &apos;legal&apos;" time="0.000051834">
        </testcase>
        <testcase classname="src/locales/__tests__/locales.test.ts" name="Locale JSON Structure and Content &gt; Content Validation &gt; String length validation &gt; should allow strings exactly at the max length for &apos;disclaimer&apos;" time="0.000054959">
        </testcase>
        <testcase classname="src/locales/__tests__/locales.test.ts" name="Locale JSON Structure and Content &gt; Content Validation &gt; String length validation &gt; should allow strings exactly at the max length for &apos;title&apos;" time="0.000037166">
        </testcase>
        <testcase classname="src/locales/__tests__/locales.test.ts" name="Locale JSON Structure and Content &gt; Content Validation &gt; String length validation &gt; should allow strings exactly at the max length for &apos;name&apos;" time="0.00003325">
        </testcase>
        <testcase classname="src/locales/__tests__/locales.test.ts" name="Locale JSON Structure and Content &gt; Content Validation &gt; String length validation &gt; should report strings just above the max length for &apos;description&apos;" time="0.000124958">
        </testcase>
        <testcase classname="src/locales/__tests__/locales.test.ts" name="Locale JSON Structure and Content &gt; Content Validation &gt; String length validation &gt; should report strings just above the max length for &apos;legal&apos;" time="0.00005725">
        </testcase>
        <testcase classname="src/locales/__tests__/locales.test.ts" name="Locale JSON Structure and Content &gt; Content Validation &gt; String length validation &gt; should report strings just above the max length for &apos;disclaimer&apos;" time="0.000028458">
        </testcase>
        <testcase classname="src/locales/__tests__/locales.test.ts" name="Locale JSON Structure and Content &gt; Content Validation &gt; String length validation &gt; should report strings just above the max length for &apos;title&apos;" time="0.000026542">
        </testcase>
        <testcase classname="src/locales/__tests__/locales.test.ts" name="Locale JSON Structure and Content &gt; Content Validation &gt; String length validation &gt; should report strings just above the max length for &apos;name&apos;" time="0.000025917">
        </testcase>
        <testcase classname="src/locales/__tests__/locales.test.ts" name="Locale JSON Structure and Content &gt; Content Validation &gt; should not have problematic duplicate values" time="0.000465875">
        </testcase>
        <testcase classname="src/locales/__tests__/locales.test.ts" name="Locale JSON Structure and Content &gt; Content Validation &gt; duplicate logging and threshold &gt; logs a warning when problematic duplicates are detected" time="0.000105375">
        </testcase>
        <testcase classname="src/locales/__tests__/locales.test.ts" name="Locale JSON Structure and Content &gt; Content Validation &gt; duplicate logging and threshold &gt; does not log a warning when no problematic duplicates are detected" time="0.000059167">
        </testcase>
        <testcase classname="src/locales/__tests__/locales.test.ts" name="Locale JSON Structure and Content &gt; Content Validation &gt; duplicate logging and threshold &gt; respects the configurable duplicate threshold" time="0.000069667">
        </testcase>
        <testcase classname="src/locales/__tests__/locales.test.ts" name="Locale JSON Structure and Content &gt; Domain-Specific Validation &gt; Paywall Section &gt; should have consistent paywall structure" time="0.000123875">
        </testcase>
        <testcase classname="src/locales/__tests__/locales.test.ts" name="Locale JSON Structure and Content &gt; Domain-Specific Validation &gt; Paywall Section &gt; should have proper before/after structure" time="0.000109875">
        </testcase>
        <testcase classname="src/locales/__tests__/locales.test.ts" name="Locale JSON Structure and Content &gt; Domain-Specific Validation &gt; Paywall Section &gt; should have consistent items structure" time="0.000116792">
        </testcase>
        <testcase classname="src/locales/__tests__/locales.test.ts" name="Locale JSON Structure and Content &gt; Domain-Specific Validation &gt; Spanish Translation Quality &gt; should use professional nutrition terminology" time="0.000092167">
        </testcase>
        <testcase classname="src/locales/__tests__/locales.test.ts" name="Locale JSON Structure and Content &gt; Domain-Specific Validation &gt; Spanish Translation Quality &gt; should have proper subtitle" time="0.000024959">
        </testcase>
        <testcase classname="src/locales/__tests__/locales.test.ts" name="Locale JSON Structure and Content &gt; Domain-Specific Validation &gt; Spanish Translation Quality &gt; should use correct legal text" time="0.000024625">
        </testcase>
        <testcase classname="src/locales/__tests__/locales.test.ts" name="Locale JSON Structure and Content &gt; Domain-Specific Validation &gt; Spanish Translation Quality &gt; should have proper empty state" time="0.000032292">
        </testcase>
        <testcase classname="src/locales/__tests__/locales.test.ts" name="Locale JSON Structure and Content &gt; Domain-Specific Validation &gt; Russian Translation Quality &gt; should use professional nutrition terminology" time="0.000043">
        </testcase>
        <testcase classname="src/locales/__tests__/locales.test.ts" name="Locale JSON Structure and Content &gt; Domain-Specific Validation &gt; Russian Translation Quality &gt; should have proper subtitle" time="0.000024667">
        </testcase>
    </testsuite>
    <testsuite name="src/mocks/__tests__/purchase.test.ts" timestamp="2025-10-12T09:44:55.235Z" hostname="MacBook-Air-katsiaryna.local" tests="6" failures="0" errors="0" skipped="0" time="1.54103025">
        <testcase classname="src/mocks/__tests__/purchase.test.ts" name="msw /api/purchase responds ok" time="0.314645458">
        </testcase>
        <testcase classname="src/mocks/__tests__/purchase.test.ts" name="msw /api/purchase handles server error" time="0.306978458">
        </testcase>
        <testcase classname="src/mocks/__tests__/purchase.test.ts" name="msw /api/purchase handles payment error" time="0.305563084">
        </testcase>
        <testcase classname="src/mocks/__tests__/purchase.test.ts" name="msw /api/restore responds ok" time="0.204203042">
        </testcase>
        <testcase classname="src/mocks/__tests__/purchase.test.ts" name="msw /api/restore handles server error" time="0.204002291">
        </testcase>
        <testcase classname="src/mocks/__tests__/purchase.test.ts" name="msw /api/restore handles not found error" time="0.203169458">
        </testcase>
    </testsuite>
    <testsuite name="src/components/__tests__/Accessibility.test.tsx" timestamp="2025-10-12T09:44:55.240Z" hostname="MacBook-Air-katsiaryna.local" tests="3" failures="0" errors="0" skipped="0" time="0.173026292">
        <testcase classname="src/components/__tests__/Accessibility.test.tsx" name="Accessibility Tests &gt; Toggle Component &gt; should not have accessibility violations when checked" time="0.135558833">
        </testcase>
        <testcase classname="src/components/__tests__/Accessibility.test.tsx" name="Accessibility Tests &gt; Toggle Component &gt; should not have accessibility violations when unchecked" time="0.019499625">
        </testcase>
        <testcase classname="src/components/__tests__/Accessibility.test.tsx" name="Accessibility Tests &gt; Toggle Component &gt; should properly associate label with switch using aria-labelledby" time="0.015369125">
        </testcase>
    </testsuite>
    <testsuite name="src/components/__tests__/GlassCard.test.tsx" timestamp="2025-10-12T09:44:55.241Z" hostname="MacBook-Air-katsiaryna.local" tests="14" failures="0" errors="0" skipped="0" time="0.075443125">
        <testcase classname="src/components/__tests__/GlassCard.test.tsx" name="GlassCard &gt; renders children without crashing" time="0.020531125">
        </testcase>
        <testcase classname="src/components/__tests__/GlassCard.test.tsx" name="GlassCard &gt; applies default tone and padding classes" time="0.008510875">
        </testcase>
        <testcase classname="src/components/__tests__/GlassCard.test.tsx" name="GlassCard &gt; applies tone styles for tone=&quot;neutral&quot;" time="0.002559083">
        </testcase>
        <testcase classname="src/components/__tests__/GlassCard.test.tsx" name="GlassCard &gt; applies tone styles for tone=&quot;light&quot;" time="0.00198025">
        </testcase>
        <testcase classname="src/components/__tests__/GlassCard.test.tsx" name="GlassCard &gt; applies tone styles for tone=&quot;dark&quot;" time="0.001101875">
        </testcase>
        <testcase classname="src/components/__tests__/GlassCard.test.tsx" name="GlassCard &gt; applies padding styles for padding=&quot;none&quot;" time="0.000676292">
        </testcase>
        <testcase classname="src/components/__tests__/GlassCard.test.tsx" name="GlassCard &gt; applies padding styles for padding=&quot;sm&quot;" time="0.000433167">
        </testcase>
        <testcase classname="src/components/__tests__/GlassCard.test.tsx" name="GlassCard &gt; applies padding styles for padding=&quot;md&quot;" time="0.0022995">
        </testcase>
        <testcase classname="src/components/__tests__/GlassCard.test.tsx" name="GlassCard &gt; applies padding styles for padding=&quot;lg&quot;" time="0.001882292">
        </testcase>
        <testcase classname="src/components/__tests__/GlassCard.test.tsx" name="GlassCard &gt; prefers aria-labelledby when both aria props provided" time="0.030701">
        </testcase>
        <testcase classname="src/components/__tests__/GlassCard.test.tsx" name="GlassCard &gt; does not set aria attributes when not provided" time="0.000820208">
        </testcase>
        <testcase classname="src/components/__tests__/GlassCard.test.tsx" name="GlassCard &gt; merges custom class names and forwards misc props" time="0.000640084">
        </testcase>
        <testcase classname="src/components/__tests__/GlassCard.test.tsx" name="GlassCard &gt; applies default tone styles when tone is undefined" time="0.00039625">
        </testcase>
        <testcase classname="src/components/__tests__/GlassCard.test.tsx" name="GlassCard &gt; applies default padding class for invalid padding value" time="0.000343041">
        </testcase>
    </testsuite>
    <testsuite name="src/components/__tests__/NotFound.test.tsx" timestamp="2025-10-12T09:44:55.250Z" hostname="MacBook-Air-katsiaryna.local" tests="2" failures="0" errors="0" skipped="0" time="0.045480708">
        <testcase classname="src/components/__tests__/NotFound.test.tsx" name="NotFound &gt; renders the 404 page with proper content" time="0.02304075">
        </testcase>
        <testcase classname="src/components/__tests__/NotFound.test.tsx" name="NotFound &gt; has working navigation buttons" time="0.014801625">
        </testcase>
    </testsuite>
    <testsuite name="src/components/__tests__/PremiumGate.test.tsx" timestamp="2025-10-12T09:44:55.251Z" hostname="MacBook-Air-katsiaryna.local" tests="2" failures="0" errors="0" skipped="0" time="0.069121375">
        <testcase classname="src/components/__tests__/PremiumGate.test.tsx" name="PremiumGate &gt; shows children directly when premium" time="0.018302625">
        </testcase>
        <testcase classname="src/components/__tests__/PremiumGate.test.tsx" name="PremiumGate &gt; dims and gates content when not premium, opens Paywall on click" time="0.049062042">
            <system-err>
Warning: Received `true` for a non-boolean attribute `inert`.

If you want to write it to the DOM, pass a string instead: inert=&quot;true&quot; or inert={value.toString()}.
    at div
    at PremiumGate (/Users/katsiaryna_kavaleuskaya/Developer/BMI-App_2025_clean/frontend/src/components/PremiumGate.tsx:9:24)

            </system-err>
        </testcase>
    </testsuite>
    <testsuite name="src/components/__tests__/TabBar.test.tsx" timestamp="2025-10-12T09:44:55.256Z" hostname="MacBook-Air-katsiaryna.local" tests="8" failures="0" errors="0" skipped="0" time="0.416439792">
        <testcase classname="src/components/__tests__/TabBar.test.tsx" name="TabBar &gt; without API key &gt; shows lock icons for protected routes" time="0.064442459">
            <system-err>
Warning: Received `true` for a non-boolean attribute `end`.

If you want to write it to the DOM, pass a string instead: end=&quot;true&quot; or end={value.toString()}.
    at a
    at NavLink (/Users/katsiaryna_kavaleuskaya/Developer/BMI-App_2025_clean/frontend/src/components/__tests__/TabBar.test.tsx:30:15)
    at nav
    at TabBar (/Users/katsiaryna_kavaleuskaya/Developer/BMI-App_2025_clean/frontend/src/components/TabBar.tsx:17:71)

            </system-err>
        </testcase>
        <testcase classname="src/components/__tests__/TabBar.test.tsx" name="TabBar &gt; without API key &gt; shows disabled styling for protected routes" time="0.014724417">
        </testcase>
        <testcase classname="src/components/__tests__/TabBar.test.tsx" name="TabBar &gt; without API key &gt; shows click feedback for disabled tabs" time="0.310297542">
        </testcase>
        <testcase classname="src/components/__tests__/TabBar.test.tsx" name="TabBar &gt; without API key &gt; shows accessible labels for disabled tabs" time="0.003656333">
        </testcase>
        <testcase classname="src/components/__tests__/TabBar.test.tsx" name="TabBar &gt; with API key &gt; shows all tabs as accessible" time="0.003161208">
        </testcase>
        <testcase classname="src/components/__tests__/TabBar.test.tsx" name="TabBar &gt; with API key &gt; shows active tab indicator bar for the active route" time="0.005923958">
        </testcase>
        <testcase classname="src/components/__tests__/TabBar.test.tsx" name="TabBar &gt; with API key &gt; shows hover effects for available tabs" time="0.002446333">
        </testcase>
        <testcase classname="src/components/__tests__/TabBar.test.tsx" name="TabBar &gt; accessibility &gt; has proper ARIA attributes for disabled tabs" time="0.003537542">
        </testcase>
    </testsuite>
    <testsuite name="src/api/premium/__tests__/types.test.ts" timestamp="2025-10-12T09:44:55.267Z" hostname="MacBook-Air-katsiaryna.local" tests="8" failures="0" errors="0" skipped="0" time="0.003027584">
        <testcase classname="src/api/premium/__tests__/types.test.ts" name="Premium Types &gt; Portion &gt; should accept valid portion data" time="0.00051175">
        </testcase>
        <testcase classname="src/api/premium/__tests__/types.test.ts" name="Premium Types &gt; Portion &gt; should enforce required fields on Portion (type-level)" time="0.000115458">
        </testcase>
        <testcase classname="src/api/premium/__tests__/types.test.ts" name="Premium Types &gt; LayoutItem &gt; should accept valid layout item" time="0.000060541">
        </testcase>
        <testcase classname="src/api/premium/__tests__/types.test.ts" name="Premium Types &gt; LayoutItem &gt; should only accept valid kinds" time="0.000116167">
        </testcase>
        <testcase classname="src/api/premium/__tests__/types.test.ts" name="Premium Types &gt; Meal &gt; should accept valid meal data" time="0.000051875">
        </testcase>
        <testcase classname="src/api/premium/__tests__/types.test.ts" name="Premium Types &gt; Meal &gt; should accept meal data with micros" time="0.000049">
        </testcase>
        <testcase classname="src/api/premium/__tests__/types.test.ts" name="Premium Types &gt; PlateApiResponse &gt; should accept valid plate API response" time="0.000061417">
        </testcase>
        <testcase classname="src/api/premium/__tests__/types.test.ts" name="Premium Types &gt; PlateApiResponse &gt; should enforce PlateApiResponse required fields (type-level)" time="0.000042375">
        </testcase>
    </testsuite>
    <testsuite name="src/features/progress/__tests__/ProgressCharts.test.tsx" timestamp="2025-10-12T09:44:55.279Z" hostname="MacBook-Air-katsiaryna.local" tests="7" failures="0" errors="0" skipped="0" time="0.089407042">
        <testcase classname="src/features/progress/__tests__/ProgressCharts.test.tsx" name="ProgressCharts &gt; renders progress tracking header" time="0.051671167">
        </testcase>
        <testcase classname="src/features/progress/__tests__/ProgressCharts.test.tsx" name="ProgressCharts &gt; renders export PDF button" time="0.004362167">
        </testcase>
        <testcase classname="src/features/progress/__tests__/ProgressCharts.test.tsx" name="ProgressCharts &gt; renders weight and BMI progress chart" time="0.003322291">
        </testcase>
        <testcase classname="src/features/progress/__tests__/ProgressCharts.test.tsx" name="ProgressCharts &gt; renders calorie balance chart" time="0.009426708">
        </testcase>
        <testcase classname="src/features/progress/__tests__/ProgressCharts.test.tsx" name="ProgressCharts &gt; renders macronutrient distribution chart" time="0.010485625">
        </testcase>
        <testcase classname="src/features/progress/__tests__/ProgressCharts.test.tsx" name="ProgressCharts &gt; displays weight change indicator" time="0.003174666">
        </testcase>
        <testcase classname="src/features/progress/__tests__/ProgressCharts.test.tsx" name="ProgressCharts &gt; displays macronutrient breakdown" time="0.003944417">
        </testcase>
    </testsuite>
    <testsuite name="src/pages/Onboarding/__tests__/EnterKey.test.tsx" timestamp="2025-10-12T09:44:55.281Z" hostname="MacBook-Air-katsiaryna.local" tests="6" failures="0" errors="0" skipped="0" time="0.105332292">
        <testcase classname="src/pages/Onboarding/__tests__/EnterKey.test.tsx" name="EnterKey &gt; renders the API key input form" time="0.058343542">
        </testcase>
        <testcase classname="src/pages/Onboarding/__tests__/EnterKey.test.tsx" name="EnterKey &gt; shows error for empty API key" time="0.016987833">
        </testcase>
        <testcase classname="src/pages/Onboarding/__tests__/EnterKey.test.tsx" name="EnterKey &gt; shows error for API key shorter than minimum length" time="0.00489125">
        </testcase>
        <testcase classname="src/pages/Onboarding/__tests__/EnterKey.test.tsx" name="EnterKey &gt; saves API key when valid" time="0.005163542">
        </testcase>
        <testcase classname="src/pages/Onboarding/__tests__/EnterKey.test.tsx" name="EnterKey &gt; clears API key when clear button is clicked" time="0.01070525">
        </testcase>
        <testcase classname="src/pages/Onboarding/__tests__/EnterKey.test.tsx" name="EnterKey &gt; does not show success message when clearing empty API key" time="0.005621667">
        </testcase>
    </testsuite>
    <testsuite name="src/pages/NutritionSetup/__tests__/ResultView.test.tsx" timestamp="2025-10-12T09:44:55.282Z" hostname="MacBook-Air-katsiaryna.local" tests="18" failures="0" errors="0" skipped="0" time="0.212254083">
        <testcase classname="src/pages/NutritionSetup/__tests__/ResultView.test.tsx" name="ResultView &gt; renders loading state" time="0.014899958">
        </testcase>
        <testcase classname="src/pages/NutritionSetup/__tests__/ResultView.test.tsx" name="ResultView &gt; renders error state" time="0.0080165">
        </testcase>
        <testcase classname="src/pages/NutritionSetup/__tests__/ResultView.test.tsx" name="ResultView &gt; renders error state from useTargets" time="0.002044875">
        </testcase>
        <testcase classname="src/pages/NutritionSetup/__tests__/ResultView.test.tsx" name="ResultView &gt; renders results successfully" time="0.015723042">
        </testcase>
        <testcase classname="src/pages/NutritionSetup/__tests__/ResultView.test.tsx" name="ResultView &gt; displays BMR and TDEE values" time="0.005169583">
        </testcase>
        <testcase classname="src/pages/NutritionSetup/__tests__/ResultView.test.tsx" name="ResultView &gt; displays macronutrient distribution" time="0.013882084">
        </testcase>
        <testcase classname="src/pages/NutritionSetup/__tests__/ResultView.test.tsx" name="ResultView &gt; displays non-standard macronutrient percentages" time="0.006790083">
            <system-err>
Plate percentages sum to 95.0%, expected 100%

            </system-err>
        </testcase>
        <testcase classname="src/pages/NutritionSetup/__tests__/ResultView.test.tsx" name="ResultView &gt; handles macronutrient percentages totaling more than 100%" time="0.013781875">
            <system-err>
Plate percentages sum to 120.0%, expected 100%

            </system-err>
        </testcase>
        <testcase classname="src/pages/NutritionSetup/__tests__/ResultView.test.tsx" name="ResultView &gt; handles macronutrient percentages with edge values (0% and 100%)" time="0.018052584">
        </testcase>
        <testcase classname="src/pages/NutritionSetup/__tests__/ResultView.test.tsx" name="ResultView &gt; displays macro cards" time="0.026687583">
        </testcase>
        <testcase classname="src/pages/NutritionSetup/__tests__/ResultView.test.tsx" name="ResultView &gt; displays water recommendation" time="0.013658041">
        </testcase>
        <testcase classname="src/pages/NutritionSetup/__tests__/ResultView.test.tsx" name="ResultView &gt; displays micronutrient targets" time="0.0038865">
        </testcase>
        <testcase classname="src/pages/NutritionSetup/__tests__/ResultView.test.tsx" name="ResultView &gt; handles missing bmrData gracefully" time="0.000702416">
        </testcase>
        <testcase classname="src/pages/NutritionSetup/__tests__/ResultView.test.tsx" name="ResultView &gt; handles missing plateData gracefully" time="0.0005155">
        </testcase>
        <testcase classname="src/pages/NutritionSetup/__tests__/ResultView.test.tsx" name="ResultView &gt; handles missing targetsData gracefully" time="0.00633825">
        </testcase>
        <testcase classname="src/pages/NutritionSetup/__tests__/ResultView.test.tsx" name="ResultView &gt; handles undefined bmrData, plateData, and targetsData" time="0.002069459">
        </testcase>
        <testcase classname="src/pages/NutritionSetup/__tests__/ResultView.test.tsx" name="ResultView &gt; calls onEdit when edit button is clicked" time="0.015836084">
        </testcase>
        <testcase classname="src/pages/NutritionSetup/__tests__/ResultView.test.tsx" name="ResultView &gt; handles retry functionality correctly" time="0.040977792">
        </testcase>
    </testsuite>
    <testsuite name="src/components/Paywall/__tests__/BeforeAfter.test.tsx" timestamp="2025-10-12T09:44:55.289Z" hostname="MacBook-Air-katsiaryna.local" tests="4" failures="0" errors="0" skipped="0" time="0.139448958">
        <testcase classname="src/components/Paywall/__tests__/BeforeAfter.test.tsx" name="Paywall BeforeAfter &gt; renders dialog and logs view" time="0.118870125">
        </testcase>
        <testcase classname="src/components/Paywall/__tests__/BeforeAfter.test.tsx" name="Paywall BeforeAfter &gt; fires purchase_attempt on CTA click" time="0.00659525">
        </testcase>
        <testcase classname="src/components/Paywall/__tests__/BeforeAfter.test.tsx" name="Paywall BeforeAfter &gt; fires purchase_cancel on Cancel click" time="0.005529">
        </testcase>
        <testcase classname="src/components/Paywall/__tests__/BeforeAfter.test.tsx" name="Paywall BeforeAfter &gt; disables body scroll when modal opens and restores on unmount" time="0.004089625">
        </testcase>
    </testsuite>
    <testsuite name="src/components/ui/__tests__/ErrorBoundary.test.tsx" timestamp="2025-10-12T09:44:55.290Z" hostname="MacBook-Air-katsiaryna.local" tests="6" failures="0" errors="0" skipped="0" time="0.110972333">
        <testcase classname="src/components/ui/__tests__/ErrorBoundary.test.tsx" name="ErrorBoundary &gt; renders children when no error occurs" time="0.03826425">
        </testcase>
        <testcase classname="src/components/ui/__tests__/ErrorBoundary.test.tsx" name="ErrorBoundary &gt; renders error UI when error occurs" time="0.030753375">
        </testcase>
        <testcase classname="src/components/ui/__tests__/ErrorBoundary.test.tsx" name="ErrorBoundary &gt; renders custom fallback when provided" time="0.010603333">
        </testcase>
        <testcase classname="src/components/ui/__tests__/ErrorBoundary.test.tsx" name="ErrorBoundary &gt; refresh button triggers page reload" time="0.01039375">
        </testcase>
        <testcase classname="src/components/ui/__tests__/ErrorBoundary.test.tsx" name="ErrorBoundary &gt; shows error details in development mode" time="0.011311667">
        </testcase>
        <testcase classname="src/components/ui/__tests__/ErrorBoundary.test.tsx" name="ErrorBoundary &gt; does not show error details in production mode" time="0.006590458">
        </testcase>
    </testsuite>
    <testsuite name="src/components/ui/__tests__/PullToRefresh.test.tsx" timestamp="2025-10-12T09:44:55.291Z" hostname="MacBook-Air-katsiaryna.local" tests="5" failures="0" errors="0" skipped="0" time="0.048681291">
        <testcase classname="src/components/ui/__tests__/PullToRefresh.test.tsx" name="PullToRefresh &gt; renders children correctly" time="0.015143583">
        </testcase>
        <testcase classname="src/components/ui/__tests__/PullToRefresh.test.tsx" name="PullToRefresh &gt; calls onRefresh when pulled beyond threshold" time="0.02073275">
        </testcase>
        <testcase classname="src/components/ui/__tests__/PullToRefresh.test.tsx" name="PullToRefresh &gt; does not call onRefresh when pulled below threshold" time="0.005127333">
        </testcase>
        <testcase classname="src/components/ui/__tests__/PullToRefresh.test.tsx" name="PullToRefresh &gt; does not trigger when disabled" time="0.00115175">
        </testcase>
        <testcase classname="src/components/ui/__tests__/PullToRefresh.test.tsx" name="PullToRefresh &gt; respects custom threshold" time="0.003125625">
        </testcase>
    </testsuite>
    <testsuite name="src/components/ui/__tests__/Skeleton.test.tsx" timestamp="2025-10-12T09:44:55.292Z" hostname="MacBook-Air-katsiaryna.local" tests="5" failures="0" errors="0" skipped="0" time="0.123432083">
        <testcase classname="src/components/ui/__tests__/Skeleton.test.tsx" name="Skeleton Components &gt; Skeleton &gt; renders with default styles" time="0.042280792">
        </testcase>
        <testcase classname="src/components/ui/__tests__/Skeleton.test.tsx" name="Skeleton Components &gt; Skeleton &gt; renders with custom className" time="0.001824417">
        </testcase>
        <testcase classname="src/components/ui/__tests__/Skeleton.test.tsx" name="Skeleton Components &gt; ChartSkeleton &gt; renders chart skeleton structure" time="0.067816417">
        </testcase>
        <testcase classname="src/components/ui/__tests__/Skeleton.test.tsx" name="Skeleton Components &gt; CardSkeleton &gt; renders card skeleton structure" time="0.003564333">
        </testcase>
        <testcase classname="src/components/ui/__tests__/Skeleton.test.tsx" name="Skeleton Components &gt; ProgressPageSkeleton &gt; renders complete progress page skeleton" time="0.006124291">
        </testcase>
    </testsuite>
    <testsuite name="src/components/ui/__tests__/SwipeContainer.test.tsx" timestamp="2025-10-12T09:44:55.293Z" hostname="MacBook-Air-katsiaryna.local" tests="6" failures="0" errors="0" skipped="0" time="0.041034375">
        <testcase classname="src/components/ui/__tests__/SwipeContainer.test.tsx" name="SwipeContainer &gt; renders children correctly" time="0.022160792">
        </testcase>
        <testcase classname="src/components/ui/__tests__/SwipeContainer.test.tsx" name="SwipeContainer &gt; calls onSwipeRight when swiped right beyond threshold" time="0.011691375">
        </testcase>
        <testcase classname="src/components/ui/__tests__/SwipeContainer.test.tsx" name="SwipeContainer &gt; calls onSwipeLeft when swiped left beyond threshold" time="0.0017245">
        </testcase>
        <testcase classname="src/components/ui/__tests__/SwipeContainer.test.tsx" name="SwipeContainer &gt; does not call swipe handlers when swipe is below threshold" time="0.001199083">
        </testcase>
        <testcase classname="src/components/ui/__tests__/SwipeContainer.test.tsx" name="SwipeContainer &gt; respects custom threshold" time="0.000942458">
        </testcase>
        <testcase classname="src/components/ui/__tests__/SwipeContainer.test.tsx" name="SwipeContainer &gt; handles both swipe directions" time="0.000943875">
        </testcase>
    </testsuite>
    <testsuite name="src/components/ui/__tests__/Toggle.test.tsx" timestamp="2025-10-12T09:44:55.294Z" hostname="MacBook-Air-katsiaryna.local" tests="6" failures="0" errors="0" skipped="0" time="0.087532291">
        <testcase classname="src/components/ui/__tests__/Toggle.test.tsx" name="Toggle &gt; has proper accessibility attributes" time="0.047611958">
        </testcase>
        <testcase classname="src/components/ui/__tests__/Toggle.test.tsx" name="Toggle &gt; toggles state when clicked" time="0.012562">
        </testcase>
        <testcase classname="src/components/ui/__tests__/Toggle.test.tsx" name="Toggle &gt; toggles from checked to unchecked" time="0.006991583">
        </testcase>
        <testcase classname="src/components/ui/__tests__/Toggle.test.tsx" name="Toggle &gt; toggles when Space key is pressed" time="0.005426292">
        </testcase>
        <testcase classname="src/components/ui/__tests__/Toggle.test.tsx" name="Toggle &gt; does not toggle when disabled" time="0.006104">
        </testcase>
        <testcase classname="src/components/ui/__tests__/Toggle.test.tsx" name="Toggle &gt; does not toggle when disabled via label click" time="0.006754042">
        </testcase>
    </testsuite>
</testsuites>
